=== BOOK DEMO TEST STARTED ===
============================= test session starts ==============================
platform linux -- Python 3.13.11, pytest-8.3.5, pluggy-1.6.0 -- /opt/hostedtoolcache/Python/3.13.11/x64/bin/python
cachedir: .pytest_cache
metadata: {'Python': '3.13.11', 'Platform': 'Linux-6.11.0-1018-azure-x86_64-with-glibc2.39', 'Packages': {'pytest': '8.3.5', 'pluggy': '1.6.0'}, 'Plugins': {'Faker': '40.4.0', 'rerunfailures': '16.1', 'xdist': '3.8.0', 'html': '4.2.0', 'metadata': '3.1.1'}, 'CI': 'true', 'JAVA_HOME': '/usr/lib/jvm/temurin-17-jdk-amd64'}
rootdir: /home/runner/work/Mocha_accounting/Mocha_accounting
plugins: Faker-40.4.0, rerunfailures-16.1, xdist-3.8.0, html-4.2.0, metadata-3.1.1
collecting ... collected 8 items

tests/test_website/test_book_demo.py::test_valid_details_book_demo_form PASSED [ 12%]
tests/test_website/test_book_demo.py::test_invalid_email_book_demo_form[email_data0] PASSED [ 25%]
tests/test_website/test_book_demo.py::test_invalid_email_book_demo_form[email_data1] PASSED [ 37%]
tests/test_website/test_book_demo.py::test_invalid_email_book_demo_form[email_data2] PASSED [ 50%]
tests/test_website/test_book_demo.py::test_invalid_email_book_demo_form[email_data3] PASSED [ 62%]
tests/test_website/test_book_demo.py::test_mandatory_fields_blank_demo_form PASSED [ 75%]
tests/test_website/test_book_demo.py::test_book_slots_verify_msg_and_each_days_slots PASSED [ 87%]
tests/test_website/test_book_demo.py::test_book_demo_email_reflects_in_admin PASSED [100%]

=============================== warnings summary ===============================
tests/test_website/test_book_demo.py:19
  /home/runner/work/Mocha_accounting/Mocha_accounting/tests/test_website/test_book_demo.py:19: PytestUnknownMarkWarning: Unknown pytest.mark.is_registration - is this a typo?  You can register custom marks to avoid this warning - for details, see https://docs.pytest.org/en/stable/how-to/mark.html
    @pytest.mark.is_registration

tests/test_website/test_book_demo.py:42
  /home/runner/work/Mocha_accounting/Mocha_accounting/tests/test_website/test_book_demo.py:42: PytestUnknownMarkWarning: Unknown pytest.mark.is_registration - is this a typo?  You can register custom marks to avoid this warning - for details, see https://docs.pytest.org/en/stable/how-to/mark.html
    @pytest.mark.is_registration

tests/test_website/test_book_demo.py:56
  /home/runner/work/Mocha_accounting/Mocha_accounting/tests/test_website/test_book_demo.py:56: PytestUnknownMarkWarning: Unknown pytest.mark.is_registration - is this a typo?  You can register custom marks to avoid this warning - for details, see https://docs.pytest.org/en/stable/how-to/mark.html
    @pytest.mark.is_registration

tests/test_website/test_book_demo.py:74
  /home/runner/work/Mocha_accounting/Mocha_accounting/tests/test_website/test_book_demo.py:74: PytestUnknownMarkWarning: Unknown pytest.mark.is_registration - is this a typo?  You can register custom marks to avoid this warning - for details, see https://docs.pytest.org/en/stable/how-to/mark.html
    @pytest.mark.is_registration

tests/test_website/test_book_demo.py:99
  /home/runner/work/Mocha_accounting/Mocha_accounting/tests/test_website/test_book_demo.py:99: PytestUnknownMarkWarning: Unknown pytest.mark.is_registration - is this a typo?  You can register custom marks to avoid this warning - for details, see https://docs.pytest.org/en/stable/how-to/mark.html
    @pytest.mark.is_registration

tests/test_website/test_book_demo.py:125
  /home/runner/work/Mocha_accounting/Mocha_accounting/tests/test_website/test_book_demo.py:125: PytestUnknownMarkWarning: Unknown pytest.mark.is_registration - is this a typo?  You can register custom marks to avoid this warning - for details, see https://docs.pytest.org/en/stable/how-to/mark.html
    @pytest.mark.is_registration

tests/test_website/test_book_demo.py::test_book_slots_verify_msg_and_each_days_slots
  /opt/hostedtoolcache/Python/3.13.11/x64/lib/python3.13/site-packages/_pytest/python.py:163: PytestReturnNotNoneWarning: Expected None, but tests/test_website/test_book_demo.py::test_book_slots_verify_msg_and_each_days_slots returned 'payeryash+20260209_085828@gmail.com', which will be an error in a future version of pytest.  Did you mean to use `assert` instead of `return`?
    warnings.warn(

tests/test_website/test_book_demo.py::test_book_demo_email_reflects_in_admin
  /home/runner/work/Mocha_accounting/Mocha_accounting/pages/web_site_pages/book_demo_page.py:242: DeprecationWarning: Parsing dates involving a day of month without a year specified is ambiguious
  and fails to parse leap day. The default behavior will change in Python 3.15
  to either always raise an exception or to use a different default year (TBD).
  To avoid trouble, add a specific year to the input & format.
  See https://github.com/python/cpython/issues/70647.
    selected_date_obj = datetime.strptime(selected_date_text, "%a, %b %d")

-- Docs: https://docs.pytest.org/en/stable/how-to/capture-warnings.html
==================================== PASSES ====================================
______________________ test_valid_details_book_demo_form _______________________
---------------------------- Captured stderr setup -----------------------------
2026-02-09 08:58:28,864 - INFO - Starting test with Chrome browser
2026-02-09 08:58:28,865 - INFO - ====== WebDriver manager ======
2026-02-09 08:58:29,035 - INFO - Get LATEST chromedriver version for google-chrome
2026-02-09 08:58:29,078 - INFO - Get LATEST chromedriver version for google-chrome
2026-02-09 08:58:29,110 - INFO - There is no [linux64] chromedriver "144.0.7559.133" for browser google-chrome "144.0.7559" in cache
2026-02-09 08:58:29,111 - INFO - Get LATEST chromedriver version for google-chrome
2026-02-09 08:58:29,213 - INFO - WebDriver version 144.0.7559.133 selected
2026-02-09 08:58:29,219 - INFO - Modern chrome version https://storage.googleapis.com/chrome-for-testing-public/144.0.7559.133/linux64/chromedriver-linux64.zip
2026-02-09 08:58:29,219 - INFO - About to download new driver from https://storage.googleapis.com/chrome-for-testing-public/144.0.7559.133/linux64/chromedriver-linux64.zip
2026-02-09 08:58:29,269 - INFO - Driver downloading response is 200
2026-02-09 08:58:29,326 - INFO - Get LATEST chromedriver version for google-chrome
2026-02-09 08:58:29,474 - INFO - Driver has been saved in cache [/home/runner/.wdm/drivers/chromedriver/linux64/144.0.7559.133]
2026-02-09 08:58:34,090 - INFO - Navigated to: https://mochaaccounting.com/
------------------------------ Captured log setup ------------------------------
INFO     conftest:conftest.py:78 Starting test with Chrome browser
INFO     WDM:logger.py:11 ====== WebDriver manager ======
INFO     WDM:logger.py:11 Get LATEST chromedriver version for google-chrome
INFO     WDM:logger.py:11 Get LATEST chromedriver version for google-chrome
INFO     WDM:logger.py:11 There is no [linux64] chromedriver "144.0.7559.133" for browser google-chrome "144.0.7559" in cache
INFO     WDM:logger.py:11 Get LATEST chromedriver version for google-chrome
INFO     WDM:logger.py:11 WebDriver version 144.0.7559.133 selected
INFO     WDM:logger.py:11 Modern chrome version https://storage.googleapis.com/chrome-for-testing-public/144.0.7559.133/linux64/chromedriver-linux64.zip
INFO     WDM:logger.py:11 About to download new driver from https://storage.googleapis.com/chrome-for-testing-public/144.0.7559.133/linux64/chromedriver-linux64.zip
INFO     WDM:logger.py:11 Driver downloading response is 200
INFO     WDM:logger.py:11 Get LATEST chromedriver version for google-chrome
INFO     WDM:logger.py:11 Driver has been saved in cache [/home/runner/.wdm/drivers/chromedriver/linux64/144.0.7559.133]
INFO     conftest:conftest.py:135 Navigated to: https://mochaaccounting.com/
----------------------------- Captured stderr call -----------------------------
2026-02-09 08:58:34,341 - INFO - Clicked on Book a Demo button
2026-02-09 08:58:34,570 - INFO - Entered the full name
2026-02-09 08:58:34,774 - INFO - Entered the email
2026-02-09 08:58:35,053 - INFO - Country Code selected
2026-02-09 08:58:35,134 - INFO - Entered the email
2026-02-09 08:58:35,255 - INFO - Job title selected
2026-02-09 08:58:35,347 - INFO - Entered the message
2026-02-09 08:58:35,458 - INFO - Clicked on next button
------------------------------ Captured log call -------------------------------
INFO     test_book_demo:test_book_demo.py:24 Clicked on Book a Demo button
INFO     test_book_demo:test_book_demo.py:26 Entered the full name
INFO     test_book_demo:test_book_demo.py:28 Entered the email
INFO     test_book_demo:test_book_demo.py:30 Country Code selected
INFO     test_book_demo:test_book_demo.py:32 Entered the email
INFO     test_book_demo:test_book_demo.py:34 Job title selected
INFO     test_book_demo:test_book_demo.py:36 Entered the message
INFO     test_book_demo:test_book_demo.py:38 Clicked on next button
--------------------------- Captured stderr teardown ---------------------------
2026-02-09 08:58:35,459 - INFO - Closing browser
---------------------------- Captured log teardown -----------------------------
INFO     conftest:conftest.py:145 Closing browser
________________ test_invalid_email_book_demo_form[email_data0] ________________
---------------------------- Captured stderr setup -----------------------------
2026-02-09 08:58:35,544 - INFO - Starting test with Chrome browser
2026-02-09 08:58:35,545 - INFO - ====== WebDriver manager ======
2026-02-09 08:58:35,611 - INFO - Get LATEST chromedriver version for google-chrome
2026-02-09 08:58:35,646 - INFO - Get LATEST chromedriver version for google-chrome
2026-02-09 08:58:35,700 - INFO - Driver [/home/runner/.wdm/drivers/chromedriver/linux64/144.0.7559.133/chromedriver-linux64/chromedriver] found in cache
2026-02-09 08:58:38,746 - INFO - Navigated to: https://mochaaccounting.com/
------------------------------ Captured log setup ------------------------------
INFO     conftest:conftest.py:78 Starting test with Chrome browser
INFO     WDM:logger.py:11 ====== WebDriver manager ======
INFO     WDM:logger.py:11 Get LATEST chromedriver version for google-chrome
INFO     WDM:logger.py:11 Get LATEST chromedriver version for google-chrome
INFO     WDM:logger.py:11 Driver [/home/runner/.wdm/drivers/chromedriver/linux64/144.0.7559.133/chromedriver-linux64/chromedriver] found in cache
INFO     conftest:conftest.py:135 Navigated to: https://mochaaccounting.com/
----------------------------- Captured stderr call -----------------------------
2026-02-09 08:58:38,997 - INFO - Clicked on Book a Demo button
2026-02-09 08:58:39,167 - INFO - Entered the full name
2026-02-09 08:58:39,408 - INFO - Entered the email
------------------------------ Captured log call -------------------------------
INFO     test_book_demo:test_book_demo.py:48 Clicked on Book a Demo button
INFO     test_book_demo:test_book_demo.py:50 Entered the full name
INFO     test_book_demo:test_book_demo.py:52 Entered the email
--------------------------- Captured stderr teardown ---------------------------
2026-02-09 08:58:39,409 - INFO - Closing browser
---------------------------- Captured log teardown -----------------------------
INFO     conftest:conftest.py:145 Closing browser
________________ test_invalid_email_book_demo_form[email_data1] ________________
---------------------------- Captured stderr setup -----------------------------
2026-02-09 08:58:39,480 - INFO - Starting test with Chrome browser
2026-02-09 08:58:39,480 - INFO - ====== WebDriver manager ======
2026-02-09 08:58:39,547 - INFO - Get LATEST chromedriver version for google-chrome
2026-02-09 08:58:39,581 - INFO - Get LATEST chromedriver version for google-chrome
2026-02-09 08:58:39,614 - INFO - Driver [/home/runner/.wdm/drivers/chromedriver/linux64/144.0.7559.133/chromedriver-linux64/chromedriver] found in cache
2026-02-09 08:58:42,794 - INFO - Navigated to: https://mochaaccounting.com/
------------------------------ Captured log setup ------------------------------
INFO     conftest:conftest.py:78 Starting test with Chrome browser
INFO     WDM:logger.py:11 ====== WebDriver manager ======
INFO     WDM:logger.py:11 Get LATEST chromedriver version for google-chrome
INFO     WDM:logger.py:11 Get LATEST chromedriver version for google-chrome
INFO     WDM:logger.py:11 Driver [/home/runner/.wdm/drivers/chromedriver/linux64/144.0.7559.133/chromedriver-linux64/chromedriver] found in cache
INFO     conftest:conftest.py:135 Navigated to: https://mochaaccounting.com/
----------------------------- Captured stderr call -----------------------------
2026-02-09 08:58:43,022 - INFO - Clicked on Book a Demo button
2026-02-09 08:58:43,240 - INFO - Entered the full name
2026-02-09 08:58:43,513 - INFO - Entered the email
------------------------------ Captured log call -------------------------------
INFO     test_book_demo:test_book_demo.py:48 Clicked on Book a Demo button
INFO     test_book_demo:test_book_demo.py:50 Entered the full name
INFO     test_book_demo:test_book_demo.py:52 Entered the email
--------------------------- Captured stderr teardown ---------------------------
2026-02-09 08:58:43,514 - INFO - Closing browser
---------------------------- Captured log teardown -----------------------------
INFO     conftest:conftest.py:145 Closing browser
________________ test_invalid_email_book_demo_form[email_data2] ________________
---------------------------- Captured stderr setup -----------------------------
2026-02-09 08:58:43,582 - INFO - Starting test with Chrome browser
2026-02-09 08:58:43,582 - INFO - ====== WebDriver manager ======
2026-02-09 08:58:43,651 - INFO - Get LATEST chromedriver version for google-chrome
2026-02-09 08:58:43,685 - INFO - Get LATEST chromedriver version for google-chrome
2026-02-09 08:58:43,720 - INFO - Driver [/home/runner/.wdm/drivers/chromedriver/linux64/144.0.7559.133/chromedriver-linux64/chromedriver] found in cache
2026-02-09 08:58:46,945 - INFO - Navigated to: https://mochaaccounting.com/
------------------------------ Captured log setup ------------------------------
INFO     conftest:conftest.py:78 Starting test with Chrome browser
INFO     WDM:logger.py:11 ====== WebDriver manager ======
INFO     WDM:logger.py:11 Get LATEST chromedriver version for google-chrome
INFO     WDM:logger.py:11 Get LATEST chromedriver version for google-chrome
INFO     WDM:logger.py:11 Driver [/home/runner/.wdm/drivers/chromedriver/linux64/144.0.7559.133/chromedriver-linux64/chromedriver] found in cache
INFO     conftest:conftest.py:135 Navigated to: https://mochaaccounting.com/
----------------------------- Captured stderr call -----------------------------
2026-02-09 08:58:47,227 - INFO - Clicked on Book a Demo button
2026-02-09 08:58:47,386 - INFO - Entered the full name
2026-02-09 08:58:47,656 - INFO - Entered the email
------------------------------ Captured log call -------------------------------
INFO     test_book_demo:test_book_demo.py:48 Clicked on Book a Demo button
INFO     test_book_demo:test_book_demo.py:50 Entered the full name
INFO     test_book_demo:test_book_demo.py:52 Entered the email
--------------------------- Captured stderr teardown ---------------------------
2026-02-09 08:58:47,657 - INFO - Closing browser
---------------------------- Captured log teardown -----------------------------
INFO     conftest:conftest.py:145 Closing browser
________________ test_invalid_email_book_demo_form[email_data3] ________________
---------------------------- Captured stderr setup -----------------------------
2026-02-09 08:58:47,724 - INFO - Starting test with Chrome browser
2026-02-09 08:58:47,725 - INFO - ====== WebDriver manager ======
2026-02-09 08:58:47,792 - INFO - Get LATEST chromedriver version for google-chrome
2026-02-09 08:58:47,826 - INFO - Get LATEST chromedriver version for google-chrome
2026-02-09 08:58:47,866 - INFO - Driver [/home/runner/.wdm/drivers/chromedriver/linux64/144.0.7559.133/chromedriver-linux64/chromedriver] found in cache
2026-02-09 08:58:50,909 - INFO - Navigated to: https://mochaaccounting.com/
------------------------------ Captured log setup ------------------------------
INFO     conftest:conftest.py:78 Starting test with Chrome browser
INFO     WDM:logger.py:11 ====== WebDriver manager ======
INFO     WDM:logger.py:11 Get LATEST chromedriver version for google-chrome
INFO     WDM:logger.py:11 Get LATEST chromedriver version for google-chrome
INFO     WDM:logger.py:11 Driver [/home/runner/.wdm/drivers/chromedriver/linux64/144.0.7559.133/chromedriver-linux64/chromedriver] found in cache
INFO     conftest:conftest.py:135 Navigated to: https://mochaaccounting.com/
----------------------------- Captured stderr call -----------------------------
2026-02-09 08:58:51,195 - INFO - Clicked on Book a Demo button
2026-02-09 08:58:51,323 - INFO - Entered the full name
2026-02-09 08:58:51,568 - INFO - Entered the email
------------------------------ Captured log call -------------------------------
INFO     test_book_demo:test_book_demo.py:48 Clicked on Book a Demo button
INFO     test_book_demo:test_book_demo.py:50 Entered the full name
INFO     test_book_demo:test_book_demo.py:52 Entered the email
--------------------------- Captured stderr teardown ---------------------------
2026-02-09 08:58:51,569 - INFO - Closing browser
---------------------------- Captured log teardown -----------------------------
INFO     conftest:conftest.py:145 Closing browser
____________________ test_mandatory_fields_blank_demo_form _____________________
---------------------------- Captured stderr setup -----------------------------
2026-02-09 08:58:51,638 - INFO - Starting test with Chrome browser
2026-02-09 08:58:51,638 - INFO - ====== WebDriver manager ======
2026-02-09 08:58:51,704 - INFO - Get LATEST chromedriver version for google-chrome
2026-02-09 08:58:51,739 - INFO - Get LATEST chromedriver version for google-chrome
2026-02-09 08:58:51,770 - INFO - Driver [/home/runner/.wdm/drivers/chromedriver/linux64/144.0.7559.133/chromedriver-linux64/chromedriver] found in cache
2026-02-09 08:58:54,967 - INFO - Navigated to: https://mochaaccounting.com/
------------------------------ Captured log setup ------------------------------
INFO     conftest:conftest.py:78 Starting test with Chrome browser
INFO     WDM:logger.py:11 ====== WebDriver manager ======
INFO     WDM:logger.py:11 Get LATEST chromedriver version for google-chrome
INFO     WDM:logger.py:11 Get LATEST chromedriver version for google-chrome
INFO     WDM:logger.py:11 Driver [/home/runner/.wdm/drivers/chromedriver/linux64/144.0.7559.133/chromedriver-linux64/chromedriver] found in cache
INFO     conftest:conftest.py:135 Navigated to: https://mochaaccounting.com/
----------------------------- Captured stderr call -----------------------------
2026-02-09 08:58:55,189 - INFO - Clicked on Book a Demo button
2026-02-09 08:58:55,469 - INFO - Clicked on Next
2026-02-09 08:58:55,553 - INFO - Asserted the expected blank validation and displayed blank validation for full name
2026-02-09 08:58:55,583 - INFO - Asserted the expected blank validation and displayed blank validation for email name
2026-02-09 08:58:55,603 - INFO - Asserted the expected blank validation and displayed blank validation for phone no
2026-02-09 08:58:55,622 - INFO - Asserted the expected blank validation and displayed blank validation for job title
------------------------------ Captured log call -------------------------------
INFO     test_book_demo:test_book_demo.py:61 Clicked on Book a Demo button
INFO     test_book_demo:test_book_demo.py:63 Clicked on Next
INFO     test_book_demo:test_book_demo.py:65 Asserted the expected blank validation and displayed blank validation for full name
INFO     test_book_demo:test_book_demo.py:67 Asserted the expected blank validation and displayed blank validation for email name
INFO     test_book_demo:test_book_demo.py:69 Asserted the expected blank validation and displayed blank validation for phone no
INFO     test_book_demo:test_book_demo.py:71 Asserted the expected blank validation and displayed blank validation for job title
--------------------------- Captured stderr teardown ---------------------------
2026-02-09 08:58:55,622 - INFO - Closing browser
---------------------------- Captured log teardown -----------------------------
INFO     conftest:conftest.py:145 Closing browser
________________ test_book_slots_verify_msg_and_each_days_slots ________________
---------------------------- Captured stderr setup -----------------------------
2026-02-09 08:58:55,691 - INFO - Starting test with Chrome browser
2026-02-09 08:58:55,691 - INFO - ====== WebDriver manager ======
2026-02-09 08:58:55,758 - INFO - Get LATEST chromedriver version for google-chrome
2026-02-09 08:58:55,792 - INFO - Get LATEST chromedriver version for google-chrome
2026-02-09 08:58:55,824 - INFO - Driver [/home/runner/.wdm/drivers/chromedriver/linux64/144.0.7559.133/chromedriver-linux64/chromedriver] found in cache
2026-02-09 08:58:58,875 - INFO - Navigated to: https://mochaaccounting.com/
------------------------------ Captured log setup ------------------------------
INFO     conftest:conftest.py:78 Starting test with Chrome browser
INFO     WDM:logger.py:11 ====== WebDriver manager ======
INFO     WDM:logger.py:11 Get LATEST chromedriver version for google-chrome
INFO     WDM:logger.py:11 Get LATEST chromedriver version for google-chrome
INFO     WDM:logger.py:11 Driver [/home/runner/.wdm/drivers/chromedriver/linux64/144.0.7559.133/chromedriver-linux64/chromedriver] found in cache
INFO     conftest:conftest.py:135 Navigated to: https://mochaaccounting.com/
----------------------------- Captured stderr call -----------------------------
2026-02-09 08:58:59,089 - INFO - Clicked on Book a Demo button
2026-02-09 08:58:59,285 - INFO - Entered the full name
2026-02-09 08:58:59,542 - INFO - Entered the email
2026-02-09 08:58:59,757 - INFO - Country Code selected
2026-02-09 08:58:59,839 - INFO - Entered the email
2026-02-09 08:58:59,951 - INFO - Job title selected
2026-02-09 08:59:00,040 - INFO - Entered the message
2026-02-09 08:59:00,196 - INFO - Cliked on next button
2026-02-09 08:59:32,142 - INFO - verified the slots of each day, expected message if no slot present or error generated
------------------------------ Captured log call -------------------------------
INFO     test_book_demo:test_book_demo.py:104 Clicked on Book a Demo button
INFO     test_book_demo:test_book_demo.py:106 Entered the full name
INFO     test_book_demo:test_book_demo.py:108 Entered the email
INFO     test_book_demo:test_book_demo.py:110 Country Code selected
INFO     test_book_demo:test_book_demo.py:112 Entered the email
INFO     test_book_demo:test_book_demo.py:114 Job title selected
INFO     test_book_demo:test_book_demo.py:116 Entered the message
INFO     test_book_demo:test_book_demo.py:118 Cliked on next button
INFO     test_book_demo:test_book_demo.py:120 verified the slots of each day, expected message if no slot present or error generated
--------------------------- Captured stderr teardown ---------------------------
2026-02-09 08:59:32,143 - INFO - Closing browser
---------------------------- Captured log teardown -----------------------------
INFO     conftest:conftest.py:145 Closing browser
____________________ test_book_demo_email_reflects_in_admin ____________________
---------------------------- Captured stderr setup -----------------------------
2026-02-09 08:59:32,225 - INFO - Starting test with Chrome browser
2026-02-09 08:59:32,226 - INFO - ====== WebDriver manager ======
2026-02-09 08:59:32,293 - INFO - Get LATEST chromedriver version for google-chrome
2026-02-09 08:59:32,326 - INFO - Get LATEST chromedriver version for google-chrome
2026-02-09 08:59:32,357 - INFO - Driver [/home/runner/.wdm/drivers/chromedriver/linux64/144.0.7559.133/chromedriver-linux64/chromedriver] found in cache
2026-02-09 08:59:35,510 - INFO - Navigated to: https://mochaaccounting.com/
------------------------------ Captured log setup ------------------------------
INFO     conftest:conftest.py:78 Starting test with Chrome browser
INFO     WDM:logger.py:11 ====== WebDriver manager ======
INFO     WDM:logger.py:11 Get LATEST chromedriver version for google-chrome
INFO     WDM:logger.py:11 Get LATEST chromedriver version for google-chrome
INFO     WDM:logger.py:11 Driver [/home/runner/.wdm/drivers/chromedriver/linux64/144.0.7559.133/chromedriver-linux64/chromedriver] found in cache
INFO     conftest:conftest.py:135 Navigated to: https://mochaaccounting.com/
----------------------------- Captured stdout call -----------------------------
[Mon, Feb 9] No slots available. Moving to next day.
[Tue, Feb 10] Slots found. Booking first slot: 06:30 AM – 07:00 AM
Selected Date (Slot Page): Tue, Feb 10
Selected Time (Slot Page): 06:30 AM – 07:00 AM
Confirmation Date: Tuesday, February 10, 2026
Confirmation Time: 06:30 AM – 07:00 AM
Date and Time on confirmation page matches selected slot.
Email found in admin table
----------------------------- Captured stderr call -----------------------------
2026-02-09 08:59:35,735 - INFO - Clicked on Book a Demo button
2026-02-09 08:59:35,917 - INFO - Entered the full name
2026-02-09 08:59:36,181 - INFO - Entered the email
2026-02-09 08:59:36,386 - INFO - Country Code selected
2026-02-09 08:59:36,465 - INFO - Entered the email
2026-02-09 08:59:36,579 - INFO - Job title selected
2026-02-09 08:59:36,668 - INFO - Entered the message
2026-02-09 08:59:36,795 - INFO - Cliked on next button
2026-02-09 08:59:51,979 - INFO - Clicked on date and time slot
2026-02-09 08:59:53,021 - INFO - Navigated to the internal admin URL
2026-02-09 08:59:53,287 - INFO - Enter the username
2026-02-09 08:59:53,384 - INFO - Enter the password
2026-02-09 08:59:53,489 - INFO - Clicked on sign-in btn
2026-02-09 09:00:03,556 - INFO - Searching for email
------------------------------ Captured log call -------------------------------
INFO     test_book_demo:test_book_demo.py:131 Clicked on Book a Demo button
INFO     test_book_demo:test_book_demo.py:133 Entered the full name
INFO     test_book_demo:test_book_demo.py:135 Entered the email
INFO     test_book_demo:test_book_demo.py:137 Country Code selected
INFO     test_book_demo:test_book_demo.py:139 Entered the email
INFO     test_book_demo:test_book_demo.py:141 Job title selected
INFO     test_book_demo:test_book_demo.py:143 Entered the message
INFO     test_book_demo:test_book_demo.py:145 Cliked on next button
INFO     test_book_demo:test_book_demo.py:147 Clicked on date and time slot
INFO     test_book_demo:test_book_demo.py:149 Navigated to the internal admin URL
INFO     test_book_demo:test_book_demo.py:151 Enter the username
INFO     test_book_demo:test_book_demo.py:153 Enter the password
INFO     test_book_demo:test_book_demo.py:155 Clicked on sign-in btn
INFO     test_book_demo:test_book_demo.py:158 Searching for email
--------------------------- Captured stderr teardown ---------------------------
2026-02-09 09:00:03,556 - INFO - Closing browser
---------------------------- Captured log teardown -----------------------------
INFO     conftest:conftest.py:145 Closing browser
- Generated html report: file:///home/runner/work/Mocha_accounting/Mocha_accounting/C%3A%5CUsers%5CTaurus13%5CPycharmProjects%5CPythonProject%5Creports/20260209_085828/report.html -
=================== 8 passed, 8 warnings in 94.87s (0:01:34) ===================
=== BOOK DEMO TEST COMPLETED ===
Exit Code: 0
=== BOOK DEMO TEST STARTED ===
============================= test session starts ==============================
platform linux -- Python 3.13.11, pytest-8.3.5, pluggy-1.6.0 -- /opt/hostedtoolcache/Python/3.13.11/x64/bin/python
cachedir: .pytest_cache
metadata: {'Python': '3.13.11', 'Platform': 'Linux-6.11.0-1018-azure-x86_64-with-glibc2.39', 'Packages': {'pytest': '8.3.5', 'pluggy': '1.6.0'}, 'Plugins': {'Faker': '40.4.0', 'rerunfailures': '16.1', 'xdist': '3.8.0', 'html': '4.2.0', 'metadata': '3.1.1'}, 'CI': 'true', 'JAVA_HOME': '/usr/lib/jvm/temurin-17-jdk-amd64'}
rootdir: /home/runner/work/Mocha_accounting/Mocha_accounting
plugins: Faker-40.4.0, rerunfailures-16.1, xdist-3.8.0, html-4.2.0, metadata-3.1.1
collecting ... collected 8 items

tests/test_website/test_book_demo.py::test_valid_details_book_demo_form PASSED [ 12%]
tests/test_website/test_book_demo.py::test_invalid_email_book_demo_form[email_data0] PASSED [ 25%]
tests/test_website/test_book_demo.py::test_invalid_email_book_demo_form[email_data1] PASSED [ 37%]
tests/test_website/test_book_demo.py::test_invalid_email_book_demo_form[email_data2] PASSED [ 50%]
tests/test_website/test_book_demo.py::test_invalid_email_book_demo_form[email_data3] PASSED [ 62%]
tests/test_website/test_book_demo.py::test_mandatory_fields_blank_demo_form PASSED [ 75%]
tests/test_website/test_book_demo.py::test_book_slots_verify_msg_and_each_days_slots PASSED [ 87%]
tests/test_website/test_book_demo.py::test_book_demo_email_reflects_in_admin FAILED [100%]

=================================== FAILURES ===================================
____________________ test_book_demo_email_reflects_in_admin ____________________

website_setup = <selenium.webdriver.chrome.webdriver.WebDriver (session="e2b4e5a78a2ef469a600f35b4497d44f")>
book_demo_test_data = {'country_code': '(+91) India', 'email': 'payeryash', 'expected_blank_email_validation': 'Email is required', 'expected_blank_job_title_validation': 'Please select a job title', ...}

    @pytest.mark.is_registration
    def test_book_demo_email_reflects_in_admin(website_setup, book_demo_test_data):
        driver = website_setup
        book_demo = Book_Demo_Flow(driver)
        internal_admin = InternalAdminTable(driver)
        book_demo.book_demo_btn_click()
        logger.info("Clicked on Book a Demo button")
        book_demo.book_demo_enter_full_name(book_demo_test_data)
        logger.info("Entered the full name")
        unique_email =book_demo.book_demo_enter_email(book_demo_test_data)
        logger.info("Entered the email")
        book_demo.book_demo_dd_select_country_code(book_demo_test_data)
        logger.info("Country Code selected")
        book_demo.book_demo_enter_phone_number(book_demo_test_data)
        logger.info("Entered the email")
        book_demo.book_demo_dd_select_job_title(book_demo_test_data)
        logger.info("Job title selected")
        book_demo.book_demo_enter_message(book_demo_test_data)
        logger.info("Entered the message")
        book_demo.book_demo_click_next_btn()
        logger.info("Cliked on next button")
>       book_demo.date_and_time_slot_selected()

tests/test_website/test_book_demo.py:146: 
_ _ _ _ _ _ _ _ _ _ _ _ _ _ _ _ _ _ _ _ _ _ _ _ _ _ _ _ _ _ _ _ _ _ _ _ _ _ _ _ 

self = <pages.web_site_pages.book_demo_page.Book_Demo_Flow object at 0x7f705295f790>

    def date_and_time_slot_selected(self):
        all_dates = self.actions.get_all_elements(self.book_demo_slots_all_days)
    
        slot_found = False
        selected_date_text = ""
        slot_time_value = ""
    
        for date in all_dates:
            selected_date_text = date.text.strip()  # e.g. "Wed, Feb 4"
            date.click()
            time.sleep(2)
    
            # Case 1: No slots → move to next day
            if self.actions.is_element_present(self.book_demo_slots_no_slot_msg):
                print(f"[{selected_date_text}] No slots available. Moving to next day.")
                continue
    
            # Case 2: Slots present → click first slot and STOP
            elif self.actions.is_element_present(self.book_demo_slots_time):
                slot_time_value = self.actions.get_text(
                    self.book_demo_slots_firs_time_slot)  # e.g. "06:00 PM – 06:30 PM"
                print(f"[{selected_date_text}] Slots found. Booking first slot: {slot_time_value}")
                self.actions.click(self.book_demo_slots_firs_time_slot)
                slot_found = True
                break
    
            # Case 3: Broken page
            else:
                raise AssertionError(
                    f"[{selected_date_text}] Neither slots nor 'No slots' message displayed."
                )
    
        # If no slots found in any day
        if not slot_found:
            raise AssertionError("No slots available in any of the next 7 days.")
    
        # Click Confirm
        self.actions.click(self.book_demo_slots_confirm_btn)
    
        # Capture values from confirmation page
>       date_displayed_on_confirmation_page = self.actions.get_text(
            self.book_demo_booked_slot_date_confirmation_page
        ).strip()

pages/web_site_pages/book_demo_page.py:227: 
_ _ _ _ _ _ _ _ _ _ _ _ _ _ _ _ _ _ _ _ _ _ _ _ _ _ _ _ _ _ _ _ _ _ _ _ _ _ _ _ 

self = <actions.actions.Actions object at 0x7f705295f8a0>
locator = ('xpath', "//p[normalize-space()='Date']/following-sibling::p[@class='font-semibold']")

    def get_text(self, locator):
>       return self.driver.find_element(*locator).text

actions/actions.py:54: 
_ _ _ _ _ _ _ _ _ _ _ _ _ _ _ _ _ _ _ _ _ _ _ _ _ _ _ _ _ _ _ _ _ _ _ _ _ _ _ _ 

self = <selenium.webdriver.chrome.webdriver.WebDriver (session="e2b4e5a78a2ef469a600f35b4497d44f")>
by = 'xpath'
value = "//p[normalize-space()='Date']/following-sibling::p[@class='font-semibold']"

    def find_element(self, by=By.ID, value: Optional[str] = None) -> WebElement:
        """Find an element given a By strategy and locator.
    
        Parameters:
        ----------
        by : selenium.webdriver.common.by.By
            The locating strategy to use. Default is `By.ID`. Supported values include:
            - By.ID: Locate by element ID.
            - By.NAME: Locate by the `name` attribute.
            - By.XPATH: Locate by an XPath expression.
            - By.CSS_SELECTOR: Locate by a CSS selector.
            - By.CLASS_NAME: Locate by the `class` attribute.
            - By.TAG_NAME: Locate by the tag name (e.g., "input", "button").
            - By.LINK_TEXT: Locate a link element by its exact text.
            - By.PARTIAL_LINK_TEXT: Locate a link element by partial text match.
            - RelativeBy: Locate elements relative to a specified root element.
    
        Example:
        --------
        element = driver.find_element(By.ID, 'foo')
    
        Returns:
        -------
        WebElement
            The first matching `WebElement` found on the page.
        """
        by, value = self.locator_converter.convert(by, value)
    
        if isinstance(by, RelativeBy):
            elements = self.find_elements(by=by, value=value)
            if not elements:
                raise NoSuchElementException(f"Cannot locate relative element with: {by.root}")
            return elements[0]
    
>       return self.execute(Command.FIND_ELEMENT, {"using": by, "value": value})["value"]

/opt/hostedtoolcache/Python/3.13.11/x64/lib/python3.13/site-packages/selenium/webdriver/remote/webdriver.py:898: 
_ _ _ _ _ _ _ _ _ _ _ _ _ _ _ _ _ _ _ _ _ _ _ _ _ _ _ _ _ _ _ _ _ _ _ _ _ _ _ _ 

self = <selenium.webdriver.chrome.webdriver.WebDriver (session="e2b4e5a78a2ef469a600f35b4497d44f")>
driver_command = 'findElement'
params = {'using': 'xpath', 'value': "//p[normalize-space()='Date']/following-sibling::p[@class='font-semibold']"}

    def execute(self, driver_command: str, params: dict = None) -> dict:
        """Sends a command to be executed by a command.CommandExecutor.
    
        Parameters:
        ----------
        driver_command : str
            - The name of the command to execute as a string.
    
        params : dict
            - A dictionary of named Parameters to send with the command.
    
        Returns:
        --------
          dict - The command's JSON response loaded into a dictionary object.
        """
        params = self._wrap_value(params)
    
        if self.session_id:
            if not params:
                params = {"sessionId": self.session_id}
            elif "sessionId" not in params:
                params["sessionId"] = self.session_id
    
        response = self.command_executor.execute(driver_command, params)
        if response:
>           self.error_handler.check_response(response)

/opt/hostedtoolcache/Python/3.13.11/x64/lib/python3.13/site-packages/selenium/webdriver/remote/webdriver.py:429: 
_ _ _ _ _ _ _ _ _ _ _ _ _ _ _ _ _ _ _ _ _ _ _ _ _ _ _ _ _ _ _ _ _ _ _ _ _ _ _ _ 

self = <selenium.webdriver.remote.errorhandler.ErrorHandler object at 0x7f705295f460>
response = {'status': 404, 'value': '{"value":{"error":"no such element","message":"no such element: Unable to locate element: {\...\\n#15 0x55cb2a5a7db8 \\u003Cunknown>\\n#16 0x7f74f449caa4 \\u003Cunknown>\\n#17 0x7f74f4529c6c \\u003Cunknown>\\n"}}'}

    def check_response(self, response: Dict[str, Any]) -> None:
        """Checks that a JSON response from the WebDriver does not have an
        error.
    
        :Args:
         - response - The JSON response from the WebDriver server as a dictionary
           object.
    
        :Raises: If the response contains an error message.
        """
        status = response.get("status", None)
        if not status or status == ErrorCode.SUCCESS:
            return
        value = None
        message = response.get("message", "")
        screen: str = response.get("screen", "")
        stacktrace = None
        if isinstance(status, int):
            value_json = response.get("value", None)
            if value_json and isinstance(value_json, str):
                import json
    
                try:
                    value = json.loads(value_json)
                    if len(value) == 1:
                        value = value["value"]
                    status = value.get("error", None)
                    if not status:
                        status = value.get("status", ErrorCode.UNKNOWN_ERROR)
                        message = value.get("value") or value.get("message")
                        if not isinstance(message, str):
                            value = message
                            message = message.get("message")
                    else:
                        message = value.get("message", None)
                except ValueError:
                    pass
    
        exception_class: Type[WebDriverException]
        e = ErrorCode()
        error_codes = [item for item in dir(e) if not item.startswith("__")]
        for error_code in error_codes:
            error_info = getattr(ErrorCode, error_code)
            if isinstance(error_info, list) and status in error_info:
                exception_class = getattr(ExceptionMapping, error_code, WebDriverException)
                break
        else:
            exception_class = WebDriverException
    
        if not value:
            value = response["value"]
        if isinstance(value, str):
            raise exception_class(value)
        if message == "" and "message" in value:
            message = value["message"]
    
        screen = None  # type: ignore[assignment]
        if "screen" in value:
            screen = value["screen"]
    
        stacktrace = None
        st_value = value.get("stackTrace") or value.get("stacktrace")
        if st_value:
            if isinstance(st_value, str):
                stacktrace = st_value.split("\n")
            else:
                stacktrace = []
                try:
                    for frame in st_value:
                        line = frame.get("lineNumber", "")
                        file = frame.get("fileName", "<anonymous>")
                        if line:
                            file = f"{file}:{line}"
                        meth = frame.get("methodName", "<anonymous>")
                        if "className" in frame:
                            meth = f"{frame['className']}.{meth}"
                        msg = "    at %s (%s)"
                        msg = msg % (meth, file)
                        stacktrace.append(msg)
                except TypeError:
                    pass
        if exception_class == UnexpectedAlertPresentException:
            alert_text = None
            if "data" in value:
                alert_text = value["data"].get("text")
            elif "alert" in value:
                alert_text = value["alert"].get("text")
            raise exception_class(message, screen, stacktrace, alert_text)  # type: ignore[call-arg]  # mypy is not smart enough here
>       raise exception_class(message, screen, stacktrace)
E       selenium.common.exceptions.NoSuchElementException: Message: no such element: Unable to locate element: {"method":"xpath","selector":"//p[normalize-space()='Date']/following-sibling::p[@class='font-semibold']"}
E         (Session info: chrome=144.0.7559.109); For documentation on this error, please visit: https://www.selenium.dev/documentation/webdriver/troubleshooting/errors#no-such-element-exception
E       Stacktrace:
E       #0 0x55cb2a5a8a4a <unknown>
E       #1 0x55cb29fc16a2 <unknown>
E       #2 0x55cb2a016a8d <unknown>
E       #3 0x55cb2a016cd1 <unknown>
E       #4 0x55cb2a0625c4 <unknown>
E       #5 0x55cb2a05f7f0 <unknown>
E       #6 0x55cb2a0088b2 <unknown>
E       #7 0x55cb2a0096a1 <unknown>
E       #8 0x55cb2a56e8a9 <unknown>
E       #9 0x55cb2a5717b1 <unknown>
E       #10 0x55cb2a55aea9 <unknown>
E       #11 0x55cb2a57236e <unknown>
E       #12 0x55cb2a541410 <unknown>
E       #13 0x55cb2a5960c8 <unknown>
E       #14 0x55cb2a59629b <unknown>
E       #15 0x55cb2a5a7db8 <unknown>
E       #16 0x7f74f449caa4 <unknown>
E       #17 0x7f74f4529c6c <unknown>

/opt/hostedtoolcache/Python/3.13.11/x64/lib/python3.13/site-packages/selenium/webdriver/remote/errorhandler.py:232: NoSuchElementException
---------------------------- Captured stderr setup -----------------------------
2026-02-09 18:11:17,460 - INFO - Starting test with Chrome browser
2026-02-09 18:11:17,460 - INFO - ====== WebDriver manager ======
2026-02-09 18:11:17,517 - INFO - Get LATEST chromedriver version for google-chrome
2026-02-09 18:11:17,550 - INFO - Get LATEST chromedriver version for google-chrome
2026-02-09 18:11:17,585 - INFO - Driver [/home/runner/.wdm/drivers/chromedriver/linux64/144.0.7559.133/chromedriver-linux64/chromedriver] found in cache
2026-02-09 18:11:20,512 - INFO - Navigated to: https://mochaaccounting.com/
------------------------------ Captured log setup ------------------------------
INFO     conftest:conftest.py:78 Starting test with Chrome browser
INFO     WDM:logger.py:11 ====== WebDriver manager ======
INFO     WDM:logger.py:11 Get LATEST chromedriver version for google-chrome
INFO     WDM:logger.py:11 Get LATEST chromedriver version for google-chrome
INFO     WDM:logger.py:11 Driver [/home/runner/.wdm/drivers/chromedriver/linux64/144.0.7559.133/chromedriver-linux64/chromedriver] found in cache
INFO     conftest:conftest.py:135 Navigated to: https://mochaaccounting.com/
----------------------------- Captured stdout call -----------------------------
[Mon, Feb 9] No slots available. Moving to next day.
[Tue, Feb 10] Slots found. Booking first slot: 07:00 AM – 07:30 AM
----------------------------- Captured stderr call -----------------------------
2026-02-09 18:11:20,740 - INFO - Clicked on Book a Demo button
2026-02-09 18:11:20,928 - INFO - Entered the full name
2026-02-09 18:11:21,207 - INFO - Entered the email
2026-02-09 18:11:21,406 - INFO - Country Code selected
2026-02-09 18:11:21,488 - INFO - Entered the email
2026-02-09 18:11:21,606 - INFO - Job title selected
2026-02-09 18:11:21,694 - INFO - Entered the message
2026-02-09 18:11:21,829 - INFO - Cliked on next button
------------------------------ Captured log call -------------------------------
INFO     test_book_demo:test_book_demo.py:131 Clicked on Book a Demo button
INFO     test_book_demo:test_book_demo.py:133 Entered the full name
INFO     test_book_demo:test_book_demo.py:135 Entered the email
INFO     test_book_demo:test_book_demo.py:137 Country Code selected
INFO     test_book_demo:test_book_demo.py:139 Entered the email
INFO     test_book_demo:test_book_demo.py:141 Job title selected
INFO     test_book_demo:test_book_demo.py:143 Entered the message
INFO     test_book_demo:test_book_demo.py:145 Cliked on next button
--------------------------- Captured stderr teardown ---------------------------
2026-02-09 18:11:37,614 - INFO - Closing browser
---------------------------- Captured log teardown -----------------------------
INFO     conftest:conftest.py:145 Closing browser
=============================== warnings summary ===============================
tests/test_website/test_book_demo.py:19
  /home/runner/work/Mocha_accounting/Mocha_accounting/tests/test_website/test_book_demo.py:19: PytestUnknownMarkWarning: Unknown pytest.mark.is_registration - is this a typo?  You can register custom marks to avoid this warning - for details, see https://docs.pytest.org/en/stable/how-to/mark.html
    @pytest.mark.is_registration

tests/test_website/test_book_demo.py:42
  /home/runner/work/Mocha_accounting/Mocha_accounting/tests/test_website/test_book_demo.py:42: PytestUnknownMarkWarning: Unknown pytest.mark.is_registration - is this a typo?  You can register custom marks to avoid this warning - for details, see https://docs.pytest.org/en/stable/how-to/mark.html
    @pytest.mark.is_registration

tests/test_website/test_book_demo.py:56
  /home/runner/work/Mocha_accounting/Mocha_accounting/tests/test_website/test_book_demo.py:56: PytestUnknownMarkWarning: Unknown pytest.mark.is_registration - is this a typo?  You can register custom marks to avoid this warning - for details, see https://docs.pytest.org/en/stable/how-to/mark.html
    @pytest.mark.is_registration

tests/test_website/test_book_demo.py:74
  /home/runner/work/Mocha_accounting/Mocha_accounting/tests/test_website/test_book_demo.py:74: PytestUnknownMarkWarning: Unknown pytest.mark.is_registration - is this a typo?  You can register custom marks to avoid this warning - for details, see https://docs.pytest.org/en/stable/how-to/mark.html
    @pytest.mark.is_registration

tests/test_website/test_book_demo.py:99
  /home/runner/work/Mocha_accounting/Mocha_accounting/tests/test_website/test_book_demo.py:99: PytestUnknownMarkWarning: Unknown pytest.mark.is_registration - is this a typo?  You can register custom marks to avoid this warning - for details, see https://docs.pytest.org/en/stable/how-to/mark.html
    @pytest.mark.is_registration

tests/test_website/test_book_demo.py:125
  /home/runner/work/Mocha_accounting/Mocha_accounting/tests/test_website/test_book_demo.py:125: PytestUnknownMarkWarning: Unknown pytest.mark.is_registration - is this a typo?  You can register custom marks to avoid this warning - for details, see https://docs.pytest.org/en/stable/how-to/mark.html
    @pytest.mark.is_registration

tests/test_website/test_book_demo.py::test_book_slots_verify_msg_and_each_days_slots
  /opt/hostedtoolcache/Python/3.13.11/x64/lib/python3.13/site-packages/_pytest/python.py:163: PytestReturnNotNoneWarning: Expected None, but tests/test_website/test_book_demo.py::test_book_slots_verify_msg_and_each_days_slots returned 'payeryash+20260209_180958@gmail.com', which will be an error in a future version of pytest.  Did you mean to use `assert` instead of `return`?
    warnings.warn(

-- Docs: https://docs.pytest.org/en/stable/how-to/capture-warnings.html
==================================== PASSES ====================================
______________________ test_valid_details_book_demo_form _______________________
---------------------------- Captured stderr setup -----------------------------
2026-02-09 18:09:58,257 - INFO - Starting test with Chrome browser
2026-02-09 18:09:58,257 - INFO - ====== WebDriver manager ======
2026-02-09 18:10:02,708 - INFO - Get LATEST chromedriver version for google-chrome
2026-02-09 18:10:02,757 - INFO - Get LATEST chromedriver version for google-chrome
2026-02-09 18:10:02,791 - INFO - There is no [linux64] chromedriver "144.0.7559.133" for browser google-chrome "144.0.7559" in cache
2026-02-09 18:10:02,791 - INFO - Get LATEST chromedriver version for google-chrome
2026-02-09 18:10:02,894 - INFO - WebDriver version 144.0.7559.133 selected
2026-02-09 18:10:02,899 - INFO - Modern chrome version https://storage.googleapis.com/chrome-for-testing-public/144.0.7559.133/linux64/chromedriver-linux64.zip
2026-02-09 18:10:02,899 - INFO - About to download new driver from https://storage.googleapis.com/chrome-for-testing-public/144.0.7559.133/linux64/chromedriver-linux64.zip
2026-02-09 18:10:02,947 - INFO - Driver downloading response is 200
2026-02-09 18:10:03,077 - INFO - Get LATEST chromedriver version for google-chrome
2026-02-09 18:10:03,226 - INFO - Driver has been saved in cache [/home/runner/.wdm/drivers/chromedriver/linux64/144.0.7559.133]
2026-02-09 18:10:20,637 - INFO - Navigated to: https://mochaaccounting.com/
------------------------------ Captured log setup ------------------------------
INFO     conftest:conftest.py:78 Starting test with Chrome browser
INFO     WDM:logger.py:11 ====== WebDriver manager ======
INFO     WDM:logger.py:11 Get LATEST chromedriver version for google-chrome
INFO     WDM:logger.py:11 Get LATEST chromedriver version for google-chrome
INFO     WDM:logger.py:11 There is no [linux64] chromedriver "144.0.7559.133" for browser google-chrome "144.0.7559" in cache
INFO     WDM:logger.py:11 Get LATEST chromedriver version for google-chrome
INFO     WDM:logger.py:11 WebDriver version 144.0.7559.133 selected
INFO     WDM:logger.py:11 Modern chrome version https://storage.googleapis.com/chrome-for-testing-public/144.0.7559.133/linux64/chromedriver-linux64.zip
INFO     WDM:logger.py:11 About to download new driver from https://storage.googleapis.com/chrome-for-testing-public/144.0.7559.133/linux64/chromedriver-linux64.zip
INFO     WDM:logger.py:11 Driver downloading response is 200
INFO     WDM:logger.py:11 Get LATEST chromedriver version for google-chrome
INFO     WDM:logger.py:11 Driver has been saved in cache [/home/runner/.wdm/drivers/chromedriver/linux64/144.0.7559.133]
INFO     conftest:conftest.py:135 Navigated to: https://mochaaccounting.com/
----------------------------- Captured stderr call -----------------------------
2026-02-09 18:10:20,942 - INFO - Clicked on Book a Demo button
2026-02-09 18:10:21,516 - INFO - Entered the full name
2026-02-09 18:10:21,724 - INFO - Entered the email
2026-02-09 18:10:21,904 - INFO - Country Code selected
2026-02-09 18:10:21,983 - INFO - Entered the email
2026-02-09 18:10:22,095 - INFO - Job title selected
2026-02-09 18:10:22,182 - INFO - Entered the message
2026-02-09 18:10:22,277 - INFO - Clicked on next button
------------------------------ Captured log call -------------------------------
INFO     test_book_demo:test_book_demo.py:24 Clicked on Book a Demo button
INFO     test_book_demo:test_book_demo.py:26 Entered the full name
INFO     test_book_demo:test_book_demo.py:28 Entered the email
INFO     test_book_demo:test_book_demo.py:30 Country Code selected
INFO     test_book_demo:test_book_demo.py:32 Entered the email
INFO     test_book_demo:test_book_demo.py:34 Job title selected
INFO     test_book_demo:test_book_demo.py:36 Entered the message
INFO     test_book_demo:test_book_demo.py:38 Clicked on next button
--------------------------- Captured stderr teardown ---------------------------
2026-02-09 18:10:22,277 - INFO - Closing browser
---------------------------- Captured log teardown -----------------------------
INFO     conftest:conftest.py:145 Closing browser
________________ test_invalid_email_book_demo_form[email_data0] ________________
---------------------------- Captured stderr setup -----------------------------
2026-02-09 18:10:22,359 - INFO - Starting test with Chrome browser
2026-02-09 18:10:22,359 - INFO - ====== WebDriver manager ======
2026-02-09 18:10:22,413 - INFO - Get LATEST chromedriver version for google-chrome
2026-02-09 18:10:22,455 - INFO - Get LATEST chromedriver version for google-chrome
2026-02-09 18:10:22,523 - INFO - Driver [/home/runner/.wdm/drivers/chromedriver/linux64/144.0.7559.133/chromedriver-linux64/chromedriver] found in cache
2026-02-09 18:10:25,526 - INFO - Navigated to: https://mochaaccounting.com/
------------------------------ Captured log setup ------------------------------
INFO     conftest:conftest.py:78 Starting test with Chrome browser
INFO     WDM:logger.py:11 ====== WebDriver manager ======
INFO     WDM:logger.py:11 Get LATEST chromedriver version for google-chrome
INFO     WDM:logger.py:11 Get LATEST chromedriver version for google-chrome
INFO     WDM:logger.py:11 Driver [/home/runner/.wdm/drivers/chromedriver/linux64/144.0.7559.133/chromedriver-linux64/chromedriver] found in cache
INFO     conftest:conftest.py:135 Navigated to: https://mochaaccounting.com/
----------------------------- Captured stderr call -----------------------------
2026-02-09 18:10:25,787 - INFO - Clicked on Book a Demo button
2026-02-09 18:10:25,945 - INFO - Entered the full name
2026-02-09 18:10:26,179 - INFO - Entered the email
------------------------------ Captured log call -------------------------------
INFO     test_book_demo:test_book_demo.py:48 Clicked on Book a Demo button
INFO     test_book_demo:test_book_demo.py:50 Entered the full name
INFO     test_book_demo:test_book_demo.py:52 Entered the email
--------------------------- Captured stderr teardown ---------------------------
2026-02-09 18:10:26,179 - INFO - Closing browser
---------------------------- Captured log teardown -----------------------------
INFO     conftest:conftest.py:145 Closing browser
________________ test_invalid_email_book_demo_form[email_data1] ________________
---------------------------- Captured stderr setup -----------------------------
2026-02-09 18:10:26,239 - INFO - Starting test with Chrome browser
2026-02-09 18:10:26,240 - INFO - ====== WebDriver manager ======
2026-02-09 18:10:26,296 - INFO - Get LATEST chromedriver version for google-chrome
2026-02-09 18:10:26,333 - INFO - Get LATEST chromedriver version for google-chrome
2026-02-09 18:10:26,366 - INFO - Driver [/home/runner/.wdm/drivers/chromedriver/linux64/144.0.7559.133/chromedriver-linux64/chromedriver] found in cache
2026-02-09 18:10:29,127 - INFO - Navigated to: https://mochaaccounting.com/
------------------------------ Captured log setup ------------------------------
INFO     conftest:conftest.py:78 Starting test with Chrome browser
INFO     WDM:logger.py:11 ====== WebDriver manager ======
INFO     WDM:logger.py:11 Get LATEST chromedriver version for google-chrome
INFO     WDM:logger.py:11 Get LATEST chromedriver version for google-chrome
INFO     WDM:logger.py:11 Driver [/home/runner/.wdm/drivers/chromedriver/linux64/144.0.7559.133/chromedriver-linux64/chromedriver] found in cache
INFO     conftest:conftest.py:135 Navigated to: https://mochaaccounting.com/
----------------------------- Captured stderr call -----------------------------
2026-02-09 18:10:29,341 - INFO - Clicked on Book a Demo button
2026-02-09 18:10:29,590 - INFO - Entered the full name
2026-02-09 18:10:29,821 - INFO - Entered the email
------------------------------ Captured log call -------------------------------
INFO     test_book_demo:test_book_demo.py:48 Clicked on Book a Demo button
INFO     test_book_demo:test_book_demo.py:50 Entered the full name
INFO     test_book_demo:test_book_demo.py:52 Entered the email
--------------------------- Captured stderr teardown ---------------------------
2026-02-09 18:10:29,822 - INFO - Closing browser
---------------------------- Captured log teardown -----------------------------
INFO     conftest:conftest.py:145 Closing browser
________________ test_invalid_email_book_demo_form[email_data2] ________________
---------------------------- Captured stderr setup -----------------------------
2026-02-09 18:10:29,885 - INFO - Starting test with Chrome browser
2026-02-09 18:10:29,886 - INFO - ====== WebDriver manager ======
2026-02-09 18:10:29,944 - INFO - Get LATEST chromedriver version for google-chrome
2026-02-09 18:10:29,984 - INFO - Get LATEST chromedriver version for google-chrome
2026-02-09 18:10:30,017 - INFO - Driver [/home/runner/.wdm/drivers/chromedriver/linux64/144.0.7559.133/chromedriver-linux64/chromedriver] found in cache
2026-02-09 18:10:32,777 - INFO - Navigated to: https://mochaaccounting.com/
------------------------------ Captured log setup ------------------------------
INFO     conftest:conftest.py:78 Starting test with Chrome browser
INFO     WDM:logger.py:11 ====== WebDriver manager ======
INFO     WDM:logger.py:11 Get LATEST chromedriver version for google-chrome
INFO     WDM:logger.py:11 Get LATEST chromedriver version for google-chrome
INFO     WDM:logger.py:11 Driver [/home/runner/.wdm/drivers/chromedriver/linux64/144.0.7559.133/chromedriver-linux64/chromedriver] found in cache
INFO     conftest:conftest.py:135 Navigated to: https://mochaaccounting.com/
----------------------------- Captured stderr call -----------------------------
2026-02-09 18:10:32,985 - INFO - Clicked on Book a Demo button
2026-02-09 18:10:33,158 - INFO - Entered the full name
2026-02-09 18:10:33,443 - INFO - Entered the email
------------------------------ Captured log call -------------------------------
INFO     test_book_demo:test_book_demo.py:48 Clicked on Book a Demo button
INFO     test_book_demo:test_book_demo.py:50 Entered the full name
INFO     test_book_demo:test_book_demo.py:52 Entered the email
--------------------------- Captured stderr teardown ---------------------------
2026-02-09 18:10:33,444 - INFO - Closing browser
---------------------------- Captured log teardown -----------------------------
INFO     conftest:conftest.py:145 Closing browser
________________ test_invalid_email_book_demo_form[email_data3] ________________
---------------------------- Captured stderr setup -----------------------------
2026-02-09 18:10:33,504 - INFO - Starting test with Chrome browser
2026-02-09 18:10:33,504 - INFO - ====== WebDriver manager ======
2026-02-09 18:10:33,558 - INFO - Get LATEST chromedriver version for google-chrome
2026-02-09 18:10:33,595 - INFO - Get LATEST chromedriver version for google-chrome
2026-02-09 18:10:33,626 - INFO - Driver [/home/runner/.wdm/drivers/chromedriver/linux64/144.0.7559.133/chromedriver-linux64/chromedriver] found in cache
2026-02-09 18:10:36,645 - INFO - Navigated to: https://mochaaccounting.com/
------------------------------ Captured log setup ------------------------------
INFO     conftest:conftest.py:78 Starting test with Chrome browser
INFO     WDM:logger.py:11 ====== WebDriver manager ======
INFO     WDM:logger.py:11 Get LATEST chromedriver version for google-chrome
INFO     WDM:logger.py:11 Get LATEST chromedriver version for google-chrome
INFO     WDM:logger.py:11 Driver [/home/runner/.wdm/drivers/chromedriver/linux64/144.0.7559.133/chromedriver-linux64/chromedriver] found in cache
INFO     conftest:conftest.py:135 Navigated to: https://mochaaccounting.com/
----------------------------- Captured stderr call -----------------------------
2026-02-09 18:10:36,884 - INFO - Clicked on Book a Demo button
2026-02-09 18:10:37,054 - INFO - Entered the full name
2026-02-09 18:10:37,295 - INFO - Entered the email
------------------------------ Captured log call -------------------------------
INFO     test_book_demo:test_book_demo.py:48 Clicked on Book a Demo button
INFO     test_book_demo:test_book_demo.py:50 Entered the full name
INFO     test_book_demo:test_book_demo.py:52 Entered the email
--------------------------- Captured stderr teardown ---------------------------
2026-02-09 18:10:37,295 - INFO - Closing browser
---------------------------- Captured log teardown -----------------------------
INFO     conftest:conftest.py:145 Closing browser
____________________ test_mandatory_fields_blank_demo_form _____________________
---------------------------- Captured stderr setup -----------------------------
2026-02-09 18:10:37,356 - INFO - Starting test with Chrome browser
2026-02-09 18:10:37,356 - INFO - ====== WebDriver manager ======
2026-02-09 18:10:37,413 - INFO - Get LATEST chromedriver version for google-chrome
2026-02-09 18:10:37,449 - INFO - Get LATEST chromedriver version for google-chrome
2026-02-09 18:10:37,481 - INFO - Driver [/home/runner/.wdm/drivers/chromedriver/linux64/144.0.7559.133/chromedriver-linux64/chromedriver] found in cache
2026-02-09 18:10:40,202 - INFO - Navigated to: https://mochaaccounting.com/
------------------------------ Captured log setup ------------------------------
INFO     conftest:conftest.py:78 Starting test with Chrome browser
INFO     WDM:logger.py:11 ====== WebDriver manager ======
INFO     WDM:logger.py:11 Get LATEST chromedriver version for google-chrome
INFO     WDM:logger.py:11 Get LATEST chromedriver version for google-chrome
INFO     WDM:logger.py:11 Driver [/home/runner/.wdm/drivers/chromedriver/linux64/144.0.7559.133/chromedriver-linux64/chromedriver] found in cache
INFO     conftest:conftest.py:135 Navigated to: https://mochaaccounting.com/
----------------------------- Captured stderr call -----------------------------
2026-02-09 18:10:40,334 - INFO - Clicked on Book a Demo button
2026-02-09 18:10:40,739 - INFO - Clicked on Next
2026-02-09 18:10:40,820 - INFO - Asserted the expected blank validation and displayed blank validation for full name
2026-02-09 18:10:40,845 - INFO - Asserted the expected blank validation and displayed blank validation for email name
2026-02-09 18:10:40,867 - INFO - Asserted the expected blank validation and displayed blank validation for phone no
2026-02-09 18:10:40,886 - INFO - Asserted the expected blank validation and displayed blank validation for job title
------------------------------ Captured log call -------------------------------
INFO     test_book_demo:test_book_demo.py:61 Clicked on Book a Demo button
INFO     test_book_demo:test_book_demo.py:63 Clicked on Next
INFO     test_book_demo:test_book_demo.py:65 Asserted the expected blank validation and displayed blank validation for full name
INFO     test_book_demo:test_book_demo.py:67 Asserted the expected blank validation and displayed blank validation for email name
INFO     test_book_demo:test_book_demo.py:69 Asserted the expected blank validation and displayed blank validation for phone no
INFO     test_book_demo:test_book_demo.py:71 Asserted the expected blank validation and displayed blank validation for job title
--------------------------- Captured stderr teardown ---------------------------
2026-02-09 18:10:40,887 - INFO - Closing browser
---------------------------- Captured log teardown -----------------------------
INFO     conftest:conftest.py:145 Closing browser
________________ test_book_slots_verify_msg_and_each_days_slots ________________
---------------------------- Captured stderr setup -----------------------------
2026-02-09 18:10:40,947 - INFO - Starting test with Chrome browser
2026-02-09 18:10:40,947 - INFO - ====== WebDriver manager ======
2026-02-09 18:10:41,005 - INFO - Get LATEST chromedriver version for google-chrome
2026-02-09 18:10:41,039 - INFO - Get LATEST chromedriver version for google-chrome
2026-02-09 18:10:41,075 - INFO - Driver [/home/runner/.wdm/drivers/chromedriver/linux64/144.0.7559.133/chromedriver-linux64/chromedriver] found in cache
2026-02-09 18:10:44,067 - INFO - Navigated to: https://mochaaccounting.com/
------------------------------ Captured log setup ------------------------------
INFO     conftest:conftest.py:78 Starting test with Chrome browser
INFO     WDM:logger.py:11 ====== WebDriver manager ======
INFO     WDM:logger.py:11 Get LATEST chromedriver version for google-chrome
INFO     WDM:logger.py:11 Get LATEST chromedriver version for google-chrome
INFO     WDM:logger.py:11 Driver [/home/runner/.wdm/drivers/chromedriver/linux64/144.0.7559.133/chromedriver-linux64/chromedriver] found in cache
INFO     conftest:conftest.py:135 Navigated to: https://mochaaccounting.com/
----------------------------- Captured stderr call -----------------------------
2026-02-09 18:10:44,294 - INFO - Clicked on Book a Demo button
2026-02-09 18:10:44,473 - INFO - Entered the full name
2026-02-09 18:10:44,750 - INFO - Entered the email
2026-02-09 18:10:44,947 - INFO - Country Code selected
2026-02-09 18:10:45,026 - INFO - Entered the email
2026-02-09 18:10:45,144 - INFO - Job title selected
2026-02-09 18:10:45,240 - INFO - Entered the message
2026-02-09 18:10:45,385 - INFO - Cliked on next button
2026-02-09 18:11:17,391 - INFO - verified the slots of each day, expected message if no slot present or error generated
------------------------------ Captured log call -------------------------------
INFO     test_book_demo:test_book_demo.py:104 Clicked on Book a Demo button
INFO     test_book_demo:test_book_demo.py:106 Entered the full name
INFO     test_book_demo:test_book_demo.py:108 Entered the email
INFO     test_book_demo:test_book_demo.py:110 Country Code selected
INFO     test_book_demo:test_book_demo.py:112 Entered the email
INFO     test_book_demo:test_book_demo.py:114 Job title selected
INFO     test_book_demo:test_book_demo.py:116 Entered the message
INFO     test_book_demo:test_book_demo.py:118 Cliked on next button
INFO     test_book_demo:test_book_demo.py:120 verified the slots of each day, expected message if no slot present or error generated
--------------------------- Captured stderr teardown ---------------------------
2026-02-09 18:11:17,391 - INFO - Closing browser
---------------------------- Captured log teardown -----------------------------
INFO     conftest:conftest.py:145 Closing browser
- Generated html report: file:///home/runner/work/Mocha_accounting/Mocha_accounting/C%3A%5CUsers%5CTaurus13%5CPycharmProjects%5CPythonProject%5Creports/20260209_180958/report.html -
============== 1 failed, 7 passed, 7 warnings in 99.51s (0:01:39) ==============
=== BOOK DEMO TEST COMPLETED ===
Exit Code: 1
