=== BOOK DEMO TEST STARTED ===
============================= test session starts ==============================
platform linux -- Python 3.13.11, pytest-8.3.5, pluggy-1.6.0 -- /opt/hostedtoolcache/Python/3.13.11/x64/bin/python
cachedir: .pytest_cache
metadata: {'Python': '3.13.11', 'Platform': 'Linux-6.11.0-1018-azure-x86_64-with-glibc2.39', 'Packages': {'pytest': '8.3.5', 'pluggy': '1.6.0'}, 'Plugins': {'rerunfailures': '16.1', 'Faker': '40.1.2', 'xdist': '3.8.0', 'html': '4.2.0', 'metadata': '3.1.1'}, 'CI': 'true', 'JAVA_HOME': '/usr/lib/jvm/temurin-17-jdk-amd64'}
rootdir: /home/runner/work/Mocha_accounting/Mocha_accounting
plugins: rerunfailures-16.1, Faker-40.1.2, xdist-3.8.0, html-4.2.0, metadata-3.1.1
collecting ... collected 8 items

tests/test_website/test_book_demo.py::test_valid_details_book_demo_form FAILED [ 12%]
tests/test_website/test_book_demo.py::test_invalid_email_book_demo_form[email_data0] PASSED [ 25%]
tests/test_website/test_book_demo.py::test_invalid_email_book_demo_form[email_data1] PASSED [ 37%]
tests/test_website/test_book_demo.py::test_invalid_email_book_demo_form[email_data2] PASSED [ 50%]
tests/test_website/test_book_demo.py::test_invalid_email_book_demo_form[email_data3] PASSED [ 62%]
tests/test_website/test_book_demo.py::test_mandatory_fields_blank_demo_form FAILED [ 75%]
tests/test_website/test_book_demo.py::test_book_slots_verify_msg_and_each_days_slots FAILED [ 87%]
tests/test_website/test_book_demo.py::test_book_demo_email_reflects_in_admin FAILED [100%]

=================================== FAILURES ===================================
______________________ test_valid_details_book_demo_form _______________________

website_setup = <selenium.webdriver.chrome.webdriver.WebDriver (session="e475b2256e7b22d47b39e6fb11ecc8bd")>
book_demo_test_data = {'country_code': '(+91) India', 'email': 'payeryash', 'expected_blank_email_validation': 'Email is required', 'expected_blank_job_title_validation': 'Please select a job title', ...}

    @pytest.mark.is_registration
    def test_valid_details_book_demo_form(website_setup, book_demo_test_data):
        driver = website_setup
        book_demo = Book_Demo_Flow(driver)
        book_demo.book_demo_btn_click()
        logger.info("Clicked on Book a Demo button")
        unique_email = book_demo.book_demo_enter_email(book_demo_test_data)
        logger.info("Entered the full name")
        book_demo.book_demo_enter_email(book_demo_test_data)
        logger.info("Entered the email")
        book_demo.book_demo_dd_select_country_code(book_demo_test_data)
        logger.info("Country Code selected")
        book_demo.book_demo_enter_phone_number(book_demo_test_data)
        logger.info("Entered the email")
        book_demo.book_demo_dd_select_job_title(book_demo_test_data)
        logger.info("Job title selected")
        book_demo.book_demo_enter_message(book_demo_test_data)
        logger.info("Entered the message")
>       book_demo.book_demo_click_next_btn()

tests/test_website/test_book_demo.py:37: 
_ _ _ _ _ _ _ _ _ _ _ _ _ _ _ _ _ _ _ _ _ _ _ _ _ _ _ _ _ _ _ _ _ _ _ _ _ _ _ _ 

self = <pages.web_site_pages.book_demo_page.Book_Demo_Flow object at 0x7ffaaf0b9e80>

    def book_demo_click_next_btn(self):
        self.actions.wait_for_element(self.book_demo_next_btn)
>       self.actions.click(self.book_demo_next_btn)

pages/web_site_pages/book_demo_page.py:80: 
_ _ _ _ _ _ _ _ _ _ _ _ _ _ _ _ _ _ _ _ _ _ _ _ _ _ _ _ _ _ _ _ _ _ _ _ _ _ _ _ 

self = <actions.actions.Actions object at 0x7ffab1035550>
locator = ('xpath', "//button[@type='submit']")

    def click(self, locator):
        #self.driver.find_element(*locator).click()
>       WebDriverWait(self.driver, 20).until(EC.element_to_be_clickable(locator)).click()

actions/actions.py:24: 
_ _ _ _ _ _ _ _ _ _ _ _ _ _ _ _ _ _ _ _ _ _ _ _ _ _ _ _ _ _ _ _ _ _ _ _ _ _ _ _ 

self = <selenium.webdriver.remote.webelement.WebElement (session="e475b2256e7b22d47b39e6fb11ecc8bd", element="f.3E0AC07B200F0C009FCF862CA2FE6DD8.d.871E53D449037CE5AA6B089A870BB7AB.e.47")>

    def click(self) -> None:
        """Clicks the element.
    
        Example:
        --------
        >>> element = driver.find_element(By.ID, 'foo')
        >>> element.click()
        """
>       self._execute(Command.CLICK_ELEMENT)

/opt/hostedtoolcache/Python/3.13.11/x64/lib/python3.13/site-packages/selenium/webdriver/remote/webelement.py:119: 
_ _ _ _ _ _ _ _ _ _ _ _ _ _ _ _ _ _ _ _ _ _ _ _ _ _ _ _ _ _ _ _ _ _ _ _ _ _ _ _ 

self = <selenium.webdriver.remote.webelement.WebElement (session="e475b2256e7b22d47b39e6fb11ecc8bd", element="f.3E0AC07B200F0C009FCF862CA2FE6DD8.d.871E53D449037CE5AA6B089A870BB7AB.e.47")>
command = 'clickElement'
params = {'id': 'f.3E0AC07B200F0C009FCF862CA2FE6DD8.d.871E53D449037CE5AA6B089A870BB7AB.e.47'}

    def _execute(self, command, params=None):
        """Executes a command against the underlying HTML element.
    
        Parameters:
        ----------
        command : any
            The name of the command to _execute as a string.
    
        params : dict
            A dictionary of named Parameters to send with the command.
    
        Returns:
        -------
          The command's JSON response loaded into a dictionary object.
        """
        if not params:
            params = {}
        params["id"] = self._id
>       return self._parent.execute(command, params)

/opt/hostedtoolcache/Python/3.13.11/x64/lib/python3.13/site-packages/selenium/webdriver/remote/webelement.py:572: 
_ _ _ _ _ _ _ _ _ _ _ _ _ _ _ _ _ _ _ _ _ _ _ _ _ _ _ _ _ _ _ _ _ _ _ _ _ _ _ _ 

self = <selenium.webdriver.chrome.webdriver.WebDriver (session="e475b2256e7b22d47b39e6fb11ecc8bd")>
driver_command = 'clickElement', params = {}

    def execute(self, driver_command: str, params: dict = None) -> dict:
        """Sends a command to be executed by a command.CommandExecutor.
    
        Parameters:
        ----------
        driver_command : str
            - The name of the command to execute as a string.
    
        params : dict
            - A dictionary of named Parameters to send with the command.
    
        Returns:
        --------
          dict - The command's JSON response loaded into a dictionary object.
        """
        params = self._wrap_value(params)
    
        if self.session_id:
            if not params:
                params = {"sessionId": self.session_id}
            elif "sessionId" not in params:
                params["sessionId"] = self.session_id
    
        response = self.command_executor.execute(driver_command, params)
        if response:
>           self.error_handler.check_response(response)

/opt/hostedtoolcache/Python/3.13.11/x64/lib/python3.13/site-packages/selenium/webdriver/remote/webdriver.py:429: 
_ _ _ _ _ _ _ _ _ _ _ _ _ _ _ _ _ _ _ _ _ _ _ _ _ _ _ _ _ _ _ _ _ _ _ _ _ _ _ _ 

self = <selenium.webdriver.remote.errorhandler.ErrorHandler object at 0x7ffab0decec0>
response = {'status': 400, 'value': '{"value":{"error":"element click intercepted","message":"element click intercepted: Element ...\\n#18 0x559a7afd3db8 \\u003Cunknown>\\n#19 0x7fc515e9caa4 \\u003Cunknown>\\n#20 0x7fc515f29c6c \\u003Cunknown>\\n"}}'}

    def check_response(self, response: Dict[str, Any]) -> None:
        """Checks that a JSON response from the WebDriver does not have an
        error.
    
        :Args:
         - response - The JSON response from the WebDriver server as a dictionary
           object.
    
        :Raises: If the response contains an error message.
        """
        status = response.get("status", None)
        if not status or status == ErrorCode.SUCCESS:
            return
        value = None
        message = response.get("message", "")
        screen: str = response.get("screen", "")
        stacktrace = None
        if isinstance(status, int):
            value_json = response.get("value", None)
            if value_json and isinstance(value_json, str):
                import json
    
                try:
                    value = json.loads(value_json)
                    if len(value) == 1:
                        value = value["value"]
                    status = value.get("error", None)
                    if not status:
                        status = value.get("status", ErrorCode.UNKNOWN_ERROR)
                        message = value.get("value") or value.get("message")
                        if not isinstance(message, str):
                            value = message
                            message = message.get("message")
                    else:
                        message = value.get("message", None)
                except ValueError:
                    pass
    
        exception_class: Type[WebDriverException]
        e = ErrorCode()
        error_codes = [item for item in dir(e) if not item.startswith("__")]
        for error_code in error_codes:
            error_info = getattr(ErrorCode, error_code)
            if isinstance(error_info, list) and status in error_info:
                exception_class = getattr(ExceptionMapping, error_code, WebDriverException)
                break
        else:
            exception_class = WebDriverException
    
        if not value:
            value = response["value"]
        if isinstance(value, str):
            raise exception_class(value)
        if message == "" and "message" in value:
            message = value["message"]
    
        screen = None  # type: ignore[assignment]
        if "screen" in value:
            screen = value["screen"]
    
        stacktrace = None
        st_value = value.get("stackTrace") or value.get("stacktrace")
        if st_value:
            if isinstance(st_value, str):
                stacktrace = st_value.split("\n")
            else:
                stacktrace = []
                try:
                    for frame in st_value:
                        line = frame.get("lineNumber", "")
                        file = frame.get("fileName", "<anonymous>")
                        if line:
                            file = f"{file}:{line}"
                        meth = frame.get("methodName", "<anonymous>")
                        if "className" in frame:
                            meth = f"{frame['className']}.{meth}"
                        msg = "    at %s (%s)"
                        msg = msg % (meth, file)
                        stacktrace.append(msg)
                except TypeError:
                    pass
        if exception_class == UnexpectedAlertPresentException:
            alert_text = None
            if "data" in value:
                alert_text = value["data"].get("text")
            elif "alert" in value:
                alert_text = value["alert"].get("text")
            raise exception_class(message, screen, stacktrace, alert_text)  # type: ignore[call-arg]  # mypy is not smart enough here
>       raise exception_class(message, screen, stacktrace)
E       selenium.common.exceptions.ElementClickInterceptedException: Message: element click intercepted: Element <button type="submit" class="w-full bg-green-800 text-white py-2 rounded hover:bg-green-900">...</button> is not clickable at point (953, 867). Other element would receive the click: <div class="fixed bottom-0 left-0 right-0 z-50 bg-gradient-to-r from-green-800 to-green-800 px-4 py-3 shadow-4xl border-t border-green-800 ">...</div>
E         (Session info: chrome=144.0.7559.96)
E       Stacktrace:
E       #0 0x559a7afd4a4a <unknown>
E       #1 0x559a7a9ed6a2 <unknown>
E       #2 0x559a7aa49d6b <unknown>
E       #3 0x559a7aa479a2 <unknown>
E       #4 0x559a7aa44ee9 <unknown>
E       #5 0x559a7aa43fe7 <unknown>
E       #6 0x559a7aa36992 <unknown>
E       #7 0x559a7aa362d7 <unknown>
E       #8 0x559a7aa8b7f0 <unknown>
E       #9 0x559a7aa348b2 <unknown>
E       #10 0x559a7aa356a1 <unknown>
E       #11 0x559a7af9a8a9 <unknown>
E       #12 0x559a7af9d7b1 <unknown>
E       #13 0x559a7af86ea9 <unknown>
E       #14 0x559a7af9e36e <unknown>
E       #15 0x559a7af6d410 <unknown>
E       #16 0x559a7afc20c8 <unknown>
E       #17 0x559a7afc229b <unknown>
E       #18 0x559a7afd3db8 <unknown>
E       #19 0x7fc515e9caa4 <unknown>
E       #20 0x7fc515f29c6c <unknown>

/opt/hostedtoolcache/Python/3.13.11/x64/lib/python3.13/site-packages/selenium/webdriver/remote/errorhandler.py:232: ElementClickInterceptedException
---------------------------- Captured stderr setup -----------------------------
2026-02-06 09:54:30,939 - INFO - Starting test with Chrome browser
2026-02-06 09:54:30,939 - INFO - ====== WebDriver manager ======
2026-02-06 09:54:31,118 - INFO - Get LATEST chromedriver version for google-chrome
2026-02-06 09:54:31,154 - INFO - Get LATEST chromedriver version for google-chrome
2026-02-06 09:54:31,189 - INFO - There is no [linux64] chromedriver "144.0.7559.133" for browser google-chrome "144.0.7559" in cache
2026-02-06 09:54:31,189 - INFO - Get LATEST chromedriver version for google-chrome
2026-02-06 09:54:31,289 - INFO - WebDriver version 144.0.7559.133 selected
2026-02-06 09:54:31,293 - INFO - Modern chrome version https://storage.googleapis.com/chrome-for-testing-public/144.0.7559.133/linux64/chromedriver-linux64.zip
2026-02-06 09:54:31,293 - INFO - About to download new driver from https://storage.googleapis.com/chrome-for-testing-public/144.0.7559.133/linux64/chromedriver-linux64.zip
2026-02-06 09:54:31,352 - INFO - Driver downloading response is 200
2026-02-06 09:54:31,405 - INFO - Get LATEST chromedriver version for google-chrome
2026-02-06 09:54:31,553 - INFO - Driver has been saved in cache [/home/runner/.wdm/drivers/chromedriver/linux64/144.0.7559.133]
2026-02-06 09:54:35,529 - INFO - Navigated to: https://mochaaccounting.com/
------------------------------ Captured log setup ------------------------------
INFO     conftest:conftest.py:78 Starting test with Chrome browser
INFO     WDM:logger.py:11 ====== WebDriver manager ======
INFO     WDM:logger.py:11 Get LATEST chromedriver version for google-chrome
INFO     WDM:logger.py:11 Get LATEST chromedriver version for google-chrome
INFO     WDM:logger.py:11 There is no [linux64] chromedriver "144.0.7559.133" for browser google-chrome "144.0.7559" in cache
INFO     WDM:logger.py:11 Get LATEST chromedriver version for google-chrome
INFO     WDM:logger.py:11 WebDriver version 144.0.7559.133 selected
INFO     WDM:logger.py:11 Modern chrome version https://storage.googleapis.com/chrome-for-testing-public/144.0.7559.133/linux64/chromedriver-linux64.zip
INFO     WDM:logger.py:11 About to download new driver from https://storage.googleapis.com/chrome-for-testing-public/144.0.7559.133/linux64/chromedriver-linux64.zip
INFO     WDM:logger.py:11 Driver downloading response is 200
INFO     WDM:logger.py:11 Get LATEST chromedriver version for google-chrome
INFO     WDM:logger.py:11 Driver has been saved in cache [/home/runner/.wdm/drivers/chromedriver/linux64/144.0.7559.133]
INFO     conftest:conftest.py:135 Navigated to: https://mochaaccounting.com/
----------------------------- Captured stderr call -----------------------------
2026-02-06 09:54:35,779 - INFO - Clicked on Book a Demo button
2026-02-06 09:54:35,965 - INFO - Entered the full name
2026-02-06 09:54:36,206 - INFO - Entered the email
2026-02-06 09:54:36,446 - INFO - Country Code selected
2026-02-06 09:54:36,528 - INFO - Entered the email
2026-02-06 09:54:36,651 - INFO - Job title selected
2026-02-06 09:54:36,748 - INFO - Entered the message
------------------------------ Captured log call -------------------------------
INFO     test_book_demo:test_book_demo.py:24 Clicked on Book a Demo button
INFO     test_book_demo:test_book_demo.py:26 Entered the full name
INFO     test_book_demo:test_book_demo.py:28 Entered the email
INFO     test_book_demo:test_book_demo.py:30 Country Code selected
INFO     test_book_demo:test_book_demo.py:32 Entered the email
INFO     test_book_demo:test_book_demo.py:34 Job title selected
INFO     test_book_demo:test_book_demo.py:36 Entered the message
--------------------------- Captured stderr teardown ---------------------------
2026-02-06 09:54:37,934 - INFO - Closing browser
---------------------------- Captured log teardown -----------------------------
INFO     conftest:conftest.py:145 Closing browser
____________________ test_mandatory_fields_blank_demo_form _____________________

website_setup = <selenium.webdriver.chrome.webdriver.WebDriver (session="7bf69e749771c98a6459886ac534dc38")>
book_demo_test_data = {'country_code': '(+91) India', 'email': 'payeryash', 'expected_blank_email_validation': 'Email is required', 'expected_blank_job_title_validation': 'Please select a job title', ...}

    @pytest.mark.is_registration
    def test_mandatory_fields_blank_demo_form(website_setup, book_demo_test_data):
        driver = website_setup
        book_demo = Book_Demo_Flow(driver)
        book_demo.book_demo_btn_click()
        logger.info("Clicked on Book a Demo button")
>       book_demo.book_demo_click_next_btn()

tests/test_website/test_book_demo.py:62: 
_ _ _ _ _ _ _ _ _ _ _ _ _ _ _ _ _ _ _ _ _ _ _ _ _ _ _ _ _ _ _ _ _ _ _ _ _ _ _ _ 

self = <pages.web_site_pages.book_demo_page.Book_Demo_Flow object at 0x7ffaaf043d10>

    def book_demo_click_next_btn(self):
        self.actions.wait_for_element(self.book_demo_next_btn)
>       self.actions.click(self.book_demo_next_btn)

pages/web_site_pages/book_demo_page.py:80: 
_ _ _ _ _ _ _ _ _ _ _ _ _ _ _ _ _ _ _ _ _ _ _ _ _ _ _ _ _ _ _ _ _ _ _ _ _ _ _ _ 

self = <actions.actions.Actions object at 0x7ffab0d9fad0>
locator = ('xpath', "//button[@type='submit']")

    def click(self, locator):
        #self.driver.find_element(*locator).click()
>       WebDriverWait(self.driver, 20).until(EC.element_to_be_clickable(locator)).click()

actions/actions.py:24: 
_ _ _ _ _ _ _ _ _ _ _ _ _ _ _ _ _ _ _ _ _ _ _ _ _ _ _ _ _ _ _ _ _ _ _ _ _ _ _ _ 

self = <selenium.webdriver.remote.webelement.WebElement (session="7bf69e749771c98a6459886ac534dc38", element="f.E73A831A944B513CC8E79DE4676C3B87.d.799B32375581954870F8DD0F74F20888.e.37")>

    def click(self) -> None:
        """Clicks the element.
    
        Example:
        --------
        >>> element = driver.find_element(By.ID, 'foo')
        >>> element.click()
        """
>       self._execute(Command.CLICK_ELEMENT)

/opt/hostedtoolcache/Python/3.13.11/x64/lib/python3.13/site-packages/selenium/webdriver/remote/webelement.py:119: 
_ _ _ _ _ _ _ _ _ _ _ _ _ _ _ _ _ _ _ _ _ _ _ _ _ _ _ _ _ _ _ _ _ _ _ _ _ _ _ _ 

self = <selenium.webdriver.remote.webelement.WebElement (session="7bf69e749771c98a6459886ac534dc38", element="f.E73A831A944B513CC8E79DE4676C3B87.d.799B32375581954870F8DD0F74F20888.e.37")>
command = 'clickElement'
params = {'id': 'f.E73A831A944B513CC8E79DE4676C3B87.d.799B32375581954870F8DD0F74F20888.e.37'}

    def _execute(self, command, params=None):
        """Executes a command against the underlying HTML element.
    
        Parameters:
        ----------
        command : any
            The name of the command to _execute as a string.
    
        params : dict
            A dictionary of named Parameters to send with the command.
    
        Returns:
        -------
          The command's JSON response loaded into a dictionary object.
        """
        if not params:
            params = {}
        params["id"] = self._id
>       return self._parent.execute(command, params)

/opt/hostedtoolcache/Python/3.13.11/x64/lib/python3.13/site-packages/selenium/webdriver/remote/webelement.py:572: 
_ _ _ _ _ _ _ _ _ _ _ _ _ _ _ _ _ _ _ _ _ _ _ _ _ _ _ _ _ _ _ _ _ _ _ _ _ _ _ _ 

self = <selenium.webdriver.chrome.webdriver.WebDriver (session="7bf69e749771c98a6459886ac534dc38")>
driver_command = 'clickElement', params = {}

    def execute(self, driver_command: str, params: dict = None) -> dict:
        """Sends a command to be executed by a command.CommandExecutor.
    
        Parameters:
        ----------
        driver_command : str
            - The name of the command to execute as a string.
    
        params : dict
            - A dictionary of named Parameters to send with the command.
    
        Returns:
        --------
          dict - The command's JSON response loaded into a dictionary object.
        """
        params = self._wrap_value(params)
    
        if self.session_id:
            if not params:
                params = {"sessionId": self.session_id}
            elif "sessionId" not in params:
                params["sessionId"] = self.session_id
    
        response = self.command_executor.execute(driver_command, params)
        if response:
>           self.error_handler.check_response(response)

/opt/hostedtoolcache/Python/3.13.11/x64/lib/python3.13/site-packages/selenium/webdriver/remote/webdriver.py:429: 
_ _ _ _ _ _ _ _ _ _ _ _ _ _ _ _ _ _ _ _ _ _ _ _ _ _ _ _ _ _ _ _ _ _ _ _ _ _ _ _ 

self = <selenium.webdriver.remote.errorhandler.ErrorHandler object at 0x7ffab0d9eb10>
response = {'status': 400, 'value': '{"value":{"error":"element click intercepted","message":"element click intercepted: Element ...\\n#18 0x55ef77647db8 \\u003Cunknown>\\n#19 0x7ff5ffe9caa4 \\u003Cunknown>\\n#20 0x7ff5fff29c6c \\u003Cunknown>\\n"}}'}

    def check_response(self, response: Dict[str, Any]) -> None:
        """Checks that a JSON response from the WebDriver does not have an
        error.
    
        :Args:
         - response - The JSON response from the WebDriver server as a dictionary
           object.
    
        :Raises: If the response contains an error message.
        """
        status = response.get("status", None)
        if not status or status == ErrorCode.SUCCESS:
            return
        value = None
        message = response.get("message", "")
        screen: str = response.get("screen", "")
        stacktrace = None
        if isinstance(status, int):
            value_json = response.get("value", None)
            if value_json and isinstance(value_json, str):
                import json
    
                try:
                    value = json.loads(value_json)
                    if len(value) == 1:
                        value = value["value"]
                    status = value.get("error", None)
                    if not status:
                        status = value.get("status", ErrorCode.UNKNOWN_ERROR)
                        message = value.get("value") or value.get("message")
                        if not isinstance(message, str):
                            value = message
                            message = message.get("message")
                    else:
                        message = value.get("message", None)
                except ValueError:
                    pass
    
        exception_class: Type[WebDriverException]
        e = ErrorCode()
        error_codes = [item for item in dir(e) if not item.startswith("__")]
        for error_code in error_codes:
            error_info = getattr(ErrorCode, error_code)
            if isinstance(error_info, list) and status in error_info:
                exception_class = getattr(ExceptionMapping, error_code, WebDriverException)
                break
        else:
            exception_class = WebDriverException
    
        if not value:
            value = response["value"]
        if isinstance(value, str):
            raise exception_class(value)
        if message == "" and "message" in value:
            message = value["message"]
    
        screen = None  # type: ignore[assignment]
        if "screen" in value:
            screen = value["screen"]
    
        stacktrace = None
        st_value = value.get("stackTrace") or value.get("stacktrace")
        if st_value:
            if isinstance(st_value, str):
                stacktrace = st_value.split("\n")
            else:
                stacktrace = []
                try:
                    for frame in st_value:
                        line = frame.get("lineNumber", "")
                        file = frame.get("fileName", "<anonymous>")
                        if line:
                            file = f"{file}:{line}"
                        meth = frame.get("methodName", "<anonymous>")
                        if "className" in frame:
                            meth = f"{frame['className']}.{meth}"
                        msg = "    at %s (%s)"
                        msg = msg % (meth, file)
                        stacktrace.append(msg)
                except TypeError:
                    pass
        if exception_class == UnexpectedAlertPresentException:
            alert_text = None
            if "data" in value:
                alert_text = value["data"].get("text")
            elif "alert" in value:
                alert_text = value["alert"].get("text")
            raise exception_class(message, screen, stacktrace, alert_text)  # type: ignore[call-arg]  # mypy is not smart enough here
>       raise exception_class(message, screen, stacktrace)
E       selenium.common.exceptions.ElementClickInterceptedException: Message: element click intercepted: Element <button type="submit" class="w-full bg-green-800 text-white py-2 rounded hover:bg-green-900">...</button> is not clickable at point (953, 867). Other element would receive the click: <div class="fixed bottom-0 left-0 right-0 z-50 bg-gradient-to-r from-green-800 to-green-800 px-4 py-3 shadow-4xl border-t border-green-800 ">...</div>
E         (Session info: chrome=144.0.7559.96)
E       Stacktrace:
E       #0 0x55ef77648a4a <unknown>
E       #1 0x55ef770616a2 <unknown>
E       #2 0x55ef770bdd6b <unknown>
E       #3 0x55ef770bb9a2 <unknown>
E       #4 0x55ef770b8ee9 <unknown>
E       #5 0x55ef770b7fe7 <unknown>
E       #6 0x55ef770aa992 <unknown>
E       #7 0x55ef770aa2d7 <unknown>
E       #8 0x55ef770ff7f0 <unknown>
E       #9 0x55ef770a88b2 <unknown>
E       #10 0x55ef770a96a1 <unknown>
E       #11 0x55ef7760e8a9 <unknown>
E       #12 0x55ef776117b1 <unknown>
E       #13 0x55ef775faea9 <unknown>
E       #14 0x55ef7761236e <unknown>
E       #15 0x55ef775e1410 <unknown>
E       #16 0x55ef776360c8 <unknown>
E       #17 0x55ef7763629b <unknown>
E       #18 0x55ef77647db8 <unknown>
E       #19 0x7ff5ffe9caa4 <unknown>
E       #20 0x7ff5fff29c6c <unknown>

/opt/hostedtoolcache/Python/3.13.11/x64/lib/python3.13/site-packages/selenium/webdriver/remote/errorhandler.py:232: ElementClickInterceptedException
---------------------------- Captured stderr setup -----------------------------
2026-02-06 09:54:54,007 - INFO - Starting test with Chrome browser
2026-02-06 09:54:54,007 - INFO - ====== WebDriver manager ======
2026-02-06 09:54:54,075 - INFO - Get LATEST chromedriver version for google-chrome
2026-02-06 09:54:54,108 - INFO - Get LATEST chromedriver version for google-chrome
2026-02-06 09:54:54,138 - INFO - Driver [/home/runner/.wdm/drivers/chromedriver/linux64/144.0.7559.133/chromedriver-linux64/chromedriver] found in cache
2026-02-06 09:54:57,400 - INFO - Navigated to: https://mochaaccounting.com/
------------------------------ Captured log setup ------------------------------
INFO     conftest:conftest.py:78 Starting test with Chrome browser
INFO     WDM:logger.py:11 ====== WebDriver manager ======
INFO     WDM:logger.py:11 Get LATEST chromedriver version for google-chrome
INFO     WDM:logger.py:11 Get LATEST chromedriver version for google-chrome
INFO     WDM:logger.py:11 Driver [/home/runner/.wdm/drivers/chromedriver/linux64/144.0.7559.133/chromedriver-linux64/chromedriver] found in cache
INFO     conftest:conftest.py:135 Navigated to: https://mochaaccounting.com/
----------------------------- Captured stderr call -----------------------------
2026-02-06 09:54:57,646 - INFO - Clicked on Book a Demo button
------------------------------ Captured log call -------------------------------
INFO     test_book_demo:test_book_demo.py:61 Clicked on Book a Demo button
--------------------------- Captured stderr teardown ---------------------------
2026-02-06 09:54:58,830 - INFO - Closing browser
---------------------------- Captured log teardown -----------------------------
INFO     conftest:conftest.py:145 Closing browser
________________ test_book_slots_verify_msg_and_each_days_slots ________________

website_setup = <selenium.webdriver.chrome.webdriver.WebDriver (session="2be169a6f697fcc37585fd2a0c2312cf")>
book_demo_test_data = {'country_code': '(+91) India', 'email': 'payeryash', 'expected_blank_email_validation': 'Email is required', 'expected_blank_job_title_validation': 'Please select a job title', ...}

    @pytest.mark.is_registration
    def test_book_slots_verify_msg_and_each_days_slots(website_setup, book_demo_test_data):
        driver = website_setup
        book_demo = Book_Demo_Flow(driver)
        book_demo.book_demo_btn_click()
        logger.info("Clicked on Book a Demo button")
        book_demo.book_demo_enter_full_name(book_demo_test_data)
        logger.info("Entered the full name")
        unique_email = book_demo.book_demo_enter_email(book_demo_test_data)
        logger.info("Entered the email")
        book_demo.book_demo_dd_select_country_code(book_demo_test_data)
        logger.info("Country Code selected")
        book_demo.book_demo_enter_phone_number(book_demo_test_data)
        logger.info("Entered the email")
        book_demo.book_demo_dd_select_job_title(book_demo_test_data)
        logger.info("Job title selected")
        book_demo.book_demo_enter_message(book_demo_test_data)
        logger.info("Entered the message")
>       book_demo.book_demo_click_next_btn()

tests/test_website/test_book_demo.py:117: 
_ _ _ _ _ _ _ _ _ _ _ _ _ _ _ _ _ _ _ _ _ _ _ _ _ _ _ _ _ _ _ _ _ _ _ _ _ _ _ _ 

self = <pages.web_site_pages.book_demo_page.Book_Demo_Flow object at 0x7ffab0ddbf00>

    def book_demo_click_next_btn(self):
        self.actions.wait_for_element(self.book_demo_next_btn)
>       self.actions.click(self.book_demo_next_btn)

pages/web_site_pages/book_demo_page.py:80: 
_ _ _ _ _ _ _ _ _ _ _ _ _ _ _ _ _ _ _ _ _ _ _ _ _ _ _ _ _ _ _ _ _ _ _ _ _ _ _ _ 

self = <actions.actions.Actions object at 0x7ffab0e4c050>
locator = ('xpath', "//button[@type='submit']")

    def click(self, locator):
        #self.driver.find_element(*locator).click()
>       WebDriverWait(self.driver, 20).until(EC.element_to_be_clickable(locator)).click()

actions/actions.py:24: 
_ _ _ _ _ _ _ _ _ _ _ _ _ _ _ _ _ _ _ _ _ _ _ _ _ _ _ _ _ _ _ _ _ _ _ _ _ _ _ _ 

self = <selenium.webdriver.remote.webelement.WebElement (session="2be169a6f697fcc37585fd2a0c2312cf", element="f.CE3ED2464225506508DF96D476F3A5E1.d.BC76EC5CA3B33A5449DC1EC305F180EC.e.56")>

    def click(self) -> None:
        """Clicks the element.
    
        Example:
        --------
        >>> element = driver.find_element(By.ID, 'foo')
        >>> element.click()
        """
>       self._execute(Command.CLICK_ELEMENT)

/opt/hostedtoolcache/Python/3.13.11/x64/lib/python3.13/site-packages/selenium/webdriver/remote/webelement.py:119: 
_ _ _ _ _ _ _ _ _ _ _ _ _ _ _ _ _ _ _ _ _ _ _ _ _ _ _ _ _ _ _ _ _ _ _ _ _ _ _ _ 

self = <selenium.webdriver.remote.webelement.WebElement (session="2be169a6f697fcc37585fd2a0c2312cf", element="f.CE3ED2464225506508DF96D476F3A5E1.d.BC76EC5CA3B33A5449DC1EC305F180EC.e.56")>
command = 'clickElement'
params = {'id': 'f.CE3ED2464225506508DF96D476F3A5E1.d.BC76EC5CA3B33A5449DC1EC305F180EC.e.56'}

    def _execute(self, command, params=None):
        """Executes a command against the underlying HTML element.
    
        Parameters:
        ----------
        command : any
            The name of the command to _execute as a string.
    
        params : dict
            A dictionary of named Parameters to send with the command.
    
        Returns:
        -------
          The command's JSON response loaded into a dictionary object.
        """
        if not params:
            params = {}
        params["id"] = self._id
>       return self._parent.execute(command, params)

/opt/hostedtoolcache/Python/3.13.11/x64/lib/python3.13/site-packages/selenium/webdriver/remote/webelement.py:572: 
_ _ _ _ _ _ _ _ _ _ _ _ _ _ _ _ _ _ _ _ _ _ _ _ _ _ _ _ _ _ _ _ _ _ _ _ _ _ _ _ 

self = <selenium.webdriver.chrome.webdriver.WebDriver (session="2be169a6f697fcc37585fd2a0c2312cf")>
driver_command = 'clickElement', params = {}

    def execute(self, driver_command: str, params: dict = None) -> dict:
        """Sends a command to be executed by a command.CommandExecutor.
    
        Parameters:
        ----------
        driver_command : str
            - The name of the command to execute as a string.
    
        params : dict
            - A dictionary of named Parameters to send with the command.
    
        Returns:
        --------
          dict - The command's JSON response loaded into a dictionary object.
        """
        params = self._wrap_value(params)
    
        if self.session_id:
            if not params:
                params = {"sessionId": self.session_id}
            elif "sessionId" not in params:
                params["sessionId"] = self.session_id
    
        response = self.command_executor.execute(driver_command, params)
        if response:
>           self.error_handler.check_response(response)

/opt/hostedtoolcache/Python/3.13.11/x64/lib/python3.13/site-packages/selenium/webdriver/remote/webdriver.py:429: 
_ _ _ _ _ _ _ _ _ _ _ _ _ _ _ _ _ _ _ _ _ _ _ _ _ _ _ _ _ _ _ _ _ _ _ _ _ _ _ _ 

self = <selenium.webdriver.remote.errorhandler.ErrorHandler object at 0x7ffab0dd9d00>
response = {'status': 400, 'value': '{"value":{"error":"element click intercepted","message":"element click intercepted: Element ...\\n#18 0x564f2fddcdb8 \\u003Cunknown>\\n#19 0x7f5e0769caa4 \\u003Cunknown>\\n#20 0x7f5e07729c6c \\u003Cunknown>\\n"}}'}

    def check_response(self, response: Dict[str, Any]) -> None:
        """Checks that a JSON response from the WebDriver does not have an
        error.
    
        :Args:
         - response - The JSON response from the WebDriver server as a dictionary
           object.
    
        :Raises: If the response contains an error message.
        """
        status = response.get("status", None)
        if not status or status == ErrorCode.SUCCESS:
            return
        value = None
        message = response.get("message", "")
        screen: str = response.get("screen", "")
        stacktrace = None
        if isinstance(status, int):
            value_json = response.get("value", None)
            if value_json and isinstance(value_json, str):
                import json
    
                try:
                    value = json.loads(value_json)
                    if len(value) == 1:
                        value = value["value"]
                    status = value.get("error", None)
                    if not status:
                        status = value.get("status", ErrorCode.UNKNOWN_ERROR)
                        message = value.get("value") or value.get("message")
                        if not isinstance(message, str):
                            value = message
                            message = message.get("message")
                    else:
                        message = value.get("message", None)
                except ValueError:
                    pass
    
        exception_class: Type[WebDriverException]
        e = ErrorCode()
        error_codes = [item for item in dir(e) if not item.startswith("__")]
        for error_code in error_codes:
            error_info = getattr(ErrorCode, error_code)
            if isinstance(error_info, list) and status in error_info:
                exception_class = getattr(ExceptionMapping, error_code, WebDriverException)
                break
        else:
            exception_class = WebDriverException
    
        if not value:
            value = response["value"]
        if isinstance(value, str):
            raise exception_class(value)
        if message == "" and "message" in value:
            message = value["message"]
    
        screen = None  # type: ignore[assignment]
        if "screen" in value:
            screen = value["screen"]
    
        stacktrace = None
        st_value = value.get("stackTrace") or value.get("stacktrace")
        if st_value:
            if isinstance(st_value, str):
                stacktrace = st_value.split("\n")
            else:
                stacktrace = []
                try:
                    for frame in st_value:
                        line = frame.get("lineNumber", "")
                        file = frame.get("fileName", "<anonymous>")
                        if line:
                            file = f"{file}:{line}"
                        meth = frame.get("methodName", "<anonymous>")
                        if "className" in frame:
                            meth = f"{frame['className']}.{meth}"
                        msg = "    at %s (%s)"
                        msg = msg % (meth, file)
                        stacktrace.append(msg)
                except TypeError:
                    pass
        if exception_class == UnexpectedAlertPresentException:
            alert_text = None
            if "data" in value:
                alert_text = value["data"].get("text")
            elif "alert" in value:
                alert_text = value["alert"].get("text")
            raise exception_class(message, screen, stacktrace, alert_text)  # type: ignore[call-arg]  # mypy is not smart enough here
>       raise exception_class(message, screen, stacktrace)
E       selenium.common.exceptions.ElementClickInterceptedException: Message: element click intercepted: Element <button type="submit" class="w-full bg-green-800 text-white py-2 rounded hover:bg-green-900">...</button> is not clickable at point (953, 867). Other element would receive the click: <div class="fixed bottom-0 left-0 right-0 z-50 bg-gradient-to-r from-green-800 to-green-800 px-4 py-3 shadow-4xl border-t border-green-800 ">...</div>
E         (Session info: chrome=144.0.7559.96)
E       Stacktrace:
E       #0 0x564f2fddda4a <unknown>
E       #1 0x564f2f7f66a2 <unknown>
E       #2 0x564f2f852d6b <unknown>
E       #3 0x564f2f8509a2 <unknown>
E       #4 0x564f2f84dee9 <unknown>
E       #5 0x564f2f84cfe7 <unknown>
E       #6 0x564f2f83f992 <unknown>
E       #7 0x564f2f83f2d7 <unknown>
E       #8 0x564f2f8947f0 <unknown>
E       #9 0x564f2f83d8b2 <unknown>
E       #10 0x564f2f83e6a1 <unknown>
E       #11 0x564f2fda38a9 <unknown>
E       #12 0x564f2fda67b1 <unknown>
E       #13 0x564f2fd8fea9 <unknown>
E       #14 0x564f2fda736e <unknown>
E       #15 0x564f2fd76410 <unknown>
E       #16 0x564f2fdcb0c8 <unknown>
E       #17 0x564f2fdcb29b <unknown>
E       #18 0x564f2fddcdb8 <unknown>
E       #19 0x7f5e0769caa4 <unknown>
E       #20 0x7f5e07729c6c <unknown>

/opt/hostedtoolcache/Python/3.13.11/x64/lib/python3.13/site-packages/selenium/webdriver/remote/errorhandler.py:232: ElementClickInterceptedException
---------------------------- Captured stderr setup -----------------------------
2026-02-06 09:54:58,899 - INFO - Starting test with Chrome browser
2026-02-06 09:54:58,899 - INFO - ====== WebDriver manager ======
2026-02-06 09:54:58,966 - INFO - Get LATEST chromedriver version for google-chrome
2026-02-06 09:54:58,999 - INFO - Get LATEST chromedriver version for google-chrome
2026-02-06 09:54:59,031 - INFO - Driver [/home/runner/.wdm/drivers/chromedriver/linux64/144.0.7559.133/chromedriver-linux64/chromedriver] found in cache
2026-02-06 09:55:02,217 - INFO - Navigated to: https://mochaaccounting.com/
------------------------------ Captured log setup ------------------------------
INFO     conftest:conftest.py:78 Starting test with Chrome browser
INFO     WDM:logger.py:11 ====== WebDriver manager ======
INFO     WDM:logger.py:11 Get LATEST chromedriver version for google-chrome
INFO     WDM:logger.py:11 Get LATEST chromedriver version for google-chrome
INFO     WDM:logger.py:11 Driver [/home/runner/.wdm/drivers/chromedriver/linux64/144.0.7559.133/chromedriver-linux64/chromedriver] found in cache
INFO     conftest:conftest.py:135 Navigated to: https://mochaaccounting.com/
----------------------------- Captured stderr call -----------------------------
2026-02-06 09:55:02,473 - INFO - Clicked on Book a Demo button
2026-02-06 09:55:02,701 - INFO - Entered the full name
2026-02-06 09:55:02,957 - INFO - Entered the email
2026-02-06 09:55:03,168 - INFO - Country Code selected
2026-02-06 09:55:03,246 - INFO - Entered the email
2026-02-06 09:55:03,368 - INFO - Job title selected
2026-02-06 09:55:03,458 - INFO - Entered the message
------------------------------ Captured log call -------------------------------
INFO     test_book_demo:test_book_demo.py:104 Clicked on Book a Demo button
INFO     test_book_demo:test_book_demo.py:106 Entered the full name
INFO     test_book_demo:test_book_demo.py:108 Entered the email
INFO     test_book_demo:test_book_demo.py:110 Country Code selected
INFO     test_book_demo:test_book_demo.py:112 Entered the email
INFO     test_book_demo:test_book_demo.py:114 Job title selected
INFO     test_book_demo:test_book_demo.py:116 Entered the message
--------------------------- Captured stderr teardown ---------------------------
2026-02-06 09:55:04,614 - INFO - Closing browser
---------------------------- Captured log teardown -----------------------------
INFO     conftest:conftest.py:145 Closing browser
____________________ test_book_demo_email_reflects_in_admin ____________________

website_setup = <selenium.webdriver.chrome.webdriver.WebDriver (session="1447779db6fd89e2b47e38d54a2a1569")>
book_demo_test_data = {'country_code': '(+91) India', 'email': 'payeryash', 'expected_blank_email_validation': 'Email is required', 'expected_blank_job_title_validation': 'Please select a job title', ...}

    @pytest.mark.is_registration
    def test_book_demo_email_reflects_in_admin(website_setup, book_demo_test_data):
        driver = website_setup
        book_demo = Book_Demo_Flow(driver)
        internal_admin = InternalAdminTable(driver)
        book_demo.book_demo_btn_click()
        logger.info("Clicked on Book a Demo button")
        book_demo.book_demo_enter_full_name(book_demo_test_data)
        logger.info("Entered the full name")
        unique_email =book_demo.book_demo_enter_email(book_demo_test_data)
        logger.info("Entered the email")
        book_demo.book_demo_dd_select_country_code(book_demo_test_data)
        logger.info("Country Code selected")
        book_demo.book_demo_enter_phone_number(book_demo_test_data)
        logger.info("Entered the email")
        book_demo.book_demo_dd_select_job_title(book_demo_test_data)
        logger.info("Job title selected")
        book_demo.book_demo_enter_message(book_demo_test_data)
        logger.info("Entered the message")
>       book_demo.book_demo_click_next_btn()

tests/test_website/test_book_demo.py:144: 
_ _ _ _ _ _ _ _ _ _ _ _ _ _ _ _ _ _ _ _ _ _ _ _ _ _ _ _ _ _ _ _ _ _ _ _ _ _ _ _ 

self = <pages.web_site_pages.book_demo_page.Book_Demo_Flow object at 0x7ffab0e4cc00>

    def book_demo_click_next_btn(self):
        self.actions.wait_for_element(self.book_demo_next_btn)
>       self.actions.click(self.book_demo_next_btn)

pages/web_site_pages/book_demo_page.py:80: 
_ _ _ _ _ _ _ _ _ _ _ _ _ _ _ _ _ _ _ _ _ _ _ _ _ _ _ _ _ _ _ _ _ _ _ _ _ _ _ _ 

self = <actions.actions.Actions object at 0x7ffab0e4cd10>
locator = ('xpath', "//button[@type='submit']")

    def click(self, locator):
        #self.driver.find_element(*locator).click()
>       WebDriverWait(self.driver, 20).until(EC.element_to_be_clickable(locator)).click()

actions/actions.py:24: 
_ _ _ _ _ _ _ _ _ _ _ _ _ _ _ _ _ _ _ _ _ _ _ _ _ _ _ _ _ _ _ _ _ _ _ _ _ _ _ _ 

self = <selenium.webdriver.remote.webelement.WebElement (session="1447779db6fd89e2b47e38d54a2a1569", element="f.9110EAF3B2B26186FB8E02EC99ED433B.d.29BDD1604317D182987DEADB9034FBE2.e.61")>

    def click(self) -> None:
        """Clicks the element.
    
        Example:
        --------
        >>> element = driver.find_element(By.ID, 'foo')
        >>> element.click()
        """
>       self._execute(Command.CLICK_ELEMENT)

/opt/hostedtoolcache/Python/3.13.11/x64/lib/python3.13/site-packages/selenium/webdriver/remote/webelement.py:119: 
_ _ _ _ _ _ _ _ _ _ _ _ _ _ _ _ _ _ _ _ _ _ _ _ _ _ _ _ _ _ _ _ _ _ _ _ _ _ _ _ 

self = <selenium.webdriver.remote.webelement.WebElement (session="1447779db6fd89e2b47e38d54a2a1569", element="f.9110EAF3B2B26186FB8E02EC99ED433B.d.29BDD1604317D182987DEADB9034FBE2.e.61")>
command = 'clickElement'
params = {'id': 'f.9110EAF3B2B26186FB8E02EC99ED433B.d.29BDD1604317D182987DEADB9034FBE2.e.61'}

    def _execute(self, command, params=None):
        """Executes a command against the underlying HTML element.
    
        Parameters:
        ----------
        command : any
            The name of the command to _execute as a string.
    
        params : dict
            A dictionary of named Parameters to send with the command.
    
        Returns:
        -------
          The command's JSON response loaded into a dictionary object.
        """
        if not params:
            params = {}
        params["id"] = self._id
>       return self._parent.execute(command, params)

/opt/hostedtoolcache/Python/3.13.11/x64/lib/python3.13/site-packages/selenium/webdriver/remote/webelement.py:572: 
_ _ _ _ _ _ _ _ _ _ _ _ _ _ _ _ _ _ _ _ _ _ _ _ _ _ _ _ _ _ _ _ _ _ _ _ _ _ _ _ 

self = <selenium.webdriver.chrome.webdriver.WebDriver (session="1447779db6fd89e2b47e38d54a2a1569")>
driver_command = 'clickElement', params = {}

    def execute(self, driver_command: str, params: dict = None) -> dict:
        """Sends a command to be executed by a command.CommandExecutor.
    
        Parameters:
        ----------
        driver_command : str
            - The name of the command to execute as a string.
    
        params : dict
            - A dictionary of named Parameters to send with the command.
    
        Returns:
        --------
          dict - The command's JSON response loaded into a dictionary object.
        """
        params = self._wrap_value(params)
    
        if self.session_id:
            if not params:
                params = {"sessionId": self.session_id}
            elif "sessionId" not in params:
                params["sessionId"] = self.session_id
    
        response = self.command_executor.execute(driver_command, params)
        if response:
>           self.error_handler.check_response(response)

/opt/hostedtoolcache/Python/3.13.11/x64/lib/python3.13/site-packages/selenium/webdriver/remote/webdriver.py:429: 
_ _ _ _ _ _ _ _ _ _ _ _ _ _ _ _ _ _ _ _ _ _ _ _ _ _ _ _ _ _ _ _ _ _ _ _ _ _ _ _ 

self = <selenium.webdriver.remote.errorhandler.ErrorHandler object at 0x7ffab0dda580>
response = {'status': 400, 'value': '{"value":{"error":"element click intercepted","message":"element click intercepted: Element ...\\n#18 0x564ed5ef0db8 \\u003Cunknown>\\n#19 0x7f7b9cc9caa4 \\u003Cunknown>\\n#20 0x7f7b9cd29c6c \\u003Cunknown>\\n"}}'}

    def check_response(self, response: Dict[str, Any]) -> None:
        """Checks that a JSON response from the WebDriver does not have an
        error.
    
        :Args:
         - response - The JSON response from the WebDriver server as a dictionary
           object.
    
        :Raises: If the response contains an error message.
        """
        status = response.get("status", None)
        if not status or status == ErrorCode.SUCCESS:
            return
        value = None
        message = response.get("message", "")
        screen: str = response.get("screen", "")
        stacktrace = None
        if isinstance(status, int):
            value_json = response.get("value", None)
            if value_json and isinstance(value_json, str):
                import json
    
                try:
                    value = json.loads(value_json)
                    if len(value) == 1:
                        value = value["value"]
                    status = value.get("error", None)
                    if not status:
                        status = value.get("status", ErrorCode.UNKNOWN_ERROR)
                        message = value.get("value") or value.get("message")
                        if not isinstance(message, str):
                            value = message
                            message = message.get("message")
                    else:
                        message = value.get("message", None)
                except ValueError:
                    pass
    
        exception_class: Type[WebDriverException]
        e = ErrorCode()
        error_codes = [item for item in dir(e) if not item.startswith("__")]
        for error_code in error_codes:
            error_info = getattr(ErrorCode, error_code)
            if isinstance(error_info, list) and status in error_info:
                exception_class = getattr(ExceptionMapping, error_code, WebDriverException)
                break
        else:
            exception_class = WebDriverException
    
        if not value:
            value = response["value"]
        if isinstance(value, str):
            raise exception_class(value)
        if message == "" and "message" in value:
            message = value["message"]
    
        screen = None  # type: ignore[assignment]
        if "screen" in value:
            screen = value["screen"]
    
        stacktrace = None
        st_value = value.get("stackTrace") or value.get("stacktrace")
        if st_value:
            if isinstance(st_value, str):
                stacktrace = st_value.split("\n")
            else:
                stacktrace = []
                try:
                    for frame in st_value:
                        line = frame.get("lineNumber", "")
                        file = frame.get("fileName", "<anonymous>")
                        if line:
                            file = f"{file}:{line}"
                        meth = frame.get("methodName", "<anonymous>")
                        if "className" in frame:
                            meth = f"{frame['className']}.{meth}"
                        msg = "    at %s (%s)"
                        msg = msg % (meth, file)
                        stacktrace.append(msg)
                except TypeError:
                    pass
        if exception_class == UnexpectedAlertPresentException:
            alert_text = None
            if "data" in value:
                alert_text = value["data"].get("text")
            elif "alert" in value:
                alert_text = value["alert"].get("text")
            raise exception_class(message, screen, stacktrace, alert_text)  # type: ignore[call-arg]  # mypy is not smart enough here
>       raise exception_class(message, screen, stacktrace)
E       selenium.common.exceptions.ElementClickInterceptedException: Message: element click intercepted: Element <button type="submit" class="w-full bg-green-800 text-white py-2 rounded hover:bg-green-900">...</button> is not clickable at point (953, 867). Other element would receive the click: <div class="fixed bottom-0 left-0 right-0 z-50 bg-gradient-to-r from-green-800 to-green-800 px-4 py-3 shadow-4xl border-t border-green-800 ">...</div>
E         (Session info: chrome=144.0.7559.96)
E       Stacktrace:
E       #0 0x564ed5ef1a4a <unknown>
E       #1 0x564ed590a6a2 <unknown>
E       #2 0x564ed5966d6b <unknown>
E       #3 0x564ed59649a2 <unknown>
E       #4 0x564ed5961ee9 <unknown>
E       #5 0x564ed5960fe7 <unknown>
E       #6 0x564ed5953992 <unknown>
E       #7 0x564ed59532d7 <unknown>
E       #8 0x564ed59a87f0 <unknown>
E       #9 0x564ed59518b2 <unknown>
E       #10 0x564ed59526a1 <unknown>
E       #11 0x564ed5eb78a9 <unknown>
E       #12 0x564ed5eba7b1 <unknown>
E       #13 0x564ed5ea3ea9 <unknown>
E       #14 0x564ed5ebb36e <unknown>
E       #15 0x564ed5e8a410 <unknown>
E       #16 0x564ed5edf0c8 <unknown>
E       #17 0x564ed5edf29b <unknown>
E       #18 0x564ed5ef0db8 <unknown>
E       #19 0x7f7b9cc9caa4 <unknown>
E       #20 0x7f7b9cd29c6c <unknown>

/opt/hostedtoolcache/Python/3.13.11/x64/lib/python3.13/site-packages/selenium/webdriver/remote/errorhandler.py:232: ElementClickInterceptedException
---------------------------- Captured stderr setup -----------------------------
2026-02-06 09:55:04,684 - INFO - Starting test with Chrome browser
2026-02-06 09:55:04,684 - INFO - ====== WebDriver manager ======
2026-02-06 09:55:04,751 - INFO - Get LATEST chromedriver version for google-chrome
2026-02-06 09:55:04,785 - INFO - Get LATEST chromedriver version for google-chrome
2026-02-06 09:55:04,816 - INFO - Driver [/home/runner/.wdm/drivers/chromedriver/linux64/144.0.7559.133/chromedriver-linux64/chromedriver] found in cache
2026-02-06 09:55:07,932 - INFO - Navigated to: https://mochaaccounting.com/
------------------------------ Captured log setup ------------------------------
INFO     conftest:conftest.py:78 Starting test with Chrome browser
INFO     WDM:logger.py:11 ====== WebDriver manager ======
INFO     WDM:logger.py:11 Get LATEST chromedriver version for google-chrome
INFO     WDM:logger.py:11 Get LATEST chromedriver version for google-chrome
INFO     WDM:logger.py:11 Driver [/home/runner/.wdm/drivers/chromedriver/linux64/144.0.7559.133/chromedriver-linux64/chromedriver] found in cache
INFO     conftest:conftest.py:135 Navigated to: https://mochaaccounting.com/
----------------------------- Captured stderr call -----------------------------
2026-02-06 09:55:08,177 - INFO - Clicked on Book a Demo button
2026-02-06 09:55:08,365 - INFO - Entered the full name
2026-02-06 09:55:08,638 - INFO - Entered the email
2026-02-06 09:55:08,833 - INFO - Country Code selected
2026-02-06 09:55:08,915 - INFO - Entered the email
2026-02-06 09:55:09,038 - INFO - Job title selected
2026-02-06 09:55:09,133 - INFO - Entered the message
------------------------------ Captured log call -------------------------------
INFO     test_book_demo:test_book_demo.py:131 Clicked on Book a Demo button
INFO     test_book_demo:test_book_demo.py:133 Entered the full name
INFO     test_book_demo:test_book_demo.py:135 Entered the email
INFO     test_book_demo:test_book_demo.py:137 Country Code selected
INFO     test_book_demo:test_book_demo.py:139 Entered the email
INFO     test_book_demo:test_book_demo.py:141 Job title selected
INFO     test_book_demo:test_book_demo.py:143 Entered the message
--------------------------- Captured stderr teardown ---------------------------
2026-02-06 09:55:10,279 - INFO - Closing browser
---------------------------- Captured log teardown -----------------------------
INFO     conftest:conftest.py:145 Closing browser
=============================== warnings summary ===============================
tests/test_website/test_book_demo.py:19
  /home/runner/work/Mocha_accounting/Mocha_accounting/tests/test_website/test_book_demo.py:19: PytestUnknownMarkWarning: Unknown pytest.mark.is_registration - is this a typo?  You can register custom marks to avoid this warning - for details, see https://docs.pytest.org/en/stable/how-to/mark.html
    @pytest.mark.is_registration

tests/test_website/test_book_demo.py:42
  /home/runner/work/Mocha_accounting/Mocha_accounting/tests/test_website/test_book_demo.py:42: PytestUnknownMarkWarning: Unknown pytest.mark.is_registration - is this a typo?  You can register custom marks to avoid this warning - for details, see https://docs.pytest.org/en/stable/how-to/mark.html
    @pytest.mark.is_registration

tests/test_website/test_book_demo.py:56
  /home/runner/work/Mocha_accounting/Mocha_accounting/tests/test_website/test_book_demo.py:56: PytestUnknownMarkWarning: Unknown pytest.mark.is_registration - is this a typo?  You can register custom marks to avoid this warning - for details, see https://docs.pytest.org/en/stable/how-to/mark.html
    @pytest.mark.is_registration

tests/test_website/test_book_demo.py:74
  /home/runner/work/Mocha_accounting/Mocha_accounting/tests/test_website/test_book_demo.py:74: PytestUnknownMarkWarning: Unknown pytest.mark.is_registration - is this a typo?  You can register custom marks to avoid this warning - for details, see https://docs.pytest.org/en/stable/how-to/mark.html
    @pytest.mark.is_registration

tests/test_website/test_book_demo.py:99
  /home/runner/work/Mocha_accounting/Mocha_accounting/tests/test_website/test_book_demo.py:99: PytestUnknownMarkWarning: Unknown pytest.mark.is_registration - is this a typo?  You can register custom marks to avoid this warning - for details, see https://docs.pytest.org/en/stable/how-to/mark.html
    @pytest.mark.is_registration

tests/test_website/test_book_demo.py:125
  /home/runner/work/Mocha_accounting/Mocha_accounting/tests/test_website/test_book_demo.py:125: PytestUnknownMarkWarning: Unknown pytest.mark.is_registration - is this a typo?  You can register custom marks to avoid this warning - for details, see https://docs.pytest.org/en/stable/how-to/mark.html
    @pytest.mark.is_registration

-- Docs: https://docs.pytest.org/en/stable/how-to/capture-warnings.html
==================================== PASSES ====================================
________________ test_invalid_email_book_demo_form[email_data0] ________________
---------------------------- Captured stderr setup -----------------------------
2026-02-06 09:54:38,018 - INFO - Starting test with Chrome browser
2026-02-06 09:54:38,018 - INFO - ====== WebDriver manager ======
2026-02-06 09:54:38,085 - INFO - Get LATEST chromedriver version for google-chrome
2026-02-06 09:54:38,118 - INFO - Get LATEST chromedriver version for google-chrome
2026-02-06 09:54:38,193 - INFO - Driver [/home/runner/.wdm/drivers/chromedriver/linux64/144.0.7559.133/chromedriver-linux64/chromedriver] found in cache
2026-02-06 09:54:41,234 - INFO - Navigated to: https://mochaaccounting.com/
------------------------------ Captured log setup ------------------------------
INFO     conftest:conftest.py:78 Starting test with Chrome browser
INFO     WDM:logger.py:11 ====== WebDriver manager ======
INFO     WDM:logger.py:11 Get LATEST chromedriver version for google-chrome
INFO     WDM:logger.py:11 Get LATEST chromedriver version for google-chrome
INFO     WDM:logger.py:11 Driver [/home/runner/.wdm/drivers/chromedriver/linux64/144.0.7559.133/chromedriver-linux64/chromedriver] found in cache
INFO     conftest:conftest.py:135 Navigated to: https://mochaaccounting.com/
----------------------------- Captured stderr call -----------------------------
2026-02-06 09:54:41,474 - INFO - Clicked on Book a Demo button
2026-02-06 09:54:41,654 - INFO - Entered the full name
2026-02-06 09:54:41,904 - INFO - Entered the email
------------------------------ Captured log call -------------------------------
INFO     test_book_demo:test_book_demo.py:48 Clicked on Book a Demo button
INFO     test_book_demo:test_book_demo.py:50 Entered the full name
INFO     test_book_demo:test_book_demo.py:52 Entered the email
--------------------------- Captured stderr teardown ---------------------------
2026-02-06 09:54:41,905 - INFO - Closing browser
---------------------------- Captured log teardown -----------------------------
INFO     conftest:conftest.py:145 Closing browser
________________ test_invalid_email_book_demo_form[email_data1] ________________
---------------------------- Captured stderr setup -----------------------------
2026-02-06 09:54:41,974 - INFO - Starting test with Chrome browser
2026-02-06 09:54:41,974 - INFO - ====== WebDriver manager ======
2026-02-06 09:54:42,044 - INFO - Get LATEST chromedriver version for google-chrome
2026-02-06 09:54:42,077 - INFO - Get LATEST chromedriver version for google-chrome
2026-02-06 09:54:42,111 - INFO - Driver [/home/runner/.wdm/drivers/chromedriver/linux64/144.0.7559.133/chromedriver-linux64/chromedriver] found in cache
2026-02-06 09:54:45,168 - INFO - Navigated to: https://mochaaccounting.com/
------------------------------ Captured log setup ------------------------------
INFO     conftest:conftest.py:78 Starting test with Chrome browser
INFO     WDM:logger.py:11 ====== WebDriver manager ======
INFO     WDM:logger.py:11 Get LATEST chromedriver version for google-chrome
INFO     WDM:logger.py:11 Get LATEST chromedriver version for google-chrome
INFO     WDM:logger.py:11 Driver [/home/runner/.wdm/drivers/chromedriver/linux64/144.0.7559.133/chromedriver-linux64/chromedriver] found in cache
INFO     conftest:conftest.py:135 Navigated to: https://mochaaccounting.com/
----------------------------- Captured stderr call -----------------------------
2026-02-06 09:54:45,463 - INFO - Clicked on Book a Demo button
2026-02-06 09:54:45,684 - INFO - Entered the full name
2026-02-06 09:54:45,917 - INFO - Entered the email
------------------------------ Captured log call -------------------------------
INFO     test_book_demo:test_book_demo.py:48 Clicked on Book a Demo button
INFO     test_book_demo:test_book_demo.py:50 Entered the full name
INFO     test_book_demo:test_book_demo.py:52 Entered the email
--------------------------- Captured stderr teardown ---------------------------
2026-02-06 09:54:45,918 - INFO - Closing browser
---------------------------- Captured log teardown -----------------------------
INFO     conftest:conftest.py:145 Closing browser
________________ test_invalid_email_book_demo_form[email_data2] ________________
---------------------------- Captured stderr setup -----------------------------
2026-02-06 09:54:45,986 - INFO - Starting test with Chrome browser
2026-02-06 09:54:45,986 - INFO - ====== WebDriver manager ======
2026-02-06 09:54:46,053 - INFO - Get LATEST chromedriver version for google-chrome
2026-02-06 09:54:46,093 - INFO - Get LATEST chromedriver version for google-chrome
2026-02-06 09:54:46,125 - INFO - Driver [/home/runner/.wdm/drivers/chromedriver/linux64/144.0.7559.133/chromedriver-linux64/chromedriver] found in cache
2026-02-06 09:54:49,270 - INFO - Navigated to: https://mochaaccounting.com/
------------------------------ Captured log setup ------------------------------
INFO     conftest:conftest.py:78 Starting test with Chrome browser
INFO     WDM:logger.py:11 ====== WebDriver manager ======
INFO     WDM:logger.py:11 Get LATEST chromedriver version for google-chrome
INFO     WDM:logger.py:11 Get LATEST chromedriver version for google-chrome
INFO     WDM:logger.py:11 Driver [/home/runner/.wdm/drivers/chromedriver/linux64/144.0.7559.133/chromedriver-linux64/chromedriver] found in cache
INFO     conftest:conftest.py:135 Navigated to: https://mochaaccounting.com/
----------------------------- Captured stderr call -----------------------------
2026-02-06 09:54:49,526 - INFO - Clicked on Book a Demo button
2026-02-06 09:54:49,717 - INFO - Entered the full name
2026-02-06 09:54:49,976 - INFO - Entered the email
------------------------------ Captured log call -------------------------------
INFO     test_book_demo:test_book_demo.py:48 Clicked on Book a Demo button
INFO     test_book_demo:test_book_demo.py:50 Entered the full name
INFO     test_book_demo:test_book_demo.py:52 Entered the email
--------------------------- Captured stderr teardown ---------------------------
2026-02-06 09:54:49,977 - INFO - Closing browser
---------------------------- Captured log teardown -----------------------------
INFO     conftest:conftest.py:145 Closing browser
________________ test_invalid_email_book_demo_form[email_data3] ________________
---------------------------- Captured stderr setup -----------------------------
2026-02-06 09:54:50,047 - INFO - Starting test with Chrome browser
2026-02-06 09:54:50,047 - INFO - ====== WebDriver manager ======
2026-02-06 09:54:50,117 - INFO - Get LATEST chromedriver version for google-chrome
2026-02-06 09:54:50,150 - INFO - Get LATEST chromedriver version for google-chrome
2026-02-06 09:54:50,182 - INFO - Driver [/home/runner/.wdm/drivers/chromedriver/linux64/144.0.7559.133/chromedriver-linux64/chromedriver] found in cache
2026-02-06 09:54:53,178 - INFO - Navigated to: https://mochaaccounting.com/
------------------------------ Captured log setup ------------------------------
INFO     conftest:conftest.py:78 Starting test with Chrome browser
INFO     WDM:logger.py:11 ====== WebDriver manager ======
INFO     WDM:logger.py:11 Get LATEST chromedriver version for google-chrome
INFO     WDM:logger.py:11 Get LATEST chromedriver version for google-chrome
INFO     WDM:logger.py:11 Driver [/home/runner/.wdm/drivers/chromedriver/linux64/144.0.7559.133/chromedriver-linux64/chromedriver] found in cache
INFO     conftest:conftest.py:135 Navigated to: https://mochaaccounting.com/
----------------------------- Captured stderr call -----------------------------
2026-02-06 09:54:53,467 - INFO - Clicked on Book a Demo button
2026-02-06 09:54:53,735 - INFO - Entered the full name
2026-02-06 09:54:53,937 - INFO - Entered the email
------------------------------ Captured log call -------------------------------
INFO     test_book_demo:test_book_demo.py:48 Clicked on Book a Demo button
INFO     test_book_demo:test_book_demo.py:50 Entered the full name
INFO     test_book_demo:test_book_demo.py:52 Entered the email
--------------------------- Captured stderr teardown ---------------------------
2026-02-06 09:54:53,937 - INFO - Closing browser
---------------------------- Captured log teardown -----------------------------
INFO     conftest:conftest.py:145 Closing browser
- Generated html report: file:///home/runner/work/Mocha_accounting/Mocha_accounting/C%3A%5CUsers%5CTaurus13%5CPycharmProjects%5CPythonProject%5Creports/20260206_095430/report.html -
=================== 4 failed, 4 passed, 6 warnings in 39.51s ===================
=== BOOK DEMO TEST COMPLETED ===
Exit Code: 1
=== BOOK DEMO TEST STARTED ===
============================= test session starts ==============================
platform linux -- Python 3.13.11, pytest-8.3.5, pluggy-1.6.0 -- /opt/hostedtoolcache/Python/3.13.11/x64/bin/python
cachedir: .pytest_cache
metadata: {'Python': '3.13.11', 'Platform': 'Linux-6.11.0-1018-azure-x86_64-with-glibc2.39', 'Packages': {'pytest': '8.3.5', 'pluggy': '1.6.0'}, 'Plugins': {'rerunfailures': '16.1', 'Faker': '40.1.2', 'xdist': '3.8.0', 'html': '4.2.0', 'metadata': '3.1.1'}, 'CI': 'true', 'JAVA_HOME': '/usr/lib/jvm/temurin-17-jdk-amd64'}
rootdir: /home/runner/work/Mocha_accounting/Mocha_accounting
plugins: rerunfailures-16.1, Faker-40.1.2, xdist-3.8.0, html-4.2.0, metadata-3.1.1
collecting ... collected 8 items

tests/test_website/test_book_demo.py::test_valid_details_book_demo_form PASSED [ 12%]
tests/test_website/test_book_demo.py::test_invalid_email_book_demo_form[email_data0] PASSED [ 25%]
tests/test_website/test_book_demo.py::test_invalid_email_book_demo_form[email_data1] PASSED [ 37%]
tests/test_website/test_book_demo.py::test_invalid_email_book_demo_form[email_data2] PASSED [ 50%]
tests/test_website/test_book_demo.py::test_invalid_email_book_demo_form[email_data3] PASSED [ 62%]
tests/test_website/test_book_demo.py::test_mandatory_fields_blank_demo_form PASSED [ 75%]
tests/test_website/test_book_demo.py::test_book_slots_verify_msg_and_each_days_slots PASSED [ 87%]
tests/test_website/test_book_demo.py::test_book_demo_email_reflects_in_admin PASSED [100%]

=============================== warnings summary ===============================
tests/test_website/test_book_demo.py:19
  /home/runner/work/Mocha_accounting/Mocha_accounting/tests/test_website/test_book_demo.py:19: PytestUnknownMarkWarning: Unknown pytest.mark.is_registration - is this a typo?  You can register custom marks to avoid this warning - for details, see https://docs.pytest.org/en/stable/how-to/mark.html
    @pytest.mark.is_registration

tests/test_website/test_book_demo.py:42
  /home/runner/work/Mocha_accounting/Mocha_accounting/tests/test_website/test_book_demo.py:42: PytestUnknownMarkWarning: Unknown pytest.mark.is_registration - is this a typo?  You can register custom marks to avoid this warning - for details, see https://docs.pytest.org/en/stable/how-to/mark.html
    @pytest.mark.is_registration

tests/test_website/test_book_demo.py:56
  /home/runner/work/Mocha_accounting/Mocha_accounting/tests/test_website/test_book_demo.py:56: PytestUnknownMarkWarning: Unknown pytest.mark.is_registration - is this a typo?  You can register custom marks to avoid this warning - for details, see https://docs.pytest.org/en/stable/how-to/mark.html
    @pytest.mark.is_registration

tests/test_website/test_book_demo.py:74
  /home/runner/work/Mocha_accounting/Mocha_accounting/tests/test_website/test_book_demo.py:74: PytestUnknownMarkWarning: Unknown pytest.mark.is_registration - is this a typo?  You can register custom marks to avoid this warning - for details, see https://docs.pytest.org/en/stable/how-to/mark.html
    @pytest.mark.is_registration

tests/test_website/test_book_demo.py:99
  /home/runner/work/Mocha_accounting/Mocha_accounting/tests/test_website/test_book_demo.py:99: PytestUnknownMarkWarning: Unknown pytest.mark.is_registration - is this a typo?  You can register custom marks to avoid this warning - for details, see https://docs.pytest.org/en/stable/how-to/mark.html
    @pytest.mark.is_registration

tests/test_website/test_book_demo.py:125
  /home/runner/work/Mocha_accounting/Mocha_accounting/tests/test_website/test_book_demo.py:125: PytestUnknownMarkWarning: Unknown pytest.mark.is_registration - is this a typo?  You can register custom marks to avoid this warning - for details, see https://docs.pytest.org/en/stable/how-to/mark.html
    @pytest.mark.is_registration

tests/test_website/test_book_demo.py::test_book_slots_verify_msg_and_each_days_slots
  /opt/hostedtoolcache/Python/3.13.11/x64/lib/python3.13/site-packages/_pytest/python.py:163: PytestReturnNotNoneWarning: Expected None, but tests/test_website/test_book_demo.py::test_book_slots_verify_msg_and_each_days_slots returned 'payeryash+20260206_103527@gmail.com', which will be an error in a future version of pytest.  Did you mean to use `assert` instead of `return`?
    warnings.warn(

tests/test_website/test_book_demo.py::test_book_demo_email_reflects_in_admin
  /home/runner/work/Mocha_accounting/Mocha_accounting/pages/web_site_pages/book_demo_page.py:242: DeprecationWarning: Parsing dates involving a day of month without a year specified is ambiguious
  and fails to parse leap day. The default behavior will change in Python 3.15
  to either always raise an exception or to use a different default year (TBD).
  To avoid trouble, add a specific year to the input & format.
  See https://github.com/python/cpython/issues/70647.
    selected_date_obj = datetime.strptime(selected_date_text, "%a, %b %d")

-- Docs: https://docs.pytest.org/en/stable/how-to/capture-warnings.html
==================================== PASSES ====================================
______________________ test_valid_details_book_demo_form _______________________
---------------------------- Captured stderr setup -----------------------------
2026-02-06 10:35:27,508 - INFO - Starting test with Chrome browser
2026-02-06 10:35:27,508 - INFO - ====== WebDriver manager ======
2026-02-06 10:35:28,695 - INFO - Get LATEST chromedriver version for google-chrome
2026-02-06 10:35:28,754 - INFO - Get LATEST chromedriver version for google-chrome
2026-02-06 10:35:28,798 - INFO - There is no [linux64] chromedriver "144.0.7559.133" for browser google-chrome "144.0.7559" in cache
2026-02-06 10:35:28,798 - INFO - Get LATEST chromedriver version for google-chrome
2026-02-06 10:35:28,923 - INFO - WebDriver version 144.0.7559.133 selected
2026-02-06 10:35:28,927 - INFO - Modern chrome version https://storage.googleapis.com/chrome-for-testing-public/144.0.7559.133/linux64/chromedriver-linux64.zip
2026-02-06 10:35:28,928 - INFO - About to download new driver from https://storage.googleapis.com/chrome-for-testing-public/144.0.7559.133/linux64/chromedriver-linux64.zip
2026-02-06 10:35:28,975 - INFO - Driver downloading response is 200
2026-02-06 10:35:29,040 - INFO - Get LATEST chromedriver version for google-chrome
2026-02-06 10:35:29,199 - INFO - Driver has been saved in cache [/home/runner/.wdm/drivers/chromedriver/linux64/144.0.7559.133]
2026-02-06 10:35:36,767 - INFO - Navigated to: https://mochaaccounting.com/
------------------------------ Captured log setup ------------------------------
INFO     conftest:conftest.py:78 Starting test with Chrome browser
INFO     WDM:logger.py:11 ====== WebDriver manager ======
INFO     WDM:logger.py:11 Get LATEST chromedriver version for google-chrome
INFO     WDM:logger.py:11 Get LATEST chromedriver version for google-chrome
INFO     WDM:logger.py:11 There is no [linux64] chromedriver "144.0.7559.133" for browser google-chrome "144.0.7559" in cache
INFO     WDM:logger.py:11 Get LATEST chromedriver version for google-chrome
INFO     WDM:logger.py:11 WebDriver version 144.0.7559.133 selected
INFO     WDM:logger.py:11 Modern chrome version https://storage.googleapis.com/chrome-for-testing-public/144.0.7559.133/linux64/chromedriver-linux64.zip
INFO     WDM:logger.py:11 About to download new driver from https://storage.googleapis.com/chrome-for-testing-public/144.0.7559.133/linux64/chromedriver-linux64.zip
INFO     WDM:logger.py:11 Driver downloading response is 200
INFO     WDM:logger.py:11 Get LATEST chromedriver version for google-chrome
INFO     WDM:logger.py:11 Driver has been saved in cache [/home/runner/.wdm/drivers/chromedriver/linux64/144.0.7559.133]
INFO     conftest:conftest.py:135 Navigated to: https://mochaaccounting.com/
----------------------------- Captured stderr call -----------------------------
2026-02-06 10:35:37,092 - INFO - Clicked on Book a Demo button
2026-02-06 10:35:37,303 - INFO - Entered the full name
2026-02-06 10:35:37,498 - INFO - Entered the email
2026-02-06 10:35:37,812 - INFO - Country Code selected
2026-02-06 10:35:37,891 - INFO - Entered the email
2026-02-06 10:35:38,027 - INFO - Job title selected
2026-02-06 10:35:38,127 - INFO - Entered the message
2026-02-06 10:35:38,232 - INFO - Clicked on next button
------------------------------ Captured log call -------------------------------
INFO     test_book_demo:test_book_demo.py:24 Clicked on Book a Demo button
INFO     test_book_demo:test_book_demo.py:26 Entered the full name
INFO     test_book_demo:test_book_demo.py:28 Entered the email
INFO     test_book_demo:test_book_demo.py:30 Country Code selected
INFO     test_book_demo:test_book_demo.py:32 Entered the email
INFO     test_book_demo:test_book_demo.py:34 Job title selected
INFO     test_book_demo:test_book_demo.py:36 Entered the message
INFO     test_book_demo:test_book_demo.py:38 Clicked on next button
--------------------------- Captured stderr teardown ---------------------------
2026-02-06 10:35:38,232 - INFO - Closing browser
---------------------------- Captured log teardown -----------------------------
INFO     conftest:conftest.py:145 Closing browser
________________ test_invalid_email_book_demo_form[email_data0] ________________
---------------------------- Captured stderr setup -----------------------------
2026-02-06 10:35:38,319 - INFO - Starting test with Chrome browser
2026-02-06 10:35:38,319 - INFO - ====== WebDriver manager ======
2026-02-06 10:35:38,387 - INFO - Get LATEST chromedriver version for google-chrome
2026-02-06 10:35:38,434 - INFO - Get LATEST chromedriver version for google-chrome
2026-02-06 10:35:38,513 - INFO - Driver [/home/runner/.wdm/drivers/chromedriver/linux64/144.0.7559.133/chromedriver-linux64/chromedriver] found in cache
2026-02-06 10:35:41,631 - INFO - Navigated to: https://mochaaccounting.com/
------------------------------ Captured log setup ------------------------------
INFO     conftest:conftest.py:78 Starting test with Chrome browser
INFO     WDM:logger.py:11 ====== WebDriver manager ======
INFO     WDM:logger.py:11 Get LATEST chromedriver version for google-chrome
INFO     WDM:logger.py:11 Get LATEST chromedriver version for google-chrome
INFO     WDM:logger.py:11 Driver [/home/runner/.wdm/drivers/chromedriver/linux64/144.0.7559.133/chromedriver-linux64/chromedriver] found in cache
INFO     conftest:conftest.py:135 Navigated to: https://mochaaccounting.com/
----------------------------- Captured stderr call -----------------------------
2026-02-06 10:35:41,771 - INFO - Clicked on Book a Demo button
2026-02-06 10:35:42,077 - INFO - Entered the full name
2026-02-06 10:35:42,302 - INFO - Entered the email
------------------------------ Captured log call -------------------------------
INFO     test_book_demo:test_book_demo.py:48 Clicked on Book a Demo button
INFO     test_book_demo:test_book_demo.py:50 Entered the full name
INFO     test_book_demo:test_book_demo.py:52 Entered the email
--------------------------- Captured stderr teardown ---------------------------
2026-02-06 10:35:42,304 - INFO - Closing browser
---------------------------- Captured log teardown -----------------------------
INFO     conftest:conftest.py:145 Closing browser
________________ test_invalid_email_book_demo_form[email_data1] ________________
---------------------------- Captured stderr setup -----------------------------
2026-02-06 10:35:43,372 - INFO - Starting test with Chrome browser
2026-02-06 10:35:43,372 - INFO - ====== WebDriver manager ======
2026-02-06 10:35:43,441 - INFO - Get LATEST chromedriver version for google-chrome
2026-02-06 10:35:43,490 - INFO - Get LATEST chromedriver version for google-chrome
2026-02-06 10:35:43,538 - INFO - Driver [/home/runner/.wdm/drivers/chromedriver/linux64/144.0.7559.133/chromedriver-linux64/chromedriver] found in cache
2026-02-06 10:35:46,500 - INFO - Navigated to: https://mochaaccounting.com/
------------------------------ Captured log setup ------------------------------
INFO     conftest:conftest.py:78 Starting test with Chrome browser
INFO     WDM:logger.py:11 ====== WebDriver manager ======
INFO     WDM:logger.py:11 Get LATEST chromedriver version for google-chrome
INFO     WDM:logger.py:11 Get LATEST chromedriver version for google-chrome
INFO     WDM:logger.py:11 Driver [/home/runner/.wdm/drivers/chromedriver/linux64/144.0.7559.133/chromedriver-linux64/chromedriver] found in cache
INFO     conftest:conftest.py:135 Navigated to: https://mochaaccounting.com/
----------------------------- Captured stderr call -----------------------------
2026-02-06 10:35:46,787 - INFO - Clicked on Book a Demo button
2026-02-06 10:35:47,019 - INFO - Entered the full name
2026-02-06 10:35:47,249 - INFO - Entered the email
------------------------------ Captured log call -------------------------------
INFO     test_book_demo:test_book_demo.py:48 Clicked on Book a Demo button
INFO     test_book_demo:test_book_demo.py:50 Entered the full name
INFO     test_book_demo:test_book_demo.py:52 Entered the email
--------------------------- Captured stderr teardown ---------------------------
2026-02-06 10:35:47,250 - INFO - Closing browser
---------------------------- Captured log teardown -----------------------------
INFO     conftest:conftest.py:145 Closing browser
________________ test_invalid_email_book_demo_form[email_data2] ________________
---------------------------- Captured stderr setup -----------------------------
2026-02-06 10:35:47,319 - INFO - Starting test with Chrome browser
2026-02-06 10:35:47,319 - INFO - ====== WebDriver manager ======
2026-02-06 10:35:47,389 - INFO - Get LATEST chromedriver version for google-chrome
2026-02-06 10:35:47,435 - INFO - Get LATEST chromedriver version for google-chrome
2026-02-06 10:35:47,480 - INFO - Driver [/home/runner/.wdm/drivers/chromedriver/linux64/144.0.7559.133/chromedriver-linux64/chromedriver] found in cache
2026-02-06 10:35:50,044 - INFO - Navigated to: https://mochaaccounting.com/
------------------------------ Captured log setup ------------------------------
INFO     conftest:conftest.py:78 Starting test with Chrome browser
INFO     WDM:logger.py:11 ====== WebDriver manager ======
INFO     WDM:logger.py:11 Get LATEST chromedriver version for google-chrome
INFO     WDM:logger.py:11 Get LATEST chromedriver version for google-chrome
INFO     WDM:logger.py:11 Driver [/home/runner/.wdm/drivers/chromedriver/linux64/144.0.7559.133/chromedriver-linux64/chromedriver] found in cache
INFO     conftest:conftest.py:135 Navigated to: https://mochaaccounting.com/
----------------------------- Captured stderr call -----------------------------
2026-02-06 10:35:50,194 - INFO - Clicked on Book a Demo button
2026-02-06 10:35:50,452 - INFO - Entered the full name
2026-02-06 10:35:50,718 - INFO - Entered the email
------------------------------ Captured log call -------------------------------
INFO     test_book_demo:test_book_demo.py:48 Clicked on Book a Demo button
INFO     test_book_demo:test_book_demo.py:50 Entered the full name
INFO     test_book_demo:test_book_demo.py:52 Entered the email
--------------------------- Captured stderr teardown ---------------------------
2026-02-06 10:35:50,719 - INFO - Closing browser
---------------------------- Captured log teardown -----------------------------
INFO     conftest:conftest.py:145 Closing browser
________________ test_invalid_email_book_demo_form[email_data3] ________________
---------------------------- Captured stderr setup -----------------------------
2026-02-06 10:35:50,790 - INFO - Starting test with Chrome browser
2026-02-06 10:35:50,790 - INFO - ====== WebDriver manager ======
2026-02-06 10:35:50,858 - INFO - Get LATEST chromedriver version for google-chrome
2026-02-06 10:35:50,905 - INFO - Get LATEST chromedriver version for google-chrome
2026-02-06 10:35:50,950 - INFO - Driver [/home/runner/.wdm/drivers/chromedriver/linux64/144.0.7559.133/chromedriver-linux64/chromedriver] found in cache
2026-02-06 10:35:54,004 - INFO - Navigated to: https://mochaaccounting.com/
------------------------------ Captured log setup ------------------------------
INFO     conftest:conftest.py:78 Starting test with Chrome browser
INFO     WDM:logger.py:11 ====== WebDriver manager ======
INFO     WDM:logger.py:11 Get LATEST chromedriver version for google-chrome
INFO     WDM:logger.py:11 Get LATEST chromedriver version for google-chrome
INFO     WDM:logger.py:11 Driver [/home/runner/.wdm/drivers/chromedriver/linux64/144.0.7559.133/chromedriver-linux64/chromedriver] found in cache
INFO     conftest:conftest.py:135 Navigated to: https://mochaaccounting.com/
----------------------------- Captured stderr call -----------------------------
2026-02-06 10:35:54,300 - INFO - Clicked on Book a Demo button
2026-02-06 10:35:54,455 - INFO - Entered the full name
2026-02-06 10:35:54,703 - INFO - Entered the email
------------------------------ Captured log call -------------------------------
INFO     test_book_demo:test_book_demo.py:48 Clicked on Book a Demo button
INFO     test_book_demo:test_book_demo.py:50 Entered the full name
INFO     test_book_demo:test_book_demo.py:52 Entered the email
--------------------------- Captured stderr teardown ---------------------------
2026-02-06 10:35:54,704 - INFO - Closing browser
---------------------------- Captured log teardown -----------------------------
INFO     conftest:conftest.py:145 Closing browser
____________________ test_mandatory_fields_blank_demo_form _____________________
---------------------------- Captured stderr setup -----------------------------
2026-02-06 10:35:54,772 - INFO - Starting test with Chrome browser
2026-02-06 10:35:54,773 - INFO - ====== WebDriver manager ======
2026-02-06 10:35:54,841 - INFO - Get LATEST chromedriver version for google-chrome
2026-02-06 10:35:54,886 - INFO - Get LATEST chromedriver version for google-chrome
2026-02-06 10:35:54,932 - INFO - Driver [/home/runner/.wdm/drivers/chromedriver/linux64/144.0.7559.133/chromedriver-linux64/chromedriver] found in cache
2026-02-06 10:35:57,628 - INFO - Navigated to: https://mochaaccounting.com/
------------------------------ Captured log setup ------------------------------
INFO     conftest:conftest.py:78 Starting test with Chrome browser
INFO     WDM:logger.py:11 ====== WebDriver manager ======
INFO     WDM:logger.py:11 Get LATEST chromedriver version for google-chrome
INFO     WDM:logger.py:11 Get LATEST chromedriver version for google-chrome
INFO     WDM:logger.py:11 Driver [/home/runner/.wdm/drivers/chromedriver/linux64/144.0.7559.133/chromedriver-linux64/chromedriver] found in cache
INFO     conftest:conftest.py:135 Navigated to: https://mochaaccounting.com/
----------------------------- Captured stderr call -----------------------------
2026-02-06 10:35:57,915 - INFO - Clicked on Book a Demo button
2026-02-06 10:35:58,300 - INFO - Clicked on Next
2026-02-06 10:35:58,344 - INFO - Asserted the expected blank validation and displayed blank validation for full name
2026-02-06 10:35:58,369 - INFO - Asserted the expected blank validation and displayed blank validation for email name
2026-02-06 10:35:58,390 - INFO - Asserted the expected blank validation and displayed blank validation for phone no
2026-02-06 10:35:58,410 - INFO - Asserted the expected blank validation and displayed blank validation for job title
------------------------------ Captured log call -------------------------------
INFO     test_book_demo:test_book_demo.py:61 Clicked on Book a Demo button
INFO     test_book_demo:test_book_demo.py:63 Clicked on Next
INFO     test_book_demo:test_book_demo.py:65 Asserted the expected blank validation and displayed blank validation for full name
INFO     test_book_demo:test_book_demo.py:67 Asserted the expected blank validation and displayed blank validation for email name
INFO     test_book_demo:test_book_demo.py:69 Asserted the expected blank validation and displayed blank validation for phone no
INFO     test_book_demo:test_book_demo.py:71 Asserted the expected blank validation and displayed blank validation for job title
--------------------------- Captured stderr teardown ---------------------------
2026-02-06 10:35:58,411 - INFO - Closing browser
---------------------------- Captured log teardown -----------------------------
INFO     conftest:conftest.py:145 Closing browser
________________ test_book_slots_verify_msg_and_each_days_slots ________________
---------------------------- Captured stderr setup -----------------------------
2026-02-06 10:35:58,479 - INFO - Starting test with Chrome browser
2026-02-06 10:35:58,479 - INFO - ====== WebDriver manager ======
2026-02-06 10:35:58,545 - INFO - Get LATEST chromedriver version for google-chrome
2026-02-06 10:35:58,592 - INFO - Get LATEST chromedriver version for google-chrome
2026-02-06 10:35:58,636 - INFO - Driver [/home/runner/.wdm/drivers/chromedriver/linux64/144.0.7559.133/chromedriver-linux64/chromedriver] found in cache
2026-02-06 10:36:01,578 - INFO - Navigated to: https://mochaaccounting.com/
------------------------------ Captured log setup ------------------------------
INFO     conftest:conftest.py:78 Starting test with Chrome browser
INFO     WDM:logger.py:11 ====== WebDriver manager ======
INFO     WDM:logger.py:11 Get LATEST chromedriver version for google-chrome
INFO     WDM:logger.py:11 Get LATEST chromedriver version for google-chrome
INFO     WDM:logger.py:11 Driver [/home/runner/.wdm/drivers/chromedriver/linux64/144.0.7559.133/chromedriver-linux64/chromedriver] found in cache
INFO     conftest:conftest.py:135 Navigated to: https://mochaaccounting.com/
----------------------------- Captured stderr call -----------------------------
2026-02-06 10:36:01,858 - INFO - Clicked on Book a Demo button
2026-02-06 10:36:02,063 - INFO - Entered the full name
2026-02-06 10:36:02,347 - INFO - Entered the email
2026-02-06 10:36:02,553 - INFO - Country Code selected
2026-02-06 10:36:02,637 - INFO - Entered the email
2026-02-06 10:36:02,755 - INFO - Job title selected
2026-02-06 10:36:02,852 - INFO - Entered the message
2026-02-06 10:36:03,001 - INFO - Cliked on next button
2026-02-06 10:36:34,914 - INFO - verified the slots of each day, expected message if no slot present or error generated
------------------------------ Captured log call -------------------------------
INFO     test_book_demo:test_book_demo.py:104 Clicked on Book a Demo button
INFO     test_book_demo:test_book_demo.py:106 Entered the full name
INFO     test_book_demo:test_book_demo.py:108 Entered the email
INFO     test_book_demo:test_book_demo.py:110 Country Code selected
INFO     test_book_demo:test_book_demo.py:112 Entered the email
INFO     test_book_demo:test_book_demo.py:114 Job title selected
INFO     test_book_demo:test_book_demo.py:116 Entered the message
INFO     test_book_demo:test_book_demo.py:118 Cliked on next button
INFO     test_book_demo:test_book_demo.py:120 verified the slots of each day, expected message if no slot present or error generated
--------------------------- Captured stderr teardown ---------------------------
2026-02-06 10:36:34,915 - INFO - Closing browser
---------------------------- Captured log teardown -----------------------------
INFO     conftest:conftest.py:145 Closing browser
____________________ test_book_demo_email_reflects_in_admin ____________________
---------------------------- Captured stderr setup -----------------------------
2026-02-06 10:36:34,997 - INFO - Starting test with Chrome browser
2026-02-06 10:36:34,997 - INFO - ====== WebDriver manager ======
2026-02-06 10:36:35,067 - INFO - Get LATEST chromedriver version for google-chrome
2026-02-06 10:36:35,112 - INFO - Get LATEST chromedriver version for google-chrome
2026-02-06 10:36:35,158 - INFO - Driver [/home/runner/.wdm/drivers/chromedriver/linux64/144.0.7559.133/chromedriver-linux64/chromedriver] found in cache
2026-02-06 10:36:38,227 - INFO - Navigated to: https://mochaaccounting.com/
------------------------------ Captured log setup ------------------------------
INFO     conftest:conftest.py:78 Starting test with Chrome browser
INFO     WDM:logger.py:11 ====== WebDriver manager ======
INFO     WDM:logger.py:11 Get LATEST chromedriver version for google-chrome
INFO     WDM:logger.py:11 Get LATEST chromedriver version for google-chrome
INFO     WDM:logger.py:11 Driver [/home/runner/.wdm/drivers/chromedriver/linux64/144.0.7559.133/chromedriver-linux64/chromedriver] found in cache
INFO     conftest:conftest.py:135 Navigated to: https://mochaaccounting.com/
----------------------------- Captured stdout call -----------------------------
[Fri, Feb 6] No slots available. Moving to next day.
[Mon, Feb 9] Slots found. Booking first slot: 06:30 AM  07:00 AM
Selected Date (Slot Page): Mon, Feb 9
Selected Time (Slot Page): 06:30 AM  07:00 AM
Confirmation Date: Monday, February 9, 2026
Confirmation Time: 06:30 AM  07:00 AM
Date and Time on confirmation page matches selected slot.
Email found in admin table
----------------------------- Captured stderr call -----------------------------
2026-02-06 10:36:38,506 - INFO - Clicked on Book a Demo button
2026-02-06 10:36:38,646 - INFO - Entered the full name
2026-02-06 10:36:38,944 - INFO - Entered the email
2026-02-06 10:36:39,159 - INFO - Country Code selected
2026-02-06 10:36:39,243 - INFO - Entered the email
2026-02-06 10:36:39,365 - INFO - Job title selected
2026-02-06 10:36:39,463 - INFO - Entered the message
2026-02-06 10:36:39,601 - INFO - Cliked on next button
2026-02-06 10:36:54,899 - INFO - Clicked on date and time slot
2026-02-06 10:36:55,757 - INFO - Navigated to the internal admin URL
2026-02-06 10:36:56,009 - INFO - Enter the username
2026-02-06 10:36:56,172 - INFO - Enter the password
2026-02-06 10:36:56,282 - INFO - Clicked on sign-in btn
2026-02-06 10:37:06,348 - INFO - Searching for email
------------------------------ Captured log call -------------------------------
INFO     test_book_demo:test_book_demo.py:131 Clicked on Book a Demo button
INFO     test_book_demo:test_book_demo.py:133 Entered the full name
INFO     test_book_demo:test_book_demo.py:135 Entered the email
INFO     test_book_demo:test_book_demo.py:137 Country Code selected
INFO     test_book_demo:test_book_demo.py:139 Entered the email
INFO     test_book_demo:test_book_demo.py:141 Job title selected
INFO     test_book_demo:test_book_demo.py:143 Entered the message
INFO     test_book_demo:test_book_demo.py:145 Cliked on next button
INFO     test_book_demo:test_book_demo.py:147 Clicked on date and time slot
INFO     test_book_demo:test_book_demo.py:149 Navigated to the internal admin URL
INFO     test_book_demo:test_book_demo.py:151 Enter the username
INFO     test_book_demo:test_book_demo.py:153 Enter the password
INFO     test_book_demo:test_book_demo.py:155 Clicked on sign-in btn
INFO     test_book_demo:test_book_demo.py:158 Searching for email
--------------------------- Captured stderr teardown ---------------------------
2026-02-06 10:37:06,349 - INFO - Closing browser
---------------------------- Captured log teardown -----------------------------
INFO     conftest:conftest.py:145 Closing browser
- Generated html report: file:///home/runner/work/Mocha_accounting/Mocha_accounting/C%3A%5CUsers%5CTaurus13%5CPycharmProjects%5CPythonProject%5Creports/20260206_103527/report.html -
=================== 8 passed, 8 warnings in 99.02s (0:01:39) ===================
=== BOOK DEMO TEST COMPLETED ===
Exit Code: 0
