=== LOGIN TESTS STARTED: 2025-12-29 04:32:03 ===
============================= test session starts ==============================
platform linux -- Python 3.13.11, pytest-8.3.5, pluggy-1.6.0 -- /opt/hostedtoolcache/Python/3.13.11/x64/bin/python
cachedir: .pytest_cache
metadata: {'Python': '3.13.11', 'Platform': 'Linux-6.11.0-1018-azure-x86_64-with-glibc2.39', 'Packages': {'pytest': '8.3.5', 'pluggy': '1.6.0'}, 'Plugins': {'html': '4.1.1', 'rerunfailures': '16.1', 'Faker': '39.0.0', 'xdist': '3.8.0', 'metadata': '3.1.1'}, 'CI': 'true', 'JAVA_HOME': '/usr/lib/jvm/temurin-17-jdk-amd64'}
rootdir: /home/runner/work/Mocha_accounting/Mocha_accounting
plugins: html-4.1.1, rerunfailures-16.1, Faker-39.0.0, xdist-3.8.0, metadata-3.1.1
collecting ... collected 15 items

tests/test_signup_login/test_login.py::test_valid_login[yash.payer+01@mochatechnologies.com-Password@123] PASSED [  6%]
tests/test_signup_login/test_login.py::test_valid_login[samatakamble9@gmail.com-Samata@16] FAILED [ 13%]
tests/test_signup_login/test_login.py::test_valid_login[shubhamdabir07@gmail.com-Shubham@1234] PASSED [ 20%]
tests/test_signup_login/test_login.py::test_valid_login[hrishikesh.shinde1607@gmail.com-Hrishikesh@1234] PASSED [ 26%]
tests/test_signup_login/test_login.py::test_invalid_email_login[username0] PASSED [ 33%]
tests/test_signup_login/test_login.py::test_invalid_email_login[username1] PASSED [ 40%]
tests/test_signup_login/test_login.py::test_invalid_email_login[username2] PASSED [ 46%]
tests/test_signup_login/test_login.py::test_invalid_email_login[username3] PASSED [ 53%]
tests/test_signup_login/test_login.py::test_blank_username_validation PASSED [ 60%]
tests/test_signup_login/test_login.py::test_blank_password_validation PASSED [ 66%]
tests/test_signup_login/test_login.py::test_invalid_email_validation[username0] PASSED [ 73%]
tests/test_signup_login/test_login.py::test_invalid_email_validation[username1] PASSED [ 80%]
tests/test_signup_login/test_login.py::test_invalid_email_validation[username2] PASSED [ 86%]
tests/test_signup_login/test_login.py::test_invalid_email_validation[username3] PASSED [ 93%]
tests/test_signup_login/test_login.py::test_invalid_email_validation[username4] PASSED [100%]

=================================== FAILURES ===================================
_____________ test_valid_login[samatakamble9@gmail.com-Samata@16] ______________

sign_login_setup = <selenium.webdriver.chrome.webdriver.WebDriver (session="736d4e6caf16f2621baa0abb7ba3646a")>
username = 'samatakamble9@gmail.com', password = 'Samata@16'
login_test_data = {'expected_password_validation': 'Password is required', 'expected_username_validation': 'Email is required.', 'expect...ect_email_verification_msg': "Please check your email address. If you don't have an account, you can create one.", ...}

    @pytest.mark.parametrize("username, password", zip(valid_username, valid_password))
    def test_valid_login(sign_login_setup, username, password, login_test_data):
       # expectedmessage = login_test_data['expectederrormsg']
        driver = sign_login_setup
        login_page = LoginPage(driver)
        logger.info("Starting the test case for valid credentials")
        login_page.enter_username(username)
        logger.info("User enters the email-id")
        login_page.enter_password(password)
        logger.info("User enters the password")
        login_page.click_loginbutton()
        logger.info("User clicks on login button")
>       login_page.success_login(login_test_data)

tests/test_signup_login/test_login.py:32: 
_ _ _ _ _ _ _ _ _ _ _ _ _ _ _ _ _ _ _ _ _ _ _ _ _ _ _ _ _ _ _ _ _ _ _ _ _ _ _ _ 

self = <pages.login_page.LoginPage object at 0x7ff6f48ba0d0>
login_test_data = {'expected_password_validation': 'Password is required', 'expected_username_validation': 'Email is required.', 'expect...ect_email_verification_msg': "Please check your email address. If you don't have an account, you can create one.", ...}

    def success_login(self,login_test_data):
>        self.actions.wait_for_element(self.success_msg)

pages/login_page.py:55: 
_ _ _ _ _ _ _ _ _ _ _ _ _ _ _ _ _ _ _ _ _ _ _ _ _ _ _ _ _ _ _ _ _ _ _ _ _ _ _ _ 

self = <actions.actions.Actions object at 0x7ff6f48bb9d0>
locator = ('xpath', "//li[@class='breadcrumb-item active text-zoom']")
timeout = 100

    def wait_for_element(self, locator, timeout=100):
>       WebDriverWait(self.driver, timeout).until(EC.visibility_of_element_located(locator))

actions/actions.py:87: 
_ _ _ _ _ _ _ _ _ _ _ _ _ _ _ _ _ _ _ _ _ _ _ _ _ _ _ _ _ _ _ _ _ _ _ _ _ _ _ _ 

self = <selenium.webdriver.support.wait.WebDriverWait (session="736d4e6caf16f2621baa0abb7ba3646a")>
method = <function visibility_of_element_located.<locals>._predicate at 0x7ff6f3dc02c0>
message = ''

    def until(self, method: Callable[[D], Union[Literal[False], T]], message: str = "") -> T:
        """Wait until the method returns a value that is not False.
    
        Calls the method provided with the driver as an argument until the
        return value does not evaluate to ``False``.
    
        Parameters:
        ----------
        method: callable(WebDriver)
            - A callable object that takes a WebDriver instance as an argument.
    
        message: str
            - Optional message for :exc:`TimeoutException`
    
        Return:
        -------
        object: T
            - The result of the last call to `method`
    
        Raises:
        -------
        TimeoutException
            - If 'method' does not return a truthy value within the WebDriverWait
            object's timeout
    
        Example:
        --------
        >>> from selenium.webdriver.common.by import By
        >>> from selenium.webdriver.support.ui import WebDriverWait
        >>> from selenium.webdriver.support import expected_conditions as EC
    
        # Wait until an element is visible on the page
        >>> wait = WebDriverWait(driver, 10)
        >>> element = wait.until(EC.visibility_of_element_located((By.ID, "exampleId")))
        >>> print(element.text)
        """
        screen = None
        stacktrace = None
    
        end_time = time.monotonic() + self._timeout
        while True:
            try:
                value = method(self._driver)
                if value:
                    return value
            except self._ignored_exceptions as exc:
                screen = getattr(exc, "screen", None)
                stacktrace = getattr(exc, "stacktrace", None)
            if time.monotonic() > end_time:
                break
            time.sleep(self._poll)
>       raise TimeoutException(message, screen, stacktrace)
E       selenium.common.exceptions.TimeoutException: Message: 
E       Stacktrace:
E       #0 0x55c45abd661a <unknown>
E       #1 0x55c45a65320b <unknown>
E       #2 0x55c45a6a490f <unknown>
E       #3 0x55c45a6a4b51 <unknown>
E       #4 0x55c45a6f2d84 <unknown>
E       #5 0x55c45a6f020e <unknown>
E       #6 0x55c45a697232 <unknown>
E       #7 0x55c45a697ee1 <unknown>
E       #8 0x55c45ab9f3f9 <unknown>
E       #9 0x55c45aba234d <unknown>
E       #10 0x55c45ab88122 <unknown>
E       #11 0x55c45aba2f2b <unknown>
E       #12 0x55c45ab6ec30 <unknown>
E       #13 0x55c45abc3d78 <unknown>
E       #14 0x55c45abc3f4c <unknown>
E       #15 0x55c45abd5973 <unknown>
E       #16 0x7feaab09caa4 <unknown>
E       #17 0x7feaab129c6c <unknown>

/opt/hostedtoolcache/Python/3.13.11/x64/lib/python3.13/site-packages/selenium/webdriver/support/wait.py:146: TimeoutException
---------------------------- Captured stderr setup -----------------------------
2025-12-29 04:32:13,637 - INFO - Starting test with Chrome browser
2025-12-29 04:32:13,637 - INFO - ====== WebDriver manager ======
2025-12-29 04:32:13,703 - INFO - Get LATEST chromedriver version for google-chrome
2025-12-29 04:32:13,737 - INFO - Get LATEST chromedriver version for google-chrome
2025-12-29 04:32:13,788 - INFO - Driver [/home/runner/.wdm/drivers/chromedriver/linux64/143.0.7499.169/chromedriver-linux64/chromedriver] found in cache
2025-12-29 04:32:15,695 - INFO - Navigated to: https://app.mochaaccounting.com/login
------------------------------ Captured log setup ------------------------------
INFO     tests.test_signup_login.conftest:conftest.py:78 Starting test with Chrome browser
INFO     WDM:logger.py:11 ====== WebDriver manager ======
INFO     WDM:logger.py:11 Get LATEST chromedriver version for google-chrome
INFO     WDM:logger.py:11 Get LATEST chromedriver version for google-chrome
INFO     WDM:logger.py:11 Driver [/home/runner/.wdm/drivers/chromedriver/linux64/143.0.7499.169/chromedriver-linux64/chromedriver] found in cache
INFO     tests.test_signup_login.conftest:conftest.py:134 Navigated to: https://app.mochaaccounting.com/login
----------------------------- Captured stderr call -----------------------------
2025-12-29 04:32:15,696 - INFO - Starting the test case for valid credentials
2025-12-29 04:32:15,813 - INFO - User enters the email-id
2025-12-29 04:32:17,387 - INFO - User enters the password
2025-12-29 04:32:17,479 - INFO - User clicks on login button
------------------------------ Captured log call -------------------------------
INFO     tests.test_signup_login.test_login:test_login.py:25 Starting the test case for valid credentials
INFO     tests.test_signup_login.test_login:test_login.py:27 User enters the email-id
INFO     tests.test_signup_login.test_login:test_login.py:29 User enters the password
INFO     tests.test_signup_login.test_login:test_login.py:31 User clicks on login button
--------------------------- Captured stderr teardown ---------------------------
2025-12-29 04:34:02,253 - INFO - Closing browser
---------------------------- Captured log teardown -----------------------------
INFO     tests.test_signup_login.conftest:conftest.py:144 Closing browser
==================================== PASSES ====================================
______ test_valid_login[yash.payer+01@mochatechnologies.com-Password@123] ______
---------------------------- Captured stderr setup -----------------------------
2025-12-29 04:32:04,228 - INFO - Starting test with Chrome browser
2025-12-29 04:32:04,228 - INFO - ====== WebDriver manager ======
2025-12-29 04:32:04,559 - INFO - Get LATEST chromedriver version for google-chrome
2025-12-29 04:32:04,607 - INFO - Get LATEST chromedriver version for google-chrome
2025-12-29 04:32:04,641 - INFO - There is no [linux64] chromedriver "143.0.7499.169" for browser google-chrome "143.0.7499" in cache
2025-12-29 04:32:04,641 - INFO - Get LATEST chromedriver version for google-chrome
2025-12-29 04:32:04,741 - INFO - WebDriver version 143.0.7499.169 selected
2025-12-29 04:32:04,746 - INFO - Modern chrome version https://storage.googleapis.com/chrome-for-testing-public/143.0.7499.169/linux64/chromedriver-linux64.zip
2025-12-29 04:32:04,747 - INFO - About to download new driver from https://storage.googleapis.com/chrome-for-testing-public/143.0.7499.169/linux64/chromedriver-linux64.zip
2025-12-29 04:32:04,862 - INFO - Driver downloading response is 200
2025-12-29 04:32:04,931 - INFO - Get LATEST chromedriver version for google-chrome
2025-12-29 04:32:05,074 - INFO - Driver has been saved in cache [/home/runner/.wdm/drivers/chromedriver/linux64/143.0.7499.169]
2025-12-29 04:32:07,418 - INFO - Navigated to: https://app.mochaaccounting.com/login
------------------------------ Captured log setup ------------------------------
INFO     tests.test_signup_login.conftest:conftest.py:78 Starting test with Chrome browser
INFO     WDM:logger.py:11 ====== WebDriver manager ======
INFO     WDM:logger.py:11 Get LATEST chromedriver version for google-chrome
INFO     WDM:logger.py:11 Get LATEST chromedriver version for google-chrome
INFO     WDM:logger.py:11 There is no [linux64] chromedriver "143.0.7499.169" for browser google-chrome "143.0.7499" in cache
INFO     WDM:logger.py:11 Get LATEST chromedriver version for google-chrome
INFO     WDM:logger.py:11 WebDriver version 143.0.7499.169 selected
INFO     WDM:logger.py:11 Modern chrome version https://storage.googleapis.com/chrome-for-testing-public/143.0.7499.169/linux64/chromedriver-linux64.zip
INFO     WDM:logger.py:11 About to download new driver from https://storage.googleapis.com/chrome-for-testing-public/143.0.7499.169/linux64/chromedriver-linux64.zip
INFO     WDM:logger.py:11 Driver downloading response is 200
INFO     WDM:logger.py:11 Get LATEST chromedriver version for google-chrome
INFO     WDM:logger.py:11 Driver has been saved in cache [/home/runner/.wdm/drivers/chromedriver/linux64/143.0.7499.169]
INFO     tests.test_signup_login.conftest:conftest.py:134 Navigated to: https://app.mochaaccounting.com/login
----------------------------- Captured stderr call -----------------------------
2025-12-29 04:32:07,418 - INFO - Starting the test case for valid credentials
2025-12-29 04:32:07,556 - INFO - User enters the email-id
2025-12-29 04:32:09,180 - INFO - User enters the password
2025-12-29 04:32:09,286 - INFO - User clicks on login button
2025-12-29 04:32:13,557 - INFO - The test case passed
------------------------------ Captured log call -------------------------------
INFO     tests.test_signup_login.test_login:test_login.py:25 Starting the test case for valid credentials
INFO     tests.test_signup_login.test_login:test_login.py:27 User enters the email-id
INFO     tests.test_signup_login.test_login:test_login.py:29 User enters the password
INFO     tests.test_signup_login.test_login:test_login.py:31 User clicks on login button
INFO     tests.test_signup_login.test_login:test_login.py:33 The test case passed
--------------------------- Captured stderr teardown ---------------------------
2025-12-29 04:32:13,558 - INFO - Closing browser
---------------------------- Captured log teardown -----------------------------
INFO     tests.test_signup_login.conftest:conftest.py:144 Closing browser
___________ test_valid_login[shubhamdabir07@gmail.com-Shubham@1234] ____________
---------------------------- Captured stderr setup -----------------------------
2025-12-29 04:34:02,324 - INFO - Starting test with Chrome browser
2025-12-29 04:34:02,324 - INFO - ====== WebDriver manager ======
2025-12-29 04:34:02,390 - INFO - Get LATEST chromedriver version for google-chrome
2025-12-29 04:34:02,426 - INFO - Get LATEST chromedriver version for google-chrome
2025-12-29 04:34:02,458 - INFO - Driver [/home/runner/.wdm/drivers/chromedriver/linux64/143.0.7499.169/chromedriver-linux64/chromedriver] found in cache
2025-12-29 04:34:04,291 - INFO - Navigated to: https://app.mochaaccounting.com/login
------------------------------ Captured log setup ------------------------------
INFO     tests.test_signup_login.conftest:conftest.py:78 Starting test with Chrome browser
INFO     WDM:logger.py:11 ====== WebDriver manager ======
INFO     WDM:logger.py:11 Get LATEST chromedriver version for google-chrome
INFO     WDM:logger.py:11 Get LATEST chromedriver version for google-chrome
INFO     WDM:logger.py:11 Driver [/home/runner/.wdm/drivers/chromedriver/linux64/143.0.7499.169/chromedriver-linux64/chromedriver] found in cache
INFO     tests.test_signup_login.conftest:conftest.py:134 Navigated to: https://app.mochaaccounting.com/login
----------------------------- Captured stderr call -----------------------------
2025-12-29 04:34:04,291 - INFO - Starting the test case for valid credentials
2025-12-29 04:34:04,413 - INFO - User enters the email-id
2025-12-29 04:34:06,041 - INFO - User enters the password
2025-12-29 04:34:06,142 - INFO - User clicks on login button
2025-12-29 04:34:08,722 - INFO - The test case passed
------------------------------ Captured log call -------------------------------
INFO     tests.test_signup_login.test_login:test_login.py:25 Starting the test case for valid credentials
INFO     tests.test_signup_login.test_login:test_login.py:27 User enters the email-id
INFO     tests.test_signup_login.test_login:test_login.py:29 User enters the password
INFO     tests.test_signup_login.test_login:test_login.py:31 User clicks on login button
INFO     tests.test_signup_login.test_login:test_login.py:33 The test case passed
--------------------------- Captured stderr teardown ---------------------------
2025-12-29 04:34:08,722 - INFO - Closing browser
---------------------------- Captured log teardown -----------------------------
INFO     tests.test_signup_login.conftest:conftest.py:144 Closing browser
______ test_valid_login[hrishikesh.shinde1607@gmail.com-Hrishikesh@1234] _______
---------------------------- Captured stderr setup -----------------------------
2025-12-29 04:34:08,789 - INFO - Starting test with Chrome browser
2025-12-29 04:34:08,789 - INFO - ====== WebDriver manager ======
2025-12-29 04:34:08,855 - INFO - Get LATEST chromedriver version for google-chrome
2025-12-29 04:34:08,888 - INFO - Get LATEST chromedriver version for google-chrome
2025-12-29 04:34:08,921 - INFO - Driver [/home/runner/.wdm/drivers/chromedriver/linux64/143.0.7499.169/chromedriver-linux64/chromedriver] found in cache
2025-12-29 04:34:10,759 - INFO - Navigated to: https://app.mochaaccounting.com/login
------------------------------ Captured log setup ------------------------------
INFO     tests.test_signup_login.conftest:conftest.py:78 Starting test with Chrome browser
INFO     WDM:logger.py:11 ====== WebDriver manager ======
INFO     WDM:logger.py:11 Get LATEST chromedriver version for google-chrome
INFO     WDM:logger.py:11 Get LATEST chromedriver version for google-chrome
INFO     WDM:logger.py:11 Driver [/home/runner/.wdm/drivers/chromedriver/linux64/143.0.7499.169/chromedriver-linux64/chromedriver] found in cache
INFO     tests.test_signup_login.conftest:conftest.py:134 Navigated to: https://app.mochaaccounting.com/login
----------------------------- Captured stderr call -----------------------------
2025-12-29 04:34:10,760 - INFO - Starting the test case for valid credentials
2025-12-29 04:34:10,889 - INFO - User enters the email-id
2025-12-29 04:34:12,519 - INFO - User enters the password
2025-12-29 04:34:12,619 - INFO - User clicks on login button
2025-12-29 04:34:14,873 - INFO - The test case passed
------------------------------ Captured log call -------------------------------
INFO     tests.test_signup_login.test_login:test_login.py:25 Starting the test case for valid credentials
INFO     tests.test_signup_login.test_login:test_login.py:27 User enters the email-id
INFO     tests.test_signup_login.test_login:test_login.py:29 User enters the password
INFO     tests.test_signup_login.test_login:test_login.py:31 User clicks on login button
INFO     tests.test_signup_login.test_login:test_login.py:33 The test case passed
--------------------------- Captured stderr teardown ---------------------------
2025-12-29 04:34:14,873 - INFO - Closing browser
---------------------------- Captured log teardown -----------------------------
INFO     tests.test_signup_login.conftest:conftest.py:144 Closing browser
_____________________ test_invalid_email_login[username0] ______________________
---------------------------- Captured stderr setup -----------------------------
2025-12-29 04:34:14,941 - INFO - Starting test with Chrome browser
2025-12-29 04:34:14,941 - INFO - ====== WebDriver manager ======
2025-12-29 04:34:15,007 - INFO - Get LATEST chromedriver version for google-chrome
2025-12-29 04:34:15,040 - INFO - Get LATEST chromedriver version for google-chrome
2025-12-29 04:34:15,074 - INFO - Driver [/home/runner/.wdm/drivers/chromedriver/linux64/143.0.7499.169/chromedriver-linux64/chromedriver] found in cache
2025-12-29 04:34:16,887 - INFO - Navigated to: https://app.mochaaccounting.com/login
------------------------------ Captured log setup ------------------------------
INFO     tests.test_signup_login.conftest:conftest.py:78 Starting test with Chrome browser
INFO     WDM:logger.py:11 ====== WebDriver manager ======
INFO     WDM:logger.py:11 Get LATEST chromedriver version for google-chrome
INFO     WDM:logger.py:11 Get LATEST chromedriver version for google-chrome
INFO     WDM:logger.py:11 Driver [/home/runner/.wdm/drivers/chromedriver/linux64/143.0.7499.169/chromedriver-linux64/chromedriver] found in cache
INFO     tests.test_signup_login.conftest:conftest.py:134 Navigated to: https://app.mochaaccounting.com/login
--------------------------- Captured stderr teardown ---------------------------
2025-12-29 04:34:19,740 - INFO - Closing browser
---------------------------- Captured log teardown -----------------------------
INFO     tests.test_signup_login.conftest:conftest.py:144 Closing browser
_____________________ test_invalid_email_login[username1] ______________________
---------------------------- Captured stderr setup -----------------------------
2025-12-29 04:34:19,805 - INFO - Starting test with Chrome browser
2025-12-29 04:34:19,805 - INFO - ====== WebDriver manager ======
2025-12-29 04:34:19,871 - INFO - Get LATEST chromedriver version for google-chrome
2025-12-29 04:34:19,903 - INFO - Get LATEST chromedriver version for google-chrome
2025-12-29 04:34:19,936 - INFO - Driver [/home/runner/.wdm/drivers/chromedriver/linux64/143.0.7499.169/chromedriver-linux64/chromedriver] found in cache
2025-12-29 04:34:21,016 - INFO - Navigated to: https://app.mochaaccounting.com/login
------------------------------ Captured log setup ------------------------------
INFO     tests.test_signup_login.conftest:conftest.py:78 Starting test with Chrome browser
INFO     WDM:logger.py:11 ====== WebDriver manager ======
INFO     WDM:logger.py:11 Get LATEST chromedriver version for google-chrome
INFO     WDM:logger.py:11 Get LATEST chromedriver version for google-chrome
INFO     WDM:logger.py:11 Driver [/home/runner/.wdm/drivers/chromedriver/linux64/143.0.7499.169/chromedriver-linux64/chromedriver] found in cache
INFO     tests.test_signup_login.conftest:conftest.py:134 Navigated to: https://app.mochaaccounting.com/login
--------------------------- Captured stderr teardown ---------------------------
2025-12-29 04:34:24,059 - INFO - Closing browser
---------------------------- Captured log teardown -----------------------------
INFO     tests.test_signup_login.conftest:conftest.py:144 Closing browser
_____________________ test_invalid_email_login[username2] ______________________
---------------------------- Captured stderr setup -----------------------------
2025-12-29 04:34:24,122 - INFO - Starting test with Chrome browser
2025-12-29 04:34:24,122 - INFO - ====== WebDriver manager ======
2025-12-29 04:34:24,188 - INFO - Get LATEST chromedriver version for google-chrome
2025-12-29 04:34:24,223 - INFO - Get LATEST chromedriver version for google-chrome
2025-12-29 04:34:24,258 - INFO - Driver [/home/runner/.wdm/drivers/chromedriver/linux64/143.0.7499.169/chromedriver-linux64/chromedriver] found in cache
2025-12-29 04:34:26,023 - INFO - Navigated to: https://app.mochaaccounting.com/login
------------------------------ Captured log setup ------------------------------
INFO     tests.test_signup_login.conftest:conftest.py:78 Starting test with Chrome browser
INFO     WDM:logger.py:11 ====== WebDriver manager ======
INFO     WDM:logger.py:11 Get LATEST chromedriver version for google-chrome
INFO     WDM:logger.py:11 Get LATEST chromedriver version for google-chrome
INFO     WDM:logger.py:11 Driver [/home/runner/.wdm/drivers/chromedriver/linux64/143.0.7499.169/chromedriver-linux64/chromedriver] found in cache
INFO     tests.test_signup_login.conftest:conftest.py:134 Navigated to: https://app.mochaaccounting.com/login
--------------------------- Captured stderr teardown ---------------------------
2025-12-29 04:34:28,885 - INFO - Closing browser
---------------------------- Captured log teardown -----------------------------
INFO     tests.test_signup_login.conftest:conftest.py:144 Closing browser
_____________________ test_invalid_email_login[username3] ______________________
---------------------------- Captured stderr setup -----------------------------
2025-12-29 04:34:28,950 - INFO - Starting test with Chrome browser
2025-12-29 04:34:28,950 - INFO - ====== WebDriver manager ======
2025-12-29 04:34:29,016 - INFO - Get LATEST chromedriver version for google-chrome
2025-12-29 04:34:29,049 - INFO - Get LATEST chromedriver version for google-chrome
2025-12-29 04:34:29,083 - INFO - Driver [/home/runner/.wdm/drivers/chromedriver/linux64/143.0.7499.169/chromedriver-linux64/chromedriver] found in cache
2025-12-29 04:34:30,866 - INFO - Navigated to: https://app.mochaaccounting.com/login
------------------------------ Captured log setup ------------------------------
INFO     tests.test_signup_login.conftest:conftest.py:78 Starting test with Chrome browser
INFO     WDM:logger.py:11 ====== WebDriver manager ======
INFO     WDM:logger.py:11 Get LATEST chromedriver version for google-chrome
INFO     WDM:logger.py:11 Get LATEST chromedriver version for google-chrome
INFO     WDM:logger.py:11 Driver [/home/runner/.wdm/drivers/chromedriver/linux64/143.0.7499.169/chromedriver-linux64/chromedriver] found in cache
INFO     tests.test_signup_login.conftest:conftest.py:134 Navigated to: https://app.mochaaccounting.com/login
--------------------------- Captured stderr teardown ---------------------------
2025-12-29 04:34:33,724 - INFO - Closing browser
---------------------------- Captured log teardown -----------------------------
INFO     tests.test_signup_login.conftest:conftest.py:144 Closing browser
________________________ test_blank_username_validation ________________________
---------------------------- Captured stderr setup -----------------------------
2025-12-29 04:34:33,794 - INFO - Starting test with Chrome browser
2025-12-29 04:34:33,794 - INFO - ====== WebDriver manager ======
2025-12-29 04:34:33,872 - INFO - Get LATEST chromedriver version for google-chrome
2025-12-29 04:34:33,905 - INFO - Get LATEST chromedriver version for google-chrome
2025-12-29 04:34:33,937 - INFO - Driver [/home/runner/.wdm/drivers/chromedriver/linux64/143.0.7499.169/chromedriver-linux64/chromedriver] found in cache
2025-12-29 04:34:34,994 - INFO - Navigated to: https://app.mochaaccounting.com/login
------------------------------ Captured log setup ------------------------------
INFO     tests.test_signup_login.conftest:conftest.py:78 Starting test with Chrome browser
INFO     WDM:logger.py:11 ====== WebDriver manager ======
INFO     WDM:logger.py:11 Get LATEST chromedriver version for google-chrome
INFO     WDM:logger.py:11 Get LATEST chromedriver version for google-chrome
INFO     WDM:logger.py:11 Driver [/home/runner/.wdm/drivers/chromedriver/linux64/143.0.7499.169/chromedriver-linux64/chromedriver] found in cache
INFO     tests.test_signup_login.conftest:conftest.py:134 Navigated to: https://app.mochaaccounting.com/login
--------------------------- Captured stderr teardown ---------------------------
2025-12-29 04:34:35,433 - INFO - Closing browser
---------------------------- Captured log teardown -----------------------------
INFO     tests.test_signup_login.conftest:conftest.py:144 Closing browser
________________________ test_blank_password_validation ________________________
---------------------------- Captured stderr setup -----------------------------
2025-12-29 04:34:35,497 - INFO - Starting test with Chrome browser
2025-12-29 04:34:35,497 - INFO - ====== WebDriver manager ======
2025-12-29 04:34:35,563 - INFO - Get LATEST chromedriver version for google-chrome
2025-12-29 04:34:35,597 - INFO - Get LATEST chromedriver version for google-chrome
2025-12-29 04:34:35,630 - INFO - Driver [/home/runner/.wdm/drivers/chromedriver/linux64/143.0.7499.169/chromedriver-linux64/chromedriver] found in cache
2025-12-29 04:34:36,381 - INFO - Navigated to: https://app.mochaaccounting.com/login
------------------------------ Captured log setup ------------------------------
INFO     tests.test_signup_login.conftest:conftest.py:78 Starting test with Chrome browser
INFO     WDM:logger.py:11 ====== WebDriver manager ======
INFO     WDM:logger.py:11 Get LATEST chromedriver version for google-chrome
INFO     WDM:logger.py:11 Get LATEST chromedriver version for google-chrome
INFO     WDM:logger.py:11 Driver [/home/runner/.wdm/drivers/chromedriver/linux64/143.0.7499.169/chromedriver-linux64/chromedriver] found in cache
INFO     tests.test_signup_login.conftest:conftest.py:134 Navigated to: https://app.mochaaccounting.com/login
--------------------------- Captured stderr teardown ---------------------------
2025-12-29 04:34:38,434 - INFO - Closing browser
---------------------------- Captured log teardown -----------------------------
INFO     tests.test_signup_login.conftest:conftest.py:144 Closing browser
___________________ test_invalid_email_validation[username0] ___________________
---------------------------- Captured stderr setup -----------------------------
2025-12-29 04:34:38,498 - INFO - Starting test with Chrome browser
2025-12-29 04:34:38,499 - INFO - ====== WebDriver manager ======
2025-12-29 04:34:38,564 - INFO - Get LATEST chromedriver version for google-chrome
2025-12-29 04:34:38,596 - INFO - Get LATEST chromedriver version for google-chrome
2025-12-29 04:34:38,628 - INFO - Driver [/home/runner/.wdm/drivers/chromedriver/linux64/143.0.7499.169/chromedriver-linux64/chromedriver] found in cache
2025-12-29 04:34:40,437 - INFO - Navigated to: https://app.mochaaccounting.com/login
------------------------------ Captured log setup ------------------------------
INFO     tests.test_signup_login.conftest:conftest.py:78 Starting test with Chrome browser
INFO     WDM:logger.py:11 ====== WebDriver manager ======
INFO     WDM:logger.py:11 Get LATEST chromedriver version for google-chrome
INFO     WDM:logger.py:11 Get LATEST chromedriver version for google-chrome
INFO     WDM:logger.py:11 Driver [/home/runner/.wdm/drivers/chromedriver/linux64/143.0.7499.169/chromedriver-linux64/chromedriver] found in cache
INFO     tests.test_signup_login.conftest:conftest.py:134 Navigated to: https://app.mochaaccounting.com/login
--------------------------- Captured stderr teardown ---------------------------
2025-12-29 04:34:40,684 - INFO - Closing browser
---------------------------- Captured log teardown -----------------------------
INFO     tests.test_signup_login.conftest:conftest.py:144 Closing browser
___________________ test_invalid_email_validation[username1] ___________________
---------------------------- Captured stderr setup -----------------------------
2025-12-29 04:34:40,747 - INFO - Starting test with Chrome browser
2025-12-29 04:34:40,747 - INFO - ====== WebDriver manager ======
2025-12-29 04:34:40,812 - INFO - Get LATEST chromedriver version for google-chrome
2025-12-29 04:34:40,845 - INFO - Get LATEST chromedriver version for google-chrome
2025-12-29 04:34:40,877 - INFO - Driver [/home/runner/.wdm/drivers/chromedriver/linux64/143.0.7499.169/chromedriver-linux64/chromedriver] found in cache
2025-12-29 04:34:42,374 - INFO - Navigated to: https://app.mochaaccounting.com/login
------------------------------ Captured log setup ------------------------------
INFO     tests.test_signup_login.conftest:conftest.py:78 Starting test with Chrome browser
INFO     WDM:logger.py:11 ====== WebDriver manager ======
INFO     WDM:logger.py:11 Get LATEST chromedriver version for google-chrome
INFO     WDM:logger.py:11 Get LATEST chromedriver version for google-chrome
INFO     WDM:logger.py:11 Driver [/home/runner/.wdm/drivers/chromedriver/linux64/143.0.7499.169/chromedriver-linux64/chromedriver] found in cache
INFO     tests.test_signup_login.conftest:conftest.py:134 Navigated to: https://app.mochaaccounting.com/login
--------------------------- Captured stderr teardown ---------------------------
2025-12-29 04:34:42,625 - INFO - Closing browser
---------------------------- Captured log teardown -----------------------------
INFO     tests.test_signup_login.conftest:conftest.py:144 Closing browser
___________________ test_invalid_email_validation[username2] ___________________
---------------------------- Captured stderr setup -----------------------------
2025-12-29 04:34:42,689 - INFO - Starting test with Chrome browser
2025-12-29 04:34:42,689 - INFO - ====== WebDriver manager ======
2025-12-29 04:34:42,754 - INFO - Get LATEST chromedriver version for google-chrome
2025-12-29 04:34:42,790 - INFO - Get LATEST chromedriver version for google-chrome
2025-12-29 04:34:42,828 - INFO - Driver [/home/runner/.wdm/drivers/chromedriver/linux64/143.0.7499.169/chromedriver-linux64/chromedriver] found in cache
2025-12-29 04:34:44,388 - INFO - Navigated to: https://app.mochaaccounting.com/login
------------------------------ Captured log setup ------------------------------
INFO     tests.test_signup_login.conftest:conftest.py:78 Starting test with Chrome browser
INFO     WDM:logger.py:11 ====== WebDriver manager ======
INFO     WDM:logger.py:11 Get LATEST chromedriver version for google-chrome
INFO     WDM:logger.py:11 Get LATEST chromedriver version for google-chrome
INFO     WDM:logger.py:11 Driver [/home/runner/.wdm/drivers/chromedriver/linux64/143.0.7499.169/chromedriver-linux64/chromedriver] found in cache
INFO     tests.test_signup_login.conftest:conftest.py:134 Navigated to: https://app.mochaaccounting.com/login
--------------------------- Captured stderr teardown ---------------------------
2025-12-29 04:34:44,647 - INFO - Closing browser
---------------------------- Captured log teardown -----------------------------
INFO     tests.test_signup_login.conftest:conftest.py:144 Closing browser
___________________ test_invalid_email_validation[username3] ___________________
---------------------------- Captured stderr setup -----------------------------
2025-12-29 04:34:44,708 - INFO - Starting test with Chrome browser
2025-12-29 04:34:44,708 - INFO - ====== WebDriver manager ======
2025-12-29 04:34:44,774 - INFO - Get LATEST chromedriver version for google-chrome
2025-12-29 04:34:44,809 - INFO - Get LATEST chromedriver version for google-chrome
2025-12-29 04:34:44,840 - INFO - Driver [/home/runner/.wdm/drivers/chromedriver/linux64/143.0.7499.169/chromedriver-linux64/chromedriver] found in cache
2025-12-29 04:34:46,338 - INFO - Navigated to: https://app.mochaaccounting.com/login
------------------------------ Captured log setup ------------------------------
INFO     tests.test_signup_login.conftest:conftest.py:78 Starting test with Chrome browser
INFO     WDM:logger.py:11 ====== WebDriver manager ======
INFO     WDM:logger.py:11 Get LATEST chromedriver version for google-chrome
INFO     WDM:logger.py:11 Get LATEST chromedriver version for google-chrome
INFO     WDM:logger.py:11 Driver [/home/runner/.wdm/drivers/chromedriver/linux64/143.0.7499.169/chromedriver-linux64/chromedriver] found in cache
INFO     tests.test_signup_login.conftest:conftest.py:134 Navigated to: https://app.mochaaccounting.com/login
--------------------------- Captured stderr teardown ---------------------------
2025-12-29 04:34:46,578 - INFO - Closing browser
---------------------------- Captured log teardown -----------------------------
INFO     tests.test_signup_login.conftest:conftest.py:144 Closing browser
___________________ test_invalid_email_validation[username4] ___________________
---------------------------- Captured stderr setup -----------------------------
2025-12-29 04:34:46,642 - INFO - Starting test with Chrome browser
2025-12-29 04:34:46,642 - INFO - ====== WebDriver manager ======
2025-12-29 04:34:46,708 - INFO - Get LATEST chromedriver version for google-chrome
2025-12-29 04:34:46,744 - INFO - Get LATEST chromedriver version for google-chrome
2025-12-29 04:34:46,777 - INFO - Driver [/home/runner/.wdm/drivers/chromedriver/linux64/143.0.7499.169/chromedriver-linux64/chromedriver] found in cache
2025-12-29 04:34:48,085 - INFO - Navigated to: https://app.mochaaccounting.com/login
------------------------------ Captured log setup ------------------------------
INFO     tests.test_signup_login.conftest:conftest.py:78 Starting test with Chrome browser
INFO     WDM:logger.py:11 ====== WebDriver manager ======
INFO     WDM:logger.py:11 Get LATEST chromedriver version for google-chrome
INFO     WDM:logger.py:11 Get LATEST chromedriver version for google-chrome
INFO     WDM:logger.py:11 Driver [/home/runner/.wdm/drivers/chromedriver/linux64/143.0.7499.169/chromedriver-linux64/chromedriver] found in cache
INFO     tests.test_signup_login.conftest:conftest.py:134 Navigated to: https://app.mochaaccounting.com/login
--------------------------- Captured stderr teardown ---------------------------
2025-12-29 04:34:48,341 - INFO - Closing browser
---------------------------- Captured log teardown -----------------------------
INFO     tests.test_signup_login.conftest:conftest.py:144 Closing browser
- Generated html report: file:///home/runner/work/Mocha_accounting/Mocha_accounting/C%3A%5CUsers%5CTaurus13%5CPycharmProjects%5CPythonProject%5Creports/20251229_043204/report.html -
=================== 1 failed, 14 passed in 164.26s (0:02:44) ===================
=== LOGIN TESTS COMPLETED ===
Exit Code: 1
