=== LOGIN TESTS STARTED: 2026-01-18 04:26:32 ===
============================= test session starts ==============================
platform linux -- Python 3.13.11, pytest-8.3.5, pluggy-1.6.0 -- /opt/hostedtoolcache/Python/3.13.11/x64/bin/python
cachedir: .pytest_cache
metadata: {'Python': '3.13.11', 'Platform': 'Linux-6.11.0-1018-azure-x86_64-with-glibc2.39', 'Packages': {'pytest': '8.3.5', 'pluggy': '1.6.0'}, 'Plugins': {'html': '4.1.1', 'rerunfailures': '16.1', 'Faker': '40.1.2', 'xdist': '3.8.0', 'metadata': '3.1.1'}, 'CI': 'true', 'JAVA_HOME': '/usr/lib/jvm/temurin-17-jdk-amd64'}
rootdir: /home/runner/work/Mocha_accounting/Mocha_accounting
plugins: html-4.1.1, rerunfailures-16.1, Faker-40.1.2, xdist-3.8.0, metadata-3.1.1
collecting ... collected 15 items

tests/test_signup_login/test_login.py::test_valid_login[yash.payer+01@mochatechnologies.com-Password@123] PASSED [  6%]
tests/test_signup_login/test_login.py::test_valid_login[samatakamble9@gmail.com-Samata@16] FAILED [ 13%]
tests/test_signup_login/test_login.py::test_valid_login[shubhamdabir07@gmail.com-Shubham@1234] PASSED [ 20%]
tests/test_signup_login/test_login.py::test_valid_login[hrishikesh.shinde1607@gmail.com-Hrishikesh@1234] PASSED [ 26%]
tests/test_signup_login/test_login.py::test_invalid_email_login[username0] FAILED [ 33%]
tests/test_signup_login/test_login.py::test_invalid_email_login[username1] FAILED [ 40%]
tests/test_signup_login/test_login.py::test_invalid_email_login[username2] FAILED [ 46%]
tests/test_signup_login/test_login.py::test_invalid_email_login[username3] FAILED [ 53%]
tests/test_signup_login/test_login.py::test_blank_username_validation PASSED [ 60%]
tests/test_signup_login/test_login.py::test_blank_password_validation FAILED [ 66%]
tests/test_signup_login/test_login.py::test_invalid_email_validation[username0] PASSED [ 73%]
tests/test_signup_login/test_login.py::test_invalid_email_validation[username1] PASSED [ 80%]
tests/test_signup_login/test_login.py::test_invalid_email_validation[username2] PASSED [ 86%]
tests/test_signup_login/test_login.py::test_invalid_email_validation[username3] PASSED [ 93%]
tests/test_signup_login/test_login.py::test_invalid_email_validation[username4] PASSED [100%]

=================================== FAILURES ===================================
_____________ test_valid_login[samatakamble9@gmail.com-Samata@16] ______________

sign_login_setup = <selenium.webdriver.chrome.webdriver.WebDriver (session="1eb0d6e8047a4fccc05701ee3dc77485")>
username = 'samatakamble9@gmail.com', password = 'Samata@16'
login_test_data = {'expected_password_validation': 'Password is required', 'expected_username_validation': 'Email is required.', 'expect...ect_email_verification_msg': "Please check your email address. If you don't have an account, you can create one.", ...}

    @pytest.mark.parametrize("username, password", zip(valid_username, valid_password))
    def test_valid_login(sign_login_setup, username, password, login_test_data):
       # expectedmessage = login_test_data['expectederrormsg']
        driver = sign_login_setup
        login_page = LoginPage(driver)
        logger.info("Starting the test case for valid credentials")
        login_page.enter_username(username)
        logger.info("User enters the email-id")
        login_page.enter_password(password)
        logger.info("User enters the password")
        login_page.click_loginbutton()
        logger.info("User clicks on login button")
>       login_page.success_login(login_test_data)

tests/test_signup_login/test_login.py:32: 
_ _ _ _ _ _ _ _ _ _ _ _ _ _ _ _ _ _ _ _ _ _ _ _ _ _ _ _ _ _ _ _ _ _ _ _ _ _ _ _ 

self = <pages.login_page.LoginPage object at 0x7f334c7f1f90>
login_test_data = {'expected_password_validation': 'Password is required', 'expected_username_validation': 'Email is required.', 'expect...ect_email_verification_msg': "Please check your email address. If you don't have an account, you can create one.", ...}

    def success_login(self,login_test_data):
>        self.actions.wait_for_element(self.success_msg)

pages/login_page.py:55: 
_ _ _ _ _ _ _ _ _ _ _ _ _ _ _ _ _ _ _ _ _ _ _ _ _ _ _ _ _ _ _ _ _ _ _ _ _ _ _ _ 

self = <actions.actions.Actions object at 0x7f334c7f3890>
locator = ('xpath', "//li[@class='breadcrumb-item active text-zoom']")
timeout = 100

    def wait_for_element(self, locator, timeout=100):
>       WebDriverWait(self.driver, timeout).until(EC.visibility_of_element_located(locator))

actions/actions.py:87: 
_ _ _ _ _ _ _ _ _ _ _ _ _ _ _ _ _ _ _ _ _ _ _ _ _ _ _ _ _ _ _ _ _ _ _ _ _ _ _ _ 

self = <selenium.webdriver.support.wait.WebDriverWait (session="1eb0d6e8047a4fccc05701ee3dc77485")>
method = <function visibility_of_element_located.<locals>._predicate at 0x7f334c787740>
message = ''

    def until(self, method: Callable[[D], Union[Literal[False], T]], message: str = "") -> T:
        """Wait until the method returns a value that is not False.
    
        Calls the method provided with the driver as an argument until the
        return value does not evaluate to ``False``.
    
        Parameters:
        ----------
        method: callable(WebDriver)
            - A callable object that takes a WebDriver instance as an argument.
    
        message: str
            - Optional message for :exc:`TimeoutException`
    
        Return:
        -------
        object: T
            - The result of the last call to `method`
    
        Raises:
        -------
        TimeoutException
            - If 'method' does not return a truthy value within the WebDriverWait
            object's timeout
    
        Example:
        --------
        >>> from selenium.webdriver.common.by import By
        >>> from selenium.webdriver.support.ui import WebDriverWait
        >>> from selenium.webdriver.support import expected_conditions as EC
    
        # Wait until an element is visible on the page
        >>> wait = WebDriverWait(driver, 10)
        >>> element = wait.until(EC.visibility_of_element_located((By.ID, "exampleId")))
        >>> print(element.text)
        """
        screen = None
        stacktrace = None
    
        end_time = time.monotonic() + self._timeout
        while True:
            try:
                value = method(self._driver)
                if value:
                    return value
            except self._ignored_exceptions as exc:
                screen = getattr(exc, "screen", None)
                stacktrace = getattr(exc, "stacktrace", None)
            if time.monotonic() > end_time:
                break
            time.sleep(self._poll)
>       raise TimeoutException(message, screen, stacktrace)
E       selenium.common.exceptions.TimeoutException: Message: 
E       Stacktrace:
E       #0 0x556bcda98c3a <unknown>
E       #1 0x556bcd4b2969 <unknown>
E       #2 0x556bcd507ead <unknown>
E       #3 0x556bcd5080f1 <unknown>
E       #4 0x556bcd5537e4 <unknown>
E       #5 0x556bcd550a20 <unknown>
E       #6 0x556bcd4f9be2 <unknown>
E       #7 0x556bcd4fa991 <unknown>
E       #8 0x556bcda5ea99 <unknown>
E       #9 0x556bcda619b1 <unknown>
E       #10 0x556bcda4b0a9 <unknown>
E       #11 0x556bcda6256e <unknown>
E       #12 0x556bcda315e0 <unknown>
E       #13 0x556bcda86358 <unknown>
E       #14 0x556bcda86528 <unknown>
E       #15 0x556bcda97fa8 <unknown>
E       #16 0x7fc19c69caa4 <unknown>
E       #17 0x7fc19c729c6c <unknown>

/opt/hostedtoolcache/Python/3.13.11/x64/lib/python3.13/site-packages/selenium/webdriver/support/wait.py:146: TimeoutException
---------------------------- Captured stderr setup -----------------------------
2026-01-18 04:26:43,051 - INFO - Starting test with Chrome browser
2026-01-18 04:26:43,051 - INFO - ====== WebDriver manager ======
2026-01-18 04:26:43,118 - INFO - Get LATEST chromedriver version for google-chrome
2026-01-18 04:26:43,151 - INFO - Get LATEST chromedriver version for google-chrome
2026-01-18 04:26:43,202 - INFO - Driver [/home/runner/.wdm/drivers/chromedriver/linux64/144.0.7559.31/chromedriver-linux64/chromedriver] found in cache
2026-01-18 04:26:44,638 - INFO - Navigated to: https://app.mochaaccounting.com/login
------------------------------ Captured log setup ------------------------------
INFO     tests.test_signup_login.conftest:conftest.py:78 Starting test with Chrome browser
INFO     WDM:logger.py:11 ====== WebDriver manager ======
INFO     WDM:logger.py:11 Get LATEST chromedriver version for google-chrome
INFO     WDM:logger.py:11 Get LATEST chromedriver version for google-chrome
INFO     WDM:logger.py:11 Driver [/home/runner/.wdm/drivers/chromedriver/linux64/144.0.7559.31/chromedriver-linux64/chromedriver] found in cache
INFO     tests.test_signup_login.conftest:conftest.py:134 Navigated to: https://app.mochaaccounting.com/login
----------------------------- Captured stderr call -----------------------------
2026-01-18 04:26:44,639 - INFO - Starting the test case for valid credentials
2026-01-18 04:26:44,759 - INFO - User enters the email-id
2026-01-18 04:26:46,327 - INFO - User enters the password
2026-01-18 04:26:46,421 - INFO - User clicks on login button
------------------------------ Captured log call -------------------------------
INFO     tests.test_signup_login.test_login:test_login.py:25 Starting the test case for valid credentials
INFO     tests.test_signup_login.test_login:test_login.py:27 User enters the email-id
INFO     tests.test_signup_login.test_login:test_login.py:29 User enters the password
INFO     tests.test_signup_login.test_login:test_login.py:31 User clicks on login button
--------------------------- Captured stderr teardown ---------------------------
2026-01-18 04:28:30,992 - INFO - Closing browser
---------------------------- Captured log teardown -----------------------------
INFO     tests.test_signup_login.conftest:conftest.py:144 Closing browser
_____________________ test_invalid_email_login[username0] ______________________

sign_login_setup = <selenium.webdriver.chrome.webdriver.WebDriver (session="c21d69053e4301ef9e2c78ce32056ccb")>
login_test_data = {'expected_password_validation': 'Password is required', 'expected_username_validation': 'Email is required.', 'expect...ect_email_verification_msg': "Please check your email address. If you don't have an account, you can create one.", ...}
username = ('yash10@gmail.com',)

    @pytest.mark.parametrize("username", zip(invalid_username))
    def test_invalid_email_login(sign_login_setup, login_test_data,username):
        driver= sign_login_setup
        login_page = LoginPage(driver)
        login_page.enter_username(username)
        #login_page.enter_password(password)
        login_page.click_loginbutton()
>       login_page.incorrect_email_validation(login_test_data)

tests/test_signup_login/test_login.py:42: 
_ _ _ _ _ _ _ _ _ _ _ _ _ _ _ _ _ _ _ _ _ _ _ _ _ _ _ _ _ _ _ _ _ _ _ _ _ _ _ _ 

self = <pages.login_page.LoginPage object at 0x7f334c7b36f0>
login_test_data = {'expected_password_validation': 'Password is required', 'expected_username_validation': 'Email is required.', 'expect...ect_email_verification_msg': "Please check your email address. If you don't have an account, you can create one.", ...}

    def incorrect_email_validation(self,login_test_data):
>       self.actions.wait_for_element(self.incorrect_email_verification_msg)

pages/login_page.py:87: 
_ _ _ _ _ _ _ _ _ _ _ _ _ _ _ _ _ _ _ _ _ _ _ _ _ _ _ _ _ _ _ _ _ _ _ _ _ _ _ _ 

self = <actions.actions.Actions object at 0x7f334c7982b0>
locator = ('xpath', "//p[@class='text-white' and contains(text(),'Please check your email address')]")
timeout = 100

    def wait_for_element(self, locator, timeout=100):
>       WebDriverWait(self.driver, timeout).until(EC.visibility_of_element_located(locator))

actions/actions.py:87: 
_ _ _ _ _ _ _ _ _ _ _ _ _ _ _ _ _ _ _ _ _ _ _ _ _ _ _ _ _ _ _ _ _ _ _ _ _ _ _ _ 

self = <selenium.webdriver.support.wait.WebDriverWait (session="c21d69053e4301ef9e2c78ce32056ccb")>
method = <function visibility_of_element_located.<locals>._predicate at 0x7f334c79dc60>
message = ''

    def until(self, method: Callable[[D], Union[Literal[False], T]], message: str = "") -> T:
        """Wait until the method returns a value that is not False.
    
        Calls the method provided with the driver as an argument until the
        return value does not evaluate to ``False``.
    
        Parameters:
        ----------
        method: callable(WebDriver)
            - A callable object that takes a WebDriver instance as an argument.
    
        message: str
            - Optional message for :exc:`TimeoutException`
    
        Return:
        -------
        object: T
            - The result of the last call to `method`
    
        Raises:
        -------
        TimeoutException
            - If 'method' does not return a truthy value within the WebDriverWait
            object's timeout
    
        Example:
        --------
        >>> from selenium.webdriver.common.by import By
        >>> from selenium.webdriver.support.ui import WebDriverWait
        >>> from selenium.webdriver.support import expected_conditions as EC
    
        # Wait until an element is visible on the page
        >>> wait = WebDriverWait(driver, 10)
        >>> element = wait.until(EC.visibility_of_element_located((By.ID, "exampleId")))
        >>> print(element.text)
        """
        screen = None
        stacktrace = None
    
        end_time = time.monotonic() + self._timeout
        while True:
            try:
                value = method(self._driver)
                if value:
                    return value
            except self._ignored_exceptions as exc:
                screen = getattr(exc, "screen", None)
                stacktrace = getattr(exc, "stacktrace", None)
            if time.monotonic() > end_time:
                break
            time.sleep(self._poll)
>       raise TimeoutException(message, screen, stacktrace)
E       selenium.common.exceptions.TimeoutException: Message: 
E       Stacktrace:
E       #0 0x5588887a6c3a <unknown>
E       #1 0x5588881c0969 <unknown>
E       #2 0x558888215ead <unknown>
E       #3 0x5588882160f1 <unknown>
E       #4 0x5588882617e4 <unknown>
E       #5 0x55888825ea20 <unknown>
E       #6 0x558888207be2 <unknown>
E       #7 0x558888208991 <unknown>
E       #8 0x55888876ca99 <unknown>
E       #9 0x55888876f9b1 <unknown>
E       #10 0x5588887590a9 <unknown>
E       #11 0x55888877056e <unknown>
E       #12 0x55888873f5e0 <unknown>
E       #13 0x558888794358 <unknown>
E       #14 0x558888794528 <unknown>
E       #15 0x5588887a5fa8 <unknown>
E       #16 0x7fb4eb49caa4 <unknown>
E       #17 0x7fb4eb529c6c <unknown>

/opt/hostedtoolcache/Python/3.13.11/x64/lib/python3.13/site-packages/selenium/webdriver/support/wait.py:146: TimeoutException
---------------------------- Captured stderr setup -----------------------------
2026-01-18 04:28:42,799 - INFO - Starting test with Chrome browser
2026-01-18 04:28:42,799 - INFO - ====== WebDriver manager ======
2026-01-18 04:28:42,866 - INFO - Get LATEST chromedriver version for google-chrome
2026-01-18 04:28:42,898 - INFO - Get LATEST chromedriver version for google-chrome
2026-01-18 04:28:42,931 - INFO - Driver [/home/runner/.wdm/drivers/chromedriver/linux64/144.0.7559.31/chromedriver-linux64/chromedriver] found in cache
2026-01-18 04:28:43,709 - INFO - Navigated to: https://app.mochaaccounting.com/login
------------------------------ Captured log setup ------------------------------
INFO     tests.test_signup_login.conftest:conftest.py:78 Starting test with Chrome browser
INFO     WDM:logger.py:11 ====== WebDriver manager ======
INFO     WDM:logger.py:11 Get LATEST chromedriver version for google-chrome
INFO     WDM:logger.py:11 Get LATEST chromedriver version for google-chrome
INFO     WDM:logger.py:11 Driver [/home/runner/.wdm/drivers/chromedriver/linux64/144.0.7559.31/chromedriver-linux64/chromedriver] found in cache
INFO     tests.test_signup_login.conftest:conftest.py:134 Navigated to: https://app.mochaaccounting.com/login
--------------------------- Captured stderr teardown ---------------------------
2026-01-18 04:30:30,400 - INFO - Closing browser
---------------------------- Captured log teardown -----------------------------
INFO     tests.test_signup_login.conftest:conftest.py:144 Closing browser
_____________________ test_invalid_email_login[username1] ______________________

sign_login_setup = <selenium.webdriver.chrome.webdriver.WebDriver (session="cd47dc5e50dc8633e7ed11663c0f084a")>
login_test_data = {'expected_password_validation': 'Password is required', 'expected_username_validation': 'Email is required.', 'expect...ect_email_verification_msg': "Please check your email address. If you don't have an account, you can create one.", ...}
username = ('payeryash@1gmail.com',)

    @pytest.mark.parametrize("username", zip(invalid_username))
    def test_invalid_email_login(sign_login_setup, login_test_data,username):
        driver= sign_login_setup
        login_page = LoginPage(driver)
        login_page.enter_username(username)
        #login_page.enter_password(password)
        login_page.click_loginbutton()
>       login_page.incorrect_email_validation(login_test_data)

tests/test_signup_login/test_login.py:42: 
_ _ _ _ _ _ _ _ _ _ _ _ _ _ _ _ _ _ _ _ _ _ _ _ _ _ _ _ _ _ _ _ _ _ _ _ _ _ _ _ 

self = <pages.login_page.LoginPage object at 0x7f334c7cbad0>
login_test_data = {'expected_password_validation': 'Password is required', 'expected_username_validation': 'Email is required.', 'expect...ect_email_verification_msg': "Please check your email address. If you don't have an account, you can create one.", ...}

    def incorrect_email_validation(self,login_test_data):
>       self.actions.wait_for_element(self.incorrect_email_verification_msg)

pages/login_page.py:87: 
_ _ _ _ _ _ _ _ _ _ _ _ _ _ _ _ _ _ _ _ _ _ _ _ _ _ _ _ _ _ _ _ _ _ _ _ _ _ _ _ 

self = <actions.actions.Actions object at 0x7f334c768050>
locator = ('xpath', "//p[@class='text-white' and contains(text(),'Please check your email address')]")
timeout = 100

    def wait_for_element(self, locator, timeout=100):
>       WebDriverWait(self.driver, timeout).until(EC.visibility_of_element_located(locator))

actions/actions.py:87: 
_ _ _ _ _ _ _ _ _ _ _ _ _ _ _ _ _ _ _ _ _ _ _ _ _ _ _ _ _ _ _ _ _ _ _ _ _ _ _ _ 

self = <selenium.webdriver.support.wait.WebDriverWait (session="cd47dc5e50dc8633e7ed11663c0f084a")>
method = <function visibility_of_element_located.<locals>._predicate at 0x7f334c79dee0>
message = ''

    def until(self, method: Callable[[D], Union[Literal[False], T]], message: str = "") -> T:
        """Wait until the method returns a value that is not False.
    
        Calls the method provided with the driver as an argument until the
        return value does not evaluate to ``False``.
    
        Parameters:
        ----------
        method: callable(WebDriver)
            - A callable object that takes a WebDriver instance as an argument.
    
        message: str
            - Optional message for :exc:`TimeoutException`
    
        Return:
        -------
        object: T
            - The result of the last call to `method`
    
        Raises:
        -------
        TimeoutException
            - If 'method' does not return a truthy value within the WebDriverWait
            object's timeout
    
        Example:
        --------
        >>> from selenium.webdriver.common.by import By
        >>> from selenium.webdriver.support.ui import WebDriverWait
        >>> from selenium.webdriver.support import expected_conditions as EC
    
        # Wait until an element is visible on the page
        >>> wait = WebDriverWait(driver, 10)
        >>> element = wait.until(EC.visibility_of_element_located((By.ID, "exampleId")))
        >>> print(element.text)
        """
        screen = None
        stacktrace = None
    
        end_time = time.monotonic() + self._timeout
        while True:
            try:
                value = method(self._driver)
                if value:
                    return value
            except self._ignored_exceptions as exc:
                screen = getattr(exc, "screen", None)
                stacktrace = getattr(exc, "stacktrace", None)
            if time.monotonic() > end_time:
                break
            time.sleep(self._poll)
>       raise TimeoutException(message, screen, stacktrace)
E       selenium.common.exceptions.TimeoutException: Message: 
E       Stacktrace:
E       #0 0x55e377dd4c3a <unknown>
E       #1 0x55e3777ee969 <unknown>
E       #2 0x55e377843ead <unknown>
E       #3 0x55e3778440f1 <unknown>
E       #4 0x55e37788f7e4 <unknown>
E       #5 0x55e37788ca20 <unknown>
E       #6 0x55e377835be2 <unknown>
E       #7 0x55e377836991 <unknown>
E       #8 0x55e377d9aa99 <unknown>
E       #9 0x55e377d9d9b1 <unknown>
E       #10 0x55e377d870a9 <unknown>
E       #11 0x55e377d9e56e <unknown>
E       #12 0x55e377d6d5e0 <unknown>
E       #13 0x55e377dc2358 <unknown>
E       #14 0x55e377dc2528 <unknown>
E       #15 0x55e377dd3fa8 <unknown>
E       #16 0x7fe1eae9caa4 <unknown>
E       #17 0x7fe1eaf29c6c <unknown>

/opt/hostedtoolcache/Python/3.13.11/x64/lib/python3.13/site-packages/selenium/webdriver/support/wait.py:146: TimeoutException
---------------------------- Captured stderr setup -----------------------------
2026-01-18 04:30:30,503 - INFO - Starting test with Chrome browser
2026-01-18 04:30:30,503 - INFO - ====== WebDriver manager ======
2026-01-18 04:30:30,573 - INFO - Get LATEST chromedriver version for google-chrome
2026-01-18 04:30:30,606 - INFO - Get LATEST chromedriver version for google-chrome
2026-01-18 04:30:30,639 - INFO - Driver [/home/runner/.wdm/drivers/chromedriver/linux64/144.0.7559.31/chromedriver-linux64/chromedriver] found in cache
2026-01-18 04:30:32,200 - INFO - Navigated to: https://app.mochaaccounting.com/login
------------------------------ Captured log setup ------------------------------
INFO     tests.test_signup_login.conftest:conftest.py:78 Starting test with Chrome browser
INFO     WDM:logger.py:11 ====== WebDriver manager ======
INFO     WDM:logger.py:11 Get LATEST chromedriver version for google-chrome
INFO     WDM:logger.py:11 Get LATEST chromedriver version for google-chrome
INFO     WDM:logger.py:11 Driver [/home/runner/.wdm/drivers/chromedriver/linux64/144.0.7559.31/chromedriver-linux64/chromedriver] found in cache
INFO     tests.test_signup_login.conftest:conftest.py:134 Navigated to: https://app.mochaaccounting.com/login
--------------------------- Captured stderr teardown ---------------------------
2026-01-18 04:32:19,329 - INFO - Closing browser
---------------------------- Captured log teardown -----------------------------
INFO     tests.test_signup_login.conftest:conftest.py:144 Closing browser
_____________________ test_invalid_email_login[username2] ______________________

sign_login_setup = <selenium.webdriver.chrome.webdriver.WebDriver (session="718c10f80cf2ffe5335efae683b3bb41")>
login_test_data = {'expected_password_validation': 'Password is required', 'expected_username_validation': 'Email is required.', 'expect...ect_email_verification_msg': "Please check your email address. If you don't have an account, you can create one.", ...}
username = ('payerash10@gmail.com',)

    @pytest.mark.parametrize("username", zip(invalid_username))
    def test_invalid_email_login(sign_login_setup, login_test_data,username):
        driver= sign_login_setup
        login_page = LoginPage(driver)
        login_page.enter_username(username)
        #login_page.enter_password(password)
        login_page.click_loginbutton()
>       login_page.incorrect_email_validation(login_test_data)

tests/test_signup_login/test_login.py:42: 
_ _ _ _ _ _ _ _ _ _ _ _ _ _ _ _ _ _ _ _ _ _ _ _ _ _ _ _ _ _ _ _ _ _ _ _ _ _ _ _ 

self = <pages.login_page.LoginPage object at 0x7f334cf2c6b0>
login_test_data = {'expected_password_validation': 'Password is required', 'expected_username_validation': 'Email is required.', 'expect...ect_email_verification_msg': "Please check your email address. If you don't have an account, you can create one.", ...}

    def incorrect_email_validation(self,login_test_data):
>       self.actions.wait_for_element(self.incorrect_email_verification_msg)

pages/login_page.py:87: 
_ _ _ _ _ _ _ _ _ _ _ _ _ _ _ _ _ _ _ _ _ _ _ _ _ _ _ _ _ _ _ _ _ _ _ _ _ _ _ _ 

self = <actions.actions.Actions object at 0x7f334cf2c7c0>
locator = ('xpath', "//p[@class='text-white' and contains(text(),'Please check your email address')]")
timeout = 100

    def wait_for_element(self, locator, timeout=100):
>       WebDriverWait(self.driver, timeout).until(EC.visibility_of_element_located(locator))

actions/actions.py:87: 
_ _ _ _ _ _ _ _ _ _ _ _ _ _ _ _ _ _ _ _ _ _ _ _ _ _ _ _ _ _ _ _ _ _ _ _ _ _ _ _ 

self = <selenium.webdriver.support.wait.WebDriverWait (session="718c10f80cf2ffe5335efae683b3bb41")>
method = <function visibility_of_element_located.<locals>._predicate at 0x7f334c79e340>
message = ''

    def until(self, method: Callable[[D], Union[Literal[False], T]], message: str = "") -> T:
        """Wait until the method returns a value that is not False.
    
        Calls the method provided with the driver as an argument until the
        return value does not evaluate to ``False``.
    
        Parameters:
        ----------
        method: callable(WebDriver)
            - A callable object that takes a WebDriver instance as an argument.
    
        message: str
            - Optional message for :exc:`TimeoutException`
    
        Return:
        -------
        object: T
            - The result of the last call to `method`
    
        Raises:
        -------
        TimeoutException
            - If 'method' does not return a truthy value within the WebDriverWait
            object's timeout
    
        Example:
        --------
        >>> from selenium.webdriver.common.by import By
        >>> from selenium.webdriver.support.ui import WebDriverWait
        >>> from selenium.webdriver.support import expected_conditions as EC
    
        # Wait until an element is visible on the page
        >>> wait = WebDriverWait(driver, 10)
        >>> element = wait.until(EC.visibility_of_element_located((By.ID, "exampleId")))
        >>> print(element.text)
        """
        screen = None
        stacktrace = None
    
        end_time = time.monotonic() + self._timeout
        while True:
            try:
                value = method(self._driver)
                if value:
                    return value
            except self._ignored_exceptions as exc:
                screen = getattr(exc, "screen", None)
                stacktrace = getattr(exc, "stacktrace", None)
            if time.monotonic() > end_time:
                break
            time.sleep(self._poll)
>       raise TimeoutException(message, screen, stacktrace)
E       selenium.common.exceptions.TimeoutException: Message: 
E       Stacktrace:
E       #0 0x560cbe206c3a <unknown>
E       #1 0x560cbdc20969 <unknown>
E       #2 0x560cbdc75ead <unknown>
E       #3 0x560cbdc760f1 <unknown>
E       #4 0x560cbdcc17e4 <unknown>
E       #5 0x560cbdcbea20 <unknown>
E       #6 0x560cbdc67be2 <unknown>
E       #7 0x560cbdc68991 <unknown>
E       #8 0x560cbe1cca99 <unknown>
E       #9 0x560cbe1cf9b1 <unknown>
E       #10 0x560cbe1b90a9 <unknown>
E       #11 0x560cbe1d056e <unknown>
E       #12 0x560cbe19f5e0 <unknown>
E       #13 0x560cbe1f4358 <unknown>
E       #14 0x560cbe1f4528 <unknown>
E       #15 0x560cbe205fa8 <unknown>
E       #16 0x7fbd8ee9caa4 <unknown>
E       #17 0x7fbd8ef29c6c <unknown>

/opt/hostedtoolcache/Python/3.13.11/x64/lib/python3.13/site-packages/selenium/webdriver/support/wait.py:146: TimeoutException
---------------------------- Captured stderr setup -----------------------------
2026-01-18 04:32:19,431 - INFO - Starting test with Chrome browser
2026-01-18 04:32:19,431 - INFO - ====== WebDriver manager ======
2026-01-18 04:32:19,500 - INFO - Get LATEST chromedriver version for google-chrome
2026-01-18 04:32:19,534 - INFO - Get LATEST chromedriver version for google-chrome
2026-01-18 04:32:19,566 - INFO - Driver [/home/runner/.wdm/drivers/chromedriver/linux64/144.0.7559.31/chromedriver-linux64/chromedriver] found in cache
2026-01-18 04:32:21,082 - INFO - Navigated to: https://app.mochaaccounting.com/login
------------------------------ Captured log setup ------------------------------
INFO     tests.test_signup_login.conftest:conftest.py:78 Starting test with Chrome browser
INFO     WDM:logger.py:11 ====== WebDriver manager ======
INFO     WDM:logger.py:11 Get LATEST chromedriver version for google-chrome
INFO     WDM:logger.py:11 Get LATEST chromedriver version for google-chrome
INFO     WDM:logger.py:11 Driver [/home/runner/.wdm/drivers/chromedriver/linux64/144.0.7559.31/chromedriver-linux64/chromedriver] found in cache
INFO     tests.test_signup_login.conftest:conftest.py:134 Navigated to: https://app.mochaaccounting.com/login
--------------------------- Captured stderr teardown ---------------------------
2026-01-18 04:34:07,672 - INFO - Closing browser
---------------------------- Captured log teardown -----------------------------
INFO     tests.test_signup_login.conftest:conftest.py:144 Closing browser
_____________________ test_invalid_email_login[username3] ______________________

sign_login_setup = <selenium.webdriver.chrome.webdriver.WebDriver (session="2403a40956da208a3b4ada301e29d408")>
login_test_data = {'expected_password_validation': 'Password is required', 'expected_username_validation': 'Email is required.', 'expect...ect_email_verification_msg': "Please check your email address. If you don't have an account, you can create one.", ...}
username = ('payer@gmail.com',)

    @pytest.mark.parametrize("username", zip(invalid_username))
    def test_invalid_email_login(sign_login_setup, login_test_data,username):
        driver= sign_login_setup
        login_page = LoginPage(driver)
        login_page.enter_username(username)
        #login_page.enter_password(password)
        login_page.click_loginbutton()
>       login_page.incorrect_email_validation(login_test_data)

tests/test_signup_login/test_login.py:42: 
_ _ _ _ _ _ _ _ _ _ _ _ _ _ _ _ _ _ _ _ _ _ _ _ _ _ _ _ _ _ _ _ _ _ _ _ _ _ _ _ 

self = <pages.login_page.LoginPage object at 0x7f334cf2dae0>
login_test_data = {'expected_password_validation': 'Password is required', 'expected_username_validation': 'Email is required.', 'expect...ect_email_verification_msg': "Please check your email address. If you don't have an account, you can create one.", ...}

    def incorrect_email_validation(self,login_test_data):
>       self.actions.wait_for_element(self.incorrect_email_verification_msg)

pages/login_page.py:87: 
_ _ _ _ _ _ _ _ _ _ _ _ _ _ _ _ _ _ _ _ _ _ _ _ _ _ _ _ _ _ _ _ _ _ _ _ _ _ _ _ 

self = <actions.actions.Actions object at 0x7f334cf2dbf0>
locator = ('xpath', "//p[@class='text-white' and contains(text(),'Please check your email address')]")
timeout = 100

    def wait_for_element(self, locator, timeout=100):
>       WebDriverWait(self.driver, timeout).until(EC.visibility_of_element_located(locator))

actions/actions.py:87: 
_ _ _ _ _ _ _ _ _ _ _ _ _ _ _ _ _ _ _ _ _ _ _ _ _ _ _ _ _ _ _ _ _ _ _ _ _ _ _ _ 

self = <selenium.webdriver.support.wait.WebDriverWait (session="2403a40956da208a3b4ada301e29d408")>
method = <function visibility_of_element_located.<locals>._predicate at 0x7f334c79e700>
message = ''

    def until(self, method: Callable[[D], Union[Literal[False], T]], message: str = "") -> T:
        """Wait until the method returns a value that is not False.
    
        Calls the method provided with the driver as an argument until the
        return value does not evaluate to ``False``.
    
        Parameters:
        ----------
        method: callable(WebDriver)
            - A callable object that takes a WebDriver instance as an argument.
    
        message: str
            - Optional message for :exc:`TimeoutException`
    
        Return:
        -------
        object: T
            - The result of the last call to `method`
    
        Raises:
        -------
        TimeoutException
            - If 'method' does not return a truthy value within the WebDriverWait
            object's timeout
    
        Example:
        --------
        >>> from selenium.webdriver.common.by import By
        >>> from selenium.webdriver.support.ui import WebDriverWait
        >>> from selenium.webdriver.support import expected_conditions as EC
    
        # Wait until an element is visible on the page
        >>> wait = WebDriverWait(driver, 10)
        >>> element = wait.until(EC.visibility_of_element_located((By.ID, "exampleId")))
        >>> print(element.text)
        """
        screen = None
        stacktrace = None
    
        end_time = time.monotonic() + self._timeout
        while True:
            try:
                value = method(self._driver)
                if value:
                    return value
            except self._ignored_exceptions as exc:
                screen = getattr(exc, "screen", None)
                stacktrace = getattr(exc, "stacktrace", None)
            if time.monotonic() > end_time:
                break
            time.sleep(self._poll)
>       raise TimeoutException(message, screen, stacktrace)
E       selenium.common.exceptions.TimeoutException: Message: 
E       Stacktrace:
E       #0 0x561942057c3a <unknown>
E       #1 0x561941a71969 <unknown>
E       #2 0x561941ac6ead <unknown>
E       #3 0x561941ac70f1 <unknown>
E       #4 0x561941b127e4 <unknown>
E       #5 0x561941b0fa20 <unknown>
E       #6 0x561941ab8be2 <unknown>
E       #7 0x561941ab9991 <unknown>
E       #8 0x56194201da99 <unknown>
E       #9 0x5619420209b1 <unknown>
E       #10 0x56194200a0a9 <unknown>
E       #11 0x56194202156e <unknown>
E       #12 0x561941ff05e0 <unknown>
E       #13 0x561942045358 <unknown>
E       #14 0x561942045528 <unknown>
E       #15 0x561942056fa8 <unknown>
E       #16 0x7fd25809caa4 <unknown>
E       #17 0x7fd258129c6c <unknown>

/opt/hostedtoolcache/Python/3.13.11/x64/lib/python3.13/site-packages/selenium/webdriver/support/wait.py:146: TimeoutException
---------------------------- Captured stderr setup -----------------------------
2026-01-18 04:34:07,773 - INFO - Starting test with Chrome browser
2026-01-18 04:34:07,773 - INFO - ====== WebDriver manager ======
2026-01-18 04:34:07,843 - INFO - Get LATEST chromedriver version for google-chrome
2026-01-18 04:34:07,880 - INFO - Get LATEST chromedriver version for google-chrome
2026-01-18 04:34:07,914 - INFO - Driver [/home/runner/.wdm/drivers/chromedriver/linux64/144.0.7559.31/chromedriver-linux64/chromedriver] found in cache
2026-01-18 04:34:09,453 - INFO - Navigated to: https://app.mochaaccounting.com/login
------------------------------ Captured log setup ------------------------------
INFO     tests.test_signup_login.conftest:conftest.py:78 Starting test with Chrome browser
INFO     WDM:logger.py:11 ====== WebDriver manager ======
INFO     WDM:logger.py:11 Get LATEST chromedriver version for google-chrome
INFO     WDM:logger.py:11 Get LATEST chromedriver version for google-chrome
INFO     WDM:logger.py:11 Driver [/home/runner/.wdm/drivers/chromedriver/linux64/144.0.7559.31/chromedriver-linux64/chromedriver] found in cache
INFO     tests.test_signup_login.conftest:conftest.py:134 Navigated to: https://app.mochaaccounting.com/login
--------------------------- Captured stderr teardown ---------------------------
2026-01-18 04:35:56,171 - INFO - Closing browser
---------------------------- Captured log teardown -----------------------------
INFO     tests.test_signup_login.conftest:conftest.py:144 Closing browser
________________________ test_blank_password_validation ________________________

sign_login_setup = <selenium.webdriver.chrome.webdriver.WebDriver (session="46458736bd364dbb2dbe95eaf7ab1c2c")>
login_test_data = {'expected_password_validation': 'Password is required', 'expected_username_validation': 'Email is required.', 'expect...ect_email_verification_msg': "Please check your email address. If you don't have an account, you can create one.", ...}

    def test_blank_password_validation(sign_login_setup,login_test_data):
        driver = sign_login_setup
        login_page = LoginPage(driver)
        login_page.enter_username(valid_username[0])
        login_page.click_password()
        login_page.disabled_click_login_button()
>       login_page.password_blank_validation(login_test_data)

tests/test_signup_login/test_login.py:60: 
_ _ _ _ _ _ _ _ _ _ _ _ _ _ _ _ _ _ _ _ _ _ _ _ _ _ _ _ _ _ _ _ _ _ _ _ _ _ _ _ 

self = <pages.login_page.LoginPage object at 0x7f334cead750>
login_test_data = {'expected_password_validation': 'Password is required', 'expected_username_validation': 'Email is required.', 'expect...ect_email_verification_msg': "Please check your email address. If you don't have an account, you can create one.", ...}

    def password_blank_validation(self, login_test_data):
        #self.actions.wait_for_element(self.password_validation)
        expected_p_validation = login_test_data["expected_password_validation"]
>       actual_p_validation = self.actions.get_text(self.blank_password_error_msg)

pages/login_page.py:83: 
_ _ _ _ _ _ _ _ _ _ _ _ _ _ _ _ _ _ _ _ _ _ _ _ _ _ _ _ _ _ _ _ _ _ _ _ _ _ _ _ 

self = <actions.actions.Actions object at 0x7f334ceadf50>
locator = ('xpath', "//div[@class='error-text' and contains(text(), 'Password is required')]")

    def get_text(self, locator):
>       return self.driver.find_element(*locator).text

actions/actions.py:54: 
_ _ _ _ _ _ _ _ _ _ _ _ _ _ _ _ _ _ _ _ _ _ _ _ _ _ _ _ _ _ _ _ _ _ _ _ _ _ _ _ 

self = <selenium.webdriver.chrome.webdriver.WebDriver (session="46458736bd364dbb2dbe95eaf7ab1c2c")>
by = 'xpath'
value = "//div[@class='error-text' and contains(text(), 'Password is required')]"

    def find_element(self, by=By.ID, value: Optional[str] = None) -> WebElement:
        """Find an element given a By strategy and locator.
    
        Parameters:
        ----------
        by : selenium.webdriver.common.by.By
            The locating strategy to use. Default is `By.ID`. Supported values include:
            - By.ID: Locate by element ID.
            - By.NAME: Locate by the `name` attribute.
            - By.XPATH: Locate by an XPath expression.
            - By.CSS_SELECTOR: Locate by a CSS selector.
            - By.CLASS_NAME: Locate by the `class` attribute.
            - By.TAG_NAME: Locate by the tag name (e.g., "input", "button").
            - By.LINK_TEXT: Locate a link element by its exact text.
            - By.PARTIAL_LINK_TEXT: Locate a link element by partial text match.
            - RelativeBy: Locate elements relative to a specified root element.
    
        Example:
        --------
        element = driver.find_element(By.ID, 'foo')
    
        Returns:
        -------
        WebElement
            The first matching `WebElement` found on the page.
        """
        by, value = self.locator_converter.convert(by, value)
    
        if isinstance(by, RelativeBy):
            elements = self.find_elements(by=by, value=value)
            if not elements:
                raise NoSuchElementException(f"Cannot locate relative element with: {by.root}")
            return elements[0]
    
>       return self.execute(Command.FIND_ELEMENT, {"using": by, "value": value})["value"]

/opt/hostedtoolcache/Python/3.13.11/x64/lib/python3.13/site-packages/selenium/webdriver/remote/webdriver.py:898: 
_ _ _ _ _ _ _ _ _ _ _ _ _ _ _ _ _ _ _ _ _ _ _ _ _ _ _ _ _ _ _ _ _ _ _ _ _ _ _ _ 

self = <selenium.webdriver.chrome.webdriver.WebDriver (session="46458736bd364dbb2dbe95eaf7ab1c2c")>
driver_command = 'findElement'
params = {'using': 'xpath', 'value': "//div[@class='error-text' and contains(text(), 'Password is required')]"}

    def execute(self, driver_command: str, params: dict = None) -> dict:
        """Sends a command to be executed by a command.CommandExecutor.
    
        Parameters:
        ----------
        driver_command : str
            - The name of the command to execute as a string.
    
        params : dict
            - A dictionary of named Parameters to send with the command.
    
        Returns:
        --------
          dict - The command's JSON response loaded into a dictionary object.
        """
        params = self._wrap_value(params)
    
        if self.session_id:
            if not params:
                params = {"sessionId": self.session_id}
            elif "sessionId" not in params:
                params["sessionId"] = self.session_id
    
        response = self.command_executor.execute(driver_command, params)
        if response:
>           self.error_handler.check_response(response)

/opt/hostedtoolcache/Python/3.13.11/x64/lib/python3.13/site-packages/selenium/webdriver/remote/webdriver.py:429: 
_ _ _ _ _ _ _ _ _ _ _ _ _ _ _ _ _ _ _ _ _ _ _ _ _ _ _ _ _ _ _ _ _ _ _ _ _ _ _ _ 

self = <selenium.webdriver.remote.errorhandler.ErrorHandler object at 0x7f334cead550>
response = {'status': 404, 'value': '{"value":{"error":"no such element","message":"no such element: Unable to locate element: {\...\\n#15 0x562ce7fa8fa8 \\u003Cunknown>\\n#16 0x7f599129caa4 \\u003Cunknown>\\n#17 0x7f5991329c6c \\u003Cunknown>\\n"}}'}

    def check_response(self, response: Dict[str, Any]) -> None:
        """Checks that a JSON response from the WebDriver does not have an
        error.
    
        :Args:
         - response - The JSON response from the WebDriver server as a dictionary
           object.
    
        :Raises: If the response contains an error message.
        """
        status = response.get("status", None)
        if not status or status == ErrorCode.SUCCESS:
            return
        value = None
        message = response.get("message", "")
        screen: str = response.get("screen", "")
        stacktrace = None
        if isinstance(status, int):
            value_json = response.get("value", None)
            if value_json and isinstance(value_json, str):
                import json
    
                try:
                    value = json.loads(value_json)
                    if len(value) == 1:
                        value = value["value"]
                    status = value.get("error", None)
                    if not status:
                        status = value.get("status", ErrorCode.UNKNOWN_ERROR)
                        message = value.get("value") or value.get("message")
                        if not isinstance(message, str):
                            value = message
                            message = message.get("message")
                    else:
                        message = value.get("message", None)
                except ValueError:
                    pass
    
        exception_class: Type[WebDriverException]
        e = ErrorCode()
        error_codes = [item for item in dir(e) if not item.startswith("__")]
        for error_code in error_codes:
            error_info = getattr(ErrorCode, error_code)
            if isinstance(error_info, list) and status in error_info:
                exception_class = getattr(ExceptionMapping, error_code, WebDriverException)
                break
        else:
            exception_class = WebDriverException
    
        if not value:
            value = response["value"]
        if isinstance(value, str):
            raise exception_class(value)
        if message == "" and "message" in value:
            message = value["message"]
    
        screen = None  # type: ignore[assignment]
        if "screen" in value:
            screen = value["screen"]
    
        stacktrace = None
        st_value = value.get("stackTrace") or value.get("stacktrace")
        if st_value:
            if isinstance(st_value, str):
                stacktrace = st_value.split("\n")
            else:
                stacktrace = []
                try:
                    for frame in st_value:
                        line = frame.get("lineNumber", "")
                        file = frame.get("fileName", "<anonymous>")
                        if line:
                            file = f"{file}:{line}"
                        meth = frame.get("methodName", "<anonymous>")
                        if "className" in frame:
                            meth = f"{frame['className']}.{meth}"
                        msg = "    at %s (%s)"
                        msg = msg % (meth, file)
                        stacktrace.append(msg)
                except TypeError:
                    pass
        if exception_class == UnexpectedAlertPresentException:
            alert_text = None
            if "data" in value:
                alert_text = value["data"].get("text")
            elif "alert" in value:
                alert_text = value["alert"].get("text")
            raise exception_class(message, screen, stacktrace, alert_text)  # type: ignore[call-arg]  # mypy is not smart enough here
>       raise exception_class(message, screen, stacktrace)
E       selenium.common.exceptions.NoSuchElementException: Message: no such element: Unable to locate element: {"method":"xpath","selector":"//div[@class='error-text' and contains(text(), 'Password is required')]"}
E         (Session info: chrome=144.0.7559.59); For documentation on this error, please visit: https://www.selenium.dev/documentation/webdriver/troubleshooting/errors#no-such-element-exception
E       Stacktrace:
E       #0 0x562ce7fa9c3a <unknown>
E       #1 0x562ce79c3969 <unknown>
E       #2 0x562ce7a18ead <unknown>
E       #3 0x562ce7a190f1 <unknown>
E       #4 0x562ce7a647e4 <unknown>
E       #5 0x562ce7a61a20 <unknown>
E       #6 0x562ce7a0abe2 <unknown>
E       #7 0x562ce7a0b991 <unknown>
E       #8 0x562ce7f6fa99 <unknown>
E       #9 0x562ce7f729b1 <unknown>
E       #10 0x562ce7f5c0a9 <unknown>
E       #11 0x562ce7f7356e <unknown>
E       #12 0x562ce7f425e0 <unknown>
E       #13 0x562ce7f97358 <unknown>
E       #14 0x562ce7f97528 <unknown>
E       #15 0x562ce7fa8fa8 <unknown>
E       #16 0x7f599129caa4 <unknown>
E       #17 0x7f5991329c6c <unknown>

/opt/hostedtoolcache/Python/3.13.11/x64/lib/python3.13/site-packages/selenium/webdriver/remote/errorhandler.py:232: NoSuchElementException
---------------------------- Captured stderr setup -----------------------------
2026-01-18 04:35:58,162 - INFO - Starting test with Chrome browser
2026-01-18 04:35:58,162 - INFO - ====== WebDriver manager ======
2026-01-18 04:35:58,229 - INFO - Get LATEST chromedriver version for google-chrome
2026-01-18 04:35:58,261 - INFO - Get LATEST chromedriver version for google-chrome
2026-01-18 04:35:58,296 - INFO - Driver [/home/runner/.wdm/drivers/chromedriver/linux64/144.0.7559.31/chromedriver-linux64/chromedriver] found in cache
2026-01-18 04:35:59,651 - INFO - Navigated to: https://app.mochaaccounting.com/login
------------------------------ Captured log setup ------------------------------
INFO     tests.test_signup_login.conftest:conftest.py:78 Starting test with Chrome browser
INFO     WDM:logger.py:11 ====== WebDriver manager ======
INFO     WDM:logger.py:11 Get LATEST chromedriver version for google-chrome
INFO     WDM:logger.py:11 Get LATEST chromedriver version for google-chrome
INFO     WDM:logger.py:11 Driver [/home/runner/.wdm/drivers/chromedriver/linux64/144.0.7559.31/chromedriver-linux64/chromedriver] found in cache
INFO     tests.test_signup_login.conftest:conftest.py:134 Navigated to: https://app.mochaaccounting.com/login
--------------------------- Captured stderr teardown ---------------------------
2026-01-18 04:36:06,541 - INFO - Closing browser
---------------------------- Captured log teardown -----------------------------
INFO     tests.test_signup_login.conftest:conftest.py:144 Closing browser
==================================== PASSES ====================================
______ test_valid_login[yash.payer+01@mochatechnologies.com-Password@123] ______
---------------------------- Captured stderr setup -----------------------------
2026-01-18 04:26:34,299 - INFO - Starting test with Chrome browser
2026-01-18 04:26:34,299 - INFO - ====== WebDriver manager ======
2026-01-18 04:26:34,409 - INFO - Get LATEST chromedriver version for google-chrome
2026-01-18 04:26:34,475 - INFO - Get LATEST chromedriver version for google-chrome
2026-01-18 04:26:34,511 - INFO - There is no [linux64] chromedriver "144.0.7559.31" for browser google-chrome "144.0.7559" in cache
2026-01-18 04:26:34,511 - INFO - Get LATEST chromedriver version for google-chrome
2026-01-18 04:26:34,636 - INFO - WebDriver version 144.0.7559.31 selected
2026-01-18 04:26:34,641 - INFO - Modern chrome version https://storage.googleapis.com/chrome-for-testing-public/144.0.7559.31/linux64/chromedriver-linux64.zip
2026-01-18 04:26:34,641 - INFO - About to download new driver from https://storage.googleapis.com/chrome-for-testing-public/144.0.7559.31/linux64/chromedriver-linux64.zip
2026-01-18 04:26:34,712 - INFO - Driver downloading response is 200
2026-01-18 04:26:34,772 - INFO - Get LATEST chromedriver version for google-chrome
2026-01-18 04:26:34,920 - INFO - Driver has been saved in cache [/home/runner/.wdm/drivers/chromedriver/linux64/144.0.7559.31]
2026-01-18 04:26:37,793 - INFO - Navigated to: https://app.mochaaccounting.com/login
------------------------------ Captured log setup ------------------------------
INFO     tests.test_signup_login.conftest:conftest.py:78 Starting test with Chrome browser
INFO     WDM:logger.py:11 ====== WebDriver manager ======
INFO     WDM:logger.py:11 Get LATEST chromedriver version for google-chrome
INFO     WDM:logger.py:11 Get LATEST chromedriver version for google-chrome
INFO     WDM:logger.py:11 There is no [linux64] chromedriver "144.0.7559.31" for browser google-chrome "144.0.7559" in cache
INFO     WDM:logger.py:11 Get LATEST chromedriver version for google-chrome
INFO     WDM:logger.py:11 WebDriver version 144.0.7559.31 selected
INFO     WDM:logger.py:11 Modern chrome version https://storage.googleapis.com/chrome-for-testing-public/144.0.7559.31/linux64/chromedriver-linux64.zip
INFO     WDM:logger.py:11 About to download new driver from https://storage.googleapis.com/chrome-for-testing-public/144.0.7559.31/linux64/chromedriver-linux64.zip
INFO     WDM:logger.py:11 Driver downloading response is 200
INFO     WDM:logger.py:11 Get LATEST chromedriver version for google-chrome
INFO     WDM:logger.py:11 Driver has been saved in cache [/home/runner/.wdm/drivers/chromedriver/linux64/144.0.7559.31]
INFO     tests.test_signup_login.conftest:conftest.py:134 Navigated to: https://app.mochaaccounting.com/login
----------------------------- Captured stderr call -----------------------------
2026-01-18 04:26:37,794 - INFO - Starting the test case for valid credentials
2026-01-18 04:26:37,933 - INFO - User enters the email-id
2026-01-18 04:26:39,523 - INFO - User enters the password
2026-01-18 04:26:39,618 - INFO - User clicks on login button
2026-01-18 04:26:42,968 - INFO - The test case passed
------------------------------ Captured log call -------------------------------
INFO     tests.test_signup_login.test_login:test_login.py:25 Starting the test case for valid credentials
INFO     tests.test_signup_login.test_login:test_login.py:27 User enters the email-id
INFO     tests.test_signup_login.test_login:test_login.py:29 User enters the password
INFO     tests.test_signup_login.test_login:test_login.py:31 User clicks on login button
INFO     tests.test_signup_login.test_login:test_login.py:33 The test case passed
--------------------------- Captured stderr teardown ---------------------------
2026-01-18 04:26:42,969 - INFO - Closing browser
---------------------------- Captured log teardown -----------------------------
INFO     tests.test_signup_login.conftest:conftest.py:144 Closing browser
___________ test_valid_login[shubhamdabir07@gmail.com-Shubham@1234] ____________
---------------------------- Captured stderr setup -----------------------------
2026-01-18 04:28:31,070 - INFO - Starting test with Chrome browser
2026-01-18 04:28:31,070 - INFO - ====== WebDriver manager ======
2026-01-18 04:28:31,138 - INFO - Get LATEST chromedriver version for google-chrome
2026-01-18 04:28:31,171 - INFO - Get LATEST chromedriver version for google-chrome
2026-01-18 04:28:31,207 - INFO - Driver [/home/runner/.wdm/drivers/chromedriver/linux64/144.0.7559.31/chromedriver-linux64/chromedriver] found in cache
2026-01-18 04:28:32,704 - INFO - Navigated to: https://app.mochaaccounting.com/login
------------------------------ Captured log setup ------------------------------
INFO     tests.test_signup_login.conftest:conftest.py:78 Starting test with Chrome browser
INFO     WDM:logger.py:11 ====== WebDriver manager ======
INFO     WDM:logger.py:11 Get LATEST chromedriver version for google-chrome
INFO     WDM:logger.py:11 Get LATEST chromedriver version for google-chrome
INFO     WDM:logger.py:11 Driver [/home/runner/.wdm/drivers/chromedriver/linux64/144.0.7559.31/chromedriver-linux64/chromedriver] found in cache
INFO     tests.test_signup_login.conftest:conftest.py:134 Navigated to: https://app.mochaaccounting.com/login
----------------------------- Captured stderr call -----------------------------
2026-01-18 04:28:32,704 - INFO - Starting the test case for valid credentials
2026-01-18 04:28:32,833 - INFO - User enters the email-id
2026-01-18 04:28:34,416 - INFO - User enters the password
2026-01-18 04:28:34,528 - INFO - User clicks on login button
2026-01-18 04:28:37,860 - INFO - The test case passed
------------------------------ Captured log call -------------------------------
INFO     tests.test_signup_login.test_login:test_login.py:25 Starting the test case for valid credentials
INFO     tests.test_signup_login.test_login:test_login.py:27 User enters the email-id
INFO     tests.test_signup_login.test_login:test_login.py:29 User enters the password
INFO     tests.test_signup_login.test_login:test_login.py:31 User clicks on login button
INFO     tests.test_signup_login.test_login:test_login.py:33 The test case passed
--------------------------- Captured stderr teardown ---------------------------
2026-01-18 04:28:37,861 - INFO - Closing browser
---------------------------- Captured log teardown -----------------------------
INFO     tests.test_signup_login.conftest:conftest.py:144 Closing browser
______ test_valid_login[hrishikesh.shinde1607@gmail.com-Hrishikesh@1234] _______
---------------------------- Captured stderr setup -----------------------------
2026-01-18 04:28:37,929 - INFO - Starting test with Chrome browser
2026-01-18 04:28:37,929 - INFO - ====== WebDriver manager ======
2026-01-18 04:28:37,996 - INFO - Get LATEST chromedriver version for google-chrome
2026-01-18 04:28:38,031 - INFO - Get LATEST chromedriver version for google-chrome
2026-01-18 04:28:38,064 - INFO - Driver [/home/runner/.wdm/drivers/chromedriver/linux64/144.0.7559.31/chromedriver-linux64/chromedriver] found in cache
2026-01-18 04:28:38,849 - INFO - Navigated to: https://app.mochaaccounting.com/login
------------------------------ Captured log setup ------------------------------
INFO     tests.test_signup_login.conftest:conftest.py:78 Starting test with Chrome browser
INFO     WDM:logger.py:11 ====== WebDriver manager ======
INFO     WDM:logger.py:11 Get LATEST chromedriver version for google-chrome
INFO     WDM:logger.py:11 Get LATEST chromedriver version for google-chrome
INFO     WDM:logger.py:11 Driver [/home/runner/.wdm/drivers/chromedriver/linux64/144.0.7559.31/chromedriver-linux64/chromedriver] found in cache
INFO     tests.test_signup_login.conftest:conftest.py:134 Navigated to: https://app.mochaaccounting.com/login
----------------------------- Captured stderr call -----------------------------
2026-01-18 04:28:38,849 - INFO - Starting the test case for valid credentials
2026-01-18 04:28:39,209 - INFO - User enters the email-id
2026-01-18 04:28:40,786 - INFO - User enters the password
2026-01-18 04:28:40,878 - INFO - User clicks on login button
2026-01-18 04:28:42,731 - INFO - The test case passed
------------------------------ Captured log call -------------------------------
INFO     tests.test_signup_login.test_login:test_login.py:25 Starting the test case for valid credentials
INFO     tests.test_signup_login.test_login:test_login.py:27 User enters the email-id
INFO     tests.test_signup_login.test_login:test_login.py:29 User enters the password
INFO     tests.test_signup_login.test_login:test_login.py:31 User clicks on login button
INFO     tests.test_signup_login.test_login:test_login.py:33 The test case passed
--------------------------- Captured stderr teardown ---------------------------
2026-01-18 04:28:42,731 - INFO - Closing browser
---------------------------- Captured log teardown -----------------------------
INFO     tests.test_signup_login.conftest:conftest.py:144 Closing browser
________________________ test_blank_username_validation ________________________
---------------------------- Captured stderr setup -----------------------------
2026-01-18 04:35:56,273 - INFO - Starting test with Chrome browser
2026-01-18 04:35:56,273 - INFO - ====== WebDriver manager ======
2026-01-18 04:35:56,340 - INFO - Get LATEST chromedriver version for google-chrome
2026-01-18 04:35:56,374 - INFO - Get LATEST chromedriver version for google-chrome
2026-01-18 04:35:56,405 - INFO - Driver [/home/runner/.wdm/drivers/chromedriver/linux64/144.0.7559.31/chromedriver-linux64/chromedriver] found in cache
2026-01-18 04:35:57,892 - INFO - Navigated to: https://app.mochaaccounting.com/login
------------------------------ Captured log setup ------------------------------
INFO     tests.test_signup_login.conftest:conftest.py:78 Starting test with Chrome browser
INFO     WDM:logger.py:11 ====== WebDriver manager ======
INFO     WDM:logger.py:11 Get LATEST chromedriver version for google-chrome
INFO     WDM:logger.py:11 Get LATEST chromedriver version for google-chrome
INFO     WDM:logger.py:11 Driver [/home/runner/.wdm/drivers/chromedriver/linux64/144.0.7559.31/chromedriver-linux64/chromedriver] found in cache
INFO     tests.test_signup_login.conftest:conftest.py:134 Navigated to: https://app.mochaaccounting.com/login
--------------------------- Captured stderr teardown ---------------------------
2026-01-18 04:35:58,098 - INFO - Closing browser
---------------------------- Captured log teardown -----------------------------
INFO     tests.test_signup_login.conftest:conftest.py:144 Closing browser
___________________ test_invalid_email_validation[username0] ___________________
---------------------------- Captured stderr setup -----------------------------
2026-01-18 04:36:06,606 - INFO - Starting test with Chrome browser
2026-01-18 04:36:06,606 - INFO - ====== WebDriver manager ======
2026-01-18 04:36:06,673 - INFO - Get LATEST chromedriver version for google-chrome
2026-01-18 04:36:06,705 - INFO - Get LATEST chromedriver version for google-chrome
2026-01-18 04:36:06,737 - INFO - Driver [/home/runner/.wdm/drivers/chromedriver/linux64/144.0.7559.31/chromedriver-linux64/chromedriver] found in cache
2026-01-18 04:36:08,137 - INFO - Navigated to: https://app.mochaaccounting.com/login
------------------------------ Captured log setup ------------------------------
INFO     tests.test_signup_login.conftest:conftest.py:78 Starting test with Chrome browser
INFO     WDM:logger.py:11 ====== WebDriver manager ======
INFO     WDM:logger.py:11 Get LATEST chromedriver version for google-chrome
INFO     WDM:logger.py:11 Get LATEST chromedriver version for google-chrome
INFO     WDM:logger.py:11 Driver [/home/runner/.wdm/drivers/chromedriver/linux64/144.0.7559.31/chromedriver-linux64/chromedriver] found in cache
INFO     tests.test_signup_login.conftest:conftest.py:134 Navigated to: https://app.mochaaccounting.com/login
--------------------------- Captured stderr teardown ---------------------------
2026-01-18 04:36:08,385 - INFO - Closing browser
---------------------------- Captured log teardown -----------------------------
INFO     tests.test_signup_login.conftest:conftest.py:144 Closing browser
___________________ test_invalid_email_validation[username1] ___________________
---------------------------- Captured stderr setup -----------------------------
2026-01-18 04:36:08,449 - INFO - Starting test with Chrome browser
2026-01-18 04:36:08,449 - INFO - ====== WebDriver manager ======
2026-01-18 04:36:08,519 - INFO - Get LATEST chromedriver version for google-chrome
2026-01-18 04:36:08,552 - INFO - Get LATEST chromedriver version for google-chrome
2026-01-18 04:36:08,584 - INFO - Driver [/home/runner/.wdm/drivers/chromedriver/linux64/144.0.7559.31/chromedriver-linux64/chromedriver] found in cache
2026-01-18 04:36:09,247 - INFO - Navigated to: https://app.mochaaccounting.com/login
------------------------------ Captured log setup ------------------------------
INFO     tests.test_signup_login.conftest:conftest.py:78 Starting test with Chrome browser
INFO     WDM:logger.py:11 ====== WebDriver manager ======
INFO     WDM:logger.py:11 Get LATEST chromedriver version for google-chrome
INFO     WDM:logger.py:11 Get LATEST chromedriver version for google-chrome
INFO     WDM:logger.py:11 Driver [/home/runner/.wdm/drivers/chromedriver/linux64/144.0.7559.31/chromedriver-linux64/chromedriver] found in cache
INFO     tests.test_signup_login.conftest:conftest.py:134 Navigated to: https://app.mochaaccounting.com/login
--------------------------- Captured stderr teardown ---------------------------
2026-01-18 04:36:09,723 - INFO - Closing browser
---------------------------- Captured log teardown -----------------------------
INFO     tests.test_signup_login.conftest:conftest.py:144 Closing browser
___________________ test_invalid_email_validation[username2] ___________________
---------------------------- Captured stderr setup -----------------------------
2026-01-18 04:36:09,786 - INFO - Starting test with Chrome browser
2026-01-18 04:36:09,786 - INFO - ====== WebDriver manager ======
2026-01-18 04:36:09,853 - INFO - Get LATEST chromedriver version for google-chrome
2026-01-18 04:36:09,887 - INFO - Get LATEST chromedriver version for google-chrome
2026-01-18 04:36:09,919 - INFO - Driver [/home/runner/.wdm/drivers/chromedriver/linux64/144.0.7559.31/chromedriver-linux64/chromedriver] found in cache
2026-01-18 04:36:10,597 - INFO - Navigated to: https://app.mochaaccounting.com/login
------------------------------ Captured log setup ------------------------------
INFO     tests.test_signup_login.conftest:conftest.py:78 Starting test with Chrome browser
INFO     WDM:logger.py:11 ====== WebDriver manager ======
INFO     WDM:logger.py:11 Get LATEST chromedriver version for google-chrome
INFO     WDM:logger.py:11 Get LATEST chromedriver version for google-chrome
INFO     WDM:logger.py:11 Driver [/home/runner/.wdm/drivers/chromedriver/linux64/144.0.7559.31/chromedriver-linux64/chromedriver] found in cache
INFO     tests.test_signup_login.conftest:conftest.py:134 Navigated to: https://app.mochaaccounting.com/login
--------------------------- Captured stderr teardown ---------------------------
2026-01-18 04:36:11,083 - INFO - Closing browser
---------------------------- Captured log teardown -----------------------------
INFO     tests.test_signup_login.conftest:conftest.py:144 Closing browser
___________________ test_invalid_email_validation[username3] ___________________
---------------------------- Captured stderr setup -----------------------------
2026-01-18 04:36:11,147 - INFO - Starting test with Chrome browser
2026-01-18 04:36:11,147 - INFO - ====== WebDriver manager ======
2026-01-18 04:36:11,212 - INFO - Get LATEST chromedriver version for google-chrome
2026-01-18 04:36:11,246 - INFO - Get LATEST chromedriver version for google-chrome
2026-01-18 04:36:11,278 - INFO - Driver [/home/runner/.wdm/drivers/chromedriver/linux64/144.0.7559.31/chromedriver-linux64/chromedriver] found in cache
2026-01-18 04:36:11,997 - INFO - Navigated to: https://app.mochaaccounting.com/login
------------------------------ Captured log setup ------------------------------
INFO     tests.test_signup_login.conftest:conftest.py:78 Starting test with Chrome browser
INFO     WDM:logger.py:11 ====== WebDriver manager ======
INFO     WDM:logger.py:11 Get LATEST chromedriver version for google-chrome
INFO     WDM:logger.py:11 Get LATEST chromedriver version for google-chrome
INFO     WDM:logger.py:11 Driver [/home/runner/.wdm/drivers/chromedriver/linux64/144.0.7559.31/chromedriver-linux64/chromedriver] found in cache
INFO     tests.test_signup_login.conftest:conftest.py:134 Navigated to: https://app.mochaaccounting.com/login
--------------------------- Captured stderr teardown ---------------------------
2026-01-18 04:36:12,474 - INFO - Closing browser
---------------------------- Captured log teardown -----------------------------
INFO     tests.test_signup_login.conftest:conftest.py:144 Closing browser
___________________ test_invalid_email_validation[username4] ___________________
---------------------------- Captured stderr setup -----------------------------
2026-01-18 04:36:12,536 - INFO - Starting test with Chrome browser
2026-01-18 04:36:12,536 - INFO - ====== WebDriver manager ======
2026-01-18 04:36:12,603 - INFO - Get LATEST chromedriver version for google-chrome
2026-01-18 04:36:12,639 - INFO - Get LATEST chromedriver version for google-chrome
2026-01-18 04:36:12,672 - INFO - Driver [/home/runner/.wdm/drivers/chromedriver/linux64/144.0.7559.31/chromedriver-linux64/chromedriver] found in cache
2026-01-18 04:36:14,003 - INFO - Navigated to: https://app.mochaaccounting.com/login
------------------------------ Captured log setup ------------------------------
INFO     tests.test_signup_login.conftest:conftest.py:78 Starting test with Chrome browser
INFO     WDM:logger.py:11 ====== WebDriver manager ======
INFO     WDM:logger.py:11 Get LATEST chromedriver version for google-chrome
INFO     WDM:logger.py:11 Get LATEST chromedriver version for google-chrome
INFO     WDM:logger.py:11 Driver [/home/runner/.wdm/drivers/chromedriver/linux64/144.0.7559.31/chromedriver-linux64/chromedriver] found in cache
INFO     tests.test_signup_login.conftest:conftest.py:134 Navigated to: https://app.mochaaccounting.com/login
--------------------------- Captured stderr teardown ---------------------------
2026-01-18 04:36:14,257 - INFO - Closing browser
---------------------------- Captured log teardown -----------------------------
INFO     tests.test_signup_login.conftest:conftest.py:144 Closing browser
- Generated html report: file:///home/runner/work/Mocha_accounting/Mocha_accounting/C%3A%5CUsers%5CTaurus13%5CPycharmProjects%5CPythonProject%5Creports/20260118_042634/report.html -
=================== 6 failed, 9 passed in 580.11s (0:09:40) ====================
=== LOGIN TESTS COMPLETED ===
Exit Code: 1
