=== LOGIN TESTS STARTED: 2025-11-06 03:58:39 ===
============================= test session starts ==============================
platform linux -- Python 3.13.9, pytest-8.3.5, pluggy-1.6.0 -- /opt/hostedtoolcache/Python/3.13.9/x64/bin/python
cachedir: .pytest_cache
metadata: {'Python': '3.13.9', 'Platform': 'Linux-6.11.0-1018-azure-x86_64-with-glibc2.39', 'Packages': {'pytest': '8.3.5', 'pluggy': '1.6.0'}, 'Plugins': {'html': '4.1.1', 'rerunfailures': '16.1', 'Faker': '37.12.0', 'xdist': '3.8.0', 'metadata': '3.1.1'}, 'CI': 'true', 'JAVA_HOME': '/usr/lib/jvm/temurin-17-jdk-amd64'}
rootdir: /home/runner/work/Mocha_accounting/Mocha_accounting
plugins: html-4.1.1, rerunfailures-16.1, Faker-37.12.0, xdist-3.8.0, metadata-3.1.1
collecting ... collected 15 items

tests/test_signup_login/test_login.py::test_valid_login[ranjeet.gupta@mochatechnologies.com-Ais@1234] PASSED [  6%]
tests/test_signup_login/test_login.py::test_valid_login[samatakamble9@gmail.com-Samata@16] PASSED [ 13%]
tests/test_signup_login/test_login.py::test_valid_login[shubhamdabir07@gmail.com-Shubham@1234] PASSED [ 20%]
tests/test_signup_login/test_login.py::test_valid_login[hrishikesh.shinde1607@gmail.com-Hrishikesh@1234] PASSED [ 26%]
tests/test_signup_login/test_login.py::test_invalid_email_login[username0] PASSED [ 33%]
tests/test_signup_login/test_login.py::test_invalid_email_login[username1] PASSED [ 40%]
tests/test_signup_login/test_login.py::test_invalid_email_login[username2] PASSED [ 46%]
tests/test_signup_login/test_login.py::test_invalid_email_login[username3] PASSED [ 53%]
tests/test_signup_login/test_login.py::test_blank_username_validation FAILED [ 60%]
tests/test_signup_login/test_login.py::test_blank_password_validation FAILED [ 66%]
tests/test_signup_login/test_login.py::test_invalid_email_validation[username0] FAILED [ 73%]
tests/test_signup_login/test_login.py::test_invalid_email_validation[username1] FAILED [ 80%]
tests/test_signup_login/test_login.py::test_invalid_email_validation[username2] FAILED [ 86%]
tests/test_signup_login/test_login.py::test_invalid_email_validation[username3] FAILED [ 93%]
tests/test_signup_login/test_login.py::test_invalid_email_validation[username4] FAILED [100%]

=================================== FAILURES ===================================
________________________ test_blank_username_validation ________________________

sign_login_setup = <selenium.webdriver.chrome.webdriver.WebDriver (session="1a1cba7706fa94627b70c162de0e4b92")>
login_test_data = {'expected_password_validation': 'Password is required', 'expected_username_validation': 'Email is required.', 'expect...ect_email_verification_msg': "Please check your email address. If you don't have an account, you can create one.", ...}

    def test_blank_username_validation(sign_login_setup, login_test_data):
        driver = sign_login_setup
        login_page = LoginPage(driver)
        #login_page.enter_password(valid_password[0])
        login_page.click_username()
        login_page.disabled_click_login_button()
>       login_page.username_blank_validation(login_test_data)

tests/test_signup_login/test_login.py:51: 
_ _ _ _ _ _ _ _ _ _ _ _ _ _ _ _ _ _ _ _ _ _ _ _ _ _ _ _ _ _ _ _ _ _ _ _ _ _ _ _ 

self = <pages.login_page.LoginPage object at 0x7f899f6ab350>
login_test_data = {'expected_password_validation': 'Password is required', 'expected_username_validation': 'Email is required.', 'expect...ect_email_verification_msg': "Please check your email address. If you don't have an account, you can create one.", ...}

    def username_blank_validation(self, login_test_data):
        #self.actions.wait_for_element(self.username_validation)
        expected_u_validation= login_test_data["expected_username_validation"]
        actual_u_validation= self.actions.get_attribute_error(self.login_username)
>       assert expected_u_validation == actual_u_validation, "login failed"
E       AssertionError: login failed

pages/login_page.py:76: AssertionError
---------------------------- Captured stderr setup -----------------------------
2025-11-06 03:59:25,275 - INFO - Starting test with Chrome browser
2025-11-06 03:59:25,275 - INFO - ====== WebDriver manager ======
2025-11-06 03:59:25,341 - INFO - Get LATEST chromedriver version for google-chrome
2025-11-06 03:59:25,417 - INFO - Get LATEST chromedriver version for google-chrome
2025-11-06 03:59:25,491 - INFO - Driver [/home/runner/.wdm/drivers/chromedriver/linux64/142.0.7444.61/chromedriver-linux64/chromedriver] found in cache
2025-11-06 03:59:27,263 - INFO - Navigated to: https://app.mochaaccounting.com/login
------------------------------ Captured log setup ------------------------------
INFO     tests.test_signup_login.conftest:conftest.py:78 Starting test with Chrome browser
INFO     WDM:logger.py:11 ====== WebDriver manager ======
INFO     WDM:logger.py:11 Get LATEST chromedriver version for google-chrome
INFO     WDM:logger.py:11 Get LATEST chromedriver version for google-chrome
INFO     WDM:logger.py:11 Driver [/home/runner/.wdm/drivers/chromedriver/linux64/142.0.7444.61/chromedriver-linux64/chromedriver] found in cache
INFO     tests.test_signup_login.conftest:conftest.py:134 Navigated to: https://app.mochaaccounting.com/login
--------------------------- Captured stderr teardown ---------------------------
2025-11-06 03:59:27,497 - INFO - Closing browser
---------------------------- Captured log teardown -----------------------------
INFO     tests.test_signup_login.conftest:conftest.py:144 Closing browser
________________________ test_blank_password_validation ________________________

sign_login_setup = <selenium.webdriver.chrome.webdriver.WebDriver (session="feb411f2ada613ae2918e8f7aa64c156")>
login_test_data = {'expected_password_validation': 'Password is required', 'expected_username_validation': 'Email is required.', 'expect...ect_email_verification_msg': "Please check your email address. If you don't have an account, you can create one.", ...}

    def test_blank_password_validation(sign_login_setup,login_test_data):
        driver = sign_login_setup
        login_page = LoginPage(driver)
        login_page.enter_username(valid_username[0])
        login_page.click_password()
        login_page.disabled_click_login_button()
>       login_page.password_blank_validation(login_test_data)

tests/test_signup_login/test_login.py:60: 
_ _ _ _ _ _ _ _ _ _ _ _ _ _ _ _ _ _ _ _ _ _ _ _ _ _ _ _ _ _ _ _ _ _ _ _ _ _ _ _ 

self = <pages.login_page.LoginPage object at 0x7f899f75c350>
login_test_data = {'expected_password_validation': 'Password is required', 'expected_username_validation': 'Email is required.', 'expect...ect_email_verification_msg': "Please check your email address. If you don't have an account, you can create one.", ...}

    def password_blank_validation(self, login_test_data):
        #self.actions.wait_for_element(self.password_validation)
        expected_p_validation = login_test_data["expected_password_validation"]
        actual_p_validation = self.actions.get_attribute_error(self.login_password)
>       assert expected_p_validation == actual_p_validation, "login failed"
E       AssertionError: login failed

pages/login_page.py:82: AssertionError
---------------------------- Captured stderr setup -----------------------------
2025-11-06 03:59:27,559 - INFO - Starting test with Chrome browser
2025-11-06 03:59:27,559 - INFO - ====== WebDriver manager ======
2025-11-06 03:59:27,625 - INFO - Get LATEST chromedriver version for google-chrome
2025-11-06 03:59:27,690 - INFO - Get LATEST chromedriver version for google-chrome
2025-11-06 03:59:27,755 - INFO - Driver [/home/runner/.wdm/drivers/chromedriver/linux64/142.0.7444.61/chromedriver-linux64/chromedriver] found in cache
2025-11-06 03:59:29,399 - INFO - Navigated to: https://app.mochaaccounting.com/login
------------------------------ Captured log setup ------------------------------
INFO     tests.test_signup_login.conftest:conftest.py:78 Starting test with Chrome browser
INFO     WDM:logger.py:11 ====== WebDriver manager ======
INFO     WDM:logger.py:11 Get LATEST chromedriver version for google-chrome
INFO     WDM:logger.py:11 Get LATEST chromedriver version for google-chrome
INFO     WDM:logger.py:11 Driver [/home/runner/.wdm/drivers/chromedriver/linux64/142.0.7444.61/chromedriver-linux64/chromedriver] found in cache
INFO     tests.test_signup_login.conftest:conftest.py:134 Navigated to: https://app.mochaaccounting.com/login
--------------------------- Captured stderr teardown ---------------------------
2025-11-06 03:59:31,204 - INFO - Closing browser
---------------------------- Captured log teardown -----------------------------
INFO     tests.test_signup_login.conftest:conftest.py:144 Closing browser
___________________ test_invalid_email_validation[username0] ___________________

sign_login_setup = <selenium.webdriver.chrome.webdriver.WebDriver (session="aa89eb584cd70154336d8d82621a8503")>
login_test_data = {'expected_password_validation': 'Password is required', 'expected_username_validation': 'Email is required.', 'expect...ect_email_verification_msg': "Please check your email address. If you don't have an account, you can create one.", ...}
username = ('yash10%gmail.com',)

    @pytest.mark.parametrize("username", zip(invalid_format_username))
    def test_invalid_email_validation(sign_login_setup, login_test_data, username):
        driver = sign_login_setup
        login_page = LoginPage(driver)
        login_page.enter_username(username)
        login_page.disabled_click_login_button()
>       login_page.invalid_email_validation(login_test_data)

tests/test_signup_login/test_login.py:76: 
_ _ _ _ _ _ _ _ _ _ _ _ _ _ _ _ _ _ _ _ _ _ _ _ _ _ _ _ _ _ _ _ _ _ _ _ _ _ _ _ 

self = <pages.login_page.LoginPage object at 0x7f89a04b7c50>
login_test_data = {'expected_password_validation': 'Password is required', 'expected_username_validation': 'Email is required.', 'expect...ect_email_verification_msg': "Please check your email address. If you don't have an account, you can create one.", ...}

    def invalid_email_validation(self, login_test_data):
        self.actions.wait_for_element(self.invalid_email_verification_msg)
        expected_invalid_email_validation = login_test_data["invalid_email_verification_msg"]
        actual_invalid_email_validation = self.actions.get_attribute_error(self.invalid_email_verification_msg)
>       assert expected_invalid_email_validation == actual_invalid_email_validation, "login failed"
E       AssertionError: login failed

pages/login_page.py:94: AssertionError
---------------------------- Captured stderr setup -----------------------------
2025-11-06 03:59:31,268 - INFO - Starting test with Chrome browser
2025-11-06 03:59:31,268 - INFO - ====== WebDriver manager ======
2025-11-06 03:59:31,334 - INFO - Get LATEST chromedriver version for google-chrome
2025-11-06 03:59:31,408 - INFO - Get LATEST chromedriver version for google-chrome
2025-11-06 03:59:31,480 - INFO - Driver [/home/runner/.wdm/drivers/chromedriver/linux64/142.0.7444.61/chromedriver-linux64/chromedriver] found in cache
2025-11-06 03:59:33,129 - INFO - Navigated to: https://app.mochaaccounting.com/login
------------------------------ Captured log setup ------------------------------
INFO     tests.test_signup_login.conftest:conftest.py:78 Starting test with Chrome browser
INFO     WDM:logger.py:11 ====== WebDriver manager ======
INFO     WDM:logger.py:11 Get LATEST chromedriver version for google-chrome
INFO     WDM:logger.py:11 Get LATEST chromedriver version for google-chrome
INFO     WDM:logger.py:11 Driver [/home/runner/.wdm/drivers/chromedriver/linux64/142.0.7444.61/chromedriver-linux64/chromedriver] found in cache
INFO     tests.test_signup_login.conftest:conftest.py:134 Navigated to: https://app.mochaaccounting.com/login
--------------------------- Captured stderr teardown ---------------------------
2025-11-06 03:59:33,393 - INFO - Closing browser
---------------------------- Captured log teardown -----------------------------
INFO     tests.test_signup_login.conftest:conftest.py:144 Closing browser
___________________ test_invalid_email_validation[username1] ___________________

sign_login_setup = <selenium.webdriver.chrome.webdriver.WebDriver (session="7a55c20236bd2f6f8005268423eb1956")>
login_test_data = {'expected_password_validation': 'Password is required', 'expected_username_validation': 'Email is required.', 'expect...ect_email_verification_msg': "Please check your email address. If you don't have an account, you can create one.", ...}
username = ('payeryash1gmail.com',)

    @pytest.mark.parametrize("username", zip(invalid_format_username))
    def test_invalid_email_validation(sign_login_setup, login_test_data, username):
        driver = sign_login_setup
        login_page = LoginPage(driver)
        login_page.enter_username(username)
        login_page.disabled_click_login_button()
>       login_page.invalid_email_validation(login_test_data)

tests/test_signup_login/test_login.py:76: 
_ _ _ _ _ _ _ _ _ _ _ _ _ _ _ _ _ _ _ _ _ _ _ _ _ _ _ _ _ _ _ _ _ _ _ _ _ _ _ _ 

self = <pages.login_page.LoginPage object at 0x7f899f68e3f0>
login_test_data = {'expected_password_validation': 'Password is required', 'expected_username_validation': 'Email is required.', 'expect...ect_email_verification_msg': "Please check your email address. If you don't have an account, you can create one.", ...}

    def invalid_email_validation(self, login_test_data):
        self.actions.wait_for_element(self.invalid_email_verification_msg)
        expected_invalid_email_validation = login_test_data["invalid_email_verification_msg"]
        actual_invalid_email_validation = self.actions.get_attribute_error(self.invalid_email_verification_msg)
>       assert expected_invalid_email_validation == actual_invalid_email_validation, "login failed"
E       AssertionError: login failed

pages/login_page.py:94: AssertionError
---------------------------- Captured stderr setup -----------------------------
2025-11-06 03:59:33,456 - INFO - Starting test with Chrome browser
2025-11-06 03:59:33,457 - INFO - ====== WebDriver manager ======
2025-11-06 03:59:33,522 - INFO - Get LATEST chromedriver version for google-chrome
2025-11-06 03:59:33,588 - INFO - Get LATEST chromedriver version for google-chrome
2025-11-06 03:59:33,654 - INFO - Driver [/home/runner/.wdm/drivers/chromedriver/linux64/142.0.7444.61/chromedriver-linux64/chromedriver] found in cache
2025-11-06 03:59:35,203 - INFO - Navigated to: https://app.mochaaccounting.com/login
------------------------------ Captured log setup ------------------------------
INFO     tests.test_signup_login.conftest:conftest.py:78 Starting test with Chrome browser
INFO     WDM:logger.py:11 ====== WebDriver manager ======
INFO     WDM:logger.py:11 Get LATEST chromedriver version for google-chrome
INFO     WDM:logger.py:11 Get LATEST chromedriver version for google-chrome
INFO     WDM:logger.py:11 Driver [/home/runner/.wdm/drivers/chromedriver/linux64/142.0.7444.61/chromedriver-linux64/chromedriver] found in cache
INFO     tests.test_signup_login.conftest:conftest.py:134 Navigated to: https://app.mochaaccounting.com/login
--------------------------- Captured stderr teardown ---------------------------
2025-11-06 03:59:35,465 - INFO - Closing browser
---------------------------- Captured log teardown -----------------------------
INFO     tests.test_signup_login.conftest:conftest.py:144 Closing browser
___________________ test_invalid_email_validation[username2] ___________________

sign_login_setup = <selenium.webdriver.chrome.webdriver.WebDriver (session="a2d9ef2911f0be15bfaa25851ef38974")>
login_test_data = {'expected_password_validation': 'Password is required', 'expected_username_validation': 'Email is required.', 'expect...ect_email_verification_msg': "Please check your email address. If you don't have an account, you can create one.", ...}
username = (' payeryash10@gmai|com',)

    @pytest.mark.parametrize("username", zip(invalid_format_username))
    def test_invalid_email_validation(sign_login_setup, login_test_data, username):
        driver = sign_login_setup
        login_page = LoginPage(driver)
        login_page.enter_username(username)
        login_page.disabled_click_login_button()
>       login_page.invalid_email_validation(login_test_data)

tests/test_signup_login/test_login.py:76: 
_ _ _ _ _ _ _ _ _ _ _ _ _ _ _ _ _ _ _ _ _ _ _ _ _ _ _ _ _ _ _ _ _ _ _ _ _ _ _ _ 

self = <pages.login_page.LoginPage object at 0x7f89a00503d0>
login_test_data = {'expected_password_validation': 'Password is required', 'expected_username_validation': 'Email is required.', 'expect...ect_email_verification_msg': "Please check your email address. If you don't have an account, you can create one.", ...}

    def invalid_email_validation(self, login_test_data):
        self.actions.wait_for_element(self.invalid_email_verification_msg)
        expected_invalid_email_validation = login_test_data["invalid_email_verification_msg"]
        actual_invalid_email_validation = self.actions.get_attribute_error(self.invalid_email_verification_msg)
>       assert expected_invalid_email_validation == actual_invalid_email_validation, "login failed"
E       AssertionError: login failed

pages/login_page.py:94: AssertionError
---------------------------- Captured stderr setup -----------------------------
2025-11-06 03:59:35,528 - INFO - Starting test with Chrome browser
2025-11-06 03:59:35,529 - INFO - ====== WebDriver manager ======
2025-11-06 03:59:35,595 - INFO - Get LATEST chromedriver version for google-chrome
2025-11-06 03:59:35,660 - INFO - Get LATEST chromedriver version for google-chrome
2025-11-06 03:59:35,726 - INFO - Driver [/home/runner/.wdm/drivers/chromedriver/linux64/142.0.7444.61/chromedriver-linux64/chromedriver] found in cache
2025-11-06 03:59:37,120 - INFO - Navigated to: https://app.mochaaccounting.com/login
------------------------------ Captured log setup ------------------------------
INFO     tests.test_signup_login.conftest:conftest.py:78 Starting test with Chrome browser
INFO     WDM:logger.py:11 ====== WebDriver manager ======
INFO     WDM:logger.py:11 Get LATEST chromedriver version for google-chrome
INFO     WDM:logger.py:11 Get LATEST chromedriver version for google-chrome
INFO     WDM:logger.py:11 Driver [/home/runner/.wdm/drivers/chromedriver/linux64/142.0.7444.61/chromedriver-linux64/chromedriver] found in cache
INFO     tests.test_signup_login.conftest:conftest.py:134 Navigated to: https://app.mochaaccounting.com/login
--------------------------- Captured stderr teardown ---------------------------
2025-11-06 03:59:37,392 - INFO - Closing browser
---------------------------- Captured log teardown -----------------------------
INFO     tests.test_signup_login.conftest:conftest.py:144 Closing browser
___________________ test_invalid_email_validation[username3] ___________________

sign_login_setup = <selenium.webdriver.chrome.webdriver.WebDriver (session="a0b3bc5693503c03a0d0404a8abc8db9")>
login_test_data = {'expected_password_validation': 'Password is required', 'expected_username_validation': 'Email is required.', 'expect...ect_email_verification_msg': "Please check your email address. If you don't have an account, you can create one.", ...}
username = ('payergmail.com',)

    @pytest.mark.parametrize("username", zip(invalid_format_username))
    def test_invalid_email_validation(sign_login_setup, login_test_data, username):
        driver = sign_login_setup
        login_page = LoginPage(driver)
        login_page.enter_username(username)
        login_page.disabled_click_login_button()
>       login_page.invalid_email_validation(login_test_data)

tests/test_signup_login/test_login.py:76: 
_ _ _ _ _ _ _ _ _ _ _ _ _ _ _ _ _ _ _ _ _ _ _ _ _ _ _ _ _ _ _ _ _ _ _ _ _ _ _ _ 

self = <pages.login_page.LoginPage object at 0x7f89a0052430>
login_test_data = {'expected_password_validation': 'Password is required', 'expected_username_validation': 'Email is required.', 'expect...ect_email_verification_msg': "Please check your email address. If you don't have an account, you can create one.", ...}

    def invalid_email_validation(self, login_test_data):
        self.actions.wait_for_element(self.invalid_email_verification_msg)
        expected_invalid_email_validation = login_test_data["invalid_email_verification_msg"]
        actual_invalid_email_validation = self.actions.get_attribute_error(self.invalid_email_verification_msg)
>       assert expected_invalid_email_validation == actual_invalid_email_validation, "login failed"
E       AssertionError: login failed

pages/login_page.py:94: AssertionError
---------------------------- Captured stderr setup -----------------------------
2025-11-06 03:59:37,453 - INFO - Starting test with Chrome browser
2025-11-06 03:59:37,453 - INFO - ====== WebDriver manager ======
2025-11-06 03:59:37,518 - INFO - Get LATEST chromedriver version for google-chrome
2025-11-06 03:59:37,592 - INFO - Get LATEST chromedriver version for google-chrome
2025-11-06 03:59:37,666 - INFO - Driver [/home/runner/.wdm/drivers/chromedriver/linux64/142.0.7444.61/chromedriver-linux64/chromedriver] found in cache
2025-11-06 03:59:39,058 - INFO - Navigated to: https://app.mochaaccounting.com/login
------------------------------ Captured log setup ------------------------------
INFO     tests.test_signup_login.conftest:conftest.py:78 Starting test with Chrome browser
INFO     WDM:logger.py:11 ====== WebDriver manager ======
INFO     WDM:logger.py:11 Get LATEST chromedriver version for google-chrome
INFO     WDM:logger.py:11 Get LATEST chromedriver version for google-chrome
INFO     WDM:logger.py:11 Driver [/home/runner/.wdm/drivers/chromedriver/linux64/142.0.7444.61/chromedriver-linux64/chromedriver] found in cache
INFO     tests.test_signup_login.conftest:conftest.py:134 Navigated to: https://app.mochaaccounting.com/login
--------------------------- Captured stderr teardown ---------------------------
2025-11-06 03:59:39,323 - INFO - Closing browser
---------------------------- Captured log teardown -----------------------------
INFO     tests.test_signup_login.conftest:conftest.py:144 Closing browser
___________________ test_invalid_email_validation[username4] ___________________

sign_login_setup = <selenium.webdriver.chrome.webdriver.WebDriver (session="374c9da0ec32d2fbd743f7c675a70cb0")>
login_test_data = {'expected_password_validation': 'Password is required', 'expected_username_validation': 'Email is required.', 'expect...ect_email_verification_msg': "Please check your email address. If you don't have an account, you can create one.", ...}
username = ('payeryash10@gmail/com',)

    @pytest.mark.parametrize("username", zip(invalid_format_username))
    def test_invalid_email_validation(sign_login_setup, login_test_data, username):
        driver = sign_login_setup
        login_page = LoginPage(driver)
        login_page.enter_username(username)
        login_page.disabled_click_login_button()
>       login_page.invalid_email_validation(login_test_data)

tests/test_signup_login/test_login.py:76: 
_ _ _ _ _ _ _ _ _ _ _ _ _ _ _ _ _ _ _ _ _ _ _ _ _ _ _ _ _ _ _ _ _ _ _ _ _ _ _ _ 

self = <pages.login_page.LoginPage object at 0x7f899fa5c1f0>
login_test_data = {'expected_password_validation': 'Password is required', 'expected_username_validation': 'Email is required.', 'expect...ect_email_verification_msg': "Please check your email address. If you don't have an account, you can create one.", ...}

    def invalid_email_validation(self, login_test_data):
        self.actions.wait_for_element(self.invalid_email_verification_msg)
        expected_invalid_email_validation = login_test_data["invalid_email_verification_msg"]
        actual_invalid_email_validation = self.actions.get_attribute_error(self.invalid_email_verification_msg)
>       assert expected_invalid_email_validation == actual_invalid_email_validation, "login failed"
E       AssertionError: login failed

pages/login_page.py:94: AssertionError
---------------------------- Captured stderr setup -----------------------------
2025-11-06 03:59:39,387 - INFO - Starting test with Chrome browser
2025-11-06 03:59:39,387 - INFO - ====== WebDriver manager ======
2025-11-06 03:59:39,452 - INFO - Get LATEST chromedriver version for google-chrome
2025-11-06 03:59:39,528 - INFO - Get LATEST chromedriver version for google-chrome
2025-11-06 03:59:39,595 - INFO - Driver [/home/runner/.wdm/drivers/chromedriver/linux64/142.0.7444.61/chromedriver-linux64/chromedriver] found in cache
2025-11-06 03:59:41,113 - INFO - Navigated to: https://app.mochaaccounting.com/login
------------------------------ Captured log setup ------------------------------
INFO     tests.test_signup_login.conftest:conftest.py:78 Starting test with Chrome browser
INFO     WDM:logger.py:11 ====== WebDriver manager ======
INFO     WDM:logger.py:11 Get LATEST chromedriver version for google-chrome
INFO     WDM:logger.py:11 Get LATEST chromedriver version for google-chrome
INFO     WDM:logger.py:11 Driver [/home/runner/.wdm/drivers/chromedriver/linux64/142.0.7444.61/chromedriver-linux64/chromedriver] found in cache
INFO     tests.test_signup_login.conftest:conftest.py:134 Navigated to: https://app.mochaaccounting.com/login
--------------------------- Captured stderr teardown ---------------------------
2025-11-06 03:59:41,392 - INFO - Closing browser
---------------------------- Captured log teardown -----------------------------
INFO     tests.test_signup_login.conftest:conftest.py:144 Closing browser
==================================== PASSES ====================================
________ test_valid_login[ranjeet.gupta@mochatechnologies.com-Ais@1234] ________
---------------------------- Captured stderr setup -----------------------------
2025-11-06 03:58:41,333 - INFO - Starting test with Chrome browser
2025-11-06 03:58:41,333 - INFO - ====== WebDriver manager ======
2025-11-06 03:58:41,619 - INFO - Get LATEST chromedriver version for google-chrome
2025-11-06 03:58:41,705 - INFO - Get LATEST chromedriver version for google-chrome
2025-11-06 03:58:41,772 - INFO - There is no [linux64] chromedriver "142.0.7444.61" for browser google-chrome "142.0.7444" in cache
2025-11-06 03:58:41,772 - INFO - Get LATEST chromedriver version for google-chrome
2025-11-06 03:58:41,951 - INFO - WebDriver version 142.0.7444.61 selected
2025-11-06 03:58:41,956 - INFO - Modern chrome version https://storage.googleapis.com/chrome-for-testing-public/142.0.7444.61/linux64/chromedriver-linux64.zip
2025-11-06 03:58:41,956 - INFO - About to download new driver from https://storage.googleapis.com/chrome-for-testing-public/142.0.7444.61/linux64/chromedriver-linux64.zip
2025-11-06 03:58:42,049 - INFO - Driver downloading response is 200
2025-11-06 03:58:42,258 - INFO - Get LATEST chromedriver version for google-chrome
2025-11-06 03:58:42,442 - INFO - Driver has been saved in cache [/home/runner/.wdm/drivers/chromedriver/linux64/142.0.7444.61]
2025-11-06 03:58:45,037 - INFO - Navigated to: https://app.mochaaccounting.com/login
------------------------------ Captured log setup ------------------------------
INFO     tests.test_signup_login.conftest:conftest.py:78 Starting test with Chrome browser
INFO     WDM:logger.py:11 ====== WebDriver manager ======
INFO     WDM:logger.py:11 Get LATEST chromedriver version for google-chrome
INFO     WDM:logger.py:11 Get LATEST chromedriver version for google-chrome
INFO     WDM:logger.py:11 There is no [linux64] chromedriver "142.0.7444.61" for browser google-chrome "142.0.7444" in cache
INFO     WDM:logger.py:11 Get LATEST chromedriver version for google-chrome
INFO     WDM:logger.py:11 WebDriver version 142.0.7444.61 selected
INFO     WDM:logger.py:11 Modern chrome version https://storage.googleapis.com/chrome-for-testing-public/142.0.7444.61/linux64/chromedriver-linux64.zip
INFO     WDM:logger.py:11 About to download new driver from https://storage.googleapis.com/chrome-for-testing-public/142.0.7444.61/linux64/chromedriver-linux64.zip
INFO     WDM:logger.py:11 Driver downloading response is 200
INFO     WDM:logger.py:11 Get LATEST chromedriver version for google-chrome
INFO     WDM:logger.py:11 Driver has been saved in cache [/home/runner/.wdm/drivers/chromedriver/linux64/142.0.7444.61]
INFO     tests.test_signup_login.conftest:conftest.py:134 Navigated to: https://app.mochaaccounting.com/login
----------------------------- Captured stderr call -----------------------------
2025-11-06 03:58:45,037 - INFO - Starting the test case for valid credentials
2025-11-06 03:58:45,207 - INFO - User enters the email-id
2025-11-06 03:58:46,852 - INFO - User enters the password
2025-11-06 03:58:46,946 - INFO - User clicks on login button
2025-11-06 03:58:50,097 - INFO - The test case passed
------------------------------ Captured log call -------------------------------
INFO     tests.test_signup_login.test_login:test_login.py:25 Starting the test case for valid credentials
INFO     tests.test_signup_login.test_login:test_login.py:27 User enters the email-id
INFO     tests.test_signup_login.test_login:test_login.py:29 User enters the password
INFO     tests.test_signup_login.test_login:test_login.py:31 User clicks on login button
INFO     tests.test_signup_login.test_login:test_login.py:33 The test case passed
--------------------------- Captured stderr teardown ---------------------------
2025-11-06 03:58:50,097 - INFO - Closing browser
---------------------------- Captured log teardown -----------------------------
INFO     tests.test_signup_login.conftest:conftest.py:144 Closing browser
_____________ test_valid_login[samatakamble9@gmail.com-Samata@16] ______________
---------------------------- Captured stderr setup -----------------------------
2025-11-06 03:58:50,184 - INFO - Starting test with Chrome browser
2025-11-06 03:58:50,184 - INFO - ====== WebDriver manager ======
2025-11-06 03:58:50,250 - INFO - Get LATEST chromedriver version for google-chrome
2025-11-06 03:58:50,315 - INFO - Get LATEST chromedriver version for google-chrome
2025-11-06 03:58:50,403 - INFO - Driver [/home/runner/.wdm/drivers/chromedriver/linux64/142.0.7444.61/chromedriver-linux64/chromedriver] found in cache
2025-11-06 03:58:51,916 - INFO - Navigated to: https://app.mochaaccounting.com/login
------------------------------ Captured log setup ------------------------------
INFO     tests.test_signup_login.conftest:conftest.py:78 Starting test with Chrome browser
INFO     WDM:logger.py:11 ====== WebDriver manager ======
INFO     WDM:logger.py:11 Get LATEST chromedriver version for google-chrome
INFO     WDM:logger.py:11 Get LATEST chromedriver version for google-chrome
INFO     WDM:logger.py:11 Driver [/home/runner/.wdm/drivers/chromedriver/linux64/142.0.7444.61/chromedriver-linux64/chromedriver] found in cache
INFO     tests.test_signup_login.conftest:conftest.py:134 Navigated to: https://app.mochaaccounting.com/login
----------------------------- Captured stderr call -----------------------------
2025-11-06 03:58:51,917 - INFO - Starting the test case for valid credentials
2025-11-06 03:58:52,063 - INFO - User enters the email-id
2025-11-06 03:58:53,593 - INFO - User enters the password
2025-11-06 03:58:53,694 - INFO - User clicks on login button
2025-11-06 03:58:56,049 - INFO - The test case passed
------------------------------ Captured log call -------------------------------
INFO     tests.test_signup_login.test_login:test_login.py:25 Starting the test case for valid credentials
INFO     tests.test_signup_login.test_login:test_login.py:27 User enters the email-id
INFO     tests.test_signup_login.test_login:test_login.py:29 User enters the password
INFO     tests.test_signup_login.test_login:test_login.py:31 User clicks on login button
INFO     tests.test_signup_login.test_login:test_login.py:33 The test case passed
--------------------------- Captured stderr teardown ---------------------------
2025-11-06 03:58:56,050 - INFO - Closing browser
---------------------------- Captured log teardown -----------------------------
INFO     tests.test_signup_login.conftest:conftest.py:144 Closing browser
___________ test_valid_login[shubhamdabir07@gmail.com-Shubham@1234] ____________
---------------------------- Captured stderr setup -----------------------------
2025-11-06 03:58:56,115 - INFO - Starting test with Chrome browser
2025-11-06 03:58:56,115 - INFO - ====== WebDriver manager ======
2025-11-06 03:58:56,181 - INFO - Get LATEST chromedriver version for google-chrome
2025-11-06 03:58:56,248 - INFO - Get LATEST chromedriver version for google-chrome
2025-11-06 03:58:56,316 - INFO - Driver [/home/runner/.wdm/drivers/chromedriver/linux64/142.0.7444.61/chromedriver-linux64/chromedriver] found in cache
2025-11-06 03:58:57,770 - INFO - Navigated to: https://app.mochaaccounting.com/login
------------------------------ Captured log setup ------------------------------
INFO     tests.test_signup_login.conftest:conftest.py:78 Starting test with Chrome browser
INFO     WDM:logger.py:11 ====== WebDriver manager ======
INFO     WDM:logger.py:11 Get LATEST chromedriver version for google-chrome
INFO     WDM:logger.py:11 Get LATEST chromedriver version for google-chrome
INFO     WDM:logger.py:11 Driver [/home/runner/.wdm/drivers/chromedriver/linux64/142.0.7444.61/chromedriver-linux64/chromedriver] found in cache
INFO     tests.test_signup_login.conftest:conftest.py:134 Navigated to: https://app.mochaaccounting.com/login
----------------------------- Captured stderr call -----------------------------
2025-11-06 03:58:57,771 - INFO - Starting the test case for valid credentials
2025-11-06 03:58:57,920 - INFO - User enters the email-id
2025-11-06 03:58:59,508 - INFO - User enters the password
2025-11-06 03:58:59,620 - INFO - User clicks on login button
2025-11-06 03:59:01,838 - INFO - The test case passed
------------------------------ Captured log call -------------------------------
INFO     tests.test_signup_login.test_login:test_login.py:25 Starting the test case for valid credentials
INFO     tests.test_signup_login.test_login:test_login.py:27 User enters the email-id
INFO     tests.test_signup_login.test_login:test_login.py:29 User enters the password
INFO     tests.test_signup_login.test_login:test_login.py:31 User clicks on login button
INFO     tests.test_signup_login.test_login:test_login.py:33 The test case passed
--------------------------- Captured stderr teardown ---------------------------
2025-11-06 03:59:01,839 - INFO - Closing browser
---------------------------- Captured log teardown -----------------------------
INFO     tests.test_signup_login.conftest:conftest.py:144 Closing browser
______ test_valid_login[hrishikesh.shinde1607@gmail.com-Hrishikesh@1234] _______
---------------------------- Captured stderr setup -----------------------------
2025-11-06 03:59:01,903 - INFO - Starting test with Chrome browser
2025-11-06 03:59:01,904 - INFO - ====== WebDriver manager ======
2025-11-06 03:59:01,970 - INFO - Get LATEST chromedriver version for google-chrome
2025-11-06 03:59:02,037 - INFO - Get LATEST chromedriver version for google-chrome
2025-11-06 03:59:02,111 - INFO - Driver [/home/runner/.wdm/drivers/chromedriver/linux64/142.0.7444.61/chromedriver-linux64/chromedriver] found in cache
2025-11-06 03:59:03,736 - INFO - Navigated to: https://app.mochaaccounting.com/login
------------------------------ Captured log setup ------------------------------
INFO     tests.test_signup_login.conftest:conftest.py:78 Starting test with Chrome browser
INFO     WDM:logger.py:11 ====== WebDriver manager ======
INFO     WDM:logger.py:11 Get LATEST chromedriver version for google-chrome
INFO     WDM:logger.py:11 Get LATEST chromedriver version for google-chrome
INFO     WDM:logger.py:11 Driver [/home/runner/.wdm/drivers/chromedriver/linux64/142.0.7444.61/chromedriver-linux64/chromedriver] found in cache
INFO     tests.test_signup_login.conftest:conftest.py:134 Navigated to: https://app.mochaaccounting.com/login
----------------------------- Captured stderr call -----------------------------
2025-11-06 03:59:03,737 - INFO - Starting the test case for valid credentials
2025-11-06 03:59:03,898 - INFO - User enters the email-id
2025-11-06 03:59:05,443 - INFO - User enters the password
2025-11-06 03:59:05,553 - INFO - User clicks on login button
2025-11-06 03:59:07,556 - INFO - The test case passed
------------------------------ Captured log call -------------------------------
INFO     tests.test_signup_login.test_login:test_login.py:25 Starting the test case for valid credentials
INFO     tests.test_signup_login.test_login:test_login.py:27 User enters the email-id
INFO     tests.test_signup_login.test_login:test_login.py:29 User enters the password
INFO     tests.test_signup_login.test_login:test_login.py:31 User clicks on login button
INFO     tests.test_signup_login.test_login:test_login.py:33 The test case passed
--------------------------- Captured stderr teardown ---------------------------
2025-11-06 03:59:07,558 - INFO - Closing browser
---------------------------- Captured log teardown -----------------------------
INFO     tests.test_signup_login.conftest:conftest.py:144 Closing browser
_____________________ test_invalid_email_login[username0] ______________________
---------------------------- Captured stderr setup -----------------------------
2025-11-06 03:59:07,625 - INFO - Starting test with Chrome browser
2025-11-06 03:59:07,625 - INFO - ====== WebDriver manager ======
2025-11-06 03:59:07,692 - INFO - Get LATEST chromedriver version for google-chrome
2025-11-06 03:59:07,758 - INFO - Get LATEST chromedriver version for google-chrome
2025-11-06 03:59:07,823 - INFO - Driver [/home/runner/.wdm/drivers/chromedriver/linux64/142.0.7444.61/chromedriver-linux64/chromedriver] found in cache
2025-11-06 03:59:09,271 - INFO - Navigated to: https://app.mochaaccounting.com/login
------------------------------ Captured log setup ------------------------------
INFO     tests.test_signup_login.conftest:conftest.py:78 Starting test with Chrome browser
INFO     WDM:logger.py:11 ====== WebDriver manager ======
INFO     WDM:logger.py:11 Get LATEST chromedriver version for google-chrome
INFO     WDM:logger.py:11 Get LATEST chromedriver version for google-chrome
INFO     WDM:logger.py:11 Driver [/home/runner/.wdm/drivers/chromedriver/linux64/142.0.7444.61/chromedriver-linux64/chromedriver] found in cache
INFO     tests.test_signup_login.conftest:conftest.py:134 Navigated to: https://app.mochaaccounting.com/login
--------------------------- Captured stderr teardown ---------------------------
2025-11-06 03:59:12,109 - INFO - Closing browser
---------------------------- Captured log teardown -----------------------------
INFO     tests.test_signup_login.conftest:conftest.py:144 Closing browser
_____________________ test_invalid_email_login[username1] ______________________
---------------------------- Captured stderr setup -----------------------------
2025-11-06 03:59:12,174 - INFO - Starting test with Chrome browser
2025-11-06 03:59:12,174 - INFO - ====== WebDriver manager ======
2025-11-06 03:59:12,241 - INFO - Get LATEST chromedriver version for google-chrome
2025-11-06 03:59:12,316 - INFO - Get LATEST chromedriver version for google-chrome
2025-11-06 03:59:12,388 - INFO - Driver [/home/runner/.wdm/drivers/chromedriver/linux64/142.0.7444.61/chromedriver-linux64/chromedriver] found in cache
2025-11-06 03:59:13,630 - INFO - Navigated to: https://app.mochaaccounting.com/login
------------------------------ Captured log setup ------------------------------
INFO     tests.test_signup_login.conftest:conftest.py:78 Starting test with Chrome browser
INFO     WDM:logger.py:11 ====== WebDriver manager ======
INFO     WDM:logger.py:11 Get LATEST chromedriver version for google-chrome
INFO     WDM:logger.py:11 Get LATEST chromedriver version for google-chrome
INFO     WDM:logger.py:11 Driver [/home/runner/.wdm/drivers/chromedriver/linux64/142.0.7444.61/chromedriver-linux64/chromedriver] found in cache
INFO     tests.test_signup_login.conftest:conftest.py:134 Navigated to: https://app.mochaaccounting.com/login
--------------------------- Captured stderr teardown ---------------------------
2025-11-06 03:59:16,479 - INFO - Closing browser
---------------------------- Captured log teardown -----------------------------
INFO     tests.test_signup_login.conftest:conftest.py:144 Closing browser
_____________________ test_invalid_email_login[username2] ______________________
---------------------------- Captured stderr setup -----------------------------
2025-11-06 03:59:16,542 - INFO - Starting test with Chrome browser
2025-11-06 03:59:16,542 - INFO - ====== WebDriver manager ======
2025-11-06 03:59:16,609 - INFO - Get LATEST chromedriver version for google-chrome
2025-11-06 03:59:16,675 - INFO - Get LATEST chromedriver version for google-chrome
2025-11-06 03:59:16,740 - INFO - Driver [/home/runner/.wdm/drivers/chromedriver/linux64/142.0.7444.61/chromedriver-linux64/chromedriver] found in cache
2025-11-06 03:59:18,225 - INFO - Navigated to: https://app.mochaaccounting.com/login
------------------------------ Captured log setup ------------------------------
INFO     tests.test_signup_login.conftest:conftest.py:78 Starting test with Chrome browser
INFO     WDM:logger.py:11 ====== WebDriver manager ======
INFO     WDM:logger.py:11 Get LATEST chromedriver version for google-chrome
INFO     WDM:logger.py:11 Get LATEST chromedriver version for google-chrome
INFO     WDM:logger.py:11 Driver [/home/runner/.wdm/drivers/chromedriver/linux64/142.0.7444.61/chromedriver-linux64/chromedriver] found in cache
INFO     tests.test_signup_login.conftest:conftest.py:134 Navigated to: https://app.mochaaccounting.com/login
--------------------------- Captured stderr teardown ---------------------------
2025-11-06 03:59:21,072 - INFO - Closing browser
---------------------------- Captured log teardown -----------------------------
INFO     tests.test_signup_login.conftest:conftest.py:144 Closing browser
_____________________ test_invalid_email_login[username3] ______________________
---------------------------- Captured stderr setup -----------------------------
2025-11-06 03:59:21,136 - INFO - Starting test with Chrome browser
2025-11-06 03:59:21,136 - INFO - ====== WebDriver manager ======
2025-11-06 03:59:21,202 - INFO - Get LATEST chromedriver version for google-chrome
2025-11-06 03:59:21,268 - INFO - Get LATEST chromedriver version for google-chrome
2025-11-06 03:59:21,334 - INFO - Driver [/home/runner/.wdm/drivers/chromedriver/linux64/142.0.7444.61/chromedriver-linux64/chromedriver] found in cache
2025-11-06 03:59:22,146 - INFO - Navigated to: https://app.mochaaccounting.com/login
------------------------------ Captured log setup ------------------------------
INFO     tests.test_signup_login.conftest:conftest.py:78 Starting test with Chrome browser
INFO     WDM:logger.py:11 ====== WebDriver manager ======
INFO     WDM:logger.py:11 Get LATEST chromedriver version for google-chrome
INFO     WDM:logger.py:11 Get LATEST chromedriver version for google-chrome
INFO     WDM:logger.py:11 Driver [/home/runner/.wdm/drivers/chromedriver/linux64/142.0.7444.61/chromedriver-linux64/chromedriver] found in cache
INFO     tests.test_signup_login.conftest:conftest.py:134 Navigated to: https://app.mochaaccounting.com/login
--------------------------- Captured stderr teardown ---------------------------
2025-11-06 03:59:25,210 - INFO - Closing browser
---------------------------- Captured log teardown -----------------------------
INFO     tests.test_signup_login.conftest:conftest.py:144 Closing browser
- Generated html report: file:///home/runner/work/Mocha_accounting/Mocha_accounting/C%3A%5CUsers%5CTaurus13%5CPycharmProjects%5CPythonProject%5Creports/20251106_035841/report.html -
==================== 7 failed, 8 passed in 60.21s (0:01:00) ====================
=== LOGIN TESTS COMPLETED ===
Exit Code: 1
