=== LOGIN TESTS STARTED: 2026-01-22 04:31:23 ===
============================= test session starts ==============================
platform linux -- Python 3.13.11, pytest-8.3.5, pluggy-1.6.0 -- /opt/hostedtoolcache/Python/3.13.11/x64/bin/python
cachedir: .pytest_cache
metadata: {'Python': '3.13.11', 'Platform': 'Linux-6.11.0-1018-azure-x86_64-with-glibc2.39', 'Packages': {'pytest': '8.3.5', 'pluggy': '1.6.0'}, 'Plugins': {'rerunfailures': '16.1', 'Faker': '40.1.2', 'xdist': '3.8.0', 'html': '4.2.0', 'metadata': '3.1.1'}, 'CI': 'true', 'JAVA_HOME': '/usr/lib/jvm/temurin-17-jdk-amd64'}
rootdir: /home/runner/work/Mocha_accounting/Mocha_accounting
plugins: rerunfailures-16.1, Faker-40.1.2, xdist-3.8.0, html-4.2.0, metadata-3.1.1
collecting ... collected 15 items

tests/test_signup_login/test_login.py::test_valid_login[yash.payer+01@mochatechnologies.com-Password@123] PASSED [  6%]
tests/test_signup_login/test_login.py::test_valid_login[samatakamble9@gmail.com-Samata@16] FAILED [ 13%]
tests/test_signup_login/test_login.py::test_valid_login[shubhamdabir07@gmail.com-Shubham@1234] PASSED [ 20%]
tests/test_signup_login/test_login.py::test_valid_login[hrishikesh.shinde1607@gmail.com-Hrishikesh@1234] PASSED [ 26%]
tests/test_signup_login/test_login.py::test_invalid_email_login[username0] FAILED [ 33%]
tests/test_signup_login/test_login.py::test_invalid_email_login[username1] FAILED [ 40%]
tests/test_signup_login/test_login.py::test_invalid_email_login[username2] FAILED [ 46%]
tests/test_signup_login/test_login.py::test_invalid_email_login[username3] FAILED [ 53%]
tests/test_signup_login/test_login.py::test_blank_username_validation PASSED [ 60%]
tests/test_signup_login/test_login.py::test_blank_password_validation FAILED [ 66%]
tests/test_signup_login/test_login.py::test_invalid_email_validation[username0] PASSED [ 73%]
tests/test_signup_login/test_login.py::test_invalid_email_validation[username1] PASSED [ 80%]
tests/test_signup_login/test_login.py::test_invalid_email_validation[username2] PASSED [ 86%]
tests/test_signup_login/test_login.py::test_invalid_email_validation[username3] PASSED [ 93%]
tests/test_signup_login/test_login.py::test_invalid_email_validation[username4] PASSED [100%]

=================================== FAILURES ===================================
_____________ test_valid_login[samatakamble9@gmail.com-Samata@16] ______________

sign_login_setup = <selenium.webdriver.chrome.webdriver.WebDriver (session="431b42416645b5e36ad2bd652a91cff7")>
username = 'samatakamble9@gmail.com', password = 'Samata@16'
login_test_data = {'expected_password_validation': 'Password is required', 'expected_username_validation': 'Email is required.', 'expect...ect_email_verification_msg': "Please check your email address. If you don't have an account, you can create one.", ...}

    @pytest.mark.parametrize("username, password", zip(valid_username, valid_password))
    def test_valid_login(sign_login_setup, username, password, login_test_data):
       # expectedmessage = login_test_data['expectederrormsg']
        driver = sign_login_setup
        login_page = LoginPage(driver)
        logger.info("Starting the test case for valid credentials")
        login_page.enter_username(username)
        logger.info("User enters the email-id")
        login_page.enter_password(password)
        logger.info("User enters the password")
        login_page.click_loginbutton()
        logger.info("User clicks on login button")
>       login_page.success_login(login_test_data)

tests/test_signup_login/test_login.py:32: 
_ _ _ _ _ _ _ _ _ _ _ _ _ _ _ _ _ _ _ _ _ _ _ _ _ _ _ _ _ _ _ _ _ _ _ _ _ _ _ _ 

self = <pages.login_page.LoginPage object at 0x7f19534f9d10>
login_test_data = {'expected_password_validation': 'Password is required', 'expected_username_validation': 'Email is required.', 'expect...ect_email_verification_msg': "Please check your email address. If you don't have an account, you can create one.", ...}

    def success_login(self,login_test_data):
>        self.actions.wait_for_element(self.success_msg)

pages/login_page.py:55: 
_ _ _ _ _ _ _ _ _ _ _ _ _ _ _ _ _ _ _ _ _ _ _ _ _ _ _ _ _ _ _ _ _ _ _ _ _ _ _ _ 

self = <actions.actions.Actions object at 0x7f19534fb610>
locator = ('xpath', "//li[@class='breadcrumb-item active text-zoom']")
timeout = 100

    def wait_for_element(self, locator, timeout=100):
>       WebDriverWait(self.driver, timeout).until(EC.visibility_of_element_located(locator))

actions/actions.py:87: 
_ _ _ _ _ _ _ _ _ _ _ _ _ _ _ _ _ _ _ _ _ _ _ _ _ _ _ _ _ _ _ _ _ _ _ _ _ _ _ _ 

self = <selenium.webdriver.support.wait.WebDriverWait (session="431b42416645b5e36ad2bd652a91cff7")>
method = <function visibility_of_element_located.<locals>._predicate at 0x7f195348ff60>
message = ''

    def until(self, method: Callable[[D], Union[Literal[False], T]], message: str = "") -> T:
        """Wait until the method returns a value that is not False.
    
        Calls the method provided with the driver as an argument until the
        return value does not evaluate to ``False``.
    
        Parameters:
        ----------
        method: callable(WebDriver)
            - A callable object that takes a WebDriver instance as an argument.
    
        message: str
            - Optional message for :exc:`TimeoutException`
    
        Return:
        -------
        object: T
            - The result of the last call to `method`
    
        Raises:
        -------
        TimeoutException
            - If 'method' does not return a truthy value within the WebDriverWait
            object's timeout
    
        Example:
        --------
        >>> from selenium.webdriver.common.by import By
        >>> from selenium.webdriver.support.ui import WebDriverWait
        >>> from selenium.webdriver.support import expected_conditions as EC
    
        # Wait until an element is visible on the page
        >>> wait = WebDriverWait(driver, 10)
        >>> element = wait.until(EC.visibility_of_element_located((By.ID, "exampleId")))
        >>> print(element.text)
        """
        screen = None
        stacktrace = None
    
        end_time = time.monotonic() + self._timeout
        while True:
            try:
                value = method(self._driver)
                if value:
                    return value
            except self._ignored_exceptions as exc:
                screen = getattr(exc, "screen", None)
                stacktrace = getattr(exc, "stacktrace", None)
            if time.monotonic() > end_time:
                break
            time.sleep(self._poll)
>       raise TimeoutException(message, screen, stacktrace)
E       selenium.common.exceptions.TimeoutException: Message: 
E       Stacktrace:
E       #0 0x55888c949afa <unknown>
E       #1 0x55888c36360f <unknown>
E       #2 0x55888c3b8a16 <unknown>
E       #3 0x55888c3b8c51 <unknown>
E       #4 0x55888c404404 <unknown>
E       #5 0x55888c40162b <unknown>
E       #6 0x55888c3aa842 <unknown>
E       #7 0x55888c3ab631 <unknown>
E       #8 0x55888c90f689 <unknown>
E       #9 0x55888c912581 <unknown>
E       #10 0x55888c8fbca9 <unknown>
E       #11 0x55888c91313e <unknown>
E       #12 0x55888c8e23a0 <unknown>
E       #13 0x55888c936fc8 <unknown>
E       #14 0x55888c93719b <unknown>
E       #15 0x55888c948e68 <unknown>
E       #16 0x7f008f29caa4 <unknown>
E       #17 0x7f008f329c6c <unknown>

/opt/hostedtoolcache/Python/3.13.11/x64/lib/python3.13/site-packages/selenium/webdriver/support/wait.py:146: TimeoutException
---------------------------- Captured stderr setup -----------------------------
2026-01-22 04:31:34,426 - INFO - Starting test with Chrome browser
2026-01-22 04:31:34,426 - INFO - ====== WebDriver manager ======
2026-01-22 04:31:34,491 - INFO - Get LATEST chromedriver version for google-chrome
2026-01-22 04:31:34,565 - INFO - Get LATEST chromedriver version for google-chrome
2026-01-22 04:31:34,669 - INFO - Driver [/home/runner/.wdm/drivers/chromedriver/linux64/144.0.7559.96/chromedriver-linux64/chromedriver] found in cache
2026-01-22 04:31:36,212 - INFO - Navigated to: https://app.mochaaccounting.com/login
------------------------------ Captured log setup ------------------------------
INFO     tests.test_signup_login.conftest:conftest.py:78 Starting test with Chrome browser
INFO     WDM:logger.py:11 ====== WebDriver manager ======
INFO     WDM:logger.py:11 Get LATEST chromedriver version for google-chrome
INFO     WDM:logger.py:11 Get LATEST chromedriver version for google-chrome
INFO     WDM:logger.py:11 Driver [/home/runner/.wdm/drivers/chromedriver/linux64/144.0.7559.96/chromedriver-linux64/chromedriver] found in cache
INFO     tests.test_signup_login.conftest:conftest.py:134 Navigated to: https://app.mochaaccounting.com/login
----------------------------- Captured stderr call -----------------------------
2026-01-22 04:31:36,212 - INFO - Starting the test case for valid credentials
2026-01-22 04:31:36,331 - INFO - User enters the email-id
2026-01-22 04:31:37,958 - INFO - User enters the password
2026-01-22 04:31:38,051 - INFO - User clicks on login button
------------------------------ Captured log call -------------------------------
INFO     tests.test_signup_login.test_login:test_login.py:25 Starting the test case for valid credentials
INFO     tests.test_signup_login.test_login:test_login.py:27 User enters the email-id
INFO     tests.test_signup_login.test_login:test_login.py:29 User enters the password
INFO     tests.test_signup_login.test_login:test_login.py:31 User clicks on login button
--------------------------- Captured stderr teardown ---------------------------
2026-01-22 04:33:22,797 - INFO - Closing browser
---------------------------- Captured log teardown -----------------------------
INFO     tests.test_signup_login.conftest:conftest.py:144 Closing browser
_____________________ test_invalid_email_login[username0] ______________________

sign_login_setup = <selenium.webdriver.chrome.webdriver.WebDriver (session="6f0b74f82417c881b186071fcf7a7cdf")>
login_test_data = {'expected_password_validation': 'Password is required', 'expected_username_validation': 'Email is required.', 'expect...ect_email_verification_msg': "Please check your email address. If you don't have an account, you can create one.", ...}
username = ('yash10@gmail.com',)

    @pytest.mark.parametrize("username", zip(invalid_username))
    def test_invalid_email_login(sign_login_setup, login_test_data,username):
        driver= sign_login_setup
        login_page = LoginPage(driver)
        login_page.enter_username(username)
        #login_page.enter_password(password)
        login_page.click_loginbutton()
>       login_page.incorrect_email_validation(login_test_data)

tests/test_signup_login/test_login.py:42: 
_ _ _ _ _ _ _ _ _ _ _ _ _ _ _ _ _ _ _ _ _ _ _ _ _ _ _ _ _ _ _ _ _ _ _ _ _ _ _ _ 

self = <pages.login_page.LoginPage object at 0x7f1955213820>
login_test_data = {'expected_password_validation': 'Password is required', 'expected_username_validation': 'Email is required.', 'expect...ect_email_verification_msg': "Please check your email address. If you don't have an account, you can create one.", ...}

    def incorrect_email_validation(self,login_test_data):
>       self.actions.wait_for_element(self.incorrect_email_verification_msg)

pages/login_page.py:87: 
_ _ _ _ _ _ _ _ _ _ _ _ _ _ _ _ _ _ _ _ _ _ _ _ _ _ _ _ _ _ _ _ _ _ _ _ _ _ _ _ 

self = <actions.actions.Actions object at 0x7f19535503e0>
locator = ('xpath', "//p[@class='text-white' and contains(text(),'Please check your email address')]")
timeout = 100

    def wait_for_element(self, locator, timeout=100):
>       WebDriverWait(self.driver, timeout).until(EC.visibility_of_element_located(locator))

actions/actions.py:87: 
_ _ _ _ _ _ _ _ _ _ _ _ _ _ _ _ _ _ _ _ _ _ _ _ _ _ _ _ _ _ _ _ _ _ _ _ _ _ _ _ 

self = <selenium.webdriver.support.wait.WebDriverWait (session="6f0b74f82417c881b186071fcf7a7cdf")>
method = <function visibility_of_element_located.<locals>._predicate at 0x7f1953476480>
message = ''

    def until(self, method: Callable[[D], Union[Literal[False], T]], message: str = "") -> T:
        """Wait until the method returns a value that is not False.
    
        Calls the method provided with the driver as an argument until the
        return value does not evaluate to ``False``.
    
        Parameters:
        ----------
        method: callable(WebDriver)
            - A callable object that takes a WebDriver instance as an argument.
    
        message: str
            - Optional message for :exc:`TimeoutException`
    
        Return:
        -------
        object: T
            - The result of the last call to `method`
    
        Raises:
        -------
        TimeoutException
            - If 'method' does not return a truthy value within the WebDriverWait
            object's timeout
    
        Example:
        --------
        >>> from selenium.webdriver.common.by import By
        >>> from selenium.webdriver.support.ui import WebDriverWait
        >>> from selenium.webdriver.support import expected_conditions as EC
    
        # Wait until an element is visible on the page
        >>> wait = WebDriverWait(driver, 10)
        >>> element = wait.until(EC.visibility_of_element_located((By.ID, "exampleId")))
        >>> print(element.text)
        """
        screen = None
        stacktrace = None
    
        end_time = time.monotonic() + self._timeout
        while True:
            try:
                value = method(self._driver)
                if value:
                    return value
            except self._ignored_exceptions as exc:
                screen = getattr(exc, "screen", None)
                stacktrace = getattr(exc, "stacktrace", None)
            if time.monotonic() > end_time:
                break
            time.sleep(self._poll)
>       raise TimeoutException(message, screen, stacktrace)
E       selenium.common.exceptions.TimeoutException: Message: 
E       Stacktrace:
E       #0 0x562b3a46dafa <unknown>
E       #1 0x562b39e8760f <unknown>
E       #2 0x562b39edca16 <unknown>
E       #3 0x562b39edcc51 <unknown>
E       #4 0x562b39f28404 <unknown>
E       #5 0x562b39f2562b <unknown>
E       #6 0x562b39ece842 <unknown>
E       #7 0x562b39ecf631 <unknown>
E       #8 0x562b3a433689 <unknown>
E       #9 0x562b3a436581 <unknown>
E       #10 0x562b3a41fca9 <unknown>
E       #11 0x562b3a43713e <unknown>
E       #12 0x562b3a4063a0 <unknown>
E       #13 0x562b3a45afc8 <unknown>
E       #14 0x562b3a45b19b <unknown>
E       #15 0x562b3a46ce68 <unknown>
E       #16 0x7f151c89caa4 <unknown>
E       #17 0x7f151c929c6c <unknown>

/opt/hostedtoolcache/Python/3.13.11/x64/lib/python3.13/site-packages/selenium/webdriver/support/wait.py:146: TimeoutException
---------------------------- Captured stderr setup -----------------------------
2026-01-22 04:33:35,181 - INFO - Starting test with Chrome browser
2026-01-22 04:33:35,181 - INFO - ====== WebDriver manager ======
2026-01-22 04:33:35,250 - INFO - Get LATEST chromedriver version for google-chrome
2026-01-22 04:33:35,324 - INFO - Get LATEST chromedriver version for google-chrome
2026-01-22 04:33:35,381 - INFO - Driver [/home/runner/.wdm/drivers/chromedriver/linux64/144.0.7559.96/chromedriver-linux64/chromedriver] found in cache
2026-01-22 04:33:36,950 - INFO - Navigated to: https://app.mochaaccounting.com/login
------------------------------ Captured log setup ------------------------------
INFO     tests.test_signup_login.conftest:conftest.py:78 Starting test with Chrome browser
INFO     WDM:logger.py:11 ====== WebDriver manager ======
INFO     WDM:logger.py:11 Get LATEST chromedriver version for google-chrome
INFO     WDM:logger.py:11 Get LATEST chromedriver version for google-chrome
INFO     WDM:logger.py:11 Driver [/home/runner/.wdm/drivers/chromedriver/linux64/144.0.7559.96/chromedriver-linux64/chromedriver] found in cache
INFO     tests.test_signup_login.conftest:conftest.py:134 Navigated to: https://app.mochaaccounting.com/login
--------------------------- Captured stderr teardown ---------------------------
2026-01-22 04:35:23,267 - INFO - Closing browser
---------------------------- Captured log teardown -----------------------------
INFO     tests.test_signup_login.conftest:conftest.py:144 Closing browser
_____________________ test_invalid_email_login[username1] ______________________

sign_login_setup = <selenium.webdriver.chrome.webdriver.WebDriver (session="e113e0decbbb8b6f5895412131ba05fe")>
login_test_data = {'expected_password_validation': 'Password is required', 'expected_username_validation': 'Email is required.', 'expect...ect_email_verification_msg': "Please check your email address. If you don't have an account, you can create one.", ...}
username = ('payeryash@1gmail.com',)

    @pytest.mark.parametrize("username", zip(invalid_username))
    def test_invalid_email_login(sign_login_setup, login_test_data,username):
        driver= sign_login_setup
        login_page = LoginPage(driver)
        login_page.enter_username(username)
        #login_page.enter_password(password)
        login_page.click_loginbutton()
>       login_page.incorrect_email_validation(login_test_data)

tests/test_signup_login/test_login.py:42: 
_ _ _ _ _ _ _ _ _ _ _ _ _ _ _ _ _ _ _ _ _ _ _ _ _ _ _ _ _ _ _ _ _ _ _ _ _ _ _ _ 

self = <pages.login_page.LoginPage object at 0x7f19534f7890>
login_test_data = {'expected_password_validation': 'Password is required', 'expected_username_validation': 'Email is required.', 'expect...ect_email_verification_msg': "Please check your email address. If you don't have an account, you can create one.", ...}

    def incorrect_email_validation(self,login_test_data):
>       self.actions.wait_for_element(self.incorrect_email_verification_msg)

pages/login_page.py:87: 
_ _ _ _ _ _ _ _ _ _ _ _ _ _ _ _ _ _ _ _ _ _ _ _ _ _ _ _ _ _ _ _ _ _ _ _ _ _ _ _ 

self = <actions.actions.Actions object at 0x7f19534f7d10>
locator = ('xpath', "//p[@class='text-white' and contains(text(),'Please check your email address')]")
timeout = 100

    def wait_for_element(self, locator, timeout=100):
>       WebDriverWait(self.driver, timeout).until(EC.visibility_of_element_located(locator))

actions/actions.py:87: 
_ _ _ _ _ _ _ _ _ _ _ _ _ _ _ _ _ _ _ _ _ _ _ _ _ _ _ _ _ _ _ _ _ _ _ _ _ _ _ _ 

self = <selenium.webdriver.support.wait.WebDriverWait (session="e113e0decbbb8b6f5895412131ba05fe")>
method = <function visibility_of_element_located.<locals>._predicate at 0x7f1953476520>
message = ''

    def until(self, method: Callable[[D], Union[Literal[False], T]], message: str = "") -> T:
        """Wait until the method returns a value that is not False.
    
        Calls the method provided with the driver as an argument until the
        return value does not evaluate to ``False``.
    
        Parameters:
        ----------
        method: callable(WebDriver)
            - A callable object that takes a WebDriver instance as an argument.
    
        message: str
            - Optional message for :exc:`TimeoutException`
    
        Return:
        -------
        object: T
            - The result of the last call to `method`
    
        Raises:
        -------
        TimeoutException
            - If 'method' does not return a truthy value within the WebDriverWait
            object's timeout
    
        Example:
        --------
        >>> from selenium.webdriver.common.by import By
        >>> from selenium.webdriver.support.ui import WebDriverWait
        >>> from selenium.webdriver.support import expected_conditions as EC
    
        # Wait until an element is visible on the page
        >>> wait = WebDriverWait(driver, 10)
        >>> element = wait.until(EC.visibility_of_element_located((By.ID, "exampleId")))
        >>> print(element.text)
        """
        screen = None
        stacktrace = None
    
        end_time = time.monotonic() + self._timeout
        while True:
            try:
                value = method(self._driver)
                if value:
                    return value
            except self._ignored_exceptions as exc:
                screen = getattr(exc, "screen", None)
                stacktrace = getattr(exc, "stacktrace", None)
            if time.monotonic() > end_time:
                break
            time.sleep(self._poll)
>       raise TimeoutException(message, screen, stacktrace)
E       selenium.common.exceptions.TimeoutException: Message: 
E       Stacktrace:
E       #0 0x5565621d6afa <unknown>
E       #1 0x556561bf060f <unknown>
E       #2 0x556561c45a16 <unknown>
E       #3 0x556561c45c51 <unknown>
E       #4 0x556561c91404 <unknown>
E       #5 0x556561c8e62b <unknown>
E       #6 0x556561c37842 <unknown>
E       #7 0x556561c38631 <unknown>
E       #8 0x55656219c689 <unknown>
E       #9 0x55656219f581 <unknown>
E       #10 0x556562188ca9 <unknown>
E       #11 0x5565621a013e <unknown>
E       #12 0x55656216f3a0 <unknown>
E       #13 0x5565621c3fc8 <unknown>
E       #14 0x5565621c419b <unknown>
E       #15 0x5565621d5e68 <unknown>
E       #16 0x7f8a44a9caa4 <unknown>
E       #17 0x7f8a44b29c6c <unknown>

/opt/hostedtoolcache/Python/3.13.11/x64/lib/python3.13/site-packages/selenium/webdriver/support/wait.py:146: TimeoutException
---------------------------- Captured stderr setup -----------------------------
2026-01-22 04:35:23,371 - INFO - Starting test with Chrome browser
2026-01-22 04:35:23,371 - INFO - ====== WebDriver manager ======
2026-01-22 04:35:23,438 - INFO - Get LATEST chromedriver version for google-chrome
2026-01-22 04:35:23,554 - INFO - Get LATEST chromedriver version for google-chrome
2026-01-22 04:35:23,630 - INFO - Driver [/home/runner/.wdm/drivers/chromedriver/linux64/144.0.7559.96/chromedriver-linux64/chromedriver] found in cache
2026-01-22 04:35:25,363 - INFO - Navigated to: https://app.mochaaccounting.com/login
------------------------------ Captured log setup ------------------------------
INFO     tests.test_signup_login.conftest:conftest.py:78 Starting test with Chrome browser
INFO     WDM:logger.py:11 ====== WebDriver manager ======
INFO     WDM:logger.py:11 Get LATEST chromedriver version for google-chrome
INFO     WDM:logger.py:11 Get LATEST chromedriver version for google-chrome
INFO     WDM:logger.py:11 Driver [/home/runner/.wdm/drivers/chromedriver/linux64/144.0.7559.96/chromedriver-linux64/chromedriver] found in cache
INFO     tests.test_signup_login.conftest:conftest.py:134 Navigated to: https://app.mochaaccounting.com/login
--------------------------- Captured stderr teardown ---------------------------
2026-01-22 04:37:12,107 - INFO - Closing browser
---------------------------- Captured log teardown -----------------------------
INFO     tests.test_signup_login.conftest:conftest.py:144 Closing browser
_____________________ test_invalid_email_login[username2] ______________________

sign_login_setup = <selenium.webdriver.chrome.webdriver.WebDriver (session="be1e7904e731613da279358eb04d6b80")>
login_test_data = {'expected_password_validation': 'Password is required', 'expected_username_validation': 'Email is required.', 'expect...ect_email_verification_msg': "Please check your email address. If you don't have an account, you can create one.", ...}
username = ('payerash10@gmail.com',)

    @pytest.mark.parametrize("username", zip(invalid_username))
    def test_invalid_email_login(sign_login_setup, login_test_data,username):
        driver= sign_login_setup
        login_page = LoginPage(driver)
        login_page.enter_username(username)
        #login_page.enter_password(password)
        login_page.click_loginbutton()
>       login_page.incorrect_email_validation(login_test_data)

tests/test_signup_login/test_login.py:42: 
_ _ _ _ _ _ _ _ _ _ _ _ _ _ _ _ _ _ _ _ _ _ _ _ _ _ _ _ _ _ _ _ _ _ _ _ _ _ _ _ 

self = <pages.login_page.LoginPage object at 0x7f195355c050>
login_test_data = {'expected_password_validation': 'Password is required', 'expected_username_validation': 'Email is required.', 'expect...ect_email_verification_msg': "Please check your email address. If you don't have an account, you can create one.", ...}

    def incorrect_email_validation(self,login_test_data):
>       self.actions.wait_for_element(self.incorrect_email_verification_msg)

pages/login_page.py:87: 
_ _ _ _ _ _ _ _ _ _ _ _ _ _ _ _ _ _ _ _ _ _ _ _ _ _ _ _ _ _ _ _ _ _ _ _ _ _ _ _ 

self = <actions.actions.Actions object at 0x7f195355c160>
locator = ('xpath', "//p[@class='text-white' and contains(text(),'Please check your email address')]")
timeout = 100

    def wait_for_element(self, locator, timeout=100):
>       WebDriverWait(self.driver, timeout).until(EC.visibility_of_element_located(locator))

actions/actions.py:87: 
_ _ _ _ _ _ _ _ _ _ _ _ _ _ _ _ _ _ _ _ _ _ _ _ _ _ _ _ _ _ _ _ _ _ _ _ _ _ _ _ 

self = <selenium.webdriver.support.wait.WebDriverWait (session="be1e7904e731613da279358eb04d6b80")>
method = <function visibility_of_element_located.<locals>._predicate at 0x7f1953476980>
message = ''

    def until(self, method: Callable[[D], Union[Literal[False], T]], message: str = "") -> T:
        """Wait until the method returns a value that is not False.
    
        Calls the method provided with the driver as an argument until the
        return value does not evaluate to ``False``.
    
        Parameters:
        ----------
        method: callable(WebDriver)
            - A callable object that takes a WebDriver instance as an argument.
    
        message: str
            - Optional message for :exc:`TimeoutException`
    
        Return:
        -------
        object: T
            - The result of the last call to `method`
    
        Raises:
        -------
        TimeoutException
            - If 'method' does not return a truthy value within the WebDriverWait
            object's timeout
    
        Example:
        --------
        >>> from selenium.webdriver.common.by import By
        >>> from selenium.webdriver.support.ui import WebDriverWait
        >>> from selenium.webdriver.support import expected_conditions as EC
    
        # Wait until an element is visible on the page
        >>> wait = WebDriverWait(driver, 10)
        >>> element = wait.until(EC.visibility_of_element_located((By.ID, "exampleId")))
        >>> print(element.text)
        """
        screen = None
        stacktrace = None
    
        end_time = time.monotonic() + self._timeout
        while True:
            try:
                value = method(self._driver)
                if value:
                    return value
            except self._ignored_exceptions as exc:
                screen = getattr(exc, "screen", None)
                stacktrace = getattr(exc, "stacktrace", None)
            if time.monotonic() > end_time:
                break
            time.sleep(self._poll)
>       raise TimeoutException(message, screen, stacktrace)
E       selenium.common.exceptions.TimeoutException: Message: 
E       Stacktrace:
E       #0 0x55a495662afa <unknown>
E       #1 0x55a49507c60f <unknown>
E       #2 0x55a4950d1a16 <unknown>
E       #3 0x55a4950d1c51 <unknown>
E       #4 0x55a49511d404 <unknown>
E       #5 0x55a49511a62b <unknown>
E       #6 0x55a4950c3842 <unknown>
E       #7 0x55a4950c4631 <unknown>
E       #8 0x55a495628689 <unknown>
E       #9 0x55a49562b581 <unknown>
E       #10 0x55a495614ca9 <unknown>
E       #11 0x55a49562c13e <unknown>
E       #12 0x55a4955fb3a0 <unknown>
E       #13 0x55a49564ffc8 <unknown>
E       #14 0x55a49565019b <unknown>
E       #15 0x55a495661e68 <unknown>
E       #16 0x7feb2e29caa4 <unknown>
E       #17 0x7feb2e329c6c <unknown>

/opt/hostedtoolcache/Python/3.13.11/x64/lib/python3.13/site-packages/selenium/webdriver/support/wait.py:146: TimeoutException
---------------------------- Captured stderr setup -----------------------------
2026-01-22 04:37:12,210 - INFO - Starting test with Chrome browser
2026-01-22 04:37:12,210 - INFO - ====== WebDriver manager ======
2026-01-22 04:37:12,275 - INFO - Get LATEST chromedriver version for google-chrome
2026-01-22 04:37:12,342 - INFO - Get LATEST chromedriver version for google-chrome
2026-01-22 04:37:12,397 - INFO - Driver [/home/runner/.wdm/drivers/chromedriver/linux64/144.0.7559.96/chromedriver-linux64/chromedriver] found in cache
2026-01-22 04:37:14,055 - INFO - Navigated to: https://app.mochaaccounting.com/login
------------------------------ Captured log setup ------------------------------
INFO     tests.test_signup_login.conftest:conftest.py:78 Starting test with Chrome browser
INFO     WDM:logger.py:11 ====== WebDriver manager ======
INFO     WDM:logger.py:11 Get LATEST chromedriver version for google-chrome
INFO     WDM:logger.py:11 Get LATEST chromedriver version for google-chrome
INFO     WDM:logger.py:11 Driver [/home/runner/.wdm/drivers/chromedriver/linux64/144.0.7559.96/chromedriver-linux64/chromedriver] found in cache
INFO     tests.test_signup_login.conftest:conftest.py:134 Navigated to: https://app.mochaaccounting.com/login
--------------------------- Captured stderr teardown ---------------------------
2026-01-22 04:39:00,302 - INFO - Closing browser
---------------------------- Captured log teardown -----------------------------
INFO     tests.test_signup_login.conftest:conftest.py:144 Closing browser
_____________________ test_invalid_email_login[username3] ______________________

sign_login_setup = <selenium.webdriver.chrome.webdriver.WebDriver (session="f8e8557865d94605a677f34d8a7d535b")>
login_test_data = {'expected_password_validation': 'Password is required', 'expected_username_validation': 'Email is required.', 'expect...ect_email_verification_msg': "Please check your email address. If you don't have an account, you can create one.", ...}
username = ('payer@gmail.com',)

    @pytest.mark.parametrize("username", zip(invalid_username))
    def test_invalid_email_login(sign_login_setup, login_test_data,username):
        driver= sign_login_setup
        login_page = LoginPage(driver)
        login_page.enter_username(username)
        #login_page.enter_password(password)
        login_page.click_loginbutton()
>       login_page.incorrect_email_validation(login_test_data)

tests/test_signup_login/test_login.py:42: 
_ _ _ _ _ _ _ _ _ _ _ _ _ _ _ _ _ _ _ _ _ _ _ _ _ _ _ _ _ _ _ _ _ _ _ _ _ _ _ _ 

self = <pages.login_page.LoginPage object at 0x7f195355d480>
login_test_data = {'expected_password_validation': 'Password is required', 'expected_username_validation': 'Email is required.', 'expect...ect_email_verification_msg': "Please check your email address. If you don't have an account, you can create one.", ...}

    def incorrect_email_validation(self,login_test_data):
>       self.actions.wait_for_element(self.incorrect_email_verification_msg)

pages/login_page.py:87: 
_ _ _ _ _ _ _ _ _ _ _ _ _ _ _ _ _ _ _ _ _ _ _ _ _ _ _ _ _ _ _ _ _ _ _ _ _ _ _ _ 

self = <actions.actions.Actions object at 0x7f195355d590>
locator = ('xpath', "//p[@class='text-white' and contains(text(),'Please check your email address')]")
timeout = 100

    def wait_for_element(self, locator, timeout=100):
>       WebDriverWait(self.driver, timeout).until(EC.visibility_of_element_located(locator))

actions/actions.py:87: 
_ _ _ _ _ _ _ _ _ _ _ _ _ _ _ _ _ _ _ _ _ _ _ _ _ _ _ _ _ _ _ _ _ _ _ _ _ _ _ _ 

self = <selenium.webdriver.support.wait.WebDriverWait (session="f8e8557865d94605a677f34d8a7d535b")>
method = <function visibility_of_element_located.<locals>._predicate at 0x7f1953476d40>
message = ''

    def until(self, method: Callable[[D], Union[Literal[False], T]], message: str = "") -> T:
        """Wait until the method returns a value that is not False.
    
        Calls the method provided with the driver as an argument until the
        return value does not evaluate to ``False``.
    
        Parameters:
        ----------
        method: callable(WebDriver)
            - A callable object that takes a WebDriver instance as an argument.
    
        message: str
            - Optional message for :exc:`TimeoutException`
    
        Return:
        -------
        object: T
            - The result of the last call to `method`
    
        Raises:
        -------
        TimeoutException
            - If 'method' does not return a truthy value within the WebDriverWait
            object's timeout
    
        Example:
        --------
        >>> from selenium.webdriver.common.by import By
        >>> from selenium.webdriver.support.ui import WebDriverWait
        >>> from selenium.webdriver.support import expected_conditions as EC
    
        # Wait until an element is visible on the page
        >>> wait = WebDriverWait(driver, 10)
        >>> element = wait.until(EC.visibility_of_element_located((By.ID, "exampleId")))
        >>> print(element.text)
        """
        screen = None
        stacktrace = None
    
        end_time = time.monotonic() + self._timeout
        while True:
            try:
                value = method(self._driver)
                if value:
                    return value
            except self._ignored_exceptions as exc:
                screen = getattr(exc, "screen", None)
                stacktrace = getattr(exc, "stacktrace", None)
            if time.monotonic() > end_time:
                break
            time.sleep(self._poll)
>       raise TimeoutException(message, screen, stacktrace)
E       selenium.common.exceptions.TimeoutException: Message: 
E       Stacktrace:
E       #0 0x55adc392bafa <unknown>
E       #1 0x55adc334560f <unknown>
E       #2 0x55adc339aa16 <unknown>
E       #3 0x55adc339ac51 <unknown>
E       #4 0x55adc33e6404 <unknown>
E       #5 0x55adc33e362b <unknown>
E       #6 0x55adc338c842 <unknown>
E       #7 0x55adc338d631 <unknown>
E       #8 0x55adc38f1689 <unknown>
E       #9 0x55adc38f4581 <unknown>
E       #10 0x55adc38ddca9 <unknown>
E       #11 0x55adc38f513e <unknown>
E       #12 0x55adc38c43a0 <unknown>
E       #13 0x55adc3918fc8 <unknown>
E       #14 0x55adc391919b <unknown>
E       #15 0x55adc392ae68 <unknown>
E       #16 0x7f657709caa4 <unknown>
E       #17 0x7f6577129c6c <unknown>

/opt/hostedtoolcache/Python/3.13.11/x64/lib/python3.13/site-packages/selenium/webdriver/support/wait.py:146: TimeoutException
---------------------------- Captured stderr setup -----------------------------
2026-01-22 04:39:01,402 - INFO - Starting test with Chrome browser
2026-01-22 04:39:01,402 - INFO - ====== WebDriver manager ======
2026-01-22 04:39:01,468 - INFO - Get LATEST chromedriver version for google-chrome
2026-01-22 04:39:01,544 - INFO - Get LATEST chromedriver version for google-chrome
2026-01-22 04:39:01,599 - INFO - Driver [/home/runner/.wdm/drivers/chromedriver/linux64/144.0.7559.96/chromedriver-linux64/chromedriver] found in cache
2026-01-22 04:39:02,525 - INFO - Navigated to: https://app.mochaaccounting.com/login
------------------------------ Captured log setup ------------------------------
INFO     tests.test_signup_login.conftest:conftest.py:78 Starting test with Chrome browser
INFO     WDM:logger.py:11 ====== WebDriver manager ======
INFO     WDM:logger.py:11 Get LATEST chromedriver version for google-chrome
INFO     WDM:logger.py:11 Get LATEST chromedriver version for google-chrome
INFO     WDM:logger.py:11 Driver [/home/runner/.wdm/drivers/chromedriver/linux64/144.0.7559.96/chromedriver-linux64/chromedriver] found in cache
INFO     tests.test_signup_login.conftest:conftest.py:134 Navigated to: https://app.mochaaccounting.com/login
--------------------------- Captured stderr teardown ---------------------------
2026-01-22 04:40:49,081 - INFO - Closing browser
---------------------------- Captured log teardown -----------------------------
INFO     tests.test_signup_login.conftest:conftest.py:144 Closing browser
________________________ test_blank_password_validation ________________________

sign_login_setup = <selenium.webdriver.chrome.webdriver.WebDriver (session="876d5dbab46e4488f1061671217fdc66")>
login_test_data = {'expected_password_validation': 'Password is required', 'expected_username_validation': 'Email is required.', 'expect...ect_email_verification_msg': "Please check your email address. If you don't have an account, you can create one.", ...}

    def test_blank_password_validation(sign_login_setup,login_test_data):
        driver = sign_login_setup
        login_page = LoginPage(driver)
        login_page.enter_username(valid_username[0])
        login_page.click_password()
        login_page.disabled_click_login_button()
>       login_page.password_blank_validation(login_test_data)

tests/test_signup_login/test_login.py:60: 
_ _ _ _ _ _ _ _ _ _ _ _ _ _ _ _ _ _ _ _ _ _ _ _ _ _ _ _ _ _ _ _ _ _ _ _ _ _ _ _ 

self = <pages.login_page.LoginPage object at 0x7f195538d050>
login_test_data = {'expected_password_validation': 'Password is required', 'expected_username_validation': 'Email is required.', 'expect...ect_email_verification_msg': "Please check your email address. If you don't have an account, you can create one.", ...}

    def password_blank_validation(self, login_test_data):
        #self.actions.wait_for_element(self.password_validation)
        expected_p_validation = login_test_data["expected_password_validation"]
>       actual_p_validation = self.actions.get_text(self.blank_password_error_msg)

pages/login_page.py:83: 
_ _ _ _ _ _ _ _ _ _ _ _ _ _ _ _ _ _ _ _ _ _ _ _ _ _ _ _ _ _ _ _ _ _ _ _ _ _ _ _ 

self = <actions.actions.Actions object at 0x7f195538d850>
locator = ('xpath', "//div[@class='error-text' and contains(text(), 'Password is required')]")

    def get_text(self, locator):
>       return self.driver.find_element(*locator).text

actions/actions.py:54: 
_ _ _ _ _ _ _ _ _ _ _ _ _ _ _ _ _ _ _ _ _ _ _ _ _ _ _ _ _ _ _ _ _ _ _ _ _ _ _ _ 

self = <selenium.webdriver.chrome.webdriver.WebDriver (session="876d5dbab46e4488f1061671217fdc66")>
by = 'xpath'
value = "//div[@class='error-text' and contains(text(), 'Password is required')]"

    def find_element(self, by=By.ID, value: Optional[str] = None) -> WebElement:
        """Find an element given a By strategy and locator.
    
        Parameters:
        ----------
        by : selenium.webdriver.common.by.By
            The locating strategy to use. Default is `By.ID`. Supported values include:
            - By.ID: Locate by element ID.
            - By.NAME: Locate by the `name` attribute.
            - By.XPATH: Locate by an XPath expression.
            - By.CSS_SELECTOR: Locate by a CSS selector.
            - By.CLASS_NAME: Locate by the `class` attribute.
            - By.TAG_NAME: Locate by the tag name (e.g., "input", "button").
            - By.LINK_TEXT: Locate a link element by its exact text.
            - By.PARTIAL_LINK_TEXT: Locate a link element by partial text match.
            - RelativeBy: Locate elements relative to a specified root element.
    
        Example:
        --------
        element = driver.find_element(By.ID, 'foo')
    
        Returns:
        -------
        WebElement
            The first matching `WebElement` found on the page.
        """
        by, value = self.locator_converter.convert(by, value)
    
        if isinstance(by, RelativeBy):
            elements = self.find_elements(by=by, value=value)
            if not elements:
                raise NoSuchElementException(f"Cannot locate relative element with: {by.root}")
            return elements[0]
    
>       return self.execute(Command.FIND_ELEMENT, {"using": by, "value": value})["value"]

/opt/hostedtoolcache/Python/3.13.11/x64/lib/python3.13/site-packages/selenium/webdriver/remote/webdriver.py:898: 
_ _ _ _ _ _ _ _ _ _ _ _ _ _ _ _ _ _ _ _ _ _ _ _ _ _ _ _ _ _ _ _ _ _ _ _ _ _ _ _ 

self = <selenium.webdriver.chrome.webdriver.WebDriver (session="876d5dbab46e4488f1061671217fdc66")>
driver_command = 'findElement'
params = {'using': 'xpath', 'value': "//div[@class='error-text' and contains(text(), 'Password is required')]"}

    def execute(self, driver_command: str, params: dict = None) -> dict:
        """Sends a command to be executed by a command.CommandExecutor.
    
        Parameters:
        ----------
        driver_command : str
            - The name of the command to execute as a string.
    
        params : dict
            - A dictionary of named Parameters to send with the command.
    
        Returns:
        --------
          dict - The command's JSON response loaded into a dictionary object.
        """
        params = self._wrap_value(params)
    
        if self.session_id:
            if not params:
                params = {"sessionId": self.session_id}
            elif "sessionId" not in params:
                params["sessionId"] = self.session_id
    
        response = self.command_executor.execute(driver_command, params)
        if response:
>           self.error_handler.check_response(response)

/opt/hostedtoolcache/Python/3.13.11/x64/lib/python3.13/site-packages/selenium/webdriver/remote/webdriver.py:429: 
_ _ _ _ _ _ _ _ _ _ _ _ _ _ _ _ _ _ _ _ _ _ _ _ _ _ _ _ _ _ _ _ _ _ _ _ _ _ _ _ 

self = <selenium.webdriver.remote.errorhandler.ErrorHandler object at 0x7f195538ce50>
response = {'status': 404, 'value': '{"value":{"error":"no such element","message":"no such element: Unable to locate element: {\...\\n#15 0x563cedc93e68 \\u003Cunknown>\\n#16 0x7f9281e9caa4 \\u003Cunknown>\\n#17 0x7f9281f29c6c \\u003Cunknown>\\n"}}'}

    def check_response(self, response: Dict[str, Any]) -> None:
        """Checks that a JSON response from the WebDriver does not have an
        error.
    
        :Args:
         - response - The JSON response from the WebDriver server as a dictionary
           object.
    
        :Raises: If the response contains an error message.
        """
        status = response.get("status", None)
        if not status or status == ErrorCode.SUCCESS:
            return
        value = None
        message = response.get("message", "")
        screen: str = response.get("screen", "")
        stacktrace = None
        if isinstance(status, int):
            value_json = response.get("value", None)
            if value_json and isinstance(value_json, str):
                import json
    
                try:
                    value = json.loads(value_json)
                    if len(value) == 1:
                        value = value["value"]
                    status = value.get("error", None)
                    if not status:
                        status = value.get("status", ErrorCode.UNKNOWN_ERROR)
                        message = value.get("value") or value.get("message")
                        if not isinstance(message, str):
                            value = message
                            message = message.get("message")
                    else:
                        message = value.get("message", None)
                except ValueError:
                    pass
    
        exception_class: Type[WebDriverException]
        e = ErrorCode()
        error_codes = [item for item in dir(e) if not item.startswith("__")]
        for error_code in error_codes:
            error_info = getattr(ErrorCode, error_code)
            if isinstance(error_info, list) and status in error_info:
                exception_class = getattr(ExceptionMapping, error_code, WebDriverException)
                break
        else:
            exception_class = WebDriverException
    
        if not value:
            value = response["value"]
        if isinstance(value, str):
            raise exception_class(value)
        if message == "" and "message" in value:
            message = value["message"]
    
        screen = None  # type: ignore[assignment]
        if "screen" in value:
            screen = value["screen"]
    
        stacktrace = None
        st_value = value.get("stackTrace") or value.get("stacktrace")
        if st_value:
            if isinstance(st_value, str):
                stacktrace = st_value.split("\n")
            else:
                stacktrace = []
                try:
                    for frame in st_value:
                        line = frame.get("lineNumber", "")
                        file = frame.get("fileName", "<anonymous>")
                        if line:
                            file = f"{file}:{line}"
                        meth = frame.get("methodName", "<anonymous>")
                        if "className" in frame:
                            meth = f"{frame['className']}.{meth}"
                        msg = "    at %s (%s)"
                        msg = msg % (meth, file)
                        stacktrace.append(msg)
                except TypeError:
                    pass
        if exception_class == UnexpectedAlertPresentException:
            alert_text = None
            if "data" in value:
                alert_text = value["data"].get("text")
            elif "alert" in value:
                alert_text = value["alert"].get("text")
            raise exception_class(message, screen, stacktrace, alert_text)  # type: ignore[call-arg]  # mypy is not smart enough here
>       raise exception_class(message, screen, stacktrace)
E       selenium.common.exceptions.NoSuchElementException: Message: no such element: Unable to locate element: {"method":"xpath","selector":"//div[@class='error-text' and contains(text(), 'Password is required')]"}
E         (Session info: chrome=144.0.7559.96); For documentation on this error, please visit: https://www.selenium.dev/documentation/webdriver/troubleshooting/errors#no-such-element-exception
E       Stacktrace:
E       #0 0x563cedc94afa <unknown>
E       #1 0x563ced6ae60f <unknown>
E       #2 0x563ced703a16 <unknown>
E       #3 0x563ced703c51 <unknown>
E       #4 0x563ced74f404 <unknown>
E       #5 0x563ced74c62b <unknown>
E       #6 0x563ced6f5842 <unknown>
E       #7 0x563ced6f6631 <unknown>
E       #8 0x563cedc5a689 <unknown>
E       #9 0x563cedc5d581 <unknown>
E       #10 0x563cedc46ca9 <unknown>
E       #11 0x563cedc5e13e <unknown>
E       #12 0x563cedc2d3a0 <unknown>
E       #13 0x563cedc81fc8 <unknown>
E       #14 0x563cedc8219b <unknown>
E       #15 0x563cedc93e68 <unknown>
E       #16 0x7f9281e9caa4 <unknown>
E       #17 0x7f9281f29c6c <unknown>

/opt/hostedtoolcache/Python/3.13.11/x64/lib/python3.13/site-packages/selenium/webdriver/remote/errorhandler.py:232: NoSuchElementException
---------------------------- Captured stderr setup -----------------------------
2026-01-22 04:40:51,317 - INFO - Starting test with Chrome browser
2026-01-22 04:40:51,317 - INFO - ====== WebDriver manager ======
2026-01-22 04:40:51,384 - INFO - Get LATEST chromedriver version for google-chrome
2026-01-22 04:40:51,439 - INFO - Get LATEST chromedriver version for google-chrome
2026-01-22 04:40:51,510 - INFO - Driver [/home/runner/.wdm/drivers/chromedriver/linux64/144.0.7559.96/chromedriver-linux64/chromedriver] found in cache
2026-01-22 04:40:52,722 - INFO - Navigated to: https://app.mochaaccounting.com/login
------------------------------ Captured log setup ------------------------------
INFO     tests.test_signup_login.conftest:conftest.py:78 Starting test with Chrome browser
INFO     WDM:logger.py:11 ====== WebDriver manager ======
INFO     WDM:logger.py:11 Get LATEST chromedriver version for google-chrome
INFO     WDM:logger.py:11 Get LATEST chromedriver version for google-chrome
INFO     WDM:logger.py:11 Driver [/home/runner/.wdm/drivers/chromedriver/linux64/144.0.7559.96/chromedriver-linux64/chromedriver] found in cache
INFO     tests.test_signup_login.conftest:conftest.py:134 Navigated to: https://app.mochaaccounting.com/login
--------------------------- Captured stderr teardown ---------------------------
2026-01-22 04:40:59,707 - INFO - Closing browser
---------------------------- Captured log teardown -----------------------------
INFO     tests.test_signup_login.conftest:conftest.py:144 Closing browser
==================================== PASSES ====================================
______ test_valid_login[yash.payer+01@mochatechnologies.com-Password@123] ______
---------------------------- Captured stderr setup -----------------------------
2026-01-22 04:31:25,538 - INFO - Starting test with Chrome browser
2026-01-22 04:31:25,538 - INFO - ====== WebDriver manager ======
2026-01-22 04:31:25,831 - INFO - Get LATEST chromedriver version for google-chrome
2026-01-22 04:31:25,948 - INFO - Get LATEST chromedriver version for google-chrome
2026-01-22 04:31:26,019 - INFO - There is no [linux64] chromedriver "144.0.7559.96" for browser google-chrome "144.0.7559" in cache
2026-01-22 04:31:26,019 - INFO - Get LATEST chromedriver version for google-chrome
2026-01-22 04:31:26,171 - INFO - WebDriver version 144.0.7559.96 selected
2026-01-22 04:31:26,176 - INFO - Modern chrome version https://storage.googleapis.com/chrome-for-testing-public/144.0.7559.96/linux64/chromedriver-linux64.zip
2026-01-22 04:31:26,176 - INFO - About to download new driver from https://storage.googleapis.com/chrome-for-testing-public/144.0.7559.96/linux64/chromedriver-linux64.zip
2026-01-22 04:31:26,269 - INFO - Driver downloading response is 200
2026-01-22 04:31:26,476 - INFO - Get LATEST chromedriver version for google-chrome
2026-01-22 04:31:26,649 - INFO - Driver has been saved in cache [/home/runner/.wdm/drivers/chromedriver/linux64/144.0.7559.96]
2026-01-22 04:31:28,863 - INFO - Navigated to: https://app.mochaaccounting.com/login
------------------------------ Captured log setup ------------------------------
INFO     tests.test_signup_login.conftest:conftest.py:78 Starting test with Chrome browser
INFO     WDM:logger.py:11 ====== WebDriver manager ======
INFO     WDM:logger.py:11 Get LATEST chromedriver version for google-chrome
INFO     WDM:logger.py:11 Get LATEST chromedriver version for google-chrome
INFO     WDM:logger.py:11 There is no [linux64] chromedriver "144.0.7559.96" for browser google-chrome "144.0.7559" in cache
INFO     WDM:logger.py:11 Get LATEST chromedriver version for google-chrome
INFO     WDM:logger.py:11 WebDriver version 144.0.7559.96 selected
INFO     WDM:logger.py:11 Modern chrome version https://storage.googleapis.com/chrome-for-testing-public/144.0.7559.96/linux64/chromedriver-linux64.zip
INFO     WDM:logger.py:11 About to download new driver from https://storage.googleapis.com/chrome-for-testing-public/144.0.7559.96/linux64/chromedriver-linux64.zip
INFO     WDM:logger.py:11 Driver downloading response is 200
INFO     WDM:logger.py:11 Get LATEST chromedriver version for google-chrome
INFO     WDM:logger.py:11 Driver has been saved in cache [/home/runner/.wdm/drivers/chromedriver/linux64/144.0.7559.96]
INFO     tests.test_signup_login.conftest:conftest.py:134 Navigated to: https://app.mochaaccounting.com/login
----------------------------- Captured stderr call -----------------------------
2026-01-22 04:31:28,864 - INFO - Starting the test case for valid credentials
2026-01-22 04:31:29,236 - INFO - User enters the email-id
2026-01-22 04:31:30,988 - INFO - User enters the password
2026-01-22 04:31:31,077 - INFO - User clicks on login button
2026-01-22 04:31:34,343 - INFO - The test case passed
------------------------------ Captured log call -------------------------------
INFO     tests.test_signup_login.test_login:test_login.py:25 Starting the test case for valid credentials
INFO     tests.test_signup_login.test_login:test_login.py:27 User enters the email-id
INFO     tests.test_signup_login.test_login:test_login.py:29 User enters the password
INFO     tests.test_signup_login.test_login:test_login.py:31 User clicks on login button
INFO     tests.test_signup_login.test_login:test_login.py:33 The test case passed
--------------------------- Captured stderr teardown ---------------------------
2026-01-22 04:31:34,343 - INFO - Closing browser
---------------------------- Captured log teardown -----------------------------
INFO     tests.test_signup_login.conftest:conftest.py:144 Closing browser
___________ test_valid_login[shubhamdabir07@gmail.com-Shubham@1234] ____________
---------------------------- Captured stderr setup -----------------------------
2026-01-22 04:33:22,899 - INFO - Starting test with Chrome browser
2026-01-22 04:33:22,899 - INFO - ====== WebDriver manager ======
2026-01-22 04:33:22,968 - INFO - Get LATEST chromedriver version for google-chrome
2026-01-22 04:33:23,025 - INFO - Get LATEST chromedriver version for google-chrome
2026-01-22 04:33:23,080 - INFO - Driver [/home/runner/.wdm/drivers/chromedriver/linux64/144.0.7559.96/chromedriver-linux64/chromedriver] found in cache
2026-01-22 04:33:24,866 - INFO - Navigated to: https://app.mochaaccounting.com/login
------------------------------ Captured log setup ------------------------------
INFO     tests.test_signup_login.conftest:conftest.py:78 Starting test with Chrome browser
INFO     WDM:logger.py:11 ====== WebDriver manager ======
INFO     WDM:logger.py:11 Get LATEST chromedriver version for google-chrome
INFO     WDM:logger.py:11 Get LATEST chromedriver version for google-chrome
INFO     WDM:logger.py:11 Driver [/home/runner/.wdm/drivers/chromedriver/linux64/144.0.7559.96/chromedriver-linux64/chromedriver] found in cache
INFO     tests.test_signup_login.conftest:conftest.py:134 Navigated to: https://app.mochaaccounting.com/login
----------------------------- Captured stderr call -----------------------------
2026-01-22 04:33:24,866 - INFO - Starting the test case for valid credentials
2026-01-22 04:33:24,992 - INFO - User enters the email-id
2026-01-22 04:33:26,735 - INFO - User enters the password
2026-01-22 04:33:26,829 - INFO - User clicks on login button
2026-01-22 04:33:29,290 - INFO - The test case passed
------------------------------ Captured log call -------------------------------
INFO     tests.test_signup_login.test_login:test_login.py:25 Starting the test case for valid credentials
INFO     tests.test_signup_login.test_login:test_login.py:27 User enters the email-id
INFO     tests.test_signup_login.test_login:test_login.py:29 User enters the password
INFO     tests.test_signup_login.test_login:test_login.py:31 User clicks on login button
INFO     tests.test_signup_login.test_login:test_login.py:33 The test case passed
--------------------------- Captured stderr teardown ---------------------------
2026-01-22 04:33:29,291 - INFO - Closing browser
---------------------------- Captured log teardown -----------------------------
INFO     tests.test_signup_login.conftest:conftest.py:144 Closing browser
______ test_valid_login[hrishikesh.shinde1607@gmail.com-Hrishikesh@1234] _______
---------------------------- Captured stderr setup -----------------------------
2026-01-22 04:33:29,358 - INFO - Starting test with Chrome browser
2026-01-22 04:33:29,358 - INFO - ====== WebDriver manager ======
2026-01-22 04:33:29,426 - INFO - Get LATEST chromedriver version for google-chrome
2026-01-22 04:33:29,494 - INFO - Get LATEST chromedriver version for google-chrome
2026-01-22 04:33:29,567 - INFO - Driver [/home/runner/.wdm/drivers/chromedriver/linux64/144.0.7559.96/chromedriver-linux64/chromedriver] found in cache
2026-01-22 04:33:31,103 - INFO - Navigated to: https://app.mochaaccounting.com/login
------------------------------ Captured log setup ------------------------------
INFO     tests.test_signup_login.conftest:conftest.py:78 Starting test with Chrome browser
INFO     WDM:logger.py:11 ====== WebDriver manager ======
INFO     WDM:logger.py:11 Get LATEST chromedriver version for google-chrome
INFO     WDM:logger.py:11 Get LATEST chromedriver version for google-chrome
INFO     WDM:logger.py:11 Driver [/home/runner/.wdm/drivers/chromedriver/linux64/144.0.7559.96/chromedriver-linux64/chromedriver] found in cache
INFO     tests.test_signup_login.conftest:conftest.py:134 Navigated to: https://app.mochaaccounting.com/login
----------------------------- Captured stderr call -----------------------------
2026-01-22 04:33:31,103 - INFO - Starting the test case for valid credentials
2026-01-22 04:33:31,235 - INFO - User enters the email-id
2026-01-22 04:33:32,871 - INFO - User enters the password
2026-01-22 04:33:32,977 - INFO - User clicks on login button
2026-01-22 04:33:35,112 - INFO - The test case passed
------------------------------ Captured log call -------------------------------
INFO     tests.test_signup_login.test_login:test_login.py:25 Starting the test case for valid credentials
INFO     tests.test_signup_login.test_login:test_login.py:27 User enters the email-id
INFO     tests.test_signup_login.test_login:test_login.py:29 User enters the password
INFO     tests.test_signup_login.test_login:test_login.py:31 User clicks on login button
INFO     tests.test_signup_login.test_login:test_login.py:33 The test case passed
--------------------------- Captured stderr teardown ---------------------------
2026-01-22 04:33:35,113 - INFO - Closing browser
---------------------------- Captured log teardown -----------------------------
INFO     tests.test_signup_login.conftest:conftest.py:144 Closing browser
________________________ test_blank_username_validation ________________________
---------------------------- Captured stderr setup -----------------------------
2026-01-22 04:40:49,182 - INFO - Starting test with Chrome browser
2026-01-22 04:40:49,182 - INFO - ====== WebDriver manager ======
2026-01-22 04:40:49,249 - INFO - Get LATEST chromedriver version for google-chrome
2026-01-22 04:40:49,322 - INFO - Get LATEST chromedriver version for google-chrome
2026-01-22 04:40:49,378 - INFO - Driver [/home/runner/.wdm/drivers/chromedriver/linux64/144.0.7559.96/chromedriver-linux64/chromedriver] found in cache
2026-01-22 04:40:51,053 - INFO - Navigated to: https://app.mochaaccounting.com/login
------------------------------ Captured log setup ------------------------------
INFO     tests.test_signup_login.conftest:conftest.py:78 Starting test with Chrome browser
INFO     WDM:logger.py:11 ====== WebDriver manager ======
INFO     WDM:logger.py:11 Get LATEST chromedriver version for google-chrome
INFO     WDM:logger.py:11 Get LATEST chromedriver version for google-chrome
INFO     WDM:logger.py:11 Driver [/home/runner/.wdm/drivers/chromedriver/linux64/144.0.7559.96/chromedriver-linux64/chromedriver] found in cache
INFO     tests.test_signup_login.conftest:conftest.py:134 Navigated to: https://app.mochaaccounting.com/login
--------------------------- Captured stderr teardown ---------------------------
2026-01-22 04:40:51,253 - INFO - Closing browser
---------------------------- Captured log teardown -----------------------------
INFO     tests.test_signup_login.conftest:conftest.py:144 Closing browser
___________________ test_invalid_email_validation[username0] ___________________
---------------------------- Captured stderr setup -----------------------------
2026-01-22 04:40:59,775 - INFO - Starting test with Chrome browser
2026-01-22 04:40:59,776 - INFO - ====== WebDriver manager ======
2026-01-22 04:40:59,842 - INFO - Get LATEST chromedriver version for google-chrome
2026-01-22 04:40:59,900 - INFO - Get LATEST chromedriver version for google-chrome
2026-01-22 04:40:59,957 - INFO - Driver [/home/runner/.wdm/drivers/chromedriver/linux64/144.0.7559.96/chromedriver-linux64/chromedriver] found in cache
2026-01-22 04:41:01,511 - INFO - Navigated to: https://app.mochaaccounting.com/login
------------------------------ Captured log setup ------------------------------
INFO     tests.test_signup_login.conftest:conftest.py:78 Starting test with Chrome browser
INFO     WDM:logger.py:11 ====== WebDriver manager ======
INFO     WDM:logger.py:11 Get LATEST chromedriver version for google-chrome
INFO     WDM:logger.py:11 Get LATEST chromedriver version for google-chrome
INFO     WDM:logger.py:11 Driver [/home/runner/.wdm/drivers/chromedriver/linux64/144.0.7559.96/chromedriver-linux64/chromedriver] found in cache
INFO     tests.test_signup_login.conftest:conftest.py:134 Navigated to: https://app.mochaaccounting.com/login
--------------------------- Captured stderr teardown ---------------------------
2026-01-22 04:41:01,757 - INFO - Closing browser
---------------------------- Captured log teardown -----------------------------
INFO     tests.test_signup_login.conftest:conftest.py:144 Closing browser
___________________ test_invalid_email_validation[username1] ___________________
---------------------------- Captured stderr setup -----------------------------
2026-01-22 04:41:01,821 - INFO - Starting test with Chrome browser
2026-01-22 04:41:01,821 - INFO - ====== WebDriver manager ======
2026-01-22 04:41:01,888 - INFO - Get LATEST chromedriver version for google-chrome
2026-01-22 04:41:01,959 - INFO - Get LATEST chromedriver version for google-chrome
2026-01-22 04:41:02,016 - INFO - Driver [/home/runner/.wdm/drivers/chromedriver/linux64/144.0.7559.96/chromedriver-linux64/chromedriver] found in cache
2026-01-22 04:41:03,558 - INFO - Navigated to: https://app.mochaaccounting.com/login
------------------------------ Captured log setup ------------------------------
INFO     tests.test_signup_login.conftest:conftest.py:78 Starting test with Chrome browser
INFO     WDM:logger.py:11 ====== WebDriver manager ======
INFO     WDM:logger.py:11 Get LATEST chromedriver version for google-chrome
INFO     WDM:logger.py:11 Get LATEST chromedriver version for google-chrome
INFO     WDM:logger.py:11 Driver [/home/runner/.wdm/drivers/chromedriver/linux64/144.0.7559.96/chromedriver-linux64/chromedriver] found in cache
INFO     tests.test_signup_login.conftest:conftest.py:134 Navigated to: https://app.mochaaccounting.com/login
--------------------------- Captured stderr teardown ---------------------------
2026-01-22 04:41:03,808 - INFO - Closing browser
---------------------------- Captured log teardown -----------------------------
INFO     tests.test_signup_login.conftest:conftest.py:144 Closing browser
___________________ test_invalid_email_validation[username2] ___________________
---------------------------- Captured stderr setup -----------------------------
2026-01-22 04:41:03,872 - INFO - Starting test with Chrome browser
2026-01-22 04:41:03,872 - INFO - ====== WebDriver manager ======
2026-01-22 04:41:03,938 - INFO - Get LATEST chromedriver version for google-chrome
2026-01-22 04:41:04,011 - INFO - Get LATEST chromedriver version for google-chrome
2026-01-22 04:41:04,074 - INFO - Driver [/home/runner/.wdm/drivers/chromedriver/linux64/144.0.7559.96/chromedriver-linux64/chromedriver] found in cache
2026-01-22 04:41:05,620 - INFO - Navigated to: https://app.mochaaccounting.com/login
------------------------------ Captured log setup ------------------------------
INFO     tests.test_signup_login.conftest:conftest.py:78 Starting test with Chrome browser
INFO     WDM:logger.py:11 ====== WebDriver manager ======
INFO     WDM:logger.py:11 Get LATEST chromedriver version for google-chrome
INFO     WDM:logger.py:11 Get LATEST chromedriver version for google-chrome
INFO     WDM:logger.py:11 Driver [/home/runner/.wdm/drivers/chromedriver/linux64/144.0.7559.96/chromedriver-linux64/chromedriver] found in cache
INFO     tests.test_signup_login.conftest:conftest.py:134 Navigated to: https://app.mochaaccounting.com/login
--------------------------- Captured stderr teardown ---------------------------
2026-01-22 04:41:05,876 - INFO - Closing browser
---------------------------- Captured log teardown -----------------------------
INFO     tests.test_signup_login.conftest:conftest.py:144 Closing browser
___________________ test_invalid_email_validation[username3] ___________________
---------------------------- Captured stderr setup -----------------------------
2026-01-22 04:41:05,940 - INFO - Starting test with Chrome browser
2026-01-22 04:41:05,940 - INFO - ====== WebDriver manager ======
2026-01-22 04:41:06,006 - INFO - Get LATEST chromedriver version for google-chrome
2026-01-22 04:41:06,077 - INFO - Get LATEST chromedriver version for google-chrome
2026-01-22 04:41:06,132 - INFO - Driver [/home/runner/.wdm/drivers/chromedriver/linux64/144.0.7559.96/chromedriver-linux64/chromedriver] found in cache
2026-01-22 04:41:07,998 - INFO - Navigated to: https://app.mochaaccounting.com/login
------------------------------ Captured log setup ------------------------------
INFO     tests.test_signup_login.conftest:conftest.py:78 Starting test with Chrome browser
INFO     WDM:logger.py:11 ====== WebDriver manager ======
INFO     WDM:logger.py:11 Get LATEST chromedriver version for google-chrome
INFO     WDM:logger.py:11 Get LATEST chromedriver version for google-chrome
INFO     WDM:logger.py:11 Driver [/home/runner/.wdm/drivers/chromedriver/linux64/144.0.7559.96/chromedriver-linux64/chromedriver] found in cache
INFO     tests.test_signup_login.conftest:conftest.py:134 Navigated to: https://app.mochaaccounting.com/login
--------------------------- Captured stderr teardown ---------------------------
2026-01-22 04:41:08,251 - INFO - Closing browser
---------------------------- Captured log teardown -----------------------------
INFO     tests.test_signup_login.conftest:conftest.py:144 Closing browser
___________________ test_invalid_email_validation[username4] ___________________
---------------------------- Captured stderr setup -----------------------------
2026-01-22 04:41:08,315 - INFO - Starting test with Chrome browser
2026-01-22 04:41:08,315 - INFO - ====== WebDriver manager ======
2026-01-22 04:41:08,381 - INFO - Get LATEST chromedriver version for google-chrome
2026-01-22 04:41:08,459 - INFO - Get LATEST chromedriver version for google-chrome
2026-01-22 04:41:08,516 - INFO - Driver [/home/runner/.wdm/drivers/chromedriver/linux64/144.0.7559.96/chromedriver-linux64/chromedriver] found in cache
2026-01-22 04:41:09,829 - INFO - Navigated to: https://app.mochaaccounting.com/login
------------------------------ Captured log setup ------------------------------
INFO     tests.test_signup_login.conftest:conftest.py:78 Starting test with Chrome browser
INFO     WDM:logger.py:11 ====== WebDriver manager ======
INFO     WDM:logger.py:11 Get LATEST chromedriver version for google-chrome
INFO     WDM:logger.py:11 Get LATEST chromedriver version for google-chrome
INFO     WDM:logger.py:11 Driver [/home/runner/.wdm/drivers/chromedriver/linux64/144.0.7559.96/chromedriver-linux64/chromedriver] found in cache
INFO     tests.test_signup_login.conftest:conftest.py:134 Navigated to: https://app.mochaaccounting.com/login
--------------------------- Captured stderr teardown ---------------------------
2026-01-22 04:41:10,089 - INFO - Closing browser
---------------------------- Captured log teardown -----------------------------
INFO     tests.test_signup_login.conftest:conftest.py:144 Closing browser
- Generated html report: file:///home/runner/work/Mocha_accounting/Mocha_accounting/C%3A%5CUsers%5CTaurus13%5CPycharmProjects%5CPythonProject%5Creports/20260122_043125/report.html -
=================== 6 failed, 9 passed in 584.71s (0:09:44) ====================
=== LOGIN TESTS COMPLETED ===
Exit Code: 1
=== LOGIN TESTS STARTED: 2026-01-22 10:37:23 ===
============================= test session starts ==============================
platform linux -- Python 3.13.11, pytest-8.3.5, pluggy-1.6.0 -- /opt/hostedtoolcache/Python/3.13.11/x64/bin/python
cachedir: .pytest_cache
metadata: {'Python': '3.13.11', 'Platform': 'Linux-6.11.0-1018-azure-x86_64-with-glibc2.39', 'Packages': {'pytest': '8.3.5', 'pluggy': '1.6.0'}, 'Plugins': {'rerunfailures': '16.1', 'Faker': '40.1.2', 'xdist': '3.8.0', 'html': '4.2.0', 'metadata': '3.1.1'}, 'CI': 'true', 'JAVA_HOME': '/usr/lib/jvm/temurin-17-jdk-amd64'}
rootdir: /home/runner/work/Mocha_accounting/Mocha_accounting
plugins: rerunfailures-16.1, Faker-40.1.2, xdist-3.8.0, html-4.2.0, metadata-3.1.1
collecting ... collected 15 items

tests/test_signup_login/test_login.py::test_valid_login[yash.payer+01@mochatechnologies.com-Password@123] PASSED [  6%]
tests/test_signup_login/test_login.py::test_valid_login[samatakamble9@gmail.com-Samata@16] FAILED [ 13%]
tests/test_signup_login/test_login.py::test_valid_login[shubhamdabir07@gmail.com-Shubham@1234] PASSED [ 20%]
tests/test_signup_login/test_login.py::test_valid_login[hrishikesh.shinde1607@gmail.com-Hrishikesh@1234] PASSED [ 26%]
tests/test_signup_login/test_login.py::test_invalid_email_login[username0] FAILED [ 33%]
tests/test_signup_login/test_login.py::test_invalid_email_login[username1] FAILED [ 40%]
tests/test_signup_login/test_login.py::test_invalid_email_login[username2] FAILED [ 46%]
tests/test_signup_login/test_login.py::test_invalid_email_login[username3] FAILED [ 53%]
tests/test_signup_login/test_login.py::test_blank_username_validation PASSED [ 60%]
tests/test_signup_login/test_login.py::test_blank_password_validation FAILED [ 66%]
tests/test_signup_login/test_login.py::test_invalid_email_validation[username0] PASSED [ 73%]
tests/test_signup_login/test_login.py::test_invalid_email_validation[username1] PASSED [ 80%]
tests/test_signup_login/test_login.py::test_invalid_email_validation[username2] PASSED [ 86%]
tests/test_signup_login/test_login.py::test_invalid_email_validation[username3] PASSED [ 93%]
tests/test_signup_login/test_login.py::test_invalid_email_validation[username4] PASSED [100%]

=================================== FAILURES ===================================
_____________ test_valid_login[samatakamble9@gmail.com-Samata@16] ______________

sign_login_setup = <selenium.webdriver.chrome.webdriver.WebDriver (session="a6a8dc6f43ed08a5107ec8d3e6463b9b")>
username = 'samatakamble9@gmail.com', password = 'Samata@16'
login_test_data = {'expected_password_validation': 'Password is required', 'expected_username_validation': 'Email is required.', 'expect...ect_email_verification_msg': "Please check your email address. If you don't have an account, you can create one.", ...}

    @pytest.mark.parametrize("username, password", zip(valid_username, valid_password))
    def test_valid_login(sign_login_setup, username, password, login_test_data):
       # expectedmessage = login_test_data['expectederrormsg']
        driver = sign_login_setup
        login_page = LoginPage(driver)
        logger.info("Starting the test case for valid credentials")
        login_page.enter_username(username)
        logger.info("User enters the email-id")
        login_page.enter_password(password)
        logger.info("User enters the password")
        login_page.click_loginbutton()
        logger.info("User clicks on login button")
>       login_page.success_login(login_test_data)

tests/test_signup_login/test_login.py:32: 
_ _ _ _ _ _ _ _ _ _ _ _ _ _ _ _ _ _ _ _ _ _ _ _ _ _ _ _ _ _ _ _ _ _ _ _ _ _ _ _ 

self = <pages.login_page.LoginPage object at 0x7fc1f7cf9d10>
login_test_data = {'expected_password_validation': 'Password is required', 'expected_username_validation': 'Email is required.', 'expect...ect_email_verification_msg': "Please check your email address. If you don't have an account, you can create one.", ...}

    def success_login(self,login_test_data):
>        self.actions.wait_for_element(self.success_msg)

pages/login_page.py:55: 
_ _ _ _ _ _ _ _ _ _ _ _ _ _ _ _ _ _ _ _ _ _ _ _ _ _ _ _ _ _ _ _ _ _ _ _ _ _ _ _ 

self = <actions.actions.Actions object at 0x7fc1f7cfb610>
locator = ('xpath', "//li[@class='breadcrumb-item active text-zoom']")
timeout = 100

    def wait_for_element(self, locator, timeout=100):
>       WebDriverWait(self.driver, timeout).until(EC.visibility_of_element_located(locator))

actions/actions.py:87: 
_ _ _ _ _ _ _ _ _ _ _ _ _ _ _ _ _ _ _ _ _ _ _ _ _ _ _ _ _ _ _ _ _ _ _ _ _ _ _ _ 

self = <selenium.webdriver.support.wait.WebDriverWait (session="a6a8dc6f43ed08a5107ec8d3e6463b9b")>
method = <function visibility_of_element_located.<locals>._predicate at 0x7fc1f7c8ff60>
message = ''

    def until(self, method: Callable[[D], Union[Literal[False], T]], message: str = "") -> T:
        """Wait until the method returns a value that is not False.
    
        Calls the method provided with the driver as an argument until the
        return value does not evaluate to ``False``.
    
        Parameters:
        ----------
        method: callable(WebDriver)
            - A callable object that takes a WebDriver instance as an argument.
    
        message: str
            - Optional message for :exc:`TimeoutException`
    
        Return:
        -------
        object: T
            - The result of the last call to `method`
    
        Raises:
        -------
        TimeoutException
            - If 'method' does not return a truthy value within the WebDriverWait
            object's timeout
    
        Example:
        --------
        >>> from selenium.webdriver.common.by import By
        >>> from selenium.webdriver.support.ui import WebDriverWait
        >>> from selenium.webdriver.support import expected_conditions as EC
    
        # Wait until an element is visible on the page
        >>> wait = WebDriverWait(driver, 10)
        >>> element = wait.until(EC.visibility_of_element_located((By.ID, "exampleId")))
        >>> print(element.text)
        """
        screen = None
        stacktrace = None
    
        end_time = time.monotonic() + self._timeout
        while True:
            try:
                value = method(self._driver)
                if value:
                    return value
            except self._ignored_exceptions as exc:
                screen = getattr(exc, "screen", None)
                stacktrace = getattr(exc, "stacktrace", None)
            if time.monotonic() > end_time:
                break
            time.sleep(self._poll)
>       raise TimeoutException(message, screen, stacktrace)
E       selenium.common.exceptions.TimeoutException: Message: 
E       Stacktrace:
E       #0 0x55d9f52aeafa <unknown>
E       #1 0x55d9f4cc860f <unknown>
E       #2 0x55d9f4d1da16 <unknown>
E       #3 0x55d9f4d1dc51 <unknown>
E       #4 0x55d9f4d69404 <unknown>
E       #5 0x55d9f4d6662b <unknown>
E       #6 0x55d9f4d0f842 <unknown>
E       #7 0x55d9f4d10631 <unknown>
E       #8 0x55d9f5274689 <unknown>
E       #9 0x55d9f5277581 <unknown>
E       #10 0x55d9f5260ca9 <unknown>
E       #11 0x55d9f527813e <unknown>
E       #12 0x55d9f52473a0 <unknown>
E       #13 0x55d9f529bfc8 <unknown>
E       #14 0x55d9f529c19b <unknown>
E       #15 0x55d9f52ade68 <unknown>
E       #16 0x7fb9d889caa4 <unknown>
E       #17 0x7fb9d8929c6c <unknown>

/opt/hostedtoolcache/Python/3.13.11/x64/lib/python3.13/site-packages/selenium/webdriver/support/wait.py:146: TimeoutException
---------------------------- Captured stderr setup -----------------------------
2026-01-22 10:37:36,673 - INFO - Starting test with Chrome browser
2026-01-22 10:37:36,673 - INFO - ====== WebDriver manager ======
2026-01-22 10:37:36,737 - INFO - Get LATEST chromedriver version for google-chrome
2026-01-22 10:37:36,798 - INFO - Get LATEST chromedriver version for google-chrome
2026-01-22 10:37:36,875 - INFO - Driver [/home/runner/.wdm/drivers/chromedriver/linux64/144.0.7559.96/chromedriver-linux64/chromedriver] found in cache
2026-01-22 10:37:38,652 - INFO - Navigated to: https://app.mochaaccounting.com/login
------------------------------ Captured log setup ------------------------------
INFO     tests.test_signup_login.conftest:conftest.py:78 Starting test with Chrome browser
INFO     WDM:logger.py:11 ====== WebDriver manager ======
INFO     WDM:logger.py:11 Get LATEST chromedriver version for google-chrome
INFO     WDM:logger.py:11 Get LATEST chromedriver version for google-chrome
INFO     WDM:logger.py:11 Driver [/home/runner/.wdm/drivers/chromedriver/linux64/144.0.7559.96/chromedriver-linux64/chromedriver] found in cache
INFO     tests.test_signup_login.conftest:conftest.py:134 Navigated to: https://app.mochaaccounting.com/login
----------------------------- Captured stderr call -----------------------------
2026-01-22 10:37:38,652 - INFO - Starting the test case for valid credentials
2026-01-22 10:37:38,767 - INFO - User enters the email-id
2026-01-22 10:37:40,378 - INFO - User enters the password
2026-01-22 10:37:40,465 - INFO - User clicks on login button
------------------------------ Captured log call -------------------------------
INFO     tests.test_signup_login.test_login:test_login.py:25 Starting the test case for valid credentials
INFO     tests.test_signup_login.test_login:test_login.py:27 User enters the email-id
INFO     tests.test_signup_login.test_login:test_login.py:29 User enters the password
INFO     tests.test_signup_login.test_login:test_login.py:31 User clicks on login button
--------------------------- Captured stderr teardown ---------------------------
2026-01-22 10:39:25,377 - INFO - Closing browser
---------------------------- Captured log teardown -----------------------------
INFO     tests.test_signup_login.conftest:conftest.py:144 Closing browser
_____________________ test_invalid_email_login[username0] ______________________

sign_login_setup = <selenium.webdriver.chrome.webdriver.WebDriver (session="241ac01a267343e91452ece93f0c4bb0")>
login_test_data = {'expected_password_validation': 'Password is required', 'expected_username_validation': 'Email is required.', 'expect...ect_email_verification_msg': "Please check your email address. If you don't have an account, you can create one.", ...}
username = ('yash10@gmail.com',)

    @pytest.mark.parametrize("username", zip(invalid_username))
    def test_invalid_email_login(sign_login_setup, login_test_data,username):
        driver= sign_login_setup
        login_page = LoginPage(driver)
        login_page.enter_username(username)
        #login_page.enter_password(password)
        login_page.click_loginbutton()
>       login_page.incorrect_email_validation(login_test_data)

tests/test_signup_login/test_login.py:42: 
_ _ _ _ _ _ _ _ _ _ _ _ _ _ _ _ _ _ _ _ _ _ _ _ _ _ _ _ _ _ _ _ _ _ _ _ _ _ _ _ 

self = <pages.login_page.LoginPage object at 0x7fc1f9a13820>
login_test_data = {'expected_password_validation': 'Password is required', 'expected_username_validation': 'Email is required.', 'expect...ect_email_verification_msg': "Please check your email address. If you don't have an account, you can create one.", ...}

    def incorrect_email_validation(self,login_test_data):
>       self.actions.wait_for_element(self.incorrect_email_verification_msg)

pages/login_page.py:87: 
_ _ _ _ _ _ _ _ _ _ _ _ _ _ _ _ _ _ _ _ _ _ _ _ _ _ _ _ _ _ _ _ _ _ _ _ _ _ _ _ 

self = <actions.actions.Actions object at 0x7fc1f7d543e0>
locator = ('xpath', "//p[@class='text-white' and contains(text(),'Please check your email address')]")
timeout = 100

    def wait_for_element(self, locator, timeout=100):
>       WebDriverWait(self.driver, timeout).until(EC.visibility_of_element_located(locator))

actions/actions.py:87: 
_ _ _ _ _ _ _ _ _ _ _ _ _ _ _ _ _ _ _ _ _ _ _ _ _ _ _ _ _ _ _ _ _ _ _ _ _ _ _ _ 

self = <selenium.webdriver.support.wait.WebDriverWait (session="241ac01a267343e91452ece93f0c4bb0")>
method = <function visibility_of_element_located.<locals>._predicate at 0x7fc1f7cce480>
message = ''

    def until(self, method: Callable[[D], Union[Literal[False], T]], message: str = "") -> T:
        """Wait until the method returns a value that is not False.
    
        Calls the method provided with the driver as an argument until the
        return value does not evaluate to ``False``.
    
        Parameters:
        ----------
        method: callable(WebDriver)
            - A callable object that takes a WebDriver instance as an argument.
    
        message: str
            - Optional message for :exc:`TimeoutException`
    
        Return:
        -------
        object: T
            - The result of the last call to `method`
    
        Raises:
        -------
        TimeoutException
            - If 'method' does not return a truthy value within the WebDriverWait
            object's timeout
    
        Example:
        --------
        >>> from selenium.webdriver.common.by import By
        >>> from selenium.webdriver.support.ui import WebDriverWait
        >>> from selenium.webdriver.support import expected_conditions as EC
    
        # Wait until an element is visible on the page
        >>> wait = WebDriverWait(driver, 10)
        >>> element = wait.until(EC.visibility_of_element_located((By.ID, "exampleId")))
        >>> print(element.text)
        """
        screen = None
        stacktrace = None
    
        end_time = time.monotonic() + self._timeout
        while True:
            try:
                value = method(self._driver)
                if value:
                    return value
            except self._ignored_exceptions as exc:
                screen = getattr(exc, "screen", None)
                stacktrace = getattr(exc, "stacktrace", None)
            if time.monotonic() > end_time:
                break
            time.sleep(self._poll)
>       raise TimeoutException(message, screen, stacktrace)
E       selenium.common.exceptions.TimeoutException: Message: 
E       Stacktrace:
E       #0 0x557360d70afa <unknown>
E       #1 0x55736078a60f <unknown>
E       #2 0x5573607dfa16 <unknown>
E       #3 0x5573607dfc51 <unknown>
E       #4 0x55736082b404 <unknown>
E       #5 0x55736082862b <unknown>
E       #6 0x5573607d1842 <unknown>
E       #7 0x5573607d2631 <unknown>
E       #8 0x557360d36689 <unknown>
E       #9 0x557360d39581 <unknown>
E       #10 0x557360d22ca9 <unknown>
E       #11 0x557360d3a13e <unknown>
E       #12 0x557360d093a0 <unknown>
E       #13 0x557360d5dfc8 <unknown>
E       #14 0x557360d5e19b <unknown>
E       #15 0x557360d6fe68 <unknown>
E       #16 0x7f8ff649caa4 <unknown>
E       #17 0x7f8ff6529c6c <unknown>

/opt/hostedtoolcache/Python/3.13.11/x64/lib/python3.13/site-packages/selenium/webdriver/support/wait.py:146: TimeoutException
---------------------------- Captured stderr setup -----------------------------
2026-01-22 10:39:38,546 - INFO - Starting test with Chrome browser
2026-01-22 10:39:38,546 - INFO - ====== WebDriver manager ======
2026-01-22 10:39:38,611 - INFO - Get LATEST chromedriver version for google-chrome
2026-01-22 10:39:38,672 - INFO - Get LATEST chromedriver version for google-chrome
2026-01-22 10:39:38,724 - INFO - Driver [/home/runner/.wdm/drivers/chromedriver/linux64/144.0.7559.96/chromedriver-linux64/chromedriver] found in cache
2026-01-22 10:39:40,688 - INFO - Navigated to: https://app.mochaaccounting.com/login
------------------------------ Captured log setup ------------------------------
INFO     tests.test_signup_login.conftest:conftest.py:78 Starting test with Chrome browser
INFO     WDM:logger.py:11 ====== WebDriver manager ======
INFO     WDM:logger.py:11 Get LATEST chromedriver version for google-chrome
INFO     WDM:logger.py:11 Get LATEST chromedriver version for google-chrome
INFO     WDM:logger.py:11 Driver [/home/runner/.wdm/drivers/chromedriver/linux64/144.0.7559.96/chromedriver-linux64/chromedriver] found in cache
INFO     tests.test_signup_login.conftest:conftest.py:134 Navigated to: https://app.mochaaccounting.com/login
--------------------------- Captured stderr teardown ---------------------------
2026-01-22 10:41:27,336 - INFO - Closing browser
---------------------------- Captured log teardown -----------------------------
INFO     tests.test_signup_login.conftest:conftest.py:144 Closing browser
_____________________ test_invalid_email_login[username1] ______________________

sign_login_setup = <selenium.webdriver.chrome.webdriver.WebDriver (session="3950fc4dcb4f8cec62314dc9a9955117")>
login_test_data = {'expected_password_validation': 'Password is required', 'expected_username_validation': 'Email is required.', 'expect...ect_email_verification_msg': "Please check your email address. If you don't have an account, you can create one.", ...}
username = ('payeryash@1gmail.com',)

    @pytest.mark.parametrize("username", zip(invalid_username))
    def test_invalid_email_login(sign_login_setup, login_test_data,username):
        driver= sign_login_setup
        login_page = LoginPage(driver)
        login_page.enter_username(username)
        #login_page.enter_password(password)
        login_page.click_loginbutton()
>       login_page.incorrect_email_validation(login_test_data)

tests/test_signup_login/test_login.py:42: 
_ _ _ _ _ _ _ _ _ _ _ _ _ _ _ _ _ _ _ _ _ _ _ _ _ _ _ _ _ _ _ _ _ _ _ _ _ _ _ _ 

self = <pages.login_page.LoginPage object at 0x7fc1f7cf7890>
login_test_data = {'expected_password_validation': 'Password is required', 'expected_username_validation': 'Email is required.', 'expect...ect_email_verification_msg': "Please check your email address. If you don't have an account, you can create one.", ...}

    def incorrect_email_validation(self,login_test_data):
>       self.actions.wait_for_element(self.incorrect_email_verification_msg)

pages/login_page.py:87: 
_ _ _ _ _ _ _ _ _ _ _ _ _ _ _ _ _ _ _ _ _ _ _ _ _ _ _ _ _ _ _ _ _ _ _ _ _ _ _ _ 

self = <actions.actions.Actions object at 0x7fc1f7cf7d10>
locator = ('xpath', "//p[@class='text-white' and contains(text(),'Please check your email address')]")
timeout = 100

    def wait_for_element(self, locator, timeout=100):
>       WebDriverWait(self.driver, timeout).until(EC.visibility_of_element_located(locator))

actions/actions.py:87: 
_ _ _ _ _ _ _ _ _ _ _ _ _ _ _ _ _ _ _ _ _ _ _ _ _ _ _ _ _ _ _ _ _ _ _ _ _ _ _ _ 

self = <selenium.webdriver.support.wait.WebDriverWait (session="3950fc4dcb4f8cec62314dc9a9955117")>
method = <function visibility_of_element_located.<locals>._predicate at 0x7fc1f7cce520>
message = ''

    def until(self, method: Callable[[D], Union[Literal[False], T]], message: str = "") -> T:
        """Wait until the method returns a value that is not False.
    
        Calls the method provided with the driver as an argument until the
        return value does not evaluate to ``False``.
    
        Parameters:
        ----------
        method: callable(WebDriver)
            - A callable object that takes a WebDriver instance as an argument.
    
        message: str
            - Optional message for :exc:`TimeoutException`
    
        Return:
        -------
        object: T
            - The result of the last call to `method`
    
        Raises:
        -------
        TimeoutException
            - If 'method' does not return a truthy value within the WebDriverWait
            object's timeout
    
        Example:
        --------
        >>> from selenium.webdriver.common.by import By
        >>> from selenium.webdriver.support.ui import WebDriverWait
        >>> from selenium.webdriver.support import expected_conditions as EC
    
        # Wait until an element is visible on the page
        >>> wait = WebDriverWait(driver, 10)
        >>> element = wait.until(EC.visibility_of_element_located((By.ID, "exampleId")))
        >>> print(element.text)
        """
        screen = None
        stacktrace = None
    
        end_time = time.monotonic() + self._timeout
        while True:
            try:
                value = method(self._driver)
                if value:
                    return value
            except self._ignored_exceptions as exc:
                screen = getattr(exc, "screen", None)
                stacktrace = getattr(exc, "stacktrace", None)
            if time.monotonic() > end_time:
                break
            time.sleep(self._poll)
>       raise TimeoutException(message, screen, stacktrace)
E       selenium.common.exceptions.TimeoutException: Message: 
E       Stacktrace:
E       #0 0x55683f5b5afa <unknown>
E       #1 0x55683efcf60f <unknown>
E       #2 0x55683f024a16 <unknown>
E       #3 0x55683f024c51 <unknown>
E       #4 0x55683f070404 <unknown>
E       #5 0x55683f06d62b <unknown>
E       #6 0x55683f016842 <unknown>
E       #7 0x55683f017631 <unknown>
E       #8 0x55683f57b689 <unknown>
E       #9 0x55683f57e581 <unknown>
E       #10 0x55683f567ca9 <unknown>
E       #11 0x55683f57f13e <unknown>
E       #12 0x55683f54e3a0 <unknown>
E       #13 0x55683f5a2fc8 <unknown>
E       #14 0x55683f5a319b <unknown>
E       #15 0x55683f5b4e68 <unknown>
E       #16 0x7f1954c9caa4 <unknown>
E       #17 0x7f1954d29c6c <unknown>

/opt/hostedtoolcache/Python/3.13.11/x64/lib/python3.13/site-packages/selenium/webdriver/support/wait.py:146: TimeoutException
---------------------------- Captured stderr setup -----------------------------
2026-01-22 10:41:27,434 - INFO - Starting test with Chrome browser
2026-01-22 10:41:27,434 - INFO - ====== WebDriver manager ======
2026-01-22 10:41:27,499 - INFO - Get LATEST chromedriver version for google-chrome
2026-01-22 10:41:27,559 - INFO - Get LATEST chromedriver version for google-chrome
2026-01-22 10:41:27,611 - INFO - Driver [/home/runner/.wdm/drivers/chromedriver/linux64/144.0.7559.96/chromedriver-linux64/chromedriver] found in cache
2026-01-22 10:41:29,405 - INFO - Navigated to: https://app.mochaaccounting.com/login
------------------------------ Captured log setup ------------------------------
INFO     tests.test_signup_login.conftest:conftest.py:78 Starting test with Chrome browser
INFO     WDM:logger.py:11 ====== WebDriver manager ======
INFO     WDM:logger.py:11 Get LATEST chromedriver version for google-chrome
INFO     WDM:logger.py:11 Get LATEST chromedriver version for google-chrome
INFO     WDM:logger.py:11 Driver [/home/runner/.wdm/drivers/chromedriver/linux64/144.0.7559.96/chromedriver-linux64/chromedriver] found in cache
INFO     tests.test_signup_login.conftest:conftest.py:134 Navigated to: https://app.mochaaccounting.com/login
--------------------------- Captured stderr teardown ---------------------------
2026-01-22 10:43:15,949 - INFO - Closing browser
---------------------------- Captured log teardown -----------------------------
INFO     tests.test_signup_login.conftest:conftest.py:144 Closing browser
_____________________ test_invalid_email_login[username2] ______________________

sign_login_setup = <selenium.webdriver.chrome.webdriver.WebDriver (session="a39262bba3fa90ba2f7e98c75bc7a4e9")>
login_test_data = {'expected_password_validation': 'Password is required', 'expected_username_validation': 'Email is required.', 'expect...ect_email_verification_msg': "Please check your email address. If you don't have an account, you can create one.", ...}
username = ('payerash10@gmail.com',)

    @pytest.mark.parametrize("username", zip(invalid_username))
    def test_invalid_email_login(sign_login_setup, login_test_data,username):
        driver= sign_login_setup
        login_page = LoginPage(driver)
        login_page.enter_username(username)
        #login_page.enter_password(password)
        login_page.click_loginbutton()
>       login_page.incorrect_email_validation(login_test_data)

tests/test_signup_login/test_login.py:42: 
_ _ _ _ _ _ _ _ _ _ _ _ _ _ _ _ _ _ _ _ _ _ _ _ _ _ _ _ _ _ _ _ _ _ _ _ _ _ _ _ 

self = <pages.login_page.LoginPage object at 0x7fc1f7d58050>
login_test_data = {'expected_password_validation': 'Password is required', 'expected_username_validation': 'Email is required.', 'expect...ect_email_verification_msg': "Please check your email address. If you don't have an account, you can create one.", ...}

    def incorrect_email_validation(self,login_test_data):
>       self.actions.wait_for_element(self.incorrect_email_verification_msg)

pages/login_page.py:87: 
_ _ _ _ _ _ _ _ _ _ _ _ _ _ _ _ _ _ _ _ _ _ _ _ _ _ _ _ _ _ _ _ _ _ _ _ _ _ _ _ 

self = <actions.actions.Actions object at 0x7fc1f7d58160>
locator = ('xpath', "//p[@class='text-white' and contains(text(),'Please check your email address')]")
timeout = 100

    def wait_for_element(self, locator, timeout=100):
>       WebDriverWait(self.driver, timeout).until(EC.visibility_of_element_located(locator))

actions/actions.py:87: 
_ _ _ _ _ _ _ _ _ _ _ _ _ _ _ _ _ _ _ _ _ _ _ _ _ _ _ _ _ _ _ _ _ _ _ _ _ _ _ _ 

self = <selenium.webdriver.support.wait.WebDriverWait (session="a39262bba3fa90ba2f7e98c75bc7a4e9")>
method = <function visibility_of_element_located.<locals>._predicate at 0x7fc1f7cce980>
message = ''

    def until(self, method: Callable[[D], Union[Literal[False], T]], message: str = "") -> T:
        """Wait until the method returns a value that is not False.
    
        Calls the method provided with the driver as an argument until the
        return value does not evaluate to ``False``.
    
        Parameters:
        ----------
        method: callable(WebDriver)
            - A callable object that takes a WebDriver instance as an argument.
    
        message: str
            - Optional message for :exc:`TimeoutException`
    
        Return:
        -------
        object: T
            - The result of the last call to `method`
    
        Raises:
        -------
        TimeoutException
            - If 'method' does not return a truthy value within the WebDriverWait
            object's timeout
    
        Example:
        --------
        >>> from selenium.webdriver.common.by import By
        >>> from selenium.webdriver.support.ui import WebDriverWait
        >>> from selenium.webdriver.support import expected_conditions as EC
    
        # Wait until an element is visible on the page
        >>> wait = WebDriverWait(driver, 10)
        >>> element = wait.until(EC.visibility_of_element_located((By.ID, "exampleId")))
        >>> print(element.text)
        """
        screen = None
        stacktrace = None
    
        end_time = time.monotonic() + self._timeout
        while True:
            try:
                value = method(self._driver)
                if value:
                    return value
            except self._ignored_exceptions as exc:
                screen = getattr(exc, "screen", None)
                stacktrace = getattr(exc, "stacktrace", None)
            if time.monotonic() > end_time:
                break
            time.sleep(self._poll)
>       raise TimeoutException(message, screen, stacktrace)
E       selenium.common.exceptions.TimeoutException: Message: 
E       Stacktrace:
E       #0 0x562971107afa <unknown>
E       #1 0x562970b2160f <unknown>
E       #2 0x562970b76a16 <unknown>
E       #3 0x562970b76c51 <unknown>
E       #4 0x562970bc2404 <unknown>
E       #5 0x562970bbf62b <unknown>
E       #6 0x562970b68842 <unknown>
E       #7 0x562970b69631 <unknown>
E       #8 0x5629710cd689 <unknown>
E       #9 0x5629710d0581 <unknown>
E       #10 0x5629710b9ca9 <unknown>
E       #11 0x5629710d113e <unknown>
E       #12 0x5629710a03a0 <unknown>
E       #13 0x5629710f4fc8 <unknown>
E       #14 0x5629710f519b <unknown>
E       #15 0x562971106e68 <unknown>
E       #16 0x7fc51449caa4 <unknown>
E       #17 0x7fc514529c6c <unknown>

/opt/hostedtoolcache/Python/3.13.11/x64/lib/python3.13/site-packages/selenium/webdriver/support/wait.py:146: TimeoutException
---------------------------- Captured stderr setup -----------------------------
2026-01-22 10:43:16,040 - INFO - Starting test with Chrome browser
2026-01-22 10:43:16,040 - INFO - ====== WebDriver manager ======
2026-01-22 10:43:16,105 - INFO - Get LATEST chromedriver version for google-chrome
2026-01-22 10:43:16,166 - INFO - Get LATEST chromedriver version for google-chrome
2026-01-22 10:43:16,223 - INFO - Driver [/home/runner/.wdm/drivers/chromedriver/linux64/144.0.7559.96/chromedriver-linux64/chromedriver] found in cache
2026-01-22 10:43:17,251 - INFO - Navigated to: https://app.mochaaccounting.com/login
------------------------------ Captured log setup ------------------------------
INFO     tests.test_signup_login.conftest:conftest.py:78 Starting test with Chrome browser
INFO     WDM:logger.py:11 ====== WebDriver manager ======
INFO     WDM:logger.py:11 Get LATEST chromedriver version for google-chrome
INFO     WDM:logger.py:11 Get LATEST chromedriver version for google-chrome
INFO     WDM:logger.py:11 Driver [/home/runner/.wdm/drivers/chromedriver/linux64/144.0.7559.96/chromedriver-linux64/chromedriver] found in cache
INFO     tests.test_signup_login.conftest:conftest.py:134 Navigated to: https://app.mochaaccounting.com/login
--------------------------- Captured stderr teardown ---------------------------
2026-01-22 10:45:03,914 - INFO - Closing browser
---------------------------- Captured log teardown -----------------------------
INFO     tests.test_signup_login.conftest:conftest.py:144 Closing browser
_____________________ test_invalid_email_login[username3] ______________________

sign_login_setup = <selenium.webdriver.chrome.webdriver.WebDriver (session="ab05e634eb21bb64e0d64d30416ea5fa")>
login_test_data = {'expected_password_validation': 'Password is required', 'expected_username_validation': 'Email is required.', 'expect...ect_email_verification_msg': "Please check your email address. If you don't have an account, you can create one.", ...}
username = ('payer@gmail.com',)

    @pytest.mark.parametrize("username", zip(invalid_username))
    def test_invalid_email_login(sign_login_setup, login_test_data,username):
        driver= sign_login_setup
        login_page = LoginPage(driver)
        login_page.enter_username(username)
        #login_page.enter_password(password)
        login_page.click_loginbutton()
>       login_page.incorrect_email_validation(login_test_data)

tests/test_signup_login/test_login.py:42: 
_ _ _ _ _ _ _ _ _ _ _ _ _ _ _ _ _ _ _ _ _ _ _ _ _ _ _ _ _ _ _ _ _ _ _ _ _ _ _ _ 

self = <pages.login_page.LoginPage object at 0x7fc1f7d59480>
login_test_data = {'expected_password_validation': 'Password is required', 'expected_username_validation': 'Email is required.', 'expect...ect_email_verification_msg': "Please check your email address. If you don't have an account, you can create one.", ...}

    def incorrect_email_validation(self,login_test_data):
>       self.actions.wait_for_element(self.incorrect_email_verification_msg)

pages/login_page.py:87: 
_ _ _ _ _ _ _ _ _ _ _ _ _ _ _ _ _ _ _ _ _ _ _ _ _ _ _ _ _ _ _ _ _ _ _ _ _ _ _ _ 

self = <actions.actions.Actions object at 0x7fc1f7d59590>
locator = ('xpath', "//p[@class='text-white' and contains(text(),'Please check your email address')]")
timeout = 100

    def wait_for_element(self, locator, timeout=100):
>       WebDriverWait(self.driver, timeout).until(EC.visibility_of_element_located(locator))

actions/actions.py:87: 
_ _ _ _ _ _ _ _ _ _ _ _ _ _ _ _ _ _ _ _ _ _ _ _ _ _ _ _ _ _ _ _ _ _ _ _ _ _ _ _ 

self = <selenium.webdriver.support.wait.WebDriverWait (session="ab05e634eb21bb64e0d64d30416ea5fa")>
method = <function visibility_of_element_located.<locals>._predicate at 0x7fc1f7cced40>
message = ''

    def until(self, method: Callable[[D], Union[Literal[False], T]], message: str = "") -> T:
        """Wait until the method returns a value that is not False.
    
        Calls the method provided with the driver as an argument until the
        return value does not evaluate to ``False``.
    
        Parameters:
        ----------
        method: callable(WebDriver)
            - A callable object that takes a WebDriver instance as an argument.
    
        message: str
            - Optional message for :exc:`TimeoutException`
    
        Return:
        -------
        object: T
            - The result of the last call to `method`
    
        Raises:
        -------
        TimeoutException
            - If 'method' does not return a truthy value within the WebDriverWait
            object's timeout
    
        Example:
        --------
        >>> from selenium.webdriver.common.by import By
        >>> from selenium.webdriver.support.ui import WebDriverWait
        >>> from selenium.webdriver.support import expected_conditions as EC
    
        # Wait until an element is visible on the page
        >>> wait = WebDriverWait(driver, 10)
        >>> element = wait.until(EC.visibility_of_element_located((By.ID, "exampleId")))
        >>> print(element.text)
        """
        screen = None
        stacktrace = None
    
        end_time = time.monotonic() + self._timeout
        while True:
            try:
                value = method(self._driver)
                if value:
                    return value
            except self._ignored_exceptions as exc:
                screen = getattr(exc, "screen", None)
                stacktrace = getattr(exc, "stacktrace", None)
            if time.monotonic() > end_time:
                break
            time.sleep(self._poll)
>       raise TimeoutException(message, screen, stacktrace)
E       selenium.common.exceptions.TimeoutException: Message: 
E       Stacktrace:
E       #0 0x55b63eed7afa <unknown>
E       #1 0x55b63e8f160f <unknown>
E       #2 0x55b63e946a16 <unknown>
E       #3 0x55b63e946c51 <unknown>
E       #4 0x55b63e992404 <unknown>
E       #5 0x55b63e98f62b <unknown>
E       #6 0x55b63e938842 <unknown>
E       #7 0x55b63e939631 <unknown>
E       #8 0x55b63ee9d689 <unknown>
E       #9 0x55b63eea0581 <unknown>
E       #10 0x55b63ee89ca9 <unknown>
E       #11 0x55b63eea113e <unknown>
E       #12 0x55b63ee703a0 <unknown>
E       #13 0x55b63eec4fc8 <unknown>
E       #14 0x55b63eec519b <unknown>
E       #15 0x55b63eed6e68 <unknown>
E       #16 0x7f7d8f09caa4 <unknown>
E       #17 0x7f7d8f129c6c <unknown>

/opt/hostedtoolcache/Python/3.13.11/x64/lib/python3.13/site-packages/selenium/webdriver/support/wait.py:146: TimeoutException
---------------------------- Captured stderr setup -----------------------------
2026-01-22 10:45:03,990 - INFO - Starting test with Chrome browser
2026-01-22 10:45:03,991 - INFO - ====== WebDriver manager ======
2026-01-22 10:45:04,055 - INFO - Get LATEST chromedriver version for google-chrome
2026-01-22 10:45:04,116 - INFO - Get LATEST chromedriver version for google-chrome
2026-01-22 10:45:04,173 - INFO - Driver [/home/runner/.wdm/drivers/chromedriver/linux64/144.0.7559.96/chromedriver-linux64/chromedriver] found in cache
2026-01-22 10:45:05,991 - INFO - Navigated to: https://app.mochaaccounting.com/login
------------------------------ Captured log setup ------------------------------
INFO     tests.test_signup_login.conftest:conftest.py:78 Starting test with Chrome browser
INFO     WDM:logger.py:11 ====== WebDriver manager ======
INFO     WDM:logger.py:11 Get LATEST chromedriver version for google-chrome
INFO     WDM:logger.py:11 Get LATEST chromedriver version for google-chrome
INFO     WDM:logger.py:11 Driver [/home/runner/.wdm/drivers/chromedriver/linux64/144.0.7559.96/chromedriver-linux64/chromedriver] found in cache
INFO     tests.test_signup_login.conftest:conftest.py:134 Navigated to: https://app.mochaaccounting.com/login
--------------------------- Captured stderr teardown ---------------------------
2026-01-22 10:46:52,605 - INFO - Closing browser
---------------------------- Captured log teardown -----------------------------
INFO     tests.test_signup_login.conftest:conftest.py:144 Closing browser
________________________ test_blank_password_validation ________________________

sign_login_setup = <selenium.webdriver.chrome.webdriver.WebDriver (session="879a91bd28e0dbc18590253b1b46e831")>
login_test_data = {'expected_password_validation': 'Password is required', 'expected_username_validation': 'Email is required.', 'expect...ect_email_verification_msg': "Please check your email address. If you don't have an account, you can create one.", ...}

    def test_blank_password_validation(sign_login_setup,login_test_data):
        driver = sign_login_setup
        login_page = LoginPage(driver)
        login_page.enter_username(valid_username[0])
        login_page.click_password()
        login_page.disabled_click_login_button()
>       login_page.password_blank_validation(login_test_data)

tests/test_signup_login/test_login.py:60: 
_ _ _ _ _ _ _ _ _ _ _ _ _ _ _ _ _ _ _ _ _ _ _ _ _ _ _ _ _ _ _ _ _ _ _ _ _ _ _ _ 

self = <pages.login_page.LoginPage object at 0x7fc1f9b95050>
login_test_data = {'expected_password_validation': 'Password is required', 'expected_username_validation': 'Email is required.', 'expect...ect_email_verification_msg': "Please check your email address. If you don't have an account, you can create one.", ...}

    def password_blank_validation(self, login_test_data):
        #self.actions.wait_for_element(self.password_validation)
        expected_p_validation = login_test_data["expected_password_validation"]
>       actual_p_validation = self.actions.get_text(self.blank_password_error_msg)

pages/login_page.py:83: 
_ _ _ _ _ _ _ _ _ _ _ _ _ _ _ _ _ _ _ _ _ _ _ _ _ _ _ _ _ _ _ _ _ _ _ _ _ _ _ _ 

self = <actions.actions.Actions object at 0x7fc1f9b95850>
locator = ('xpath', "//div[@class='error-text' and contains(text(), 'Password is required')]")

    def get_text(self, locator):
>       return self.driver.find_element(*locator).text

actions/actions.py:54: 
_ _ _ _ _ _ _ _ _ _ _ _ _ _ _ _ _ _ _ _ _ _ _ _ _ _ _ _ _ _ _ _ _ _ _ _ _ _ _ _ 

self = <selenium.webdriver.chrome.webdriver.WebDriver (session="879a91bd28e0dbc18590253b1b46e831")>
by = 'xpath'
value = "//div[@class='error-text' and contains(text(), 'Password is required')]"

    def find_element(self, by=By.ID, value: Optional[str] = None) -> WebElement:
        """Find an element given a By strategy and locator.
    
        Parameters:
        ----------
        by : selenium.webdriver.common.by.By
            The locating strategy to use. Default is `By.ID`. Supported values include:
            - By.ID: Locate by element ID.
            - By.NAME: Locate by the `name` attribute.
            - By.XPATH: Locate by an XPath expression.
            - By.CSS_SELECTOR: Locate by a CSS selector.
            - By.CLASS_NAME: Locate by the `class` attribute.
            - By.TAG_NAME: Locate by the tag name (e.g., "input", "button").
            - By.LINK_TEXT: Locate a link element by its exact text.
            - By.PARTIAL_LINK_TEXT: Locate a link element by partial text match.
            - RelativeBy: Locate elements relative to a specified root element.
    
        Example:
        --------
        element = driver.find_element(By.ID, 'foo')
    
        Returns:
        -------
        WebElement
            The first matching `WebElement` found on the page.
        """
        by, value = self.locator_converter.convert(by, value)
    
        if isinstance(by, RelativeBy):
            elements = self.find_elements(by=by, value=value)
            if not elements:
                raise NoSuchElementException(f"Cannot locate relative element with: {by.root}")
            return elements[0]
    
>       return self.execute(Command.FIND_ELEMENT, {"using": by, "value": value})["value"]

/opt/hostedtoolcache/Python/3.13.11/x64/lib/python3.13/site-packages/selenium/webdriver/remote/webdriver.py:898: 
_ _ _ _ _ _ _ _ _ _ _ _ _ _ _ _ _ _ _ _ _ _ _ _ _ _ _ _ _ _ _ _ _ _ _ _ _ _ _ _ 

self = <selenium.webdriver.chrome.webdriver.WebDriver (session="879a91bd28e0dbc18590253b1b46e831")>
driver_command = 'findElement'
params = {'using': 'xpath', 'value': "//div[@class='error-text' and contains(text(), 'Password is required')]"}

    def execute(self, driver_command: str, params: dict = None) -> dict:
        """Sends a command to be executed by a command.CommandExecutor.
    
        Parameters:
        ----------
        driver_command : str
            - The name of the command to execute as a string.
    
        params : dict
            - A dictionary of named Parameters to send with the command.
    
        Returns:
        --------
          dict - The command's JSON response loaded into a dictionary object.
        """
        params = self._wrap_value(params)
    
        if self.session_id:
            if not params:
                params = {"sessionId": self.session_id}
            elif "sessionId" not in params:
                params["sessionId"] = self.session_id
    
        response = self.command_executor.execute(driver_command, params)
        if response:
>           self.error_handler.check_response(response)

/opt/hostedtoolcache/Python/3.13.11/x64/lib/python3.13/site-packages/selenium/webdriver/remote/webdriver.py:429: 
_ _ _ _ _ _ _ _ _ _ _ _ _ _ _ _ _ _ _ _ _ _ _ _ _ _ _ _ _ _ _ _ _ _ _ _ _ _ _ _ 

self = <selenium.webdriver.remote.errorhandler.ErrorHandler object at 0x7fc1f9b94e50>
response = {'status': 404, 'value': '{"value":{"error":"no such element","message":"no such element: Unable to locate element: {\...\\n#15 0x557a4479de68 \\u003Cunknown>\\n#16 0x7f0d6f29caa4 \\u003Cunknown>\\n#17 0x7f0d6f329c6c \\u003Cunknown>\\n"}}'}

    def check_response(self, response: Dict[str, Any]) -> None:
        """Checks that a JSON response from the WebDriver does not have an
        error.
    
        :Args:
         - response - The JSON response from the WebDriver server as a dictionary
           object.
    
        :Raises: If the response contains an error message.
        """
        status = response.get("status", None)
        if not status or status == ErrorCode.SUCCESS:
            return
        value = None
        message = response.get("message", "")
        screen: str = response.get("screen", "")
        stacktrace = None
        if isinstance(status, int):
            value_json = response.get("value", None)
            if value_json and isinstance(value_json, str):
                import json
    
                try:
                    value = json.loads(value_json)
                    if len(value) == 1:
                        value = value["value"]
                    status = value.get("error", None)
                    if not status:
                        status = value.get("status", ErrorCode.UNKNOWN_ERROR)
                        message = value.get("value") or value.get("message")
                        if not isinstance(message, str):
                            value = message
                            message = message.get("message")
                    else:
                        message = value.get("message", None)
                except ValueError:
                    pass
    
        exception_class: Type[WebDriverException]
        e = ErrorCode()
        error_codes = [item for item in dir(e) if not item.startswith("__")]
        for error_code in error_codes:
            error_info = getattr(ErrorCode, error_code)
            if isinstance(error_info, list) and status in error_info:
                exception_class = getattr(ExceptionMapping, error_code, WebDriverException)
                break
        else:
            exception_class = WebDriverException
    
        if not value:
            value = response["value"]
        if isinstance(value, str):
            raise exception_class(value)
        if message == "" and "message" in value:
            message = value["message"]
    
        screen = None  # type: ignore[assignment]
        if "screen" in value:
            screen = value["screen"]
    
        stacktrace = None
        st_value = value.get("stackTrace") or value.get("stacktrace")
        if st_value:
            if isinstance(st_value, str):
                stacktrace = st_value.split("\n")
            else:
                stacktrace = []
                try:
                    for frame in st_value:
                        line = frame.get("lineNumber", "")
                        file = frame.get("fileName", "<anonymous>")
                        if line:
                            file = f"{file}:{line}"
                        meth = frame.get("methodName", "<anonymous>")
                        if "className" in frame:
                            meth = f"{frame['className']}.{meth}"
                        msg = "    at %s (%s)"
                        msg = msg % (meth, file)
                        stacktrace.append(msg)
                except TypeError:
                    pass
        if exception_class == UnexpectedAlertPresentException:
            alert_text = None
            if "data" in value:
                alert_text = value["data"].get("text")
            elif "alert" in value:
                alert_text = value["alert"].get("text")
            raise exception_class(message, screen, stacktrace, alert_text)  # type: ignore[call-arg]  # mypy is not smart enough here
>       raise exception_class(message, screen, stacktrace)
E       selenium.common.exceptions.NoSuchElementException: Message: no such element: Unable to locate element: {"method":"xpath","selector":"//div[@class='error-text' and contains(text(), 'Password is required')]"}
E         (Session info: chrome=144.0.7559.96); For documentation on this error, please visit: https://www.selenium.dev/documentation/webdriver/troubleshooting/errors#no-such-element-exception
E       Stacktrace:
E       #0 0x557a4479eafa <unknown>
E       #1 0x557a441b860f <unknown>
E       #2 0x557a4420da16 <unknown>
E       #3 0x557a4420dc51 <unknown>
E       #4 0x557a44259404 <unknown>
E       #5 0x557a4425662b <unknown>
E       #6 0x557a441ff842 <unknown>
E       #7 0x557a44200631 <unknown>
E       #8 0x557a44764689 <unknown>
E       #9 0x557a44767581 <unknown>
E       #10 0x557a44750ca9 <unknown>
E       #11 0x557a4476813e <unknown>
E       #12 0x557a447373a0 <unknown>
E       #13 0x557a4478bfc8 <unknown>
E       #14 0x557a4478c19b <unknown>
E       #15 0x557a4479de68 <unknown>
E       #16 0x7f0d6f29caa4 <unknown>
E       #17 0x7f0d6f329c6c <unknown>

/opt/hostedtoolcache/Python/3.13.11/x64/lib/python3.13/site-packages/selenium/webdriver/remote/errorhandler.py:232: NoSuchElementException
---------------------------- Captured stderr setup -----------------------------
2026-01-22 10:46:54,900 - INFO - Starting test with Chrome browser
2026-01-22 10:46:54,900 - INFO - ====== WebDriver manager ======
2026-01-22 10:46:54,964 - INFO - Get LATEST chromedriver version for google-chrome
2026-01-22 10:46:55,019 - INFO - Get LATEST chromedriver version for google-chrome
2026-01-22 10:46:55,072 - INFO - Driver [/home/runner/.wdm/drivers/chromedriver/linux64/144.0.7559.96/chromedriver-linux64/chromedriver] found in cache
2026-01-22 10:46:56,580 - INFO - Navigated to: https://app.mochaaccounting.com/login
------------------------------ Captured log setup ------------------------------
INFO     tests.test_signup_login.conftest:conftest.py:78 Starting test with Chrome browser
INFO     WDM:logger.py:11 ====== WebDriver manager ======
INFO     WDM:logger.py:11 Get LATEST chromedriver version for google-chrome
INFO     WDM:logger.py:11 Get LATEST chromedriver version for google-chrome
INFO     WDM:logger.py:11 Driver [/home/runner/.wdm/drivers/chromedriver/linux64/144.0.7559.96/chromedriver-linux64/chromedriver] found in cache
INFO     tests.test_signup_login.conftest:conftest.py:134 Navigated to: https://app.mochaaccounting.com/login
--------------------------- Captured stderr teardown ---------------------------
2026-01-22 10:47:03,547 - INFO - Closing browser
---------------------------- Captured log teardown -----------------------------
INFO     tests.test_signup_login.conftest:conftest.py:144 Closing browser
==================================== PASSES ====================================
______ test_valid_login[yash.payer+01@mochatechnologies.com-Password@123] ______
---------------------------- Captured stderr setup -----------------------------
2026-01-22 10:37:25,049 - INFO - Starting test with Chrome browser
2026-01-22 10:37:25,049 - INFO - ====== WebDriver manager ======
2026-01-22 10:37:25,331 - INFO - Get LATEST chromedriver version for google-chrome
2026-01-22 10:37:25,397 - INFO - Get LATEST chromedriver version for google-chrome
2026-01-22 10:37:25,463 - INFO - There is no [linux64] chromedriver "144.0.7559.96" for browser google-chrome "144.0.7559" in cache
2026-01-22 10:37:25,463 - INFO - Get LATEST chromedriver version for google-chrome
2026-01-22 10:37:25,624 - INFO - WebDriver version 144.0.7559.96 selected
2026-01-22 10:37:25,628 - INFO - Modern chrome version https://storage.googleapis.com/chrome-for-testing-public/144.0.7559.96/linux64/chromedriver-linux64.zip
2026-01-22 10:37:25,629 - INFO - About to download new driver from https://storage.googleapis.com/chrome-for-testing-public/144.0.7559.96/linux64/chromedriver-linux64.zip
2026-01-22 10:37:25,694 - INFO - Driver downloading response is 200
2026-01-22 10:37:25,786 - INFO - Get LATEST chromedriver version for google-chrome
2026-01-22 10:37:25,959 - INFO - Driver has been saved in cache [/home/runner/.wdm/drivers/chromedriver/linux64/144.0.7559.96]
2026-01-22 10:37:30,155 - INFO - Navigated to: https://app.mochaaccounting.com/login
------------------------------ Captured log setup ------------------------------
INFO     tests.test_signup_login.conftest:conftest.py:78 Starting test with Chrome browser
INFO     WDM:logger.py:11 ====== WebDriver manager ======
INFO     WDM:logger.py:11 Get LATEST chromedriver version for google-chrome
INFO     WDM:logger.py:11 Get LATEST chromedriver version for google-chrome
INFO     WDM:logger.py:11 There is no [linux64] chromedriver "144.0.7559.96" for browser google-chrome "144.0.7559" in cache
INFO     WDM:logger.py:11 Get LATEST chromedriver version for google-chrome
INFO     WDM:logger.py:11 WebDriver version 144.0.7559.96 selected
INFO     WDM:logger.py:11 Modern chrome version https://storage.googleapis.com/chrome-for-testing-public/144.0.7559.96/linux64/chromedriver-linux64.zip
INFO     WDM:logger.py:11 About to download new driver from https://storage.googleapis.com/chrome-for-testing-public/144.0.7559.96/linux64/chromedriver-linux64.zip
INFO     WDM:logger.py:11 Driver downloading response is 200
INFO     WDM:logger.py:11 Get LATEST chromedriver version for google-chrome
INFO     WDM:logger.py:11 Driver has been saved in cache [/home/runner/.wdm/drivers/chromedriver/linux64/144.0.7559.96]
INFO     tests.test_signup_login.conftest:conftest.py:134 Navigated to: https://app.mochaaccounting.com/login
----------------------------- Captured stderr call -----------------------------
2026-01-22 10:37:30,155 - INFO - Starting the test case for valid credentials
2026-01-22 10:37:30,285 - INFO - User enters the email-id
2026-01-22 10:37:31,904 - INFO - User enters the password
2026-01-22 10:37:31,992 - INFO - User clicks on login button
2026-01-22 10:37:36,593 - INFO - The test case passed
------------------------------ Captured log call -------------------------------
INFO     tests.test_signup_login.test_login:test_login.py:25 Starting the test case for valid credentials
INFO     tests.test_signup_login.test_login:test_login.py:27 User enters the email-id
INFO     tests.test_signup_login.test_login:test_login.py:29 User enters the password
INFO     tests.test_signup_login.test_login:test_login.py:31 User clicks on login button
INFO     tests.test_signup_login.test_login:test_login.py:33 The test case passed
--------------------------- Captured stderr teardown ---------------------------
2026-01-22 10:37:36,594 - INFO - Closing browser
---------------------------- Captured log teardown -----------------------------
INFO     tests.test_signup_login.conftest:conftest.py:144 Closing browser
___________ test_valid_login[shubhamdabir07@gmail.com-Shubham@1234] ____________
---------------------------- Captured stderr setup -----------------------------
2026-01-22 10:39:25,451 - INFO - Starting test with Chrome browser
2026-01-22 10:39:25,451 - INFO - ====== WebDriver manager ======
2026-01-22 10:39:25,516 - INFO - Get LATEST chromedriver version for google-chrome
2026-01-22 10:39:25,578 - INFO - Get LATEST chromedriver version for google-chrome
2026-01-22 10:39:25,631 - INFO - Driver [/home/runner/.wdm/drivers/chromedriver/linux64/144.0.7559.96/chromedriver-linux64/chromedriver] found in cache
2026-01-22 10:39:27,911 - INFO - Navigated to: https://app.mochaaccounting.com/login
------------------------------ Captured log setup ------------------------------
INFO     tests.test_signup_login.conftest:conftest.py:78 Starting test with Chrome browser
INFO     WDM:logger.py:11 ====== WebDriver manager ======
INFO     WDM:logger.py:11 Get LATEST chromedriver version for google-chrome
INFO     WDM:logger.py:11 Get LATEST chromedriver version for google-chrome
INFO     WDM:logger.py:11 Driver [/home/runner/.wdm/drivers/chromedriver/linux64/144.0.7559.96/chromedriver-linux64/chromedriver] found in cache
INFO     tests.test_signup_login.conftest:conftest.py:134 Navigated to: https://app.mochaaccounting.com/login
----------------------------- Captured stderr call -----------------------------
2026-01-22 10:39:27,912 - INFO - Starting the test case for valid credentials
2026-01-22 10:39:28,026 - INFO - User enters the email-id
2026-01-22 10:39:29,710 - INFO - User enters the password
2026-01-22 10:39:29,799 - INFO - User clicks on login button
2026-01-22 10:39:32,394 - INFO - The test case passed
------------------------------ Captured log call -------------------------------
INFO     tests.test_signup_login.test_login:test_login.py:25 Starting the test case for valid credentials
INFO     tests.test_signup_login.test_login:test_login.py:27 User enters the email-id
INFO     tests.test_signup_login.test_login:test_login.py:29 User enters the password
INFO     tests.test_signup_login.test_login:test_login.py:31 User clicks on login button
INFO     tests.test_signup_login.test_login:test_login.py:33 The test case passed
--------------------------- Captured stderr teardown ---------------------------
2026-01-22 10:39:32,395 - INFO - Closing browser
---------------------------- Captured log teardown -----------------------------
INFO     tests.test_signup_login.conftest:conftest.py:144 Closing browser
______ test_valid_login[hrishikesh.shinde1607@gmail.com-Hrishikesh@1234] _______
---------------------------- Captured stderr setup -----------------------------
2026-01-22 10:39:32,459 - INFO - Starting test with Chrome browser
2026-01-22 10:39:32,460 - INFO - ====== WebDriver manager ======
2026-01-22 10:39:32,526 - INFO - Get LATEST chromedriver version for google-chrome
2026-01-22 10:39:32,579 - INFO - Get LATEST chromedriver version for google-chrome
2026-01-22 10:39:32,632 - INFO - Driver [/home/runner/.wdm/drivers/chromedriver/linux64/144.0.7559.96/chromedriver-linux64/chromedriver] found in cache
2026-01-22 10:39:34,514 - INFO - Navigated to: https://app.mochaaccounting.com/login
------------------------------ Captured log setup ------------------------------
INFO     tests.test_signup_login.conftest:conftest.py:78 Starting test with Chrome browser
INFO     WDM:logger.py:11 ====== WebDriver manager ======
INFO     WDM:logger.py:11 Get LATEST chromedriver version for google-chrome
INFO     WDM:logger.py:11 Get LATEST chromedriver version for google-chrome
INFO     WDM:logger.py:11 Driver [/home/runner/.wdm/drivers/chromedriver/linux64/144.0.7559.96/chromedriver-linux64/chromedriver] found in cache
INFO     tests.test_signup_login.conftest:conftest.py:134 Navigated to: https://app.mochaaccounting.com/login
----------------------------- Captured stderr call -----------------------------
2026-01-22 10:39:34,515 - INFO - Starting the test case for valid credentials
2026-01-22 10:39:34,637 - INFO - User enters the email-id
2026-01-22 10:39:36,254 - INFO - User enters the password
2026-01-22 10:39:36,339 - INFO - User clicks on login button
2026-01-22 10:39:38,478 - INFO - The test case passed
------------------------------ Captured log call -------------------------------
INFO     tests.test_signup_login.test_login:test_login.py:25 Starting the test case for valid credentials
INFO     tests.test_signup_login.test_login:test_login.py:27 User enters the email-id
INFO     tests.test_signup_login.test_login:test_login.py:29 User enters the password
INFO     tests.test_signup_login.test_login:test_login.py:31 User clicks on login button
INFO     tests.test_signup_login.test_login:test_login.py:33 The test case passed
--------------------------- Captured stderr teardown ---------------------------
2026-01-22 10:39:38,479 - INFO - Closing browser
---------------------------- Captured log teardown -----------------------------
INFO     tests.test_signup_login.conftest:conftest.py:144 Closing browser
________________________ test_blank_username_validation ________________________
---------------------------- Captured stderr setup -----------------------------
2026-01-22 10:46:52,682 - INFO - Starting test with Chrome browser
2026-01-22 10:46:52,682 - INFO - ====== WebDriver manager ======
2026-01-22 10:46:52,749 - INFO - Get LATEST chromedriver version for google-chrome
2026-01-22 10:46:52,807 - INFO - Get LATEST chromedriver version for google-chrome
2026-01-22 10:46:52,868 - INFO - Driver [/home/runner/.wdm/drivers/chromedriver/linux64/144.0.7559.96/chromedriver-linux64/chromedriver] found in cache
2026-01-22 10:46:54,648 - INFO - Navigated to: https://app.mochaaccounting.com/login
------------------------------ Captured log setup ------------------------------
INFO     tests.test_signup_login.conftest:conftest.py:78 Starting test with Chrome browser
INFO     WDM:logger.py:11 ====== WebDriver manager ======
INFO     WDM:logger.py:11 Get LATEST chromedriver version for google-chrome
INFO     WDM:logger.py:11 Get LATEST chromedriver version for google-chrome
INFO     WDM:logger.py:11 Driver [/home/runner/.wdm/drivers/chromedriver/linux64/144.0.7559.96/chromedriver-linux64/chromedriver] found in cache
INFO     tests.test_signup_login.conftest:conftest.py:134 Navigated to: https://app.mochaaccounting.com/login
--------------------------- Captured stderr teardown ---------------------------
2026-01-22 10:46:54,838 - INFO - Closing browser
---------------------------- Captured log teardown -----------------------------
INFO     tests.test_signup_login.conftest:conftest.py:144 Closing browser
___________________ test_invalid_email_validation[username0] ___________________
---------------------------- Captured stderr setup -----------------------------
2026-01-22 10:47:03,614 - INFO - Starting test with Chrome browser
2026-01-22 10:47:03,614 - INFO - ====== WebDriver manager ======
2026-01-22 10:47:03,679 - INFO - Get LATEST chromedriver version for google-chrome
2026-01-22 10:47:03,732 - INFO - Get LATEST chromedriver version for google-chrome
2026-01-22 10:47:03,785 - INFO - Driver [/home/runner/.wdm/drivers/chromedriver/linux64/144.0.7559.96/chromedriver-linux64/chromedriver] found in cache
2026-01-22 10:47:05,521 - INFO - Navigated to: https://app.mochaaccounting.com/login
------------------------------ Captured log setup ------------------------------
INFO     tests.test_signup_login.conftest:conftest.py:78 Starting test with Chrome browser
INFO     WDM:logger.py:11 ====== WebDriver manager ======
INFO     WDM:logger.py:11 Get LATEST chromedriver version for google-chrome
INFO     WDM:logger.py:11 Get LATEST chromedriver version for google-chrome
INFO     WDM:logger.py:11 Driver [/home/runner/.wdm/drivers/chromedriver/linux64/144.0.7559.96/chromedriver-linux64/chromedriver] found in cache
INFO     tests.test_signup_login.conftest:conftest.py:134 Navigated to: https://app.mochaaccounting.com/login
--------------------------- Captured stderr teardown ---------------------------
2026-01-22 10:47:05,755 - INFO - Closing browser
---------------------------- Captured log teardown -----------------------------
INFO     tests.test_signup_login.conftest:conftest.py:144 Closing browser
___________________ test_invalid_email_validation[username1] ___________________
---------------------------- Captured stderr setup -----------------------------
2026-01-22 10:47:05,817 - INFO - Starting test with Chrome browser
2026-01-22 10:47:05,817 - INFO - ====== WebDriver manager ======
2026-01-22 10:47:05,882 - INFO - Get LATEST chromedriver version for google-chrome
2026-01-22 10:47:05,944 - INFO - Get LATEST chromedriver version for google-chrome
2026-01-22 10:47:05,997 - INFO - Driver [/home/runner/.wdm/drivers/chromedriver/linux64/144.0.7559.96/chromedriver-linux64/chromedriver] found in cache
2026-01-22 10:47:07,194 - INFO - Navigated to: https://app.mochaaccounting.com/login
------------------------------ Captured log setup ------------------------------
INFO     tests.test_signup_login.conftest:conftest.py:78 Starting test with Chrome browser
INFO     WDM:logger.py:11 ====== WebDriver manager ======
INFO     WDM:logger.py:11 Get LATEST chromedriver version for google-chrome
INFO     WDM:logger.py:11 Get LATEST chromedriver version for google-chrome
INFO     WDM:logger.py:11 Driver [/home/runner/.wdm/drivers/chromedriver/linux64/144.0.7559.96/chromedriver-linux64/chromedriver] found in cache
INFO     tests.test_signup_login.conftest:conftest.py:134 Navigated to: https://app.mochaaccounting.com/login
--------------------------- Captured stderr teardown ---------------------------
2026-01-22 10:47:07,435 - INFO - Closing browser
---------------------------- Captured log teardown -----------------------------
INFO     tests.test_signup_login.conftest:conftest.py:144 Closing browser
___________________ test_invalid_email_validation[username2] ___________________
---------------------------- Captured stderr setup -----------------------------
2026-01-22 10:47:07,496 - INFO - Starting test with Chrome browser
2026-01-22 10:47:07,497 - INFO - ====== WebDriver manager ======
2026-01-22 10:47:07,561 - INFO - Get LATEST chromedriver version for google-chrome
2026-01-22 10:47:07,623 - INFO - Get LATEST chromedriver version for google-chrome
2026-01-22 10:47:07,676 - INFO - Driver [/home/runner/.wdm/drivers/chromedriver/linux64/144.0.7559.96/chromedriver-linux64/chromedriver] found in cache
2026-01-22 10:47:09,159 - INFO - Navigated to: https://app.mochaaccounting.com/login
------------------------------ Captured log setup ------------------------------
INFO     tests.test_signup_login.conftest:conftest.py:78 Starting test with Chrome browser
INFO     WDM:logger.py:11 ====== WebDriver manager ======
INFO     WDM:logger.py:11 Get LATEST chromedriver version for google-chrome
INFO     WDM:logger.py:11 Get LATEST chromedriver version for google-chrome
INFO     WDM:logger.py:11 Driver [/home/runner/.wdm/drivers/chromedriver/linux64/144.0.7559.96/chromedriver-linux64/chromedriver] found in cache
INFO     tests.test_signup_login.conftest:conftest.py:134 Navigated to: https://app.mochaaccounting.com/login
--------------------------- Captured stderr teardown ---------------------------
2026-01-22 10:47:09,400 - INFO - Closing browser
---------------------------- Captured log teardown -----------------------------
INFO     tests.test_signup_login.conftest:conftest.py:144 Closing browser
___________________ test_invalid_email_validation[username3] ___________________
---------------------------- Captured stderr setup -----------------------------
2026-01-22 10:47:09,461 - INFO - Starting test with Chrome browser
2026-01-22 10:47:09,462 - INFO - ====== WebDriver manager ======
2026-01-22 10:47:09,526 - INFO - Get LATEST chromedriver version for google-chrome
2026-01-22 10:47:09,586 - INFO - Get LATEST chromedriver version for google-chrome
2026-01-22 10:47:09,640 - INFO - Driver [/home/runner/.wdm/drivers/chromedriver/linux64/144.0.7559.96/chromedriver-linux64/chromedriver] found in cache
2026-01-22 10:47:11,448 - INFO - Navigated to: https://app.mochaaccounting.com/login
------------------------------ Captured log setup ------------------------------
INFO     tests.test_signup_login.conftest:conftest.py:78 Starting test with Chrome browser
INFO     WDM:logger.py:11 ====== WebDriver manager ======
INFO     WDM:logger.py:11 Get LATEST chromedriver version for google-chrome
INFO     WDM:logger.py:11 Get LATEST chromedriver version for google-chrome
INFO     WDM:logger.py:11 Driver [/home/runner/.wdm/drivers/chromedriver/linux64/144.0.7559.96/chromedriver-linux64/chromedriver] found in cache
INFO     tests.test_signup_login.conftest:conftest.py:134 Navigated to: https://app.mochaaccounting.com/login
--------------------------- Captured stderr teardown ---------------------------
2026-01-22 10:47:11,682 - INFO - Closing browser
---------------------------- Captured log teardown -----------------------------
INFO     tests.test_signup_login.conftest:conftest.py:144 Closing browser
___________________ test_invalid_email_validation[username4] ___________________
---------------------------- Captured stderr setup -----------------------------
2026-01-22 10:47:11,746 - INFO - Starting test with Chrome browser
2026-01-22 10:47:11,746 - INFO - ====== WebDriver manager ======
2026-01-22 10:47:11,810 - INFO - Get LATEST chromedriver version for google-chrome
2026-01-22 10:47:11,874 - INFO - Get LATEST chromedriver version for google-chrome
2026-01-22 10:47:11,926 - INFO - Driver [/home/runner/.wdm/drivers/chromedriver/linux64/144.0.7559.96/chromedriver-linux64/chromedriver] found in cache
2026-01-22 10:47:13,137 - INFO - Navigated to: https://app.mochaaccounting.com/login
------------------------------ Captured log setup ------------------------------
INFO     tests.test_signup_login.conftest:conftest.py:78 Starting test with Chrome browser
INFO     WDM:logger.py:11 ====== WebDriver manager ======
INFO     WDM:logger.py:11 Get LATEST chromedriver version for google-chrome
INFO     WDM:logger.py:11 Get LATEST chromedriver version for google-chrome
INFO     WDM:logger.py:11 Driver [/home/runner/.wdm/drivers/chromedriver/linux64/144.0.7559.96/chromedriver-linux64/chromedriver] found in cache
INFO     tests.test_signup_login.conftest:conftest.py:134 Navigated to: https://app.mochaaccounting.com/login
--------------------------- Captured stderr teardown ---------------------------
2026-01-22 10:47:13,383 - INFO - Closing browser
---------------------------- Captured log teardown -----------------------------
INFO     tests.test_signup_login.conftest:conftest.py:144 Closing browser
- Generated html report: file:///home/runner/work/Mocha_accounting/Mocha_accounting/C%3A%5CUsers%5CTaurus13%5CPycharmProjects%5CPythonProject%5Creports/20260122_103724/report.html -
=================== 6 failed, 9 passed in 588.49s (0:09:48) ====================
=== LOGIN TESTS COMPLETED ===
Exit Code: 1
=== LOGIN TESTS STARTED: 2026-01-22 12:12:28 ===
============================= test session starts ==============================
platform linux -- Python 3.13.11, pytest-8.3.5, pluggy-1.6.0 -- /opt/hostedtoolcache/Python/3.13.11/x64/bin/python
cachedir: .pytest_cache
metadata: {'Python': '3.13.11', 'Platform': 'Linux-6.11.0-1018-azure-x86_64-with-glibc2.39', 'Packages': {'pytest': '8.3.5', 'pluggy': '1.6.0'}, 'Plugins': {'rerunfailures': '16.1', 'Faker': '40.1.2', 'xdist': '3.8.0', 'html': '4.2.0', 'metadata': '3.1.1'}, 'CI': 'true', 'JAVA_HOME': '/usr/lib/jvm/temurin-17-jdk-amd64'}
rootdir: /home/runner/work/Mocha_accounting/Mocha_accounting
plugins: rerunfailures-16.1, Faker-40.1.2, xdist-3.8.0, html-4.2.0, metadata-3.1.1
collecting ... collected 9 items

tests/test_signup_login/test_login.py::test_valid_login[yash.payer+01@mochatechnologies.com-Password@123] PASSED [ 11%]
tests/test_signup_login/test_login.py::test_valid_login[shubhamdabir07@gmail.com-Shubham@1234] PASSED [ 22%]
tests/test_signup_login/test_login.py::test_valid_login[hrishikesh.shinde1607@gmail.com-Hrishikesh@1234] PASSED [ 33%]
tests/test_signup_login/test_login.py::test_invalid_email_login[username0] FAILED [ 44%]
tests/test_signup_login/test_login.py::test_invalid_email_login[username1] FAILED [ 55%]
tests/test_signup_login/test_login.py::test_invalid_email_login[username2] FAILED [ 66%]
tests/test_signup_login/test_login.py::test_invalid_email_login[username3] FAILED [ 77%]
tests/test_signup_login/test_login.py::test_blank_username_validation PASSED [ 88%]
tests/test_signup_login/test_login.py::test_blank_password_validation FAILED [100%]

=================================== FAILURES ===================================
_____________________ test_invalid_email_login[username0] ______________________

sign_login_setup = <selenium.webdriver.chrome.webdriver.WebDriver (session="9bc0f7d1d05db21345ba5a95d86b3fee")>
login_test_data = {'expected_password_validation': 'Password is required', 'expected_username_validation': 'Email is required.', 'expect...ect_email_verification_msg': "Please check your email address. If you don't have an account, you can create one.", ...}
username = ('yash10@gmail.com',)

    @pytest.mark.parametrize("username", zip(invalid_username))
    def test_invalid_email_login(sign_login_setup, login_test_data,username):
        driver= sign_login_setup
        login_page = LoginPage(driver)
        login_page.enter_username(username)
        #login_page.enter_password(password)
        login_page.click_loginbutton()
>       login_page.incorrect_email_validation(login_test_data)

tests/test_signup_login/test_login.py:42: 
_ _ _ _ _ _ _ _ _ _ _ _ _ _ _ _ _ _ _ _ _ _ _ _ _ _ _ _ _ _ _ _ _ _ _ _ _ _ _ _ 

self = <pages.login_page.LoginPage object at 0x7f69cfcf9f30>
login_test_data = {'expected_password_validation': 'Password is required', 'expected_username_validation': 'Email is required.', 'expect...ect_email_verification_msg': "Please check your email address. If you don't have an account, you can create one.", ...}

    def incorrect_email_validation(self,login_test_data):
>       self.actions.wait_for_element(self.incorrect_email_verification_msg)

pages/login_page.py:88: 
_ _ _ _ _ _ _ _ _ _ _ _ _ _ _ _ _ _ _ _ _ _ _ _ _ _ _ _ _ _ _ _ _ _ _ _ _ _ _ _ 

self = <actions.actions.Actions object at 0x7f69cfcfad70>
locator = ('xpath', "//p[@class='text-white' and contains(text(),'Please check your email address')]")
timeout = 100

    def wait_for_element(self, locator, timeout=100):
>       WebDriverWait(self.driver, timeout).until(EC.visibility_of_element_located(locator))

actions/actions.py:87: 
_ _ _ _ _ _ _ _ _ _ _ _ _ _ _ _ _ _ _ _ _ _ _ _ _ _ _ _ _ _ _ _ _ _ _ _ _ _ _ _ 

self = <selenium.webdriver.support.wait.WebDriverWait (session="9bc0f7d1d05db21345ba5a95d86b3fee")>
method = <function visibility_of_element_located.<locals>._predicate at 0x7f69cfd2de40>
message = ''

    def until(self, method: Callable[[D], Union[Literal[False], T]], message: str = "") -> T:
        """Wait until the method returns a value that is not False.
    
        Calls the method provided with the driver as an argument until the
        return value does not evaluate to ``False``.
    
        Parameters:
        ----------
        method: callable(WebDriver)
            - A callable object that takes a WebDriver instance as an argument.
    
        message: str
            - Optional message for :exc:`TimeoutException`
    
        Return:
        -------
        object: T
            - The result of the last call to `method`
    
        Raises:
        -------
        TimeoutException
            - If 'method' does not return a truthy value within the WebDriverWait
            object's timeout
    
        Example:
        --------
        >>> from selenium.webdriver.common.by import By
        >>> from selenium.webdriver.support.ui import WebDriverWait
        >>> from selenium.webdriver.support import expected_conditions as EC
    
        # Wait until an element is visible on the page
        >>> wait = WebDriverWait(driver, 10)
        >>> element = wait.until(EC.visibility_of_element_located((By.ID, "exampleId")))
        >>> print(element.text)
        """
        screen = None
        stacktrace = None
    
        end_time = time.monotonic() + self._timeout
        while True:
            try:
                value = method(self._driver)
                if value:
                    return value
            except self._ignored_exceptions as exc:
                screen = getattr(exc, "screen", None)
                stacktrace = getattr(exc, "stacktrace", None)
            if time.monotonic() > end_time:
                break
            time.sleep(self._poll)
>       raise TimeoutException(message, screen, stacktrace)
E       selenium.common.exceptions.TimeoutException: Message: 
E       Stacktrace:
E       #0 0x562c94f3fafa <unknown>
E       #1 0x562c9495960f <unknown>
E       #2 0x562c949aea16 <unknown>
E       #3 0x562c949aec51 <unknown>
E       #4 0x562c949fa404 <unknown>
E       #5 0x562c949f762b <unknown>
E       #6 0x562c949a0842 <unknown>
E       #7 0x562c949a1631 <unknown>
E       #8 0x562c94f05689 <unknown>
E       #9 0x562c94f08581 <unknown>
E       #10 0x562c94ef1ca9 <unknown>
E       #11 0x562c94f0913e <unknown>
E       #12 0x562c94ed83a0 <unknown>
E       #13 0x562c94f2cfc8 <unknown>
E       #14 0x562c94f2d19b <unknown>
E       #15 0x562c94f3ee68 <unknown>
E       #16 0x7f3eaa09caa4 <unknown>
E       #17 0x7f3eaa129c6c <unknown>

/opt/hostedtoolcache/Python/3.13.11/x64/lib/python3.13/site-packages/selenium/webdriver/support/wait.py:146: TimeoutException
---------------------------- Captured stderr setup -----------------------------
2026-01-22 12:12:49,685 - INFO - Starting test with Chrome browser
2026-01-22 12:12:49,685 - INFO - ====== WebDriver manager ======
2026-01-22 12:12:49,753 - INFO - Get LATEST chromedriver version for google-chrome
2026-01-22 12:12:49,819 - INFO - Get LATEST chromedriver version for google-chrome
2026-01-22 12:12:49,885 - INFO - Driver [/home/runner/.wdm/drivers/chromedriver/linux64/144.0.7559.96/chromedriver-linux64/chromedriver] found in cache
2026-01-22 12:12:50,799 - INFO - Navigated to: https://app.mochaaccounting.com/login
------------------------------ Captured log setup ------------------------------
INFO     tests.test_signup_login.conftest:conftest.py:78 Starting test with Chrome browser
INFO     WDM:logger.py:11 ====== WebDriver manager ======
INFO     WDM:logger.py:11 Get LATEST chromedriver version for google-chrome
INFO     WDM:logger.py:11 Get LATEST chromedriver version for google-chrome
INFO     WDM:logger.py:11 Driver [/home/runner/.wdm/drivers/chromedriver/linux64/144.0.7559.96/chromedriver-linux64/chromedriver] found in cache
INFO     tests.test_signup_login.conftest:conftest.py:134 Navigated to: https://app.mochaaccounting.com/login
--------------------------- Captured stderr teardown ---------------------------
2026-01-22 12:14:37,670 - INFO - Closing browser
---------------------------- Captured log teardown -----------------------------
INFO     tests.test_signup_login.conftest:conftest.py:144 Closing browser
_____________________ test_invalid_email_login[username1] ______________________

sign_login_setup = <selenium.webdriver.chrome.webdriver.WebDriver (session="2e832c257a12a7d05caf9c6d730116a1")>
login_test_data = {'expected_password_validation': 'Password is required', 'expected_username_validation': 'Email is required.', 'expect...ect_email_verification_msg': "Please check your email address. If you don't have an account, you can create one.", ...}
username = ('payeryash@1gmail.com',)

    @pytest.mark.parametrize("username", zip(invalid_username))
    def test_invalid_email_login(sign_login_setup, login_test_data,username):
        driver= sign_login_setup
        login_page = LoginPage(driver)
        login_page.enter_username(username)
        #login_page.enter_password(password)
        login_page.click_loginbutton()
>       login_page.incorrect_email_validation(login_test_data)

tests/test_signup_login/test_login.py:42: 
_ _ _ _ _ _ _ _ _ _ _ _ _ _ _ _ _ _ _ _ _ _ _ _ _ _ _ _ _ _ _ _ _ _ _ _ _ _ _ _ 

self = <pages.login_page.LoginPage object at 0x7f69cfcfb5c0>
login_test_data = {'expected_password_validation': 'Password is required', 'expected_username_validation': 'Email is required.', 'expect...ect_email_verification_msg': "Please check your email address. If you don't have an account, you can create one.", ...}

    def incorrect_email_validation(self,login_test_data):
>       self.actions.wait_for_element(self.incorrect_email_verification_msg)

pages/login_page.py:88: 
_ _ _ _ _ _ _ _ _ _ _ _ _ _ _ _ _ _ _ _ _ _ _ _ _ _ _ _ _ _ _ _ _ _ _ _ _ _ _ _ 

self = <actions.actions.Actions object at 0x7f69cfc88180>
locator = ('xpath', "//p[@class='text-white' and contains(text(),'Please check your email address')]")
timeout = 100

    def wait_for_element(self, locator, timeout=100):
>       WebDriverWait(self.driver, timeout).until(EC.visibility_of_element_located(locator))

actions/actions.py:87: 
_ _ _ _ _ _ _ _ _ _ _ _ _ _ _ _ _ _ _ _ _ _ _ _ _ _ _ _ _ _ _ _ _ _ _ _ _ _ _ _ 

self = <selenium.webdriver.support.wait.WebDriverWait (session="2e832c257a12a7d05caf9c6d730116a1")>
method = <function visibility_of_element_located.<locals>._predicate at 0x7f69cfc3e160>
message = ''

    def until(self, method: Callable[[D], Union[Literal[False], T]], message: str = "") -> T:
        """Wait until the method returns a value that is not False.
    
        Calls the method provided with the driver as an argument until the
        return value does not evaluate to ``False``.
    
        Parameters:
        ----------
        method: callable(WebDriver)
            - A callable object that takes a WebDriver instance as an argument.
    
        message: str
            - Optional message for :exc:`TimeoutException`
    
        Return:
        -------
        object: T
            - The result of the last call to `method`
    
        Raises:
        -------
        TimeoutException
            - If 'method' does not return a truthy value within the WebDriverWait
            object's timeout
    
        Example:
        --------
        >>> from selenium.webdriver.common.by import By
        >>> from selenium.webdriver.support.ui import WebDriverWait
        >>> from selenium.webdriver.support import expected_conditions as EC
    
        # Wait until an element is visible on the page
        >>> wait = WebDriverWait(driver, 10)
        >>> element = wait.until(EC.visibility_of_element_located((By.ID, "exampleId")))
        >>> print(element.text)
        """
        screen = None
        stacktrace = None
    
        end_time = time.monotonic() + self._timeout
        while True:
            try:
                value = method(self._driver)
                if value:
                    return value
            except self._ignored_exceptions as exc:
                screen = getattr(exc, "screen", None)
                stacktrace = getattr(exc, "stacktrace", None)
            if time.monotonic() > end_time:
                break
            time.sleep(self._poll)
>       raise TimeoutException(message, screen, stacktrace)
E       selenium.common.exceptions.TimeoutException: Message: 
E       Stacktrace:
E       #0 0x5558997c1afa <unknown>
E       #1 0x5558991db60f <unknown>
E       #2 0x555899230a16 <unknown>
E       #3 0x555899230c51 <unknown>
E       #4 0x55589927c404 <unknown>
E       #5 0x55589927962b <unknown>
E       #6 0x555899222842 <unknown>
E       #7 0x555899223631 <unknown>
E       #8 0x555899787689 <unknown>
E       #9 0x55589978a581 <unknown>
E       #10 0x555899773ca9 <unknown>
E       #11 0x55589978b13e <unknown>
E       #12 0x55589975a3a0 <unknown>
E       #13 0x5558997aefc8 <unknown>
E       #14 0x5558997af19b <unknown>
E       #15 0x5558997c0e68 <unknown>
E       #16 0x7f25fe69caa4 <unknown>
E       #17 0x7f25fe729c6c <unknown>

/opt/hostedtoolcache/Python/3.13.11/x64/lib/python3.13/site-packages/selenium/webdriver/support/wait.py:146: TimeoutException
---------------------------- Captured stderr setup -----------------------------
2026-01-22 12:14:37,769 - INFO - Starting test with Chrome browser
2026-01-22 12:14:37,769 - INFO - ====== WebDriver manager ======
2026-01-22 12:14:37,832 - INFO - Get LATEST chromedriver version for google-chrome
2026-01-22 12:14:37,902 - INFO - Get LATEST chromedriver version for google-chrome
2026-01-22 12:14:37,964 - INFO - Driver [/home/runner/.wdm/drivers/chromedriver/linux64/144.0.7559.96/chromedriver-linux64/chromedriver] found in cache
2026-01-22 12:14:39,534 - INFO - Navigated to: https://app.mochaaccounting.com/login
------------------------------ Captured log setup ------------------------------
INFO     tests.test_signup_login.conftest:conftest.py:78 Starting test with Chrome browser
INFO     WDM:logger.py:11 ====== WebDriver manager ======
INFO     WDM:logger.py:11 Get LATEST chromedriver version for google-chrome
INFO     WDM:logger.py:11 Get LATEST chromedriver version for google-chrome
INFO     WDM:logger.py:11 Driver [/home/runner/.wdm/drivers/chromedriver/linux64/144.0.7559.96/chromedriver-linux64/chromedriver] found in cache
INFO     tests.test_signup_login.conftest:conftest.py:134 Navigated to: https://app.mochaaccounting.com/login
--------------------------- Captured stderr teardown ---------------------------
2026-01-22 12:16:26,447 - INFO - Closing browser
---------------------------- Captured log teardown -----------------------------
INFO     tests.test_signup_login.conftest:conftest.py:144 Closing browser
_____________________ test_invalid_email_login[username2] ______________________

sign_login_setup = <selenium.webdriver.chrome.webdriver.WebDriver (session="afd5f0f294c21094032b57ebf3c43411")>
login_test_data = {'expected_password_validation': 'Password is required', 'expected_username_validation': 'Email is required.', 'expect...ect_email_verification_msg': "Please check your email address. If you don't have an account, you can create one.", ...}
username = ('payerash10@gmail.com',)

    @pytest.mark.parametrize("username", zip(invalid_username))
    def test_invalid_email_login(sign_login_setup, login_test_data,username):
        driver= sign_login_setup
        login_page = LoginPage(driver)
        login_page.enter_username(username)
        #login_page.enter_password(password)
        login_page.click_loginbutton()
>       login_page.incorrect_email_validation(login_test_data)

tests/test_signup_login/test_login.py:42: 
_ _ _ _ _ _ _ _ _ _ _ _ _ _ _ _ _ _ _ _ _ _ _ _ _ _ _ _ _ _ _ _ _ _ _ _ _ _ _ _ 

self = <pages.login_page.LoginPage object at 0x7f69cfcb3410>
login_test_data = {'expected_password_validation': 'Password is required', 'expected_username_validation': 'Email is required.', 'expect...ect_email_verification_msg': "Please check your email address. If you don't have an account, you can create one.", ...}

    def incorrect_email_validation(self,login_test_data):
>       self.actions.wait_for_element(self.incorrect_email_verification_msg)

pages/login_page.py:88: 
_ _ _ _ _ _ _ _ _ _ _ _ _ _ _ _ _ _ _ _ _ _ _ _ _ _ _ _ _ _ _ _ _ _ _ _ _ _ _ _ 

self = <actions.actions.Actions object at 0x7f69cfcb3890>
locator = ('xpath', "//p[@class='text-white' and contains(text(),'Please check your email address')]")
timeout = 100

    def wait_for_element(self, locator, timeout=100):
>       WebDriverWait(self.driver, timeout).until(EC.visibility_of_element_located(locator))

actions/actions.py:87: 
_ _ _ _ _ _ _ _ _ _ _ _ _ _ _ _ _ _ _ _ _ _ _ _ _ _ _ _ _ _ _ _ _ _ _ _ _ _ _ _ 

self = <selenium.webdriver.support.wait.WebDriverWait (session="afd5f0f294c21094032b57ebf3c43411")>
method = <function visibility_of_element_located.<locals>._predicate at 0x7f69cfc3e3e0>
message = ''

    def until(self, method: Callable[[D], Union[Literal[False], T]], message: str = "") -> T:
        """Wait until the method returns a value that is not False.
    
        Calls the method provided with the driver as an argument until the
        return value does not evaluate to ``False``.
    
        Parameters:
        ----------
        method: callable(WebDriver)
            - A callable object that takes a WebDriver instance as an argument.
    
        message: str
            - Optional message for :exc:`TimeoutException`
    
        Return:
        -------
        object: T
            - The result of the last call to `method`
    
        Raises:
        -------
        TimeoutException
            - If 'method' does not return a truthy value within the WebDriverWait
            object's timeout
    
        Example:
        --------
        >>> from selenium.webdriver.common.by import By
        >>> from selenium.webdriver.support.ui import WebDriverWait
        >>> from selenium.webdriver.support import expected_conditions as EC
    
        # Wait until an element is visible on the page
        >>> wait = WebDriverWait(driver, 10)
        >>> element = wait.until(EC.visibility_of_element_located((By.ID, "exampleId")))
        >>> print(element.text)
        """
        screen = None
        stacktrace = None
    
        end_time = time.monotonic() + self._timeout
        while True:
            try:
                value = method(self._driver)
                if value:
                    return value
            except self._ignored_exceptions as exc:
                screen = getattr(exc, "screen", None)
                stacktrace = getattr(exc, "stacktrace", None)
            if time.monotonic() > end_time:
                break
            time.sleep(self._poll)
>       raise TimeoutException(message, screen, stacktrace)
E       selenium.common.exceptions.TimeoutException: Message: 
E       Stacktrace:
E       #0 0x55c4e1324afa <unknown>
E       #1 0x55c4e0d3e60f <unknown>
E       #2 0x55c4e0d93a16 <unknown>
E       #3 0x55c4e0d93c51 <unknown>
E       #4 0x55c4e0ddf404 <unknown>
E       #5 0x55c4e0ddc62b <unknown>
E       #6 0x55c4e0d85842 <unknown>
E       #7 0x55c4e0d86631 <unknown>
E       #8 0x55c4e12ea689 <unknown>
E       #9 0x55c4e12ed581 <unknown>
E       #10 0x55c4e12d6ca9 <unknown>
E       #11 0x55c4e12ee13e <unknown>
E       #12 0x55c4e12bd3a0 <unknown>
E       #13 0x55c4e1311fc8 <unknown>
E       #14 0x55c4e131219b <unknown>
E       #15 0x55c4e1323e68 <unknown>
E       #16 0x7fdb5769caa4 <unknown>
E       #17 0x7fdb57729c6c <unknown>

/opt/hostedtoolcache/Python/3.13.11/x64/lib/python3.13/site-packages/selenium/webdriver/support/wait.py:146: TimeoutException
---------------------------- Captured stderr setup -----------------------------
2026-01-22 12:16:26,546 - INFO - Starting test with Chrome browser
2026-01-22 12:16:26,546 - INFO - ====== WebDriver manager ======
2026-01-22 12:16:26,611 - INFO - Get LATEST chromedriver version for google-chrome
2026-01-22 12:16:26,678 - INFO - Get LATEST chromedriver version for google-chrome
2026-01-22 12:16:26,745 - INFO - Driver [/home/runner/.wdm/drivers/chromedriver/linux64/144.0.7559.96/chromedriver-linux64/chromedriver] found in cache
2026-01-22 12:16:27,659 - INFO - Navigated to: https://app.mochaaccounting.com/login
------------------------------ Captured log setup ------------------------------
INFO     tests.test_signup_login.conftest:conftest.py:78 Starting test with Chrome browser
INFO     WDM:logger.py:11 ====== WebDriver manager ======
INFO     WDM:logger.py:11 Get LATEST chromedriver version for google-chrome
INFO     WDM:logger.py:11 Get LATEST chromedriver version for google-chrome
INFO     WDM:logger.py:11 Driver [/home/runner/.wdm/drivers/chromedriver/linux64/144.0.7559.96/chromedriver-linux64/chromedriver] found in cache
INFO     tests.test_signup_login.conftest:conftest.py:134 Navigated to: https://app.mochaaccounting.com/login
--------------------------- Captured stderr teardown ---------------------------
2026-01-22 12:18:15,039 - INFO - Closing browser
---------------------------- Captured log teardown -----------------------------
INFO     tests.test_signup_login.conftest:conftest.py:144 Closing browser
_____________________ test_invalid_email_login[username3] ______________________

sign_login_setup = <selenium.webdriver.chrome.webdriver.WebDriver (session="ceb4054b68c5ccec106814125ba0ff57")>
login_test_data = {'expected_password_validation': 'Password is required', 'expected_username_validation': 'Email is required.', 'expect...ect_email_verification_msg': "Please check your email address. If you don't have an account, you can create one.", ...}
username = ('payer@gmail.com',)

    @pytest.mark.parametrize("username", zip(invalid_username))
    def test_invalid_email_login(sign_login_setup, login_test_data,username):
        driver= sign_login_setup
        login_page = LoginPage(driver)
        login_page.enter_username(username)
        #login_page.enter_password(password)
        login_page.click_loginbutton()
>       login_page.incorrect_email_validation(login_test_data)

tests/test_signup_login/test_login.py:42: 
_ _ _ _ _ _ _ _ _ _ _ _ _ _ _ _ _ _ _ _ _ _ _ _ _ _ _ _ _ _ _ _ _ _ _ _ _ _ _ _ 

self = <pages.login_page.LoginPage object at 0x7f69cfcbd590>
login_test_data = {'expected_password_validation': 'Password is required', 'expected_username_validation': 'Email is required.', 'expect...ect_email_verification_msg': "Please check your email address. If you don't have an account, you can create one.", ...}

    def incorrect_email_validation(self,login_test_data):
>       self.actions.wait_for_element(self.incorrect_email_verification_msg)

pages/login_page.py:88: 
_ _ _ _ _ _ _ _ _ _ _ _ _ _ _ _ _ _ _ _ _ _ _ _ _ _ _ _ _ _ _ _ _ _ _ _ _ _ _ _ 

self = <actions.actions.Actions object at 0x7f69cfcbf8a0>
locator = ('xpath', "//p[@class='text-white' and contains(text(),'Please check your email address')]")
timeout = 100

    def wait_for_element(self, locator, timeout=100):
>       WebDriverWait(self.driver, timeout).until(EC.visibility_of_element_located(locator))

actions/actions.py:87: 
_ _ _ _ _ _ _ _ _ _ _ _ _ _ _ _ _ _ _ _ _ _ _ _ _ _ _ _ _ _ _ _ _ _ _ _ _ _ _ _ 

self = <selenium.webdriver.support.wait.WebDriverWait (session="ceb4054b68c5ccec106814125ba0ff57")>
method = <function visibility_of_element_located.<locals>._predicate at 0x7f69cfc3e520>
message = ''

    def until(self, method: Callable[[D], Union[Literal[False], T]], message: str = "") -> T:
        """Wait until the method returns a value that is not False.
    
        Calls the method provided with the driver as an argument until the
        return value does not evaluate to ``False``.
    
        Parameters:
        ----------
        method: callable(WebDriver)
            - A callable object that takes a WebDriver instance as an argument.
    
        message: str
            - Optional message for :exc:`TimeoutException`
    
        Return:
        -------
        object: T
            - The result of the last call to `method`
    
        Raises:
        -------
        TimeoutException
            - If 'method' does not return a truthy value within the WebDriverWait
            object's timeout
    
        Example:
        --------
        >>> from selenium.webdriver.common.by import By
        >>> from selenium.webdriver.support.ui import WebDriverWait
        >>> from selenium.webdriver.support import expected_conditions as EC
    
        # Wait until an element is visible on the page
        >>> wait = WebDriverWait(driver, 10)
        >>> element = wait.until(EC.visibility_of_element_located((By.ID, "exampleId")))
        >>> print(element.text)
        """
        screen = None
        stacktrace = None
    
        end_time = time.monotonic() + self._timeout
        while True:
            try:
                value = method(self._driver)
                if value:
                    return value
            except self._ignored_exceptions as exc:
                screen = getattr(exc, "screen", None)
                stacktrace = getattr(exc, "stacktrace", None)
            if time.monotonic() > end_time:
                break
            time.sleep(self._poll)
>       raise TimeoutException(message, screen, stacktrace)
E       selenium.common.exceptions.TimeoutException: Message: 
E       Stacktrace:
E       #0 0x5617fe5b4afa <unknown>
E       #1 0x5617fdfce60f <unknown>
E       #2 0x5617fe023a16 <unknown>
E       #3 0x5617fe023c51 <unknown>
E       #4 0x5617fe06f404 <unknown>
E       #5 0x5617fe06c62b <unknown>
E       #6 0x5617fe015842 <unknown>
E       #7 0x5617fe016631 <unknown>
E       #8 0x5617fe57a689 <unknown>
E       #9 0x5617fe57d581 <unknown>
E       #10 0x5617fe566ca9 <unknown>
E       #11 0x5617fe57e13e <unknown>
E       #12 0x5617fe54d3a0 <unknown>
E       #13 0x5617fe5a1fc8 <unknown>
E       #14 0x5617fe5a219b <unknown>
E       #15 0x5617fe5b3e68 <unknown>
E       #16 0x7f7eea69caa4 <unknown>
E       #17 0x7f7eea729c6c <unknown>

/opt/hostedtoolcache/Python/3.13.11/x64/lib/python3.13/site-packages/selenium/webdriver/support/wait.py:146: TimeoutException
---------------------------- Captured stderr setup -----------------------------
2026-01-22 12:18:15,141 - INFO - Starting test with Chrome browser
2026-01-22 12:18:15,141 - INFO - ====== WebDriver manager ======
2026-01-22 12:18:15,206 - INFO - Get LATEST chromedriver version for google-chrome
2026-01-22 12:18:15,272 - INFO - Get LATEST chromedriver version for google-chrome
2026-01-22 12:18:15,342 - INFO - Driver [/home/runner/.wdm/drivers/chromedriver/linux64/144.0.7559.96/chromedriver-linux64/chromedriver] found in cache
2026-01-22 12:18:16,938 - INFO - Navigated to: https://app.mochaaccounting.com/login
------------------------------ Captured log setup ------------------------------
INFO     tests.test_signup_login.conftest:conftest.py:78 Starting test with Chrome browser
INFO     WDM:logger.py:11 ====== WebDriver manager ======
INFO     WDM:logger.py:11 Get LATEST chromedriver version for google-chrome
INFO     WDM:logger.py:11 Get LATEST chromedriver version for google-chrome
INFO     WDM:logger.py:11 Driver [/home/runner/.wdm/drivers/chromedriver/linux64/144.0.7559.96/chromedriver-linux64/chromedriver] found in cache
INFO     tests.test_signup_login.conftest:conftest.py:134 Navigated to: https://app.mochaaccounting.com/login
--------------------------- Captured stderr teardown ---------------------------
2026-01-22 12:20:04,000 - INFO - Closing browser
---------------------------- Captured log teardown -----------------------------
INFO     tests.test_signup_login.conftest:conftest.py:144 Closing browser
________________________ test_blank_password_validation ________________________

sign_login_setup = <selenium.webdriver.chrome.webdriver.WebDriver (session="d74b804a6cc8c7d67ab920fd8faea4f6")>
login_test_data = {'expected_password_validation': 'Password is required', 'expected_username_validation': 'Email is required.', 'expect...ect_email_verification_msg': "Please check your email address. If you don't have an account, you can create one.", ...}

    def test_blank_password_validation(sign_login_setup,login_test_data):
        driver = sign_login_setup
        login_page = LoginPage(driver)
        login_page.enter_username(valid_username[0])
        login_page.click_password()
        login_page.disabled_click_login_button()
>       login_page.password_blank_validation(login_test_data)

tests/test_signup_login/test_login.py:60: 
_ _ _ _ _ _ _ _ _ _ _ _ _ _ _ _ _ _ _ _ _ _ _ _ _ _ _ _ _ _ _ _ _ _ _ _ _ _ _ _ 

self = <pages.login_page.LoginPage object at 0x7f69d1a93d50>
login_test_data = {'expected_password_validation': 'Password is required', 'expected_username_validation': 'Email is required.', 'expect...ect_email_verification_msg': "Please check your email address. If you don't have an account, you can create one.", ...}

    def password_blank_validation(self, login_test_data):
        #self.actions.wait_for_element(self.password_validation)
        expected_p_validation = login_test_data["expected_password_validation"]
>       actual_p_validation = self.actions.get_text(self.blank_password_error_msg)

pages/login_page.py:84: 
_ _ _ _ _ _ _ _ _ _ _ _ _ _ _ _ _ _ _ _ _ _ _ _ _ _ _ _ _ _ _ _ _ _ _ _ _ _ _ _ 

self = <actions.actions.Actions object at 0x7f69d1ba4750>
locator = ('xpath', "//div[@class='error-text' and contains(text(), 'Password is required')]")

    def get_text(self, locator):
>       return self.driver.find_element(*locator).text

actions/actions.py:54: 
_ _ _ _ _ _ _ _ _ _ _ _ _ _ _ _ _ _ _ _ _ _ _ _ _ _ _ _ _ _ _ _ _ _ _ _ _ _ _ _ 

self = <selenium.webdriver.chrome.webdriver.WebDriver (session="d74b804a6cc8c7d67ab920fd8faea4f6")>
by = 'xpath'
value = "//div[@class='error-text' and contains(text(), 'Password is required')]"

    def find_element(self, by=By.ID, value: Optional[str] = None) -> WebElement:
        """Find an element given a By strategy and locator.
    
        Parameters:
        ----------
        by : selenium.webdriver.common.by.By
            The locating strategy to use. Default is `By.ID`. Supported values include:
            - By.ID: Locate by element ID.
            - By.NAME: Locate by the `name` attribute.
            - By.XPATH: Locate by an XPath expression.
            - By.CSS_SELECTOR: Locate by a CSS selector.
            - By.CLASS_NAME: Locate by the `class` attribute.
            - By.TAG_NAME: Locate by the tag name (e.g., "input", "button").
            - By.LINK_TEXT: Locate a link element by its exact text.
            - By.PARTIAL_LINK_TEXT: Locate a link element by partial text match.
            - RelativeBy: Locate elements relative to a specified root element.
    
        Example:
        --------
        element = driver.find_element(By.ID, 'foo')
    
        Returns:
        -------
        WebElement
            The first matching `WebElement` found on the page.
        """
        by, value = self.locator_converter.convert(by, value)
    
        if isinstance(by, RelativeBy):
            elements = self.find_elements(by=by, value=value)
            if not elements:
                raise NoSuchElementException(f"Cannot locate relative element with: {by.root}")
            return elements[0]
    
>       return self.execute(Command.FIND_ELEMENT, {"using": by, "value": value})["value"]

/opt/hostedtoolcache/Python/3.13.11/x64/lib/python3.13/site-packages/selenium/webdriver/remote/webdriver.py:898: 
_ _ _ _ _ _ _ _ _ _ _ _ _ _ _ _ _ _ _ _ _ _ _ _ _ _ _ _ _ _ _ _ _ _ _ _ _ _ _ _ 

self = <selenium.webdriver.chrome.webdriver.WebDriver (session="d74b804a6cc8c7d67ab920fd8faea4f6")>
driver_command = 'findElement'
params = {'using': 'xpath', 'value': "//div[@class='error-text' and contains(text(), 'Password is required')]"}

    def execute(self, driver_command: str, params: dict = None) -> dict:
        """Sends a command to be executed by a command.CommandExecutor.
    
        Parameters:
        ----------
        driver_command : str
            - The name of the command to execute as a string.
    
        params : dict
            - A dictionary of named Parameters to send with the command.
    
        Returns:
        --------
          dict - The command's JSON response loaded into a dictionary object.
        """
        params = self._wrap_value(params)
    
        if self.session_id:
            if not params:
                params = {"sessionId": self.session_id}
            elif "sessionId" not in params:
                params["sessionId"] = self.session_id
    
        response = self.command_executor.execute(driver_command, params)
        if response:
>           self.error_handler.check_response(response)

/opt/hostedtoolcache/Python/3.13.11/x64/lib/python3.13/site-packages/selenium/webdriver/remote/webdriver.py:429: 
_ _ _ _ _ _ _ _ _ _ _ _ _ _ _ _ _ _ _ _ _ _ _ _ _ _ _ _ _ _ _ _ _ _ _ _ _ _ _ _ 

self = <selenium.webdriver.remote.errorhandler.ErrorHandler object at 0x7f69d1ba4050>
response = {'status': 404, 'value': '{"value":{"error":"no such element","message":"no such element: Unable to locate element: {\...\\n#15 0x555650b48e68 \\u003Cunknown>\\n#16 0x7fd35c09caa4 \\u003Cunknown>\\n#17 0x7fd35c129c6c \\u003Cunknown>\\n"}}'}

    def check_response(self, response: Dict[str, Any]) -> None:
        """Checks that a JSON response from the WebDriver does not have an
        error.
    
        :Args:
         - response - The JSON response from the WebDriver server as a dictionary
           object.
    
        :Raises: If the response contains an error message.
        """
        status = response.get("status", None)
        if not status or status == ErrorCode.SUCCESS:
            return
        value = None
        message = response.get("message", "")
        screen: str = response.get("screen", "")
        stacktrace = None
        if isinstance(status, int):
            value_json = response.get("value", None)
            if value_json and isinstance(value_json, str):
                import json
    
                try:
                    value = json.loads(value_json)
                    if len(value) == 1:
                        value = value["value"]
                    status = value.get("error", None)
                    if not status:
                        status = value.get("status", ErrorCode.UNKNOWN_ERROR)
                        message = value.get("value") or value.get("message")
                        if not isinstance(message, str):
                            value = message
                            message = message.get("message")
                    else:
                        message = value.get("message", None)
                except ValueError:
                    pass
    
        exception_class: Type[WebDriverException]
        e = ErrorCode()
        error_codes = [item for item in dir(e) if not item.startswith("__")]
        for error_code in error_codes:
            error_info = getattr(ErrorCode, error_code)
            if isinstance(error_info, list) and status in error_info:
                exception_class = getattr(ExceptionMapping, error_code, WebDriverException)
                break
        else:
            exception_class = WebDriverException
    
        if not value:
            value = response["value"]
        if isinstance(value, str):
            raise exception_class(value)
        if message == "" and "message" in value:
            message = value["message"]
    
        screen = None  # type: ignore[assignment]
        if "screen" in value:
            screen = value["screen"]
    
        stacktrace = None
        st_value = value.get("stackTrace") or value.get("stacktrace")
        if st_value:
            if isinstance(st_value, str):
                stacktrace = st_value.split("\n")
            else:
                stacktrace = []
                try:
                    for frame in st_value:
                        line = frame.get("lineNumber", "")
                        file = frame.get("fileName", "<anonymous>")
                        if line:
                            file = f"{file}:{line}"
                        meth = frame.get("methodName", "<anonymous>")
                        if "className" in frame:
                            meth = f"{frame['className']}.{meth}"
                        msg = "    at %s (%s)"
                        msg = msg % (meth, file)
                        stacktrace.append(msg)
                except TypeError:
                    pass
        if exception_class == UnexpectedAlertPresentException:
            alert_text = None
            if "data" in value:
                alert_text = value["data"].get("text")
            elif "alert" in value:
                alert_text = value["alert"].get("text")
            raise exception_class(message, screen, stacktrace, alert_text)  # type: ignore[call-arg]  # mypy is not smart enough here
>       raise exception_class(message, screen, stacktrace)
E       selenium.common.exceptions.NoSuchElementException: Message: no such element: Unable to locate element: {"method":"xpath","selector":"//div[@class='error-text' and contains(text(), 'Password is required')]"}
E         (Session info: chrome=144.0.7559.96); For documentation on this error, please visit: https://www.selenium.dev/documentation/webdriver/troubleshooting/errors#no-such-element-exception
E       Stacktrace:
E       #0 0x555650b49afa <unknown>
E       #1 0x55565056360f <unknown>
E       #2 0x5556505b8a16 <unknown>
E       #3 0x5556505b8c51 <unknown>
E       #4 0x555650604404 <unknown>
E       #5 0x55565060162b <unknown>
E       #6 0x5556505aa842 <unknown>
E       #7 0x5556505ab631 <unknown>
E       #8 0x555650b0f689 <unknown>
E       #9 0x555650b12581 <unknown>
E       #10 0x555650afbca9 <unknown>
E       #11 0x555650b1313e <unknown>
E       #12 0x555650ae23a0 <unknown>
E       #13 0x555650b36fc8 <unknown>
E       #14 0x555650b3719b <unknown>
E       #15 0x555650b48e68 <unknown>
E       #16 0x7fd35c09caa4 <unknown>
E       #17 0x7fd35c129c6c <unknown>

/opt/hostedtoolcache/Python/3.13.11/x64/lib/python3.13/site-packages/selenium/webdriver/remote/errorhandler.py:232: NoSuchElementException
---------------------------- Captured stderr setup -----------------------------
2026-01-22 12:20:06,161 - INFO - Starting test with Chrome browser
2026-01-22 12:20:06,161 - INFO - ====== WebDriver manager ======
2026-01-22 12:20:06,225 - INFO - Get LATEST chromedriver version for google-chrome
2026-01-22 12:20:06,281 - INFO - Get LATEST chromedriver version for google-chrome
2026-01-22 12:20:06,345 - INFO - Driver [/home/runner/.wdm/drivers/chromedriver/linux64/144.0.7559.96/chromedriver-linux64/chromedriver] found in cache
2026-01-22 12:20:07,570 - INFO - Navigated to: https://app.mochaaccounting.com/login
------------------------------ Captured log setup ------------------------------
INFO     tests.test_signup_login.conftest:conftest.py:78 Starting test with Chrome browser
INFO     WDM:logger.py:11 ====== WebDriver manager ======
INFO     WDM:logger.py:11 Get LATEST chromedriver version for google-chrome
INFO     WDM:logger.py:11 Get LATEST chromedriver version for google-chrome
INFO     WDM:logger.py:11 Driver [/home/runner/.wdm/drivers/chromedriver/linux64/144.0.7559.96/chromedriver-linux64/chromedriver] found in cache
INFO     tests.test_signup_login.conftest:conftest.py:134 Navigated to: https://app.mochaaccounting.com/login
--------------------------- Captured stderr teardown ---------------------------
2026-01-22 12:20:14,568 - INFO - Closing browser
---------------------------- Captured log teardown -----------------------------
INFO     tests.test_signup_login.conftest:conftest.py:144 Closing browser
==================================== PASSES ====================================
______ test_valid_login[yash.payer+01@mochatechnologies.com-Password@123] ______
---------------------------- Captured stderr setup -----------------------------
2026-01-22 12:12:30,150 - INFO - Starting test with Chrome browser
2026-01-22 12:12:30,150 - INFO - ====== WebDriver manager ======
2026-01-22 12:12:30,248 - INFO - Get LATEST chromedriver version for google-chrome
2026-01-22 12:12:30,356 - INFO - Get LATEST chromedriver version for google-chrome
2026-01-22 12:12:30,422 - INFO - There is no [linux64] chromedriver "144.0.7559.96" for browser google-chrome "144.0.7559" in cache
2026-01-22 12:12:30,422 - INFO - Get LATEST chromedriver version for google-chrome
2026-01-22 12:12:30,591 - INFO - WebDriver version 144.0.7559.96 selected
2026-01-22 12:12:30,596 - INFO - Modern chrome version https://storage.googleapis.com/chrome-for-testing-public/144.0.7559.96/linux64/chromedriver-linux64.zip
2026-01-22 12:12:30,596 - INFO - About to download new driver from https://storage.googleapis.com/chrome-for-testing-public/144.0.7559.96/linux64/chromedriver-linux64.zip
2026-01-22 12:12:30,705 - INFO - Driver downloading response is 200
2026-01-22 12:12:30,971 - INFO - Get LATEST chromedriver version for google-chrome
2026-01-22 12:12:31,141 - INFO - Driver has been saved in cache [/home/runner/.wdm/drivers/chromedriver/linux64/144.0.7559.96]
2026-01-22 12:12:33,106 - INFO - Navigated to: https://app.mochaaccounting.com/login
------------------------------ Captured log setup ------------------------------
INFO     tests.test_signup_login.conftest:conftest.py:78 Starting test with Chrome browser
INFO     WDM:logger.py:11 ====== WebDriver manager ======
INFO     WDM:logger.py:11 Get LATEST chromedriver version for google-chrome
INFO     WDM:logger.py:11 Get LATEST chromedriver version for google-chrome
INFO     WDM:logger.py:11 There is no [linux64] chromedriver "144.0.7559.96" for browser google-chrome "144.0.7559" in cache
INFO     WDM:logger.py:11 Get LATEST chromedriver version for google-chrome
INFO     WDM:logger.py:11 WebDriver version 144.0.7559.96 selected
INFO     WDM:logger.py:11 Modern chrome version https://storage.googleapis.com/chrome-for-testing-public/144.0.7559.96/linux64/chromedriver-linux64.zip
INFO     WDM:logger.py:11 About to download new driver from https://storage.googleapis.com/chrome-for-testing-public/144.0.7559.96/linux64/chromedriver-linux64.zip
INFO     WDM:logger.py:11 Driver downloading response is 200
INFO     WDM:logger.py:11 Get LATEST chromedriver version for google-chrome
INFO     WDM:logger.py:11 Driver has been saved in cache [/home/runner/.wdm/drivers/chromedriver/linux64/144.0.7559.96]
INFO     tests.test_signup_login.conftest:conftest.py:134 Navigated to: https://app.mochaaccounting.com/login
----------------------------- Captured stderr call -----------------------------
2026-01-22 12:12:33,107 - INFO - Starting the test case for valid credentials
2026-01-22 12:12:33,256 - INFO - User enters the email-id
2026-01-22 12:12:35,037 - INFO - User enters the password
2026-01-22 12:12:35,126 - INFO - User clicks on login button
2026-01-22 12:12:37,517 - INFO - The test case passed
------------------------------ Captured log call -------------------------------
INFO     tests.test_signup_login.test_login:test_login.py:25 Starting the test case for valid credentials
INFO     tests.test_signup_login.test_login:test_login.py:27 User enters the email-id
INFO     tests.test_signup_login.test_login:test_login.py:29 User enters the password
INFO     tests.test_signup_login.test_login:test_login.py:31 User clicks on login button
INFO     tests.test_signup_login.test_login:test_login.py:33 The test case passed
--------------------------- Captured stderr teardown ---------------------------
2026-01-22 12:12:37,518 - INFO - Closing browser
---------------------------- Captured log teardown -----------------------------
INFO     tests.test_signup_login.conftest:conftest.py:144 Closing browser
___________ test_valid_login[shubhamdabir07@gmail.com-Shubham@1234] ____________
---------------------------- Captured stderr setup -----------------------------
2026-01-22 12:12:37,606 - INFO - Starting test with Chrome browser
2026-01-22 12:12:37,606 - INFO - ====== WebDriver manager ======
2026-01-22 12:12:37,672 - INFO - Get LATEST chromedriver version for google-chrome
2026-01-22 12:12:37,737 - INFO - Get LATEST chromedriver version for google-chrome
2026-01-22 12:12:37,824 - INFO - Driver [/home/runner/.wdm/drivers/chromedriver/linux64/144.0.7559.96/chromedriver-linux64/chromedriver] found in cache
2026-01-22 12:12:39,435 - INFO - Navigated to: https://app.mochaaccounting.com/login
------------------------------ Captured log setup ------------------------------
INFO     tests.test_signup_login.conftest:conftest.py:78 Starting test with Chrome browser
INFO     WDM:logger.py:11 ====== WebDriver manager ======
INFO     WDM:logger.py:11 Get LATEST chromedriver version for google-chrome
INFO     WDM:logger.py:11 Get LATEST chromedriver version for google-chrome
INFO     WDM:logger.py:11 Driver [/home/runner/.wdm/drivers/chromedriver/linux64/144.0.7559.96/chromedriver-linux64/chromedriver] found in cache
INFO     tests.test_signup_login.conftest:conftest.py:134 Navigated to: https://app.mochaaccounting.com/login
----------------------------- Captured stderr call -----------------------------
2026-01-22 12:12:39,435 - INFO - Starting the test case for valid credentials
2026-01-22 12:12:39,554 - INFO - User enters the email-id
2026-01-22 12:12:41,234 - INFO - User enters the password
2026-01-22 12:12:41,327 - INFO - User clicks on login button
2026-01-22 12:12:43,789 - INFO - The test case passed
------------------------------ Captured log call -------------------------------
INFO     tests.test_signup_login.test_login:test_login.py:25 Starting the test case for valid credentials
INFO     tests.test_signup_login.test_login:test_login.py:27 User enters the email-id
INFO     tests.test_signup_login.test_login:test_login.py:29 User enters the password
INFO     tests.test_signup_login.test_login:test_login.py:31 User clicks on login button
INFO     tests.test_signup_login.test_login:test_login.py:33 The test case passed
--------------------------- Captured stderr teardown ---------------------------
2026-01-22 12:12:43,790 - INFO - Closing browser
---------------------------- Captured log teardown -----------------------------
INFO     tests.test_signup_login.conftest:conftest.py:144 Closing browser
______ test_valid_login[hrishikesh.shinde1607@gmail.com-Hrishikesh@1234] _______
---------------------------- Captured stderr setup -----------------------------
2026-01-22 12:12:43,859 - INFO - Starting test with Chrome browser
2026-01-22 12:12:43,859 - INFO - ====== WebDriver manager ======
2026-01-22 12:12:43,928 - INFO - Get LATEST chromedriver version for google-chrome
2026-01-22 12:12:43,994 - INFO - Get LATEST chromedriver version for google-chrome
2026-01-22 12:12:44,061 - INFO - Driver [/home/runner/.wdm/drivers/chromedriver/linux64/144.0.7559.96/chromedriver-linux64/chromedriver] found in cache
2026-01-22 12:12:45,627 - INFO - Navigated to: https://app.mochaaccounting.com/login
------------------------------ Captured log setup ------------------------------
INFO     tests.test_signup_login.conftest:conftest.py:78 Starting test with Chrome browser
INFO     WDM:logger.py:11 ====== WebDriver manager ======
INFO     WDM:logger.py:11 Get LATEST chromedriver version for google-chrome
INFO     WDM:logger.py:11 Get LATEST chromedriver version for google-chrome
INFO     WDM:logger.py:11 Driver [/home/runner/.wdm/drivers/chromedriver/linux64/144.0.7559.96/chromedriver-linux64/chromedriver] found in cache
INFO     tests.test_signup_login.conftest:conftest.py:134 Navigated to: https://app.mochaaccounting.com/login
----------------------------- Captured stderr call -----------------------------
2026-01-22 12:12:45,627 - INFO - Starting the test case for valid credentials
2026-01-22 12:12:45,758 - INFO - User enters the email-id
2026-01-22 12:12:47,390 - INFO - User enters the password
2026-01-22 12:12:47,480 - INFO - User clicks on login button
2026-01-22 12:12:49,617 - INFO - The test case passed
------------------------------ Captured log call -------------------------------
INFO     tests.test_signup_login.test_login:test_login.py:25 Starting the test case for valid credentials
INFO     tests.test_signup_login.test_login:test_login.py:27 User enters the email-id
INFO     tests.test_signup_login.test_login:test_login.py:29 User enters the password
INFO     tests.test_signup_login.test_login:test_login.py:31 User clicks on login button
INFO     tests.test_signup_login.test_login:test_login.py:33 The test case passed
--------------------------- Captured stderr teardown ---------------------------
2026-01-22 12:12:49,617 - INFO - Closing browser
---------------------------- Captured log teardown -----------------------------
INFO     tests.test_signup_login.conftest:conftest.py:144 Closing browser
________________________ test_blank_username_validation ________________________
---------------------------- Captured stderr setup -----------------------------
2026-01-22 12:20:04,100 - INFO - Starting test with Chrome browser
2026-01-22 12:20:04,100 - INFO - ====== WebDriver manager ======
2026-01-22 12:20:04,166 - INFO - Get LATEST chromedriver version for google-chrome
2026-01-22 12:20:04,230 - INFO - Get LATEST chromedriver version for google-chrome
2026-01-22 12:20:04,294 - INFO - Driver [/home/runner/.wdm/drivers/chromedriver/linux64/144.0.7559.96/chromedriver-linux64/chromedriver] found in cache
2026-01-22 12:20:05,905 - INFO - Navigated to: https://app.mochaaccounting.com/login
------------------------------ Captured log setup ------------------------------
INFO     tests.test_signup_login.conftest:conftest.py:78 Starting test with Chrome browser
INFO     WDM:logger.py:11 ====== WebDriver manager ======
INFO     WDM:logger.py:11 Get LATEST chromedriver version for google-chrome
INFO     WDM:logger.py:11 Get LATEST chromedriver version for google-chrome
INFO     WDM:logger.py:11 Driver [/home/runner/.wdm/drivers/chromedriver/linux64/144.0.7559.96/chromedriver-linux64/chromedriver] found in cache
INFO     tests.test_signup_login.conftest:conftest.py:134 Navigated to: https://app.mochaaccounting.com/login
--------------------------- Captured stderr teardown ---------------------------
2026-01-22 12:20:06,098 - INFO - Closing browser
---------------------------- Captured log teardown -----------------------------
INFO     tests.test_signup_login.conftest:conftest.py:144 Closing browser
- Generated html report: file:///home/runner/work/Mocha_accounting/Mocha_accounting/C%3A%5CUsers%5CTaurus13%5CPycharmProjects%5CPythonProject%5Creports/20260122_121229/report.html -
=================== 5 failed, 4 passed in 464.58s (0:07:44) ====================
=== LOGIN TESTS COMPLETED ===
Exit Code: 1
=== LOGIN TESTS STARTED: 2026-01-22 13:43:15 ===
============================= test session starts ==============================
platform linux -- Python 3.13.11, pytest-8.3.5, pluggy-1.6.0 -- /opt/hostedtoolcache/Python/3.13.11/x64/bin/python
cachedir: .pytest_cache
metadata: {'Python': '3.13.11', 'Platform': 'Linux-6.11.0-1018-azure-x86_64-with-glibc2.39', 'Packages': {'pytest': '8.3.5', 'pluggy': '1.6.0'}, 'Plugins': {'rerunfailures': '16.1', 'Faker': '40.1.2', 'xdist': '3.8.0', 'html': '4.2.0', 'metadata': '3.1.1'}, 'CI': 'true', 'JAVA_HOME': '/usr/lib/jvm/temurin-17-jdk-amd64'}
rootdir: /home/runner/work/Mocha_accounting/Mocha_accounting
plugins: rerunfailures-16.1, Faker-40.1.2, xdist-3.8.0, html-4.2.0, metadata-3.1.1
collecting ... collected 10 items

tests/test_signup_login/test_login.py::test_valid_login[yash.payer+01@mochatechnologies.com-Password@123] PASSED [ 10%]
tests/test_signup_login/test_login.py::test_valid_login[shubhamdabir07@gmail.com-Shubham@1234] PASSED [ 20%]
tests/test_signup_login/test_login.py::test_valid_login[hrishikesh.shinde1607@gmail.com-Hrishikesh@1234] PASSED [ 30%]
tests/test_signup_login/test_login.py::test_blank_username_validation PASSED [ 40%]
tests/test_signup_login/test_login.py::test_blank_password_validation FAILED [ 50%]
tests/test_signup_login/test_login.py::test_invalid_email_validation[username0] PASSED [ 60%]
tests/test_signup_login/test_login.py::test_invalid_email_validation[username1] PASSED [ 70%]
tests/test_signup_login/test_login.py::test_invalid_email_validation[username2] PASSED [ 80%]
tests/test_signup_login/test_login.py::test_invalid_email_validation[username3] PASSED [ 90%]
tests/test_signup_login/test_login.py::test_invalid_email_validation[username4] PASSED [100%]

=================================== FAILURES ===================================
________________________ test_blank_password_validation ________________________

sign_login_setup = <selenium.webdriver.chrome.webdriver.WebDriver (session="8cb92bde8c3d4a7d1d0d0d007049c364")>
login_test_data = {'expected_password_validation': 'Password is required', 'expected_username_validation': 'Email is required.', 'expect...ect_email_verification_msg': "Please check your email address. If you don't have an account, you can create one.", ...}

    def test_blank_password_validation(sign_login_setup,login_test_data):
        driver = sign_login_setup
        login_page = LoginPage(driver)
        login_page.enter_username(valid_username[0])
        login_page.click_password()
        login_page.disabled_click_login_button()
>       login_page.password_blank_validation(login_test_data)

tests/test_signup_login/test_login.py:60: 
_ _ _ _ _ _ _ _ _ _ _ _ _ _ _ _ _ _ _ _ _ _ _ _ _ _ _ _ _ _ _ _ _ _ _ _ _ _ _ _ 

self = <pages.login_page.LoginPage object at 0x7fb4e370aea0>
login_test_data = {'expected_password_validation': 'Password is required', 'expected_username_validation': 'Email is required.', 'expect...ect_email_verification_msg': "Please check your email address. If you don't have an account, you can create one.", ...}

    def password_blank_validation(self, login_test_data):
        #self.actions.wait_for_element(self.password_validation)
        expected_p_validation = login_test_data["expected_password_validation"]
>       actual_p_validation = self.actions.get_text(self.blank_password_error_msg)

pages/login_page.py:84: 
_ _ _ _ _ _ _ _ _ _ _ _ _ _ _ _ _ _ _ _ _ _ _ _ _ _ _ _ _ _ _ _ _ _ _ _ _ _ _ _ 

self = <actions.actions.Actions object at 0x7fb4e370b950>
locator = ('xpath', "//div[@class='error-text' and contains(text(), 'Password is required')]")

    def get_text(self, locator):
>       return self.driver.find_element(*locator).text

actions/actions.py:54: 
_ _ _ _ _ _ _ _ _ _ _ _ _ _ _ _ _ _ _ _ _ _ _ _ _ _ _ _ _ _ _ _ _ _ _ _ _ _ _ _ 

self = <selenium.webdriver.chrome.webdriver.WebDriver (session="8cb92bde8c3d4a7d1d0d0d007049c364")>
by = 'xpath'
value = "//div[@class='error-text' and contains(text(), 'Password is required')]"

    def find_element(self, by=By.ID, value: Optional[str] = None) -> WebElement:
        """Find an element given a By strategy and locator.
    
        Parameters:
        ----------
        by : selenium.webdriver.common.by.By
            The locating strategy to use. Default is `By.ID`. Supported values include:
            - By.ID: Locate by element ID.
            - By.NAME: Locate by the `name` attribute.
            - By.XPATH: Locate by an XPath expression.
            - By.CSS_SELECTOR: Locate by a CSS selector.
            - By.CLASS_NAME: Locate by the `class` attribute.
            - By.TAG_NAME: Locate by the tag name (e.g., "input", "button").
            - By.LINK_TEXT: Locate a link element by its exact text.
            - By.PARTIAL_LINK_TEXT: Locate a link element by partial text match.
            - RelativeBy: Locate elements relative to a specified root element.
    
        Example:
        --------
        element = driver.find_element(By.ID, 'foo')
    
        Returns:
        -------
        WebElement
            The first matching `WebElement` found on the page.
        """
        by, value = self.locator_converter.convert(by, value)
    
        if isinstance(by, RelativeBy):
            elements = self.find_elements(by=by, value=value)
            if not elements:
                raise NoSuchElementException(f"Cannot locate relative element with: {by.root}")
            return elements[0]
    
>       return self.execute(Command.FIND_ELEMENT, {"using": by, "value": value})["value"]

/opt/hostedtoolcache/Python/3.13.11/x64/lib/python3.13/site-packages/selenium/webdriver/remote/webdriver.py:898: 
_ _ _ _ _ _ _ _ _ _ _ _ _ _ _ _ _ _ _ _ _ _ _ _ _ _ _ _ _ _ _ _ _ _ _ _ _ _ _ _ 

self = <selenium.webdriver.chrome.webdriver.WebDriver (session="8cb92bde8c3d4a7d1d0d0d007049c364")>
driver_command = 'findElement'
params = {'using': 'xpath', 'value': "//div[@class='error-text' and contains(text(), 'Password is required')]"}

    def execute(self, driver_command: str, params: dict = None) -> dict:
        """Sends a command to be executed by a command.CommandExecutor.
    
        Parameters:
        ----------
        driver_command : str
            - The name of the command to execute as a string.
    
        params : dict
            - A dictionary of named Parameters to send with the command.
    
        Returns:
        --------
          dict - The command's JSON response loaded into a dictionary object.
        """
        params = self._wrap_value(params)
    
        if self.session_id:
            if not params:
                params = {"sessionId": self.session_id}
            elif "sessionId" not in params:
                params["sessionId"] = self.session_id
    
        response = self.command_executor.execute(driver_command, params)
        if response:
>           self.error_handler.check_response(response)

/opt/hostedtoolcache/Python/3.13.11/x64/lib/python3.13/site-packages/selenium/webdriver/remote/webdriver.py:429: 
_ _ _ _ _ _ _ _ _ _ _ _ _ _ _ _ _ _ _ _ _ _ _ _ _ _ _ _ _ _ _ _ _ _ _ _ _ _ _ _ 

self = <selenium.webdriver.remote.errorhandler.ErrorHandler object at 0x7fb4e3709f30>
response = {'status': 404, 'value': '{"value":{"error":"no such element","message":"no such element: Unable to locate element: {\...\\n#15 0x55f55657ee68 \\u003Cunknown>\\n#16 0x7fc8f929caa4 \\u003Cunknown>\\n#17 0x7fc8f9329c6c \\u003Cunknown>\\n"}}'}

    def check_response(self, response: Dict[str, Any]) -> None:
        """Checks that a JSON response from the WebDriver does not have an
        error.
    
        :Args:
         - response - The JSON response from the WebDriver server as a dictionary
           object.
    
        :Raises: If the response contains an error message.
        """
        status = response.get("status", None)
        if not status or status == ErrorCode.SUCCESS:
            return
        value = None
        message = response.get("message", "")
        screen: str = response.get("screen", "")
        stacktrace = None
        if isinstance(status, int):
            value_json = response.get("value", None)
            if value_json and isinstance(value_json, str):
                import json
    
                try:
                    value = json.loads(value_json)
                    if len(value) == 1:
                        value = value["value"]
                    status = value.get("error", None)
                    if not status:
                        status = value.get("status", ErrorCode.UNKNOWN_ERROR)
                        message = value.get("value") or value.get("message")
                        if not isinstance(message, str):
                            value = message
                            message = message.get("message")
                    else:
                        message = value.get("message", None)
                except ValueError:
                    pass
    
        exception_class: Type[WebDriverException]
        e = ErrorCode()
        error_codes = [item for item in dir(e) if not item.startswith("__")]
        for error_code in error_codes:
            error_info = getattr(ErrorCode, error_code)
            if isinstance(error_info, list) and status in error_info:
                exception_class = getattr(ExceptionMapping, error_code, WebDriverException)
                break
        else:
            exception_class = WebDriverException
    
        if not value:
            value = response["value"]
        if isinstance(value, str):
            raise exception_class(value)
        if message == "" and "message" in value:
            message = value["message"]
    
        screen = None  # type: ignore[assignment]
        if "screen" in value:
            screen = value["screen"]
    
        stacktrace = None
        st_value = value.get("stackTrace") or value.get("stacktrace")
        if st_value:
            if isinstance(st_value, str):
                stacktrace = st_value.split("\n")
            else:
                stacktrace = []
                try:
                    for frame in st_value:
                        line = frame.get("lineNumber", "")
                        file = frame.get("fileName", "<anonymous>")
                        if line:
                            file = f"{file}:{line}"
                        meth = frame.get("methodName", "<anonymous>")
                        if "className" in frame:
                            meth = f"{frame['className']}.{meth}"
                        msg = "    at %s (%s)"
                        msg = msg % (meth, file)
                        stacktrace.append(msg)
                except TypeError:
                    pass
        if exception_class == UnexpectedAlertPresentException:
            alert_text = None
            if "data" in value:
                alert_text = value["data"].get("text")
            elif "alert" in value:
                alert_text = value["alert"].get("text")
            raise exception_class(message, screen, stacktrace, alert_text)  # type: ignore[call-arg]  # mypy is not smart enough here
>       raise exception_class(message, screen, stacktrace)
E       selenium.common.exceptions.NoSuchElementException: Message: no such element: Unable to locate element: {"method":"xpath","selector":"//div[@class='error-text' and contains(text(), 'Password is required')]"}
E         (Session info: chrome=144.0.7559.96); For documentation on this error, please visit: https://www.selenium.dev/documentation/webdriver/troubleshooting/errors#no-such-element-exception
E       Stacktrace:
E       #0 0x55f55657fafa <unknown>
E       #1 0x55f555f9960f <unknown>
E       #2 0x55f555feea16 <unknown>
E       #3 0x55f555feec51 <unknown>
E       #4 0x55f55603a404 <unknown>
E       #5 0x55f55603762b <unknown>
E       #6 0x55f555fe0842 <unknown>
E       #7 0x55f555fe1631 <unknown>
E       #8 0x55f556545689 <unknown>
E       #9 0x55f556548581 <unknown>
E       #10 0x55f556531ca9 <unknown>
E       #11 0x55f55654913e <unknown>
E       #12 0x55f5565183a0 <unknown>
E       #13 0x55f55656cfc8 <unknown>
E       #14 0x55f55656d19b <unknown>
E       #15 0x55f55657ee68 <unknown>
E       #16 0x7fc8f929caa4 <unknown>
E       #17 0x7fc8f9329c6c <unknown>

/opt/hostedtoolcache/Python/3.13.11/x64/lib/python3.13/site-packages/selenium/webdriver/remote/errorhandler.py:232: NoSuchElementException
---------------------------- Captured stderr setup -----------------------------
2026-01-22 13:43:42,303 - INFO - Starting test with Chrome browser
2026-01-22 13:43:42,304 - INFO - ====== WebDriver manager ======
2026-01-22 13:43:42,371 - INFO - Get LATEST chromedriver version for google-chrome
2026-01-22 13:43:42,425 - INFO - Get LATEST chromedriver version for google-chrome
2026-01-22 13:43:42,483 - INFO - Driver [/home/runner/.wdm/drivers/chromedriver/linux64/144.0.7559.96/chromedriver-linux64/chromedriver] found in cache
2026-01-22 13:43:44,044 - INFO - Navigated to: https://app.mochaaccounting.com/login
------------------------------ Captured log setup ------------------------------
INFO     tests.test_signup_login.conftest:conftest.py:78 Starting test with Chrome browser
INFO     WDM:logger.py:11 ====== WebDriver manager ======
INFO     WDM:logger.py:11 Get LATEST chromedriver version for google-chrome
INFO     WDM:logger.py:11 Get LATEST chromedriver version for google-chrome
INFO     WDM:logger.py:11 Driver [/home/runner/.wdm/drivers/chromedriver/linux64/144.0.7559.96/chromedriver-linux64/chromedriver] found in cache
INFO     tests.test_signup_login.conftest:conftest.py:134 Navigated to: https://app.mochaaccounting.com/login
--------------------------- Captured stderr teardown ---------------------------
2026-01-22 13:43:51,013 - INFO - Closing browser
---------------------------- Captured log teardown -----------------------------
INFO     tests.test_signup_login.conftest:conftest.py:144 Closing browser
==================================== PASSES ====================================
______ test_valid_login[yash.payer+01@mochatechnologies.com-Password@123] ______
---------------------------- Captured stderr setup -----------------------------
2026-01-22 13:43:17,750 - INFO - Starting test with Chrome browser
2026-01-22 13:43:17,750 - INFO - ====== WebDriver manager ======
2026-01-22 13:43:18,032 - INFO - Get LATEST chromedriver version for google-chrome
2026-01-22 13:43:18,094 - INFO - Get LATEST chromedriver version for google-chrome
2026-01-22 13:43:18,152 - INFO - There is no [linux64] chromedriver "144.0.7559.96" for browser google-chrome "144.0.7559" in cache
2026-01-22 13:43:18,152 - INFO - Get LATEST chromedriver version for google-chrome
2026-01-22 13:43:18,300 - INFO - WebDriver version 144.0.7559.96 selected
2026-01-22 13:43:18,306 - INFO - Modern chrome version https://storage.googleapis.com/chrome-for-testing-public/144.0.7559.96/linux64/chromedriver-linux64.zip
2026-01-22 13:43:18,306 - INFO - About to download new driver from https://storage.googleapis.com/chrome-for-testing-public/144.0.7559.96/linux64/chromedriver-linux64.zip
2026-01-22 13:43:18,379 - INFO - Driver downloading response is 200
2026-01-22 13:43:18,488 - INFO - Get LATEST chromedriver version for google-chrome
2026-01-22 13:43:18,656 - INFO - Driver has been saved in cache [/home/runner/.wdm/drivers/chromedriver/linux64/144.0.7559.96]
2026-01-22 13:43:22,102 - INFO - Navigated to: https://app.mochaaccounting.com/login
------------------------------ Captured log setup ------------------------------
INFO     tests.test_signup_login.conftest:conftest.py:78 Starting test with Chrome browser
INFO     WDM:logger.py:11 ====== WebDriver manager ======
INFO     WDM:logger.py:11 Get LATEST chromedriver version for google-chrome
INFO     WDM:logger.py:11 Get LATEST chromedriver version for google-chrome
INFO     WDM:logger.py:11 There is no [linux64] chromedriver "144.0.7559.96" for browser google-chrome "144.0.7559" in cache
INFO     WDM:logger.py:11 Get LATEST chromedriver version for google-chrome
INFO     WDM:logger.py:11 WebDriver version 144.0.7559.96 selected
INFO     WDM:logger.py:11 Modern chrome version https://storage.googleapis.com/chrome-for-testing-public/144.0.7559.96/linux64/chromedriver-linux64.zip
INFO     WDM:logger.py:11 About to download new driver from https://storage.googleapis.com/chrome-for-testing-public/144.0.7559.96/linux64/chromedriver-linux64.zip
INFO     WDM:logger.py:11 Driver downloading response is 200
INFO     WDM:logger.py:11 Get LATEST chromedriver version for google-chrome
INFO     WDM:logger.py:11 Driver has been saved in cache [/home/runner/.wdm/drivers/chromedriver/linux64/144.0.7559.96]
INFO     tests.test_signup_login.conftest:conftest.py:134 Navigated to: https://app.mochaaccounting.com/login
----------------------------- Captured stderr call -----------------------------
2026-01-22 13:43:22,103 - INFO - Starting the test case for valid credentials
2026-01-22 13:43:22,250 - INFO - User enters the email-id
2026-01-22 13:43:24,048 - INFO - User enters the password
2026-01-22 13:43:24,141 - INFO - User clicks on login button
2026-01-22 13:43:26,715 - INFO - The test case passed
------------------------------ Captured log call -------------------------------
INFO     tests.test_signup_login.test_login:test_login.py:25 Starting the test case for valid credentials
INFO     tests.test_signup_login.test_login:test_login.py:27 User enters the email-id
INFO     tests.test_signup_login.test_login:test_login.py:29 User enters the password
INFO     tests.test_signup_login.test_login:test_login.py:31 User clicks on login button
INFO     tests.test_signup_login.test_login:test_login.py:33 The test case passed
--------------------------- Captured stderr teardown ---------------------------
2026-01-22 13:43:26,716 - INFO - Closing browser
---------------------------- Captured log teardown -----------------------------
INFO     tests.test_signup_login.conftest:conftest.py:144 Closing browser
___________ test_valid_login[shubhamdabir07@gmail.com-Shubham@1234] ____________
---------------------------- Captured stderr setup -----------------------------
2026-01-22 13:43:26,796 - INFO - Starting test with Chrome browser
2026-01-22 13:43:26,796 - INFO - ====== WebDriver manager ======
2026-01-22 13:43:26,863 - INFO - Get LATEST chromedriver version for google-chrome
2026-01-22 13:43:26,919 - INFO - Get LATEST chromedriver version for google-chrome
2026-01-22 13:43:26,994 - INFO - Driver [/home/runner/.wdm/drivers/chromedriver/linux64/144.0.7559.96/chromedriver-linux64/chromedriver] found in cache
2026-01-22 13:43:28,887 - INFO - Navigated to: https://app.mochaaccounting.com/login
------------------------------ Captured log setup ------------------------------
INFO     tests.test_signup_login.conftest:conftest.py:78 Starting test with Chrome browser
INFO     WDM:logger.py:11 ====== WebDriver manager ======
INFO     WDM:logger.py:11 Get LATEST chromedriver version for google-chrome
INFO     WDM:logger.py:11 Get LATEST chromedriver version for google-chrome
INFO     WDM:logger.py:11 Driver [/home/runner/.wdm/drivers/chromedriver/linux64/144.0.7559.96/chromedriver-linux64/chromedriver] found in cache
INFO     tests.test_signup_login.conftest:conftest.py:134 Navigated to: https://app.mochaaccounting.com/login
----------------------------- Captured stderr call -----------------------------
2026-01-22 13:43:28,887 - INFO - Starting the test case for valid credentials
2026-01-22 13:43:29,010 - INFO - User enters the email-id
2026-01-22 13:43:30,639 - INFO - User enters the password
2026-01-22 13:43:30,734 - INFO - User clicks on login button
2026-01-22 13:43:33,543 - INFO - The test case passed
------------------------------ Captured log call -------------------------------
INFO     tests.test_signup_login.test_login:test_login.py:25 Starting the test case for valid credentials
INFO     tests.test_signup_login.test_login:test_login.py:27 User enters the email-id
INFO     tests.test_signup_login.test_login:test_login.py:29 User enters the password
INFO     tests.test_signup_login.test_login:test_login.py:31 User clicks on login button
INFO     tests.test_signup_login.test_login:test_login.py:33 The test case passed
--------------------------- Captured stderr teardown ---------------------------
2026-01-22 13:43:33,543 - INFO - Closing browser
---------------------------- Captured log teardown -----------------------------
INFO     tests.test_signup_login.conftest:conftest.py:144 Closing browser
______ test_valid_login[hrishikesh.shinde1607@gmail.com-Hrishikesh@1234] _______
---------------------------- Captured stderr setup -----------------------------
2026-01-22 13:43:33,611 - INFO - Starting test with Chrome browser
2026-01-22 13:43:33,611 - INFO - ====== WebDriver manager ======
2026-01-22 13:43:33,681 - INFO - Get LATEST chromedriver version for google-chrome
2026-01-22 13:43:33,736 - INFO - Get LATEST chromedriver version for google-chrome
2026-01-22 13:43:33,794 - INFO - Driver [/home/runner/.wdm/drivers/chromedriver/linux64/144.0.7559.96/chromedriver-linux64/chromedriver] found in cache
2026-01-22 13:43:35,687 - INFO - Navigated to: https://app.mochaaccounting.com/login
------------------------------ Captured log setup ------------------------------
INFO     tests.test_signup_login.conftest:conftest.py:78 Starting test with Chrome browser
INFO     WDM:logger.py:11 ====== WebDriver manager ======
INFO     WDM:logger.py:11 Get LATEST chromedriver version for google-chrome
INFO     WDM:logger.py:11 Get LATEST chromedriver version for google-chrome
INFO     WDM:logger.py:11 Driver [/home/runner/.wdm/drivers/chromedriver/linux64/144.0.7559.96/chromedriver-linux64/chromedriver] found in cache
INFO     tests.test_signup_login.conftest:conftest.py:134 Navigated to: https://app.mochaaccounting.com/login
----------------------------- Captured stderr call -----------------------------
2026-01-22 13:43:35,688 - INFO - Starting the test case for valid credentials
2026-01-22 13:43:35,820 - INFO - User enters the email-id
2026-01-22 13:43:37,462 - INFO - User enters the password
2026-01-22 13:43:37,559 - INFO - User clicks on login button
2026-01-22 13:43:39,901 - INFO - The test case passed
------------------------------ Captured log call -------------------------------
INFO     tests.test_signup_login.test_login:test_login.py:25 Starting the test case for valid credentials
INFO     tests.test_signup_login.test_login:test_login.py:27 User enters the email-id
INFO     tests.test_signup_login.test_login:test_login.py:29 User enters the password
INFO     tests.test_signup_login.test_login:test_login.py:31 User clicks on login button
INFO     tests.test_signup_login.test_login:test_login.py:33 The test case passed
--------------------------- Captured stderr teardown ---------------------------
2026-01-22 13:43:39,901 - INFO - Closing browser
---------------------------- Captured log teardown -----------------------------
INFO     tests.test_signup_login.conftest:conftest.py:144 Closing browser
________________________ test_blank_username_validation ________________________
---------------------------- Captured stderr setup -----------------------------
2026-01-22 13:43:39,969 - INFO - Starting test with Chrome browser
2026-01-22 13:43:39,969 - INFO - ====== WebDriver manager ======
2026-01-22 13:43:40,037 - INFO - Get LATEST chromedriver version for google-chrome
2026-01-22 13:43:40,095 - INFO - Get LATEST chromedriver version for google-chrome
2026-01-22 13:43:40,149 - INFO - Driver [/home/runner/.wdm/drivers/chromedriver/linux64/144.0.7559.96/chromedriver-linux64/chromedriver] found in cache
2026-01-22 13:43:42,037 - INFO - Navigated to: https://app.mochaaccounting.com/login
------------------------------ Captured log setup ------------------------------
INFO     tests.test_signup_login.conftest:conftest.py:78 Starting test with Chrome browser
INFO     WDM:logger.py:11 ====== WebDriver manager ======
INFO     WDM:logger.py:11 Get LATEST chromedriver version for google-chrome
INFO     WDM:logger.py:11 Get LATEST chromedriver version for google-chrome
INFO     WDM:logger.py:11 Driver [/home/runner/.wdm/drivers/chromedriver/linux64/144.0.7559.96/chromedriver-linux64/chromedriver] found in cache
INFO     tests.test_signup_login.conftest:conftest.py:134 Navigated to: https://app.mochaaccounting.com/login
--------------------------- Captured stderr teardown ---------------------------
2026-01-22 13:43:42,239 - INFO - Closing browser
---------------------------- Captured log teardown -----------------------------
INFO     tests.test_signup_login.conftest:conftest.py:144 Closing browser
___________________ test_invalid_email_validation[username0] ___________________
---------------------------- Captured stderr setup -----------------------------
2026-01-22 13:43:51,080 - INFO - Starting test with Chrome browser
2026-01-22 13:43:51,080 - INFO - ====== WebDriver manager ======
2026-01-22 13:43:51,149 - INFO - Get LATEST chromedriver version for google-chrome
2026-01-22 13:43:51,211 - INFO - Get LATEST chromedriver version for google-chrome
2026-01-22 13:43:51,268 - INFO - Driver [/home/runner/.wdm/drivers/chromedriver/linux64/144.0.7559.96/chromedriver-linux64/chromedriver] found in cache
2026-01-22 13:43:53,220 - INFO - Navigated to: https://app.mochaaccounting.com/login
------------------------------ Captured log setup ------------------------------
INFO     tests.test_signup_login.conftest:conftest.py:78 Starting test with Chrome browser
INFO     WDM:logger.py:11 ====== WebDriver manager ======
INFO     WDM:logger.py:11 Get LATEST chromedriver version for google-chrome
INFO     WDM:logger.py:11 Get LATEST chromedriver version for google-chrome
INFO     WDM:logger.py:11 Driver [/home/runner/.wdm/drivers/chromedriver/linux64/144.0.7559.96/chromedriver-linux64/chromedriver] found in cache
INFO     tests.test_signup_login.conftest:conftest.py:134 Navigated to: https://app.mochaaccounting.com/login
--------------------------- Captured stderr teardown ---------------------------
2026-01-22 13:43:53,476 - INFO - Closing browser
---------------------------- Captured log teardown -----------------------------
INFO     tests.test_signup_login.conftest:conftest.py:144 Closing browser
___________________ test_invalid_email_validation[username1] ___________________
---------------------------- Captured stderr setup -----------------------------
2026-01-22 13:43:53,540 - INFO - Starting test with Chrome browser
2026-01-22 13:43:53,540 - INFO - ====== WebDriver manager ======
2026-01-22 13:43:53,608 - INFO - Get LATEST chromedriver version for google-chrome
2026-01-22 13:43:53,666 - INFO - Get LATEST chromedriver version for google-chrome
2026-01-22 13:43:53,719 - INFO - Driver [/home/runner/.wdm/drivers/chromedriver/linux64/144.0.7559.96/chromedriver-linux64/chromedriver] found in cache
2026-01-22 13:43:55,385 - INFO - Navigated to: https://app.mochaaccounting.com/login
------------------------------ Captured log setup ------------------------------
INFO     tests.test_signup_login.conftest:conftest.py:78 Starting test with Chrome browser
INFO     WDM:logger.py:11 ====== WebDriver manager ======
INFO     WDM:logger.py:11 Get LATEST chromedriver version for google-chrome
INFO     WDM:logger.py:11 Get LATEST chromedriver version for google-chrome
INFO     WDM:logger.py:11 Driver [/home/runner/.wdm/drivers/chromedriver/linux64/144.0.7559.96/chromedriver-linux64/chromedriver] found in cache
INFO     tests.test_signup_login.conftest:conftest.py:134 Navigated to: https://app.mochaaccounting.com/login
--------------------------- Captured stderr teardown ---------------------------
2026-01-22 13:43:55,647 - INFO - Closing browser
---------------------------- Captured log teardown -----------------------------
INFO     tests.test_signup_login.conftest:conftest.py:144 Closing browser
___________________ test_invalid_email_validation[username2] ___________________
---------------------------- Captured stderr setup -----------------------------
2026-01-22 13:43:55,711 - INFO - Starting test with Chrome browser
2026-01-22 13:43:55,711 - INFO - ====== WebDriver manager ======
2026-01-22 13:43:55,780 - INFO - Get LATEST chromedriver version for google-chrome
2026-01-22 13:43:55,842 - INFO - Get LATEST chromedriver version for google-chrome
2026-01-22 13:43:55,899 - INFO - Driver [/home/runner/.wdm/drivers/chromedriver/linux64/144.0.7559.96/chromedriver-linux64/chromedriver] found in cache
2026-01-22 13:43:57,499 - INFO - Navigated to: https://app.mochaaccounting.com/login
------------------------------ Captured log setup ------------------------------
INFO     tests.test_signup_login.conftest:conftest.py:78 Starting test with Chrome browser
INFO     WDM:logger.py:11 ====== WebDriver manager ======
INFO     WDM:logger.py:11 Get LATEST chromedriver version for google-chrome
INFO     WDM:logger.py:11 Get LATEST chromedriver version for google-chrome
INFO     WDM:logger.py:11 Driver [/home/runner/.wdm/drivers/chromedriver/linux64/144.0.7559.96/chromedriver-linux64/chromedriver] found in cache
INFO     tests.test_signup_login.conftest:conftest.py:134 Navigated to: https://app.mochaaccounting.com/login
--------------------------- Captured stderr teardown ---------------------------
2026-01-22 13:43:57,763 - INFO - Closing browser
---------------------------- Captured log teardown -----------------------------
INFO     tests.test_signup_login.conftest:conftest.py:144 Closing browser
___________________ test_invalid_email_validation[username3] ___________________
---------------------------- Captured stderr setup -----------------------------
2026-01-22 13:43:57,827 - INFO - Starting test with Chrome browser
2026-01-22 13:43:57,827 - INFO - ====== WebDriver manager ======
2026-01-22 13:43:57,896 - INFO - Get LATEST chromedriver version for google-chrome
2026-01-22 13:43:57,956 - INFO - Get LATEST chromedriver version for google-chrome
2026-01-22 13:43:58,014 - INFO - Driver [/home/runner/.wdm/drivers/chromedriver/linux64/144.0.7559.96/chromedriver-linux64/chromedriver] found in cache
2026-01-22 13:43:59,869 - INFO - Navigated to: https://app.mochaaccounting.com/login
------------------------------ Captured log setup ------------------------------
INFO     tests.test_signup_login.conftest:conftest.py:78 Starting test with Chrome browser
INFO     WDM:logger.py:11 ====== WebDriver manager ======
INFO     WDM:logger.py:11 Get LATEST chromedriver version for google-chrome
INFO     WDM:logger.py:11 Get LATEST chromedriver version for google-chrome
INFO     WDM:logger.py:11 Driver [/home/runner/.wdm/drivers/chromedriver/linux64/144.0.7559.96/chromedriver-linux64/chromedriver] found in cache
INFO     tests.test_signup_login.conftest:conftest.py:134 Navigated to: https://app.mochaaccounting.com/login
--------------------------- Captured stderr teardown ---------------------------
2026-01-22 13:44:00,124 - INFO - Closing browser
---------------------------- Captured log teardown -----------------------------
INFO     tests.test_signup_login.conftest:conftest.py:144 Closing browser
___________________ test_invalid_email_validation[username4] ___________________
---------------------------- Captured stderr setup -----------------------------
2026-01-22 13:44:00,189 - INFO - Starting test with Chrome browser
2026-01-22 13:44:00,189 - INFO - ====== WebDriver manager ======
2026-01-22 13:44:00,259 - INFO - Get LATEST chromedriver version for google-chrome
2026-01-22 13:44:00,315 - INFO - Get LATEST chromedriver version for google-chrome
2026-01-22 13:44:00,374 - INFO - Driver [/home/runner/.wdm/drivers/chromedriver/linux64/144.0.7559.96/chromedriver-linux64/chromedriver] found in cache
2026-01-22 13:44:01,662 - INFO - Navigated to: https://app.mochaaccounting.com/login
------------------------------ Captured log setup ------------------------------
INFO     tests.test_signup_login.conftest:conftest.py:78 Starting test with Chrome browser
INFO     WDM:logger.py:11 ====== WebDriver manager ======
INFO     WDM:logger.py:11 Get LATEST chromedriver version for google-chrome
INFO     WDM:logger.py:11 Get LATEST chromedriver version for google-chrome
INFO     WDM:logger.py:11 Driver [/home/runner/.wdm/drivers/chromedriver/linux64/144.0.7559.96/chromedriver-linux64/chromedriver] found in cache
INFO     tests.test_signup_login.conftest:conftest.py:134 Navigated to: https://app.mochaaccounting.com/login
--------------------------- Captured stderr teardown ---------------------------
2026-01-22 13:44:01,929 - INFO - Closing browser
---------------------------- Captured log teardown -----------------------------
INFO     tests.test_signup_login.conftest:conftest.py:144 Closing browser
- Generated html report: file:///home/runner/work/Mocha_accounting/Mocha_accounting/C%3A%5CUsers%5CTaurus13%5CPycharmProjects%5CPythonProject%5Creports/20260122_134317/report.html -
========================= 1 failed, 9 passed in 44.33s =========================
=== LOGIN TESTS COMPLETED ===
Exit Code: 1
