=== LOGIN TESTS STARTED: 2025-12-31 04:11:19 ===
============================= test session starts ==============================
platform linux -- Python 3.13.11, pytest-8.3.5, pluggy-1.6.0 -- /opt/hostedtoolcache/Python/3.13.11/x64/bin/python
cachedir: .pytest_cache
metadata: {'Python': '3.13.11', 'Platform': 'Linux-6.11.0-1018-azure-x86_64-with-glibc2.39', 'Packages': {'pytest': '8.3.5', 'pluggy': '1.6.0'}, 'Plugins': {'html': '4.1.1', 'rerunfailures': '16.1', 'xdist': '3.8.0', 'Faker': '40.1.0', 'metadata': '3.1.1'}, 'CI': 'true', 'JAVA_HOME': '/usr/lib/jvm/temurin-17-jdk-amd64'}
rootdir: /home/runner/work/Mocha_accounting/Mocha_accounting
plugins: html-4.1.1, rerunfailures-16.1, xdist-3.8.0, Faker-40.1.0, metadata-3.1.1
collecting ... collected 15 items

tests/test_signup_login/test_login.py::test_valid_login[yash.payer+01@mochatechnologies.com-Password@123] PASSED [  6%]
tests/test_signup_login/test_login.py::test_valid_login[samatakamble9@gmail.com-Samata@16] FAILED [ 13%]
tests/test_signup_login/test_login.py::test_valid_login[shubhamdabir07@gmail.com-Shubham@1234] PASSED [ 20%]
tests/test_signup_login/test_login.py::test_valid_login[hrishikesh.shinde1607@gmail.com-Hrishikesh@1234] PASSED [ 26%]
tests/test_signup_login/test_login.py::test_invalid_email_login[username0] FAILED [ 33%]
tests/test_signup_login/test_login.py::test_invalid_email_login[username1] FAILED [ 40%]
tests/test_signup_login/test_login.py::test_invalid_email_login[username2] FAILED [ 46%]
tests/test_signup_login/test_login.py::test_invalid_email_login[username3] FAILED [ 53%]
tests/test_signup_login/test_login.py::test_blank_username_validation PASSED [ 60%]
tests/test_signup_login/test_login.py::test_blank_password_validation PASSED [ 66%]
tests/test_signup_login/test_login.py::test_invalid_email_validation[username0] PASSED [ 73%]
tests/test_signup_login/test_login.py::test_invalid_email_validation[username1] PASSED [ 80%]
tests/test_signup_login/test_login.py::test_invalid_email_validation[username2] PASSED [ 86%]
tests/test_signup_login/test_login.py::test_invalid_email_validation[username3] PASSED [ 93%]
tests/test_signup_login/test_login.py::test_invalid_email_validation[username4] PASSED [100%]

=================================== FAILURES ===================================
_____________ test_valid_login[samatakamble9@gmail.com-Samata@16] ______________

sign_login_setup = <selenium.webdriver.chrome.webdriver.WebDriver (session="42c506fdea3689cc4378f7cb4b551e3c")>
username = 'samatakamble9@gmail.com', password = 'Samata@16'
login_test_data = {'expected_password_validation': 'Password is required', 'expected_username_validation': 'Email is required.', 'expect...ect_email_verification_msg': "Please check your email address. If you don't have an account, you can create one.", ...}

    @pytest.mark.parametrize("username, password", zip(valid_username, valid_password))
    def test_valid_login(sign_login_setup, username, password, login_test_data):
       # expectedmessage = login_test_data['expectederrormsg']
        driver = sign_login_setup
        login_page = LoginPage(driver)
        logger.info("Starting the test case for valid credentials")
        login_page.enter_username(username)
        logger.info("User enters the email-id")
        login_page.enter_password(password)
        logger.info("User enters the password")
        login_page.click_loginbutton()
        logger.info("User clicks on login button")
>       login_page.success_login(login_test_data)

tests/test_signup_login/test_login.py:32: 
_ _ _ _ _ _ _ _ _ _ _ _ _ _ _ _ _ _ _ _ _ _ _ _ _ _ _ _ _ _ _ _ _ _ _ _ _ _ _ _ 

self = <pages.login_page.LoginPage object at 0x7f1f0eb2e0d0>
login_test_data = {'expected_password_validation': 'Password is required', 'expected_username_validation': 'Email is required.', 'expect...ect_email_verification_msg': "Please check your email address. If you don't have an account, you can create one.", ...}

    def success_login(self,login_test_data):
>        self.actions.wait_for_element(self.success_msg)

pages/login_page.py:55: 
_ _ _ _ _ _ _ _ _ _ _ _ _ _ _ _ _ _ _ _ _ _ _ _ _ _ _ _ _ _ _ _ _ _ _ _ _ _ _ _ 

self = <actions.actions.Actions object at 0x7f1f0eb2f9d0>
locator = ('xpath', "//li[@class='breadcrumb-item active text-zoom']")
timeout = 100

    def wait_for_element(self, locator, timeout=100):
>       WebDriverWait(self.driver, timeout).until(EC.visibility_of_element_located(locator))

actions/actions.py:87: 
_ _ _ _ _ _ _ _ _ _ _ _ _ _ _ _ _ _ _ _ _ _ _ _ _ _ _ _ _ _ _ _ _ _ _ _ _ _ _ _ 

self = <selenium.webdriver.support.wait.WebDriverWait (session="42c506fdea3689cc4378f7cb4b551e3c")>
method = <function visibility_of_element_located.<locals>._predicate at 0x7f1f0e0482c0>
message = ''

    def until(self, method: Callable[[D], Union[Literal[False], T]], message: str = "") -> T:
        """Wait until the method returns a value that is not False.
    
        Calls the method provided with the driver as an argument until the
        return value does not evaluate to ``False``.
    
        Parameters:
        ----------
        method: callable(WebDriver)
            - A callable object that takes a WebDriver instance as an argument.
    
        message: str
            - Optional message for :exc:`TimeoutException`
    
        Return:
        -------
        object: T
            - The result of the last call to `method`
    
        Raises:
        -------
        TimeoutException
            - If 'method' does not return a truthy value within the WebDriverWait
            object's timeout
    
        Example:
        --------
        >>> from selenium.webdriver.common.by import By
        >>> from selenium.webdriver.support.ui import WebDriverWait
        >>> from selenium.webdriver.support import expected_conditions as EC
    
        # Wait until an element is visible on the page
        >>> wait = WebDriverWait(driver, 10)
        >>> element = wait.until(EC.visibility_of_element_located((By.ID, "exampleId")))
        >>> print(element.text)
        """
        screen = None
        stacktrace = None
    
        end_time = time.monotonic() + self._timeout
        while True:
            try:
                value = method(self._driver)
                if value:
                    return value
            except self._ignored_exceptions as exc:
                screen = getattr(exc, "screen", None)
                stacktrace = getattr(exc, "stacktrace", None)
            if time.monotonic() > end_time:
                break
            time.sleep(self._poll)
>       raise TimeoutException(message, screen, stacktrace)
E       selenium.common.exceptions.TimeoutException: Message: 
E       Stacktrace:
E       #0 0x55d3ecef361a <unknown>
E       #1 0x55d3ec97020b <unknown>
E       #2 0x55d3ec9c190f <unknown>
E       #3 0x55d3ec9c1b51 <unknown>
E       #4 0x55d3eca0fd84 <unknown>
E       #5 0x55d3eca0d20e <unknown>
E       #6 0x55d3ec9b4232 <unknown>
E       #7 0x55d3ec9b4ee1 <unknown>
E       #8 0x55d3ecebc3f9 <unknown>
E       #9 0x55d3ecebf34d <unknown>
E       #10 0x55d3ecea5122 <unknown>
E       #11 0x55d3ecebff2b <unknown>
E       #12 0x55d3ece8bc30 <unknown>
E       #13 0x55d3ecee0d78 <unknown>
E       #14 0x55d3ecee0f4c <unknown>
E       #15 0x55d3ecef2973 <unknown>
E       #16 0x7f87c9a9caa4 <unknown>
E       #17 0x7f87c9b29c6c <unknown>

/opt/hostedtoolcache/Python/3.13.11/x64/lib/python3.13/site-packages/selenium/webdriver/support/wait.py:146: TimeoutException
---------------------------- Captured stderr setup -----------------------------
2025-12-31 04:11:31,938 - INFO - Starting test with Chrome browser
2025-12-31 04:11:31,938 - INFO - ====== WebDriver manager ======
2025-12-31 04:11:32,004 - INFO - Get LATEST chromedriver version for google-chrome
2025-12-31 04:11:32,038 - INFO - Get LATEST chromedriver version for google-chrome
2025-12-31 04:11:32,091 - INFO - Driver [/home/runner/.wdm/drivers/chromedriver/linux64/143.0.7499.169/chromedriver-linux64/chromedriver] found in cache
2025-12-31 04:11:33,991 - INFO - Navigated to: https://app.mochaaccounting.com/login
------------------------------ Captured log setup ------------------------------
INFO     tests.test_signup_login.conftest:conftest.py:78 Starting test with Chrome browser
INFO     WDM:logger.py:11 ====== WebDriver manager ======
INFO     WDM:logger.py:11 Get LATEST chromedriver version for google-chrome
INFO     WDM:logger.py:11 Get LATEST chromedriver version for google-chrome
INFO     WDM:logger.py:11 Driver [/home/runner/.wdm/drivers/chromedriver/linux64/143.0.7499.169/chromedriver-linux64/chromedriver] found in cache
INFO     tests.test_signup_login.conftest:conftest.py:134 Navigated to: https://app.mochaaccounting.com/login
----------------------------- Captured stderr call -----------------------------
2025-12-31 04:11:33,992 - INFO - Starting the test case for valid credentials
2025-12-31 04:11:34,115 - INFO - User enters the email-id
2025-12-31 04:11:35,693 - INFO - User enters the password
2025-12-31 04:11:35,799 - INFO - User clicks on login button
------------------------------ Captured log call -------------------------------
INFO     tests.test_signup_login.test_login:test_login.py:25 Starting the test case for valid credentials
INFO     tests.test_signup_login.test_login:test_login.py:27 User enters the email-id
INFO     tests.test_signup_login.test_login:test_login.py:29 User enters the password
INFO     tests.test_signup_login.test_login:test_login.py:31 User clicks on login button
--------------------------- Captured stderr teardown ---------------------------
2025-12-31 04:13:20,224 - INFO - Closing browser
---------------------------- Captured log teardown -----------------------------
INFO     tests.test_signup_login.conftest:conftest.py:144 Closing browser
_____________________ test_invalid_email_login[username0] ______________________

sign_login_setup = <selenium.webdriver.chrome.webdriver.WebDriver (session="a940fd2c204ab2410a04c1fa3d620a71")>
login_test_data = {'expected_password_validation': 'Password is required', 'expected_username_validation': 'Email is required.', 'expect...ect_email_verification_msg': "Please check your email address. If you don't have an account, you can create one.", ...}
username = ('yash10@gmail.com',)

    @pytest.mark.parametrize("username", zip(invalid_username))
    def test_invalid_email_login(sign_login_setup, login_test_data,username):
        driver= sign_login_setup
        login_page = LoginPage(driver)
        login_page.enter_username(username)
        #login_page.enter_password(password)
        login_page.click_loginbutton()
>       login_page.incorrect_email_validation(login_test_data)

tests/test_signup_login/test_login.py:42: 
_ _ _ _ _ _ _ _ _ _ _ _ _ _ _ _ _ _ _ _ _ _ _ _ _ _ _ _ _ _ _ _ _ _ _ _ _ _ _ _ 

self = <pages.login_page.LoginPage object at 0x7f1f0eae7820>
login_test_data = {'expected_password_validation': 'Password is required', 'expected_username_validation': 'Email is required.', 'expect...ect_email_verification_msg': "Please check your email address. If you don't have an account, you can create one.", ...}

    def incorrect_email_validation(self,login_test_data):
>       self.actions.wait_for_element(self.incorrect_email_verification_msg)

pages/login_page.py:87: 
_ _ _ _ _ _ _ _ _ _ _ _ _ _ _ _ _ _ _ _ _ _ _ _ _ _ _ _ _ _ _ _ _ _ _ _ _ _ _ _ 

self = <actions.actions.Actions object at 0x7f1f0eb943e0>
locator = ('xpath', "//p[@class='text-white' and contains(text(),'Please check your email address')]")
timeout = 100

    def wait_for_element(self, locator, timeout=100):
>       WebDriverWait(self.driver, timeout).until(EC.visibility_of_element_located(locator))

actions/actions.py:87: 
_ _ _ _ _ _ _ _ _ _ _ _ _ _ _ _ _ _ _ _ _ _ _ _ _ _ _ _ _ _ _ _ _ _ _ _ _ _ _ _ 

self = <selenium.webdriver.support.wait.WebDriverWait (session="a940fd2c204ab2410a04c1fa3d620a71")>
method = <function visibility_of_element_located.<locals>._predicate at 0x7f1f0eb91d00>
message = ''

    def until(self, method: Callable[[D], Union[Literal[False], T]], message: str = "") -> T:
        """Wait until the method returns a value that is not False.
    
        Calls the method provided with the driver as an argument until the
        return value does not evaluate to ``False``.
    
        Parameters:
        ----------
        method: callable(WebDriver)
            - A callable object that takes a WebDriver instance as an argument.
    
        message: str
            - Optional message for :exc:`TimeoutException`
    
        Return:
        -------
        object: T
            - The result of the last call to `method`
    
        Raises:
        -------
        TimeoutException
            - If 'method' does not return a truthy value within the WebDriverWait
            object's timeout
    
        Example:
        --------
        >>> from selenium.webdriver.common.by import By
        >>> from selenium.webdriver.support.ui import WebDriverWait
        >>> from selenium.webdriver.support import expected_conditions as EC
    
        # Wait until an element is visible on the page
        >>> wait = WebDriverWait(driver, 10)
        >>> element = wait.until(EC.visibility_of_element_located((By.ID, "exampleId")))
        >>> print(element.text)
        """
        screen = None
        stacktrace = None
    
        end_time = time.monotonic() + self._timeout
        while True:
            try:
                value = method(self._driver)
                if value:
                    return value
            except self._ignored_exceptions as exc:
                screen = getattr(exc, "screen", None)
                stacktrace = getattr(exc, "stacktrace", None)
            if time.monotonic() > end_time:
                break
            time.sleep(self._poll)
>       raise TimeoutException(message, screen, stacktrace)
E       selenium.common.exceptions.TimeoutException: Message: 
E       Stacktrace:
E       #0 0x5654655c561a <unknown>
E       #1 0x56546504220b <unknown>
E       #2 0x56546509390f <unknown>
E       #3 0x565465093b51 <unknown>
E       #4 0x5654650e1d84 <unknown>
E       #5 0x5654650df20e <unknown>
E       #6 0x565465086232 <unknown>
E       #7 0x565465086ee1 <unknown>
E       #8 0x56546558e3f9 <unknown>
E       #9 0x56546559134d <unknown>
E       #10 0x565465577122 <unknown>
E       #11 0x565465591f2b <unknown>
E       #12 0x56546555dc30 <unknown>
E       #13 0x5654655b2d78 <unknown>
E       #14 0x5654655b2f4c <unknown>
E       #15 0x5654655c4973 <unknown>
E       #16 0x7ff8d469caa4 <unknown>
E       #17 0x7ff8d4729c6c <unknown>

/opt/hostedtoolcache/Python/3.13.11/x64/lib/python3.13/site-packages/selenium/webdriver/support/wait.py:146: TimeoutException
---------------------------- Captured stderr setup -----------------------------
2025-12-31 04:13:33,218 - INFO - Starting test with Chrome browser
2025-12-31 04:13:33,218 - INFO - ====== WebDriver manager ======
2025-12-31 04:13:33,285 - INFO - Get LATEST chromedriver version for google-chrome
2025-12-31 04:13:33,318 - INFO - Get LATEST chromedriver version for google-chrome
2025-12-31 04:13:33,350 - INFO - Driver [/home/runner/.wdm/drivers/chromedriver/linux64/143.0.7499.169/chromedriver-linux64/chromedriver] found in cache
2025-12-31 04:13:34,425 - INFO - Navigated to: https://app.mochaaccounting.com/login
------------------------------ Captured log setup ------------------------------
INFO     tests.test_signup_login.conftest:conftest.py:78 Starting test with Chrome browser
INFO     WDM:logger.py:11 ====== WebDriver manager ======
INFO     WDM:logger.py:11 Get LATEST chromedriver version for google-chrome
INFO     WDM:logger.py:11 Get LATEST chromedriver version for google-chrome
INFO     WDM:logger.py:11 Driver [/home/runner/.wdm/drivers/chromedriver/linux64/143.0.7499.169/chromedriver-linux64/chromedriver] found in cache
INFO     tests.test_signup_login.conftest:conftest.py:134 Navigated to: https://app.mochaaccounting.com/login
--------------------------- Captured stderr teardown ---------------------------
2025-12-31 04:15:21,146 - INFO - Closing browser
---------------------------- Captured log teardown -----------------------------
INFO     tests.test_signup_login.conftest:conftest.py:144 Closing browser
_____________________ test_invalid_email_login[username1] ______________________

sign_login_setup = <selenium.webdriver.chrome.webdriver.WebDriver (session="a9ef03536a8b106547b13af0784eea2f")>
login_test_data = {'expected_password_validation': 'Password is required', 'expected_username_validation': 'Email is required.', 'expect...ect_email_verification_msg': "Please check your email address. If you don't have an account, you can create one.", ...}
username = ('payeryash@1gmail.com',)

    @pytest.mark.parametrize("username", zip(invalid_username))
    def test_invalid_email_login(sign_login_setup, login_test_data,username):
        driver= sign_login_setup
        login_page = LoginPage(driver)
        login_page.enter_username(username)
        #login_page.enter_password(password)
        login_page.click_loginbutton()
>       login_page.incorrect_email_validation(login_test_data)

tests/test_signup_login/test_login.py:42: 
_ _ _ _ _ _ _ _ _ _ _ _ _ _ _ _ _ _ _ _ _ _ _ _ _ _ _ _ _ _ _ _ _ _ _ _ _ _ _ _ 

self = <pages.login_page.LoginPage object at 0x7f1f0eb07ad0>
login_test_data = {'expected_password_validation': 'Password is required', 'expected_username_validation': 'Email is required.', 'expect...ect_email_verification_msg': "Please check your email address. If you don't have an account, you can create one.", ...}

    def incorrect_email_validation(self,login_test_data):
>       self.actions.wait_for_element(self.incorrect_email_verification_msg)

pages/login_page.py:87: 
_ _ _ _ _ _ _ _ _ _ _ _ _ _ _ _ _ _ _ _ _ _ _ _ _ _ _ _ _ _ _ _ _ _ _ _ _ _ _ _ 

self = <actions.actions.Actions object at 0x7f1f0eac0050>
locator = ('xpath', "//p[@class='text-white' and contains(text(),'Please check your email address')]")
timeout = 100

    def wait_for_element(self, locator, timeout=100):
>       WebDriverWait(self.driver, timeout).until(EC.visibility_of_element_located(locator))

actions/actions.py:87: 
_ _ _ _ _ _ _ _ _ _ _ _ _ _ _ _ _ _ _ _ _ _ _ _ _ _ _ _ _ _ _ _ _ _ _ _ _ _ _ _ 

self = <selenium.webdriver.support.wait.WebDriverWait (session="a9ef03536a8b106547b13af0784eea2f")>
method = <function visibility_of_element_located.<locals>._predicate at 0x7f1f0eb91da0>
message = ''

    def until(self, method: Callable[[D], Union[Literal[False], T]], message: str = "") -> T:
        """Wait until the method returns a value that is not False.
    
        Calls the method provided with the driver as an argument until the
        return value does not evaluate to ``False``.
    
        Parameters:
        ----------
        method: callable(WebDriver)
            - A callable object that takes a WebDriver instance as an argument.
    
        message: str
            - Optional message for :exc:`TimeoutException`
    
        Return:
        -------
        object: T
            - The result of the last call to `method`
    
        Raises:
        -------
        TimeoutException
            - If 'method' does not return a truthy value within the WebDriverWait
            object's timeout
    
        Example:
        --------
        >>> from selenium.webdriver.common.by import By
        >>> from selenium.webdriver.support.ui import WebDriverWait
        >>> from selenium.webdriver.support import expected_conditions as EC
    
        # Wait until an element is visible on the page
        >>> wait = WebDriverWait(driver, 10)
        >>> element = wait.until(EC.visibility_of_element_located((By.ID, "exampleId")))
        >>> print(element.text)
        """
        screen = None
        stacktrace = None
    
        end_time = time.monotonic() + self._timeout
        while True:
            try:
                value = method(self._driver)
                if value:
                    return value
            except self._ignored_exceptions as exc:
                screen = getattr(exc, "screen", None)
                stacktrace = getattr(exc, "stacktrace", None)
            if time.monotonic() > end_time:
                break
            time.sleep(self._poll)
>       raise TimeoutException(message, screen, stacktrace)
E       selenium.common.exceptions.TimeoutException: Message: 
E       Stacktrace:
E       #0 0x55d1094ea61a <unknown>
E       #1 0x55d108f6720b <unknown>
E       #2 0x55d108fb890f <unknown>
E       #3 0x55d108fb8b51 <unknown>
E       #4 0x55d109006d84 <unknown>
E       #5 0x55d10900420e <unknown>
E       #6 0x55d108fab232 <unknown>
E       #7 0x55d108fabee1 <unknown>
E       #8 0x55d1094b33f9 <unknown>
E       #9 0x55d1094b634d <unknown>
E       #10 0x55d10949c122 <unknown>
E       #11 0x55d1094b6f2b <unknown>
E       #12 0x55d109482c30 <unknown>
E       #13 0x55d1094d7d78 <unknown>
E       #14 0x55d1094d7f4c <unknown>
E       #15 0x55d1094e9973 <unknown>
E       #16 0x7fa81649caa4 <unknown>
E       #17 0x7fa816529c6c <unknown>

/opt/hostedtoolcache/Python/3.13.11/x64/lib/python3.13/site-packages/selenium/webdriver/support/wait.py:146: TimeoutException
---------------------------- Captured stderr setup -----------------------------
2025-12-31 04:15:21,217 - INFO - Starting test with Chrome browser
2025-12-31 04:15:21,217 - INFO - ====== WebDriver manager ======
2025-12-31 04:15:21,287 - INFO - Get LATEST chromedriver version for google-chrome
2025-12-31 04:15:21,323 - INFO - Get LATEST chromedriver version for google-chrome
2025-12-31 04:15:21,361 - INFO - Driver [/home/runner/.wdm/drivers/chromedriver/linux64/143.0.7499.169/chromedriver-linux64/chromedriver] found in cache
2025-12-31 04:15:22,448 - INFO - Navigated to: https://app.mochaaccounting.com/login
------------------------------ Captured log setup ------------------------------
INFO     tests.test_signup_login.conftest:conftest.py:78 Starting test with Chrome browser
INFO     WDM:logger.py:11 ====== WebDriver manager ======
INFO     WDM:logger.py:11 Get LATEST chromedriver version for google-chrome
INFO     WDM:logger.py:11 Get LATEST chromedriver version for google-chrome
INFO     WDM:logger.py:11 Driver [/home/runner/.wdm/drivers/chromedriver/linux64/143.0.7499.169/chromedriver-linux64/chromedriver] found in cache
INFO     tests.test_signup_login.conftest:conftest.py:134 Navigated to: https://app.mochaaccounting.com/login
--------------------------- Captured stderr teardown ---------------------------
2025-12-31 04:17:09,271 - INFO - Closing browser
---------------------------- Captured log teardown -----------------------------
INFO     tests.test_signup_login.conftest:conftest.py:144 Closing browser
_____________________ test_invalid_email_login[username2] ______________________

sign_login_setup = <selenium.webdriver.chrome.webdriver.WebDriver (session="421fc84b25d8775fc51c06ed2d181ac8")>
login_test_data = {'expected_password_validation': 'Password is required', 'expected_username_validation': 'Email is required.', 'expect...ect_email_verification_msg': "Please check your email address. If you don't have an account, you can create one.", ...}
username = ('payerash10@gmail.com',)

    @pytest.mark.parametrize("username", zip(invalid_username))
    def test_invalid_email_login(sign_login_setup, login_test_data,username):
        driver= sign_login_setup
        login_page = LoginPage(driver)
        login_page.enter_username(username)
        #login_page.enter_password(password)
        login_page.click_loginbutton()
>       login_page.incorrect_email_validation(login_test_data)

tests/test_signup_login/test_login.py:42: 
_ _ _ _ _ _ _ _ _ _ _ _ _ _ _ _ _ _ _ _ _ _ _ _ _ _ _ _ _ _ _ _ _ _ _ _ _ _ _ _ 

self = <pages.login_page.LoginPage object at 0x7f1f0eb27f00>
login_test_data = {'expected_password_validation': 'Password is required', 'expected_username_validation': 'Email is required.', 'expect...ect_email_verification_msg': "Please check your email address. If you don't have an account, you can create one.", ...}

    def incorrect_email_validation(self,login_test_data):
>       self.actions.wait_for_element(self.incorrect_email_verification_msg)

pages/login_page.py:87: 
_ _ _ _ _ _ _ _ _ _ _ _ _ _ _ _ _ _ _ _ _ _ _ _ _ _ _ _ _ _ _ _ _ _ _ _ _ _ _ _ 

self = <actions.actions.Actions object at 0x7f1f0eac8050>
locator = ('xpath', "//p[@class='text-white' and contains(text(),'Please check your email address')]")
timeout = 100

    def wait_for_element(self, locator, timeout=100):
>       WebDriverWait(self.driver, timeout).until(EC.visibility_of_element_located(locator))

actions/actions.py:87: 
_ _ _ _ _ _ _ _ _ _ _ _ _ _ _ _ _ _ _ _ _ _ _ _ _ _ _ _ _ _ _ _ _ _ _ _ _ _ _ _ 

self = <selenium.webdriver.support.wait.WebDriverWait (session="421fc84b25d8775fc51c06ed2d181ac8")>
method = <function visibility_of_element_located.<locals>._predicate at 0x7f1f0eb92200>
message = ''

    def until(self, method: Callable[[D], Union[Literal[False], T]], message: str = "") -> T:
        """Wait until the method returns a value that is not False.
    
        Calls the method provided with the driver as an argument until the
        return value does not evaluate to ``False``.
    
        Parameters:
        ----------
        method: callable(WebDriver)
            - A callable object that takes a WebDriver instance as an argument.
    
        message: str
            - Optional message for :exc:`TimeoutException`
    
        Return:
        -------
        object: T
            - The result of the last call to `method`
    
        Raises:
        -------
        TimeoutException
            - If 'method' does not return a truthy value within the WebDriverWait
            object's timeout
    
        Example:
        --------
        >>> from selenium.webdriver.common.by import By
        >>> from selenium.webdriver.support.ui import WebDriverWait
        >>> from selenium.webdriver.support import expected_conditions as EC
    
        # Wait until an element is visible on the page
        >>> wait = WebDriverWait(driver, 10)
        >>> element = wait.until(EC.visibility_of_element_located((By.ID, "exampleId")))
        >>> print(element.text)
        """
        screen = None
        stacktrace = None
    
        end_time = time.monotonic() + self._timeout
        while True:
            try:
                value = method(self._driver)
                if value:
                    return value
            except self._ignored_exceptions as exc:
                screen = getattr(exc, "screen", None)
                stacktrace = getattr(exc, "stacktrace", None)
            if time.monotonic() > end_time:
                break
            time.sleep(self._poll)
>       raise TimeoutException(message, screen, stacktrace)
E       selenium.common.exceptions.TimeoutException: Message: 
E       Stacktrace:
E       #0 0x55dc4d08461a <unknown>
E       #1 0x55dc4cb0120b <unknown>
E       #2 0x55dc4cb5290f <unknown>
E       #3 0x55dc4cb52b51 <unknown>
E       #4 0x55dc4cba0d84 <unknown>
E       #5 0x55dc4cb9e20e <unknown>
E       #6 0x55dc4cb45232 <unknown>
E       #7 0x55dc4cb45ee1 <unknown>
E       #8 0x55dc4d04d3f9 <unknown>
E       #9 0x55dc4d05034d <unknown>
E       #10 0x55dc4d036122 <unknown>
E       #11 0x55dc4d050f2b <unknown>
E       #12 0x55dc4d01cc30 <unknown>
E       #13 0x55dc4d071d78 <unknown>
E       #14 0x55dc4d071f4c <unknown>
E       #15 0x55dc4d083973 <unknown>
E       #16 0x7fb54da9caa4 <unknown>
E       #17 0x7fb54db29c6c <unknown>

/opt/hostedtoolcache/Python/3.13.11/x64/lib/python3.13/site-packages/selenium/webdriver/support/wait.py:146: TimeoutException
---------------------------- Captured stderr setup -----------------------------
2025-12-31 04:17:09,342 - INFO - Starting test with Chrome browser
2025-12-31 04:17:09,342 - INFO - ====== WebDriver manager ======
2025-12-31 04:17:09,410 - INFO - Get LATEST chromedriver version for google-chrome
2025-12-31 04:17:09,443 - INFO - Get LATEST chromedriver version for google-chrome
2025-12-31 04:17:09,477 - INFO - Driver [/home/runner/.wdm/drivers/chromedriver/linux64/143.0.7499.169/chromedriver-linux64/chromedriver] found in cache
2025-12-31 04:17:11,335 - INFO - Navigated to: https://app.mochaaccounting.com/login
------------------------------ Captured log setup ------------------------------
INFO     tests.test_signup_login.conftest:conftest.py:78 Starting test with Chrome browser
INFO     WDM:logger.py:11 ====== WebDriver manager ======
INFO     WDM:logger.py:11 Get LATEST chromedriver version for google-chrome
INFO     WDM:logger.py:11 Get LATEST chromedriver version for google-chrome
INFO     WDM:logger.py:11 Driver [/home/runner/.wdm/drivers/chromedriver/linux64/143.0.7499.169/chromedriver-linux64/chromedriver] found in cache
INFO     tests.test_signup_login.conftest:conftest.py:134 Navigated to: https://app.mochaaccounting.com/login
--------------------------- Captured stderr teardown ---------------------------
2025-12-31 04:18:58,031 - INFO - Closing browser
---------------------------- Captured log teardown -----------------------------
INFO     tests.test_signup_login.conftest:conftest.py:144 Closing browser
_____________________ test_invalid_email_login[username3] ______________________

sign_login_setup = <selenium.webdriver.chrome.webdriver.WebDriver (session="15458da0b6a0ff9a3e8e39d8ce3883e2")>
login_test_data = {'expected_password_validation': 'Password is required', 'expected_username_validation': 'Email is required.', 'expect...ect_email_verification_msg': "Please check your email address. If you don't have an account, you can create one.", ...}
username = ('payer@gmail.com',)

    @pytest.mark.parametrize("username", zip(invalid_username))
    def test_invalid_email_login(sign_login_setup, login_test_data,username):
        driver= sign_login_setup
        login_page = LoginPage(driver)
        login_page.enter_username(username)
        #login_page.enter_password(password)
        login_page.click_loginbutton()
>       login_page.incorrect_email_validation(login_test_data)

tests/test_signup_login/test_login.py:42: 
_ _ _ _ _ _ _ _ _ _ _ _ _ _ _ _ _ _ _ _ _ _ _ _ _ _ _ _ _ _ _ _ _ _ _ _ _ _ _ _ 

self = <pages.login_page.LoginPage object at 0x7f1f0eac9370>
login_test_data = {'expected_password_validation': 'Password is required', 'expected_username_validation': 'Email is required.', 'expect...ect_email_verification_msg': "Please check your email address. If you don't have an account, you can create one.", ...}

    def incorrect_email_validation(self,login_test_data):
>       self.actions.wait_for_element(self.incorrect_email_verification_msg)

pages/login_page.py:87: 
_ _ _ _ _ _ _ _ _ _ _ _ _ _ _ _ _ _ _ _ _ _ _ _ _ _ _ _ _ _ _ _ _ _ _ _ _ _ _ _ 

self = <actions.actions.Actions object at 0x7f1f0eac9480>
locator = ('xpath', "//p[@class='text-white' and contains(text(),'Please check your email address')]")
timeout = 100

    def wait_for_element(self, locator, timeout=100):
>       WebDriverWait(self.driver, timeout).until(EC.visibility_of_element_located(locator))

actions/actions.py:87: 
_ _ _ _ _ _ _ _ _ _ _ _ _ _ _ _ _ _ _ _ _ _ _ _ _ _ _ _ _ _ _ _ _ _ _ _ _ _ _ _ 

self = <selenium.webdriver.support.wait.WebDriverWait (session="15458da0b6a0ff9a3e8e39d8ce3883e2")>
method = <function visibility_of_element_located.<locals>._predicate at 0x7f1f0eb925c0>
message = ''

    def until(self, method: Callable[[D], Union[Literal[False], T]], message: str = "") -> T:
        """Wait until the method returns a value that is not False.
    
        Calls the method provided with the driver as an argument until the
        return value does not evaluate to ``False``.
    
        Parameters:
        ----------
        method: callable(WebDriver)
            - A callable object that takes a WebDriver instance as an argument.
    
        message: str
            - Optional message for :exc:`TimeoutException`
    
        Return:
        -------
        object: T
            - The result of the last call to `method`
    
        Raises:
        -------
        TimeoutException
            - If 'method' does not return a truthy value within the WebDriverWait
            object's timeout
    
        Example:
        --------
        >>> from selenium.webdriver.common.by import By
        >>> from selenium.webdriver.support.ui import WebDriverWait
        >>> from selenium.webdriver.support import expected_conditions as EC
    
        # Wait until an element is visible on the page
        >>> wait = WebDriverWait(driver, 10)
        >>> element = wait.until(EC.visibility_of_element_located((By.ID, "exampleId")))
        >>> print(element.text)
        """
        screen = None
        stacktrace = None
    
        end_time = time.monotonic() + self._timeout
        while True:
            try:
                value = method(self._driver)
                if value:
                    return value
            except self._ignored_exceptions as exc:
                screen = getattr(exc, "screen", None)
                stacktrace = getattr(exc, "stacktrace", None)
            if time.monotonic() > end_time:
                break
            time.sleep(self._poll)
>       raise TimeoutException(message, screen, stacktrace)
E       selenium.common.exceptions.TimeoutException: Message: 
E       Stacktrace:
E       #0 0x55dc57b1261a <unknown>
E       #1 0x55dc5758f20b <unknown>
E       #2 0x55dc575e090f <unknown>
E       #3 0x55dc575e0b51 <unknown>
E       #4 0x55dc5762ed84 <unknown>
E       #5 0x55dc5762c20e <unknown>
E       #6 0x55dc575d3232 <unknown>
E       #7 0x55dc575d3ee1 <unknown>
E       #8 0x55dc57adb3f9 <unknown>
E       #9 0x55dc57ade34d <unknown>
E       #10 0x55dc57ac4122 <unknown>
E       #11 0x55dc57adef2b <unknown>
E       #12 0x55dc57aaac30 <unknown>
E       #13 0x55dc57affd78 <unknown>
E       #14 0x55dc57afff4c <unknown>
E       #15 0x55dc57b11973 <unknown>
E       #16 0x7f0d05c9caa4 <unknown>
E       #17 0x7f0d05d29c6c <unknown>

/opt/hostedtoolcache/Python/3.13.11/x64/lib/python3.13/site-packages/selenium/webdriver/support/wait.py:146: TimeoutException
---------------------------- Captured stderr setup -----------------------------
2025-12-31 04:18:58,102 - INFO - Starting test with Chrome browser
2025-12-31 04:18:58,102 - INFO - ====== WebDriver manager ======
2025-12-31 04:18:58,167 - INFO - Get LATEST chromedriver version for google-chrome
2025-12-31 04:18:58,212 - INFO - Get LATEST chromedriver version for google-chrome
2025-12-31 04:18:58,248 - INFO - Driver [/home/runner/.wdm/drivers/chromedriver/linux64/143.0.7499.169/chromedriver-linux64/chromedriver] found in cache
2025-12-31 04:19:00,092 - INFO - Navigated to: https://app.mochaaccounting.com/login
------------------------------ Captured log setup ------------------------------
INFO     tests.test_signup_login.conftest:conftest.py:78 Starting test with Chrome browser
INFO     WDM:logger.py:11 ====== WebDriver manager ======
INFO     WDM:logger.py:11 Get LATEST chromedriver version for google-chrome
INFO     WDM:logger.py:11 Get LATEST chromedriver version for google-chrome
INFO     WDM:logger.py:11 Driver [/home/runner/.wdm/drivers/chromedriver/linux64/143.0.7499.169/chromedriver-linux64/chromedriver] found in cache
INFO     tests.test_signup_login.conftest:conftest.py:134 Navigated to: https://app.mochaaccounting.com/login
--------------------------- Captured stderr teardown ---------------------------
2025-12-31 04:20:46,724 - INFO - Closing browser
---------------------------- Captured log teardown -----------------------------
INFO     tests.test_signup_login.conftest:conftest.py:144 Closing browser
==================================== PASSES ====================================
______ test_valid_login[yash.payer+01@mochatechnologies.com-Password@123] ______
---------------------------- Captured stderr setup -----------------------------
2025-12-31 04:11:21,165 - INFO - Starting test with Chrome browser
2025-12-31 04:11:21,166 - INFO - ====== WebDriver manager ======
2025-12-31 04:11:21,272 - INFO - Get LATEST chromedriver version for google-chrome
2025-12-31 04:11:21,318 - INFO - Get LATEST chromedriver version for google-chrome
2025-12-31 04:11:21,351 - INFO - There is no [linux64] chromedriver "143.0.7499.169" for browser google-chrome "143.0.7499" in cache
2025-12-31 04:11:21,351 - INFO - Get LATEST chromedriver version for google-chrome
2025-12-31 04:11:21,458 - INFO - WebDriver version 143.0.7499.169 selected
2025-12-31 04:11:21,462 - INFO - Modern chrome version https://storage.googleapis.com/chrome-for-testing-public/143.0.7499.169/linux64/chromedriver-linux64.zip
2025-12-31 04:11:21,463 - INFO - About to download new driver from https://storage.googleapis.com/chrome-for-testing-public/143.0.7499.169/linux64/chromedriver-linux64.zip
2025-12-31 04:11:21,517 - INFO - Driver downloading response is 200
2025-12-31 04:11:21,598 - INFO - Get LATEST chromedriver version for google-chrome
2025-12-31 04:11:21,743 - INFO - Driver has been saved in cache [/home/runner/.wdm/drivers/chromedriver/linux64/143.0.7499.169]
2025-12-31 04:11:25,351 - INFO - Navigated to: https://app.mochaaccounting.com/login
------------------------------ Captured log setup ------------------------------
INFO     tests.test_signup_login.conftest:conftest.py:78 Starting test with Chrome browser
INFO     WDM:logger.py:11 ====== WebDriver manager ======
INFO     WDM:logger.py:11 Get LATEST chromedriver version for google-chrome
INFO     WDM:logger.py:11 Get LATEST chromedriver version for google-chrome
INFO     WDM:logger.py:11 There is no [linux64] chromedriver "143.0.7499.169" for browser google-chrome "143.0.7499" in cache
INFO     WDM:logger.py:11 Get LATEST chromedriver version for google-chrome
INFO     WDM:logger.py:11 WebDriver version 143.0.7499.169 selected
INFO     WDM:logger.py:11 Modern chrome version https://storage.googleapis.com/chrome-for-testing-public/143.0.7499.169/linux64/chromedriver-linux64.zip
INFO     WDM:logger.py:11 About to download new driver from https://storage.googleapis.com/chrome-for-testing-public/143.0.7499.169/linux64/chromedriver-linux64.zip
INFO     WDM:logger.py:11 Driver downloading response is 200
INFO     WDM:logger.py:11 Get LATEST chromedriver version for google-chrome
INFO     WDM:logger.py:11 Driver has been saved in cache [/home/runner/.wdm/drivers/chromedriver/linux64/143.0.7499.169]
INFO     tests.test_signup_login.conftest:conftest.py:134 Navigated to: https://app.mochaaccounting.com/login
----------------------------- Captured stderr call -----------------------------
2025-12-31 04:11:25,352 - INFO - Starting the test case for valid credentials
2025-12-31 04:11:25,491 - INFO - User enters the email-id
2025-12-31 04:11:27,239 - INFO - User enters the password
2025-12-31 04:11:27,332 - INFO - User clicks on login button
2025-12-31 04:11:31,852 - INFO - The test case passed
------------------------------ Captured log call -------------------------------
INFO     tests.test_signup_login.test_login:test_login.py:25 Starting the test case for valid credentials
INFO     tests.test_signup_login.test_login:test_login.py:27 User enters the email-id
INFO     tests.test_signup_login.test_login:test_login.py:29 User enters the password
INFO     tests.test_signup_login.test_login:test_login.py:31 User clicks on login button
INFO     tests.test_signup_login.test_login:test_login.py:33 The test case passed
--------------------------- Captured stderr teardown ---------------------------
2025-12-31 04:11:31,852 - INFO - Closing browser
---------------------------- Captured log teardown -----------------------------
INFO     tests.test_signup_login.conftest:conftest.py:144 Closing browser
___________ test_valid_login[shubhamdabir07@gmail.com-Shubham@1234] ____________
---------------------------- Captured stderr setup -----------------------------
2025-12-31 04:13:20,296 - INFO - Starting test with Chrome browser
2025-12-31 04:13:20,296 - INFO - ====== WebDriver manager ======
2025-12-31 04:13:20,364 - INFO - Get LATEST chromedriver version for google-chrome
2025-12-31 04:13:20,398 - INFO - Get LATEST chromedriver version for google-chrome
2025-12-31 04:13:20,432 - INFO - Driver [/home/runner/.wdm/drivers/chromedriver/linux64/143.0.7499.169/chromedriver-linux64/chromedriver] found in cache
2025-12-31 04:13:22,222 - INFO - Navigated to: https://app.mochaaccounting.com/login
------------------------------ Captured log setup ------------------------------
INFO     tests.test_signup_login.conftest:conftest.py:78 Starting test with Chrome browser
INFO     WDM:logger.py:11 ====== WebDriver manager ======
INFO     WDM:logger.py:11 Get LATEST chromedriver version for google-chrome
INFO     WDM:logger.py:11 Get LATEST chromedriver version for google-chrome
INFO     WDM:logger.py:11 Driver [/home/runner/.wdm/drivers/chromedriver/linux64/143.0.7499.169/chromedriver-linux64/chromedriver] found in cache
INFO     tests.test_signup_login.conftest:conftest.py:134 Navigated to: https://app.mochaaccounting.com/login
----------------------------- Captured stderr call -----------------------------
2025-12-31 04:13:22,223 - INFO - Starting the test case for valid credentials
2025-12-31 04:13:22,344 - INFO - User enters the email-id
2025-12-31 04:13:24,099 - INFO - User enters the password
2025-12-31 04:13:24,195 - INFO - User clicks on login button
2025-12-31 04:13:26,935 - INFO - The test case passed
------------------------------ Captured log call -------------------------------
INFO     tests.test_signup_login.test_login:test_login.py:25 Starting the test case for valid credentials
INFO     tests.test_signup_login.test_login:test_login.py:27 User enters the email-id
INFO     tests.test_signup_login.test_login:test_login.py:29 User enters the password
INFO     tests.test_signup_login.test_login:test_login.py:31 User clicks on login button
INFO     tests.test_signup_login.test_login:test_login.py:33 The test case passed
--------------------------- Captured stderr teardown ---------------------------
2025-12-31 04:13:26,935 - INFO - Closing browser
---------------------------- Captured log teardown -----------------------------
INFO     tests.test_signup_login.conftest:conftest.py:144 Closing browser
______ test_valid_login[hrishikesh.shinde1607@gmail.com-Hrishikesh@1234] _______
---------------------------- Captured stderr setup -----------------------------
2025-12-31 04:13:27,002 - INFO - Starting test with Chrome browser
2025-12-31 04:13:27,002 - INFO - ====== WebDriver manager ======
2025-12-31 04:13:27,068 - INFO - Get LATEST chromedriver version for google-chrome
2025-12-31 04:13:27,103 - INFO - Get LATEST chromedriver version for google-chrome
2025-12-31 04:13:27,136 - INFO - Driver [/home/runner/.wdm/drivers/chromedriver/linux64/143.0.7499.169/chromedriver-linux64/chromedriver] found in cache
2025-12-31 04:13:28,965 - INFO - Navigated to: https://app.mochaaccounting.com/login
------------------------------ Captured log setup ------------------------------
INFO     tests.test_signup_login.conftest:conftest.py:78 Starting test with Chrome browser
INFO     WDM:logger.py:11 ====== WebDriver manager ======
INFO     WDM:logger.py:11 Get LATEST chromedriver version for google-chrome
INFO     WDM:logger.py:11 Get LATEST chromedriver version for google-chrome
INFO     WDM:logger.py:11 Driver [/home/runner/.wdm/drivers/chromedriver/linux64/143.0.7499.169/chromedriver-linux64/chromedriver] found in cache
INFO     tests.test_signup_login.conftest:conftest.py:134 Navigated to: https://app.mochaaccounting.com/login
----------------------------- Captured stderr call -----------------------------
2025-12-31 04:13:28,966 - INFO - Starting the test case for valid credentials
2025-12-31 04:13:29,099 - INFO - User enters the email-id
2025-12-31 04:13:30,683 - INFO - User enters the password
2025-12-31 04:13:30,774 - INFO - User clicks on login button
2025-12-31 04:13:33,149 - INFO - The test case passed
------------------------------ Captured log call -------------------------------
INFO     tests.test_signup_login.test_login:test_login.py:25 Starting the test case for valid credentials
INFO     tests.test_signup_login.test_login:test_login.py:27 User enters the email-id
INFO     tests.test_signup_login.test_login:test_login.py:29 User enters the password
INFO     tests.test_signup_login.test_login:test_login.py:31 User clicks on login button
INFO     tests.test_signup_login.test_login:test_login.py:33 The test case passed
--------------------------- Captured stderr teardown ---------------------------
2025-12-31 04:13:33,150 - INFO - Closing browser
---------------------------- Captured log teardown -----------------------------
INFO     tests.test_signup_login.conftest:conftest.py:144 Closing browser
________________________ test_blank_username_validation ________________________
---------------------------- Captured stderr setup -----------------------------
2025-12-31 04:20:46,819 - INFO - Starting test with Chrome browser
2025-12-31 04:20:46,819 - INFO - ====== WebDriver manager ======
2025-12-31 04:20:46,889 - INFO - Get LATEST chromedriver version for google-chrome
2025-12-31 04:20:46,927 - INFO - Get LATEST chromedriver version for google-chrome
2025-12-31 04:20:46,961 - INFO - Driver [/home/runner/.wdm/drivers/chromedriver/linux64/143.0.7499.169/chromedriver-linux64/chromedriver] found in cache
2025-12-31 04:20:48,802 - INFO - Navigated to: https://app.mochaaccounting.com/login
------------------------------ Captured log setup ------------------------------
INFO     tests.test_signup_login.conftest:conftest.py:78 Starting test with Chrome browser
INFO     WDM:logger.py:11 ====== WebDriver manager ======
INFO     WDM:logger.py:11 Get LATEST chromedriver version for google-chrome
INFO     WDM:logger.py:11 Get LATEST chromedriver version for google-chrome
INFO     WDM:logger.py:11 Driver [/home/runner/.wdm/drivers/chromedriver/linux64/143.0.7499.169/chromedriver-linux64/chromedriver] found in cache
INFO     tests.test_signup_login.conftest:conftest.py:134 Navigated to: https://app.mochaaccounting.com/login
--------------------------- Captured stderr teardown ---------------------------
2025-12-31 04:20:49,013 - INFO - Closing browser
---------------------------- Captured log teardown -----------------------------
INFO     tests.test_signup_login.conftest:conftest.py:144 Closing browser
________________________ test_blank_password_validation ________________________
---------------------------- Captured stderr setup -----------------------------
2025-12-31 04:20:49,077 - INFO - Starting test with Chrome browser
2025-12-31 04:20:49,077 - INFO - ====== WebDriver manager ======
2025-12-31 04:20:49,147 - INFO - Get LATEST chromedriver version for google-chrome
2025-12-31 04:20:49,182 - INFO - Get LATEST chromedriver version for google-chrome
2025-12-31 04:20:49,218 - INFO - Driver [/home/runner/.wdm/drivers/chromedriver/linux64/143.0.7499.169/chromedriver-linux64/chromedriver] found in cache
2025-12-31 04:20:50,412 - INFO - Navigated to: https://app.mochaaccounting.com/login
------------------------------ Captured log setup ------------------------------
INFO     tests.test_signup_login.conftest:conftest.py:78 Starting test with Chrome browser
INFO     WDM:logger.py:11 ====== WebDriver manager ======
INFO     WDM:logger.py:11 Get LATEST chromedriver version for google-chrome
INFO     WDM:logger.py:11 Get LATEST chromedriver version for google-chrome
INFO     WDM:logger.py:11 Driver [/home/runner/.wdm/drivers/chromedriver/linux64/143.0.7499.169/chromedriver-linux64/chromedriver] found in cache
INFO     tests.test_signup_login.conftest:conftest.py:134 Navigated to: https://app.mochaaccounting.com/login
--------------------------- Captured stderr teardown ---------------------------
2025-12-31 04:20:52,266 - INFO - Closing browser
---------------------------- Captured log teardown -----------------------------
INFO     tests.test_signup_login.conftest:conftest.py:144 Closing browser
___________________ test_invalid_email_validation[username0] ___________________
---------------------------- Captured stderr setup -----------------------------
2025-12-31 04:20:52,331 - INFO - Starting test with Chrome browser
2025-12-31 04:20:52,331 - INFO - ====== WebDriver manager ======
2025-12-31 04:20:52,401 - INFO - Get LATEST chromedriver version for google-chrome
2025-12-31 04:20:52,435 - INFO - Get LATEST chromedriver version for google-chrome
2025-12-31 04:20:52,469 - INFO - Driver [/home/runner/.wdm/drivers/chromedriver/linux64/143.0.7499.169/chromedriver-linux64/chromedriver] found in cache
2025-12-31 04:20:53,962 - INFO - Navigated to: https://app.mochaaccounting.com/login
------------------------------ Captured log setup ------------------------------
INFO     tests.test_signup_login.conftest:conftest.py:78 Starting test with Chrome browser
INFO     WDM:logger.py:11 ====== WebDriver manager ======
INFO     WDM:logger.py:11 Get LATEST chromedriver version for google-chrome
INFO     WDM:logger.py:11 Get LATEST chromedriver version for google-chrome
INFO     WDM:logger.py:11 Driver [/home/runner/.wdm/drivers/chromedriver/linux64/143.0.7499.169/chromedriver-linux64/chromedriver] found in cache
INFO     tests.test_signup_login.conftest:conftest.py:134 Navigated to: https://app.mochaaccounting.com/login
--------------------------- Captured stderr teardown ---------------------------
2025-12-31 04:20:54,231 - INFO - Closing browser
---------------------------- Captured log teardown -----------------------------
INFO     tests.test_signup_login.conftest:conftest.py:144 Closing browser
___________________ test_invalid_email_validation[username1] ___________________
---------------------------- Captured stderr setup -----------------------------
2025-12-31 04:20:54,295 - INFO - Starting test with Chrome browser
2025-12-31 04:20:54,295 - INFO - ====== WebDriver manager ======
2025-12-31 04:20:54,364 - INFO - Get LATEST chromedriver version for google-chrome
2025-12-31 04:20:54,398 - INFO - Get LATEST chromedriver version for google-chrome
2025-12-31 04:20:54,449 - INFO - Driver [/home/runner/.wdm/drivers/chromedriver/linux64/143.0.7499.169/chromedriver-linux64/chromedriver] found in cache
2025-12-31 04:20:55,972 - INFO - Navigated to: https://app.mochaaccounting.com/login
------------------------------ Captured log setup ------------------------------
INFO     tests.test_signup_login.conftest:conftest.py:78 Starting test with Chrome browser
INFO     WDM:logger.py:11 ====== WebDriver manager ======
INFO     WDM:logger.py:11 Get LATEST chromedriver version for google-chrome
INFO     WDM:logger.py:11 Get LATEST chromedriver version for google-chrome
INFO     WDM:logger.py:11 Driver [/home/runner/.wdm/drivers/chromedriver/linux64/143.0.7499.169/chromedriver-linux64/chromedriver] found in cache
INFO     tests.test_signup_login.conftest:conftest.py:134 Navigated to: https://app.mochaaccounting.com/login
--------------------------- Captured stderr teardown ---------------------------
2025-12-31 04:20:56,237 - INFO - Closing browser
---------------------------- Captured log teardown -----------------------------
INFO     tests.test_signup_login.conftest:conftest.py:144 Closing browser
___________________ test_invalid_email_validation[username2] ___________________
---------------------------- Captured stderr setup -----------------------------
2025-12-31 04:20:56,301 - INFO - Starting test with Chrome browser
2025-12-31 04:20:56,302 - INFO - ====== WebDriver manager ======
2025-12-31 04:20:56,371 - INFO - Get LATEST chromedriver version for google-chrome
2025-12-31 04:20:56,406 - INFO - Get LATEST chromedriver version for google-chrome
2025-12-31 04:20:56,441 - INFO - Driver [/home/runner/.wdm/drivers/chromedriver/linux64/143.0.7499.169/chromedriver-linux64/chromedriver] found in cache
2025-12-31 04:20:57,257 - INFO - Navigated to: https://app.mochaaccounting.com/login
------------------------------ Captured log setup ------------------------------
INFO     tests.test_signup_login.conftest:conftest.py:78 Starting test with Chrome browser
INFO     WDM:logger.py:11 ====== WebDriver manager ======
INFO     WDM:logger.py:11 Get LATEST chromedriver version for google-chrome
INFO     WDM:logger.py:11 Get LATEST chromedriver version for google-chrome
INFO     WDM:logger.py:11 Driver [/home/runner/.wdm/drivers/chromedriver/linux64/143.0.7499.169/chromedriver-linux64/chromedriver] found in cache
INFO     tests.test_signup_login.conftest:conftest.py:134 Navigated to: https://app.mochaaccounting.com/login
--------------------------- Captured stderr teardown ---------------------------
2025-12-31 04:20:57,777 - INFO - Closing browser
---------------------------- Captured log teardown -----------------------------
INFO     tests.test_signup_login.conftest:conftest.py:144 Closing browser
___________________ test_invalid_email_validation[username3] ___________________
---------------------------- Captured stderr setup -----------------------------
2025-12-31 04:20:57,841 - INFO - Starting test with Chrome browser
2025-12-31 04:20:57,842 - INFO - ====== WebDriver manager ======
2025-12-31 04:20:57,917 - INFO - Get LATEST chromedriver version for google-chrome
2025-12-31 04:20:57,951 - INFO - Get LATEST chromedriver version for google-chrome
2025-12-31 04:20:57,986 - INFO - Driver [/home/runner/.wdm/drivers/chromedriver/linux64/143.0.7499.169/chromedriver-linux64/chromedriver] found in cache
2025-12-31 04:20:59,124 - INFO - Navigated to: https://app.mochaaccounting.com/login
------------------------------ Captured log setup ------------------------------
INFO     tests.test_signup_login.conftest:conftest.py:78 Starting test with Chrome browser
INFO     WDM:logger.py:11 ====== WebDriver manager ======
INFO     WDM:logger.py:11 Get LATEST chromedriver version for google-chrome
INFO     WDM:logger.py:11 Get LATEST chromedriver version for google-chrome
INFO     WDM:logger.py:11 Driver [/home/runner/.wdm/drivers/chromedriver/linux64/143.0.7499.169/chromedriver-linux64/chromedriver] found in cache
INFO     tests.test_signup_login.conftest:conftest.py:134 Navigated to: https://app.mochaaccounting.com/login
--------------------------- Captured stderr teardown ---------------------------
2025-12-31 04:20:59,682 - INFO - Closing browser
---------------------------- Captured log teardown -----------------------------
INFO     tests.test_signup_login.conftest:conftest.py:144 Closing browser
___________________ test_invalid_email_validation[username4] ___________________
---------------------------- Captured stderr setup -----------------------------
2025-12-31 04:20:59,749 - INFO - Starting test with Chrome browser
2025-12-31 04:20:59,749 - INFO - ====== WebDriver manager ======
2025-12-31 04:20:59,825 - INFO - Get LATEST chromedriver version for google-chrome
2025-12-31 04:20:59,858 - INFO - Get LATEST chromedriver version for google-chrome
2025-12-31 04:20:59,894 - INFO - Driver [/home/runner/.wdm/drivers/chromedriver/linux64/143.0.7499.169/chromedriver-linux64/chromedriver] found in cache
2025-12-31 04:21:00,747 - INFO - Navigated to: https://app.mochaaccounting.com/login
------------------------------ Captured log setup ------------------------------
INFO     tests.test_signup_login.conftest:conftest.py:78 Starting test with Chrome browser
INFO     WDM:logger.py:11 ====== WebDriver manager ======
INFO     WDM:logger.py:11 Get LATEST chromedriver version for google-chrome
INFO     WDM:logger.py:11 Get LATEST chromedriver version for google-chrome
INFO     WDM:logger.py:11 Driver [/home/runner/.wdm/drivers/chromedriver/linux64/143.0.7499.169/chromedriver-linux64/chromedriver] found in cache
INFO     tests.test_signup_login.conftest:conftest.py:134 Navigated to: https://app.mochaaccounting.com/login
--------------------------- Captured stderr teardown ---------------------------
2025-12-31 04:21:01,332 - INFO - Closing browser
---------------------------- Captured log teardown -----------------------------
INFO     tests.test_signup_login.conftest:conftest.py:144 Closing browser
- Generated html report: file:///home/runner/work/Mocha_accounting/Mocha_accounting/C%3A%5CUsers%5CTaurus13%5CPycharmProjects%5CPythonProject%5Creports/20251231_041120/report.html -
=================== 5 failed, 10 passed in 580.32s (0:09:40) ===================
=== LOGIN TESTS COMPLETED ===
Exit Code: 1
