=== LOGIN TESTS STARTED: 2025-11-07 03:54:59 ===
============================= test session starts ==============================
platform linux -- Python 3.13.9, pytest-8.3.5, pluggy-1.6.0 -- /opt/hostedtoolcache/Python/3.13.9/x64/bin/python
cachedir: .pytest_cache
metadata: {'Python': '3.13.9', 'Platform': 'Linux-6.11.0-1018-azure-x86_64-with-glibc2.39', 'Packages': {'pytest': '8.3.5', 'pluggy': '1.6.0'}, 'Plugins': {'html': '4.1.1', 'rerunfailures': '16.1', 'Faker': '37.12.0', 'xdist': '3.8.0', 'metadata': '3.1.1'}, 'CI': 'true', 'JAVA_HOME': '/usr/lib/jvm/temurin-17-jdk-amd64'}
rootdir: /home/runner/work/Mocha_accounting/Mocha_accounting
plugins: html-4.1.1, rerunfailures-16.1, Faker-37.12.0, xdist-3.8.0, metadata-3.1.1
collecting ... collected 15 items

tests/test_signup_login/test_login.py::test_valid_login[ranjeet.gupta@mochatechnologies.com-Ais@1234] PASSED [  6%]
tests/test_signup_login/test_login.py::test_valid_login[samatakamble9@gmail.com-Samata@16] PASSED [ 13%]
tests/test_signup_login/test_login.py::test_valid_login[shubhamdabir07@gmail.com-Shubham@1234] PASSED [ 20%]
tests/test_signup_login/test_login.py::test_valid_login[hrishikesh.shinde1607@gmail.com-Hrishikesh@1234] PASSED [ 26%]
tests/test_signup_login/test_login.py::test_invalid_email_login[username0] PASSED [ 33%]
tests/test_signup_login/test_login.py::test_invalid_email_login[username1] PASSED [ 40%]
tests/test_signup_login/test_login.py::test_invalid_email_login[username2] PASSED [ 46%]
tests/test_signup_login/test_login.py::test_invalid_email_login[username3] PASSED [ 53%]
tests/test_signup_login/test_login.py::test_blank_username_validation FAILED [ 60%]
tests/test_signup_login/test_login.py::test_blank_password_validation FAILED [ 66%]
tests/test_signup_login/test_login.py::test_invalid_email_validation[username0] FAILED [ 73%]
tests/test_signup_login/test_login.py::test_invalid_email_validation[username1] FAILED [ 80%]
tests/test_signup_login/test_login.py::test_invalid_email_validation[username2] FAILED [ 86%]
tests/test_signup_login/test_login.py::test_invalid_email_validation[username3] FAILED [ 93%]
tests/test_signup_login/test_login.py::test_invalid_email_validation[username4] FAILED [100%]

=================================== FAILURES ===================================
________________________ test_blank_username_validation ________________________

sign_login_setup = <selenium.webdriver.chrome.webdriver.WebDriver (session="fca8274c2500b5544af537cb3d86564d")>
login_test_data = {'expected_password_validation': 'Password is required', 'expected_username_validation': 'Email is required.', 'expect...ect_email_verification_msg': "Please check your email address. If you don't have an account, you can create one.", ...}

    def test_blank_username_validation(sign_login_setup, login_test_data):
        driver = sign_login_setup
        login_page = LoginPage(driver)
        #login_page.enter_password(valid_password[0])
        login_page.click_username()
        login_page.disabled_click_login_button()
>       login_page.username_blank_validation(login_test_data)

tests/test_signup_login/test_login.py:51: 
_ _ _ _ _ _ _ _ _ _ _ _ _ _ _ _ _ _ _ _ _ _ _ _ _ _ _ _ _ _ _ _ _ _ _ _ _ _ _ _ 

self = <pages.login_page.LoginPage object at 0x7fbfc8b27350>
login_test_data = {'expected_password_validation': 'Password is required', 'expected_username_validation': 'Email is required.', 'expect...ect_email_verification_msg': "Please check your email address. If you don't have an account, you can create one.", ...}

    def username_blank_validation(self, login_test_data):
        #self.actions.wait_for_element(self.username_validation)
        expected_u_validation= login_test_data["expected_username_validation"]
        actual_u_validation= self.actions.get_attribute_error(self.login_username)
>       assert expected_u_validation == actual_u_validation, "login failed"
E       AssertionError: login failed

pages/login_page.py:76: AssertionError
---------------------------- Captured stderr setup -----------------------------
2025-11-07 03:55:45,091 - INFO - Starting test with Chrome browser
2025-11-07 03:55:45,092 - INFO - ====== WebDriver manager ======
2025-11-07 03:55:45,158 - INFO - Get LATEST chromedriver version for google-chrome
2025-11-07 03:55:45,209 - INFO - Get LATEST chromedriver version for google-chrome
2025-11-07 03:55:45,255 - INFO - Driver [/home/runner/.wdm/drivers/chromedriver/linux64/142.0.7444.61/chromedriver-linux64/chromedriver] found in cache
2025-11-07 03:55:46,523 - INFO - Navigated to: https://app.mochaaccounting.com/login
------------------------------ Captured log setup ------------------------------
INFO     tests.test_signup_login.conftest:conftest.py:78 Starting test with Chrome browser
INFO     WDM:logger.py:11 ====== WebDriver manager ======
INFO     WDM:logger.py:11 Get LATEST chromedriver version for google-chrome
INFO     WDM:logger.py:11 Get LATEST chromedriver version for google-chrome
INFO     WDM:logger.py:11 Driver [/home/runner/.wdm/drivers/chromedriver/linux64/142.0.7444.61/chromedriver-linux64/chromedriver] found in cache
INFO     tests.test_signup_login.conftest:conftest.py:134 Navigated to: https://app.mochaaccounting.com/login
--------------------------- Captured stderr teardown ---------------------------
2025-11-07 03:55:46,753 - INFO - Closing browser
---------------------------- Captured log teardown -----------------------------
INFO     tests.test_signup_login.conftest:conftest.py:144 Closing browser
________________________ test_blank_password_validation ________________________

sign_login_setup = <selenium.webdriver.chrome.webdriver.WebDriver (session="5450496802f5545faf7c157307b07907")>
login_test_data = {'expected_password_validation': 'Password is required', 'expected_username_validation': 'Email is required.', 'expect...ect_email_verification_msg': "Please check your email address. If you don't have an account, you can create one.", ...}

    def test_blank_password_validation(sign_login_setup,login_test_data):
        driver = sign_login_setup
        login_page = LoginPage(driver)
        login_page.enter_username(valid_username[0])
        login_page.click_password()
        login_page.disabled_click_login_button()
>       login_page.password_blank_validation(login_test_data)

tests/test_signup_login/test_login.py:60: 
_ _ _ _ _ _ _ _ _ _ _ _ _ _ _ _ _ _ _ _ _ _ _ _ _ _ _ _ _ _ _ _ _ _ _ _ _ _ _ _ 

self = <pages.login_page.LoginPage object at 0x7fbfc8b18350>
login_test_data = {'expected_password_validation': 'Password is required', 'expected_username_validation': 'Email is required.', 'expect...ect_email_verification_msg': "Please check your email address. If you don't have an account, you can create one.", ...}

    def password_blank_validation(self, login_test_data):
        #self.actions.wait_for_element(self.password_validation)
        expected_p_validation = login_test_data["expected_password_validation"]
        actual_p_validation = self.actions.get_attribute_error(self.login_password)
>       assert expected_p_validation == actual_p_validation, "login failed"
E       AssertionError: login failed

pages/login_page.py:82: AssertionError
---------------------------- Captured stderr setup -----------------------------
2025-11-07 03:55:46,817 - INFO - Starting test with Chrome browser
2025-11-07 03:55:46,817 - INFO - ====== WebDriver manager ======
2025-11-07 03:55:46,883 - INFO - Get LATEST chromedriver version for google-chrome
2025-11-07 03:55:46,930 - INFO - Get LATEST chromedriver version for google-chrome
2025-11-07 03:55:46,977 - INFO - Driver [/home/runner/.wdm/drivers/chromedriver/linux64/142.0.7444.61/chromedriver-linux64/chromedriver] found in cache
2025-11-07 03:55:48,214 - INFO - Navigated to: https://app.mochaaccounting.com/login
------------------------------ Captured log setup ------------------------------
INFO     tests.test_signup_login.conftest:conftest.py:78 Starting test with Chrome browser
INFO     WDM:logger.py:11 ====== WebDriver manager ======
INFO     WDM:logger.py:11 Get LATEST chromedriver version for google-chrome
INFO     WDM:logger.py:11 Get LATEST chromedriver version for google-chrome
INFO     WDM:logger.py:11 Driver [/home/runner/.wdm/drivers/chromedriver/linux64/142.0.7444.61/chromedriver-linux64/chromedriver] found in cache
INFO     tests.test_signup_login.conftest:conftest.py:134 Navigated to: https://app.mochaaccounting.com/login
--------------------------- Captured stderr teardown ---------------------------
2025-11-07 03:55:49,952 - INFO - Closing browser
---------------------------- Captured log teardown -----------------------------
INFO     tests.test_signup_login.conftest:conftest.py:144 Closing browser
___________________ test_invalid_email_validation[username0] ___________________

sign_login_setup = <selenium.webdriver.chrome.webdriver.WebDriver (session="d35c2a65b389be7bc2bab9864b60d106")>
login_test_data = {'expected_password_validation': 'Password is required', 'expected_username_validation': 'Email is required.', 'expect...ect_email_verification_msg': "Please check your email address. If you don't have an account, you can create one.", ...}
username = ('yash10%gmail.com',)

    @pytest.mark.parametrize("username", zip(invalid_format_username))
    def test_invalid_email_validation(sign_login_setup, login_test_data, username):
        driver = sign_login_setup
        login_page = LoginPage(driver)
        login_page.enter_username(username)
        login_page.disabled_click_login_button()
>       login_page.invalid_email_validation(login_test_data)

tests/test_signup_login/test_login.py:76: 
_ _ _ _ _ _ _ _ _ _ _ _ _ _ _ _ _ _ _ _ _ _ _ _ _ _ _ _ _ _ _ _ _ _ _ _ _ _ _ _ 

self = <pages.login_page.LoginPage object at 0x7fbfc99b7c50>
login_test_data = {'expected_password_validation': 'Password is required', 'expected_username_validation': 'Email is required.', 'expect...ect_email_verification_msg': "Please check your email address. If you don't have an account, you can create one.", ...}

    def invalid_email_validation(self, login_test_data):
        self.actions.wait_for_element(self.invalid_email_verification_msg)
        expected_invalid_email_validation = login_test_data["invalid_email_verification_msg"]
        actual_invalid_email_validation = self.actions.get_attribute_error(self.invalid_email_verification_msg)
>       assert expected_invalid_email_validation == actual_invalid_email_validation, "login failed"
E       AssertionError: login failed

pages/login_page.py:94: AssertionError
---------------------------- Captured stderr setup -----------------------------
2025-11-07 03:55:50,016 - INFO - Starting test with Chrome browser
2025-11-07 03:55:50,016 - INFO - ====== WebDriver manager ======
2025-11-07 03:55:50,082 - INFO - Get LATEST chromedriver version for google-chrome
2025-11-07 03:55:50,130 - INFO - Get LATEST chromedriver version for google-chrome
2025-11-07 03:55:50,177 - INFO - Driver [/home/runner/.wdm/drivers/chromedriver/linux64/142.0.7444.61/chromedriver-linux64/chromedriver] found in cache
2025-11-07 03:55:51,315 - INFO - Navigated to: https://app.mochaaccounting.com/login
------------------------------ Captured log setup ------------------------------
INFO     tests.test_signup_login.conftest:conftest.py:78 Starting test with Chrome browser
INFO     WDM:logger.py:11 ====== WebDriver manager ======
INFO     WDM:logger.py:11 Get LATEST chromedriver version for google-chrome
INFO     WDM:logger.py:11 Get LATEST chromedriver version for google-chrome
INFO     WDM:logger.py:11 Driver [/home/runner/.wdm/drivers/chromedriver/linux64/142.0.7444.61/chromedriver-linux64/chromedriver] found in cache
INFO     tests.test_signup_login.conftest:conftest.py:134 Navigated to: https://app.mochaaccounting.com/login
--------------------------- Captured stderr teardown ---------------------------
2025-11-07 03:55:51,584 - INFO - Closing browser
---------------------------- Captured log teardown -----------------------------
INFO     tests.test_signup_login.conftest:conftest.py:144 Closing browser
___________________ test_invalid_email_validation[username1] ___________________

sign_login_setup = <selenium.webdriver.chrome.webdriver.WebDriver (session="cb9d9f248e7658922baf8f2fb23968f6")>
login_test_data = {'expected_password_validation': 'Password is required', 'expected_username_validation': 'Email is required.', 'expect...ect_email_verification_msg': "Please check your email address. If you don't have an account, you can create one.", ...}
username = ('payeryash1gmail.com',)

    @pytest.mark.parametrize("username", zip(invalid_format_username))
    def test_invalid_email_validation(sign_login_setup, login_test_data, username):
        driver = sign_login_setup
        login_page = LoginPage(driver)
        login_page.enter_username(username)
        login_page.disabled_click_login_button()
>       login_page.invalid_email_validation(login_test_data)

tests/test_signup_login/test_login.py:76: 
_ _ _ _ _ _ _ _ _ _ _ _ _ _ _ _ _ _ _ _ _ _ _ _ _ _ _ _ _ _ _ _ _ _ _ _ _ _ _ _ 

self = <pages.login_page.LoginPage object at 0x7fbfc8aea3f0>
login_test_data = {'expected_password_validation': 'Password is required', 'expected_username_validation': 'Email is required.', 'expect...ect_email_verification_msg': "Please check your email address. If you don't have an account, you can create one.", ...}

    def invalid_email_validation(self, login_test_data):
        self.actions.wait_for_element(self.invalid_email_verification_msg)
        expected_invalid_email_validation = login_test_data["invalid_email_verification_msg"]
        actual_invalid_email_validation = self.actions.get_attribute_error(self.invalid_email_verification_msg)
>       assert expected_invalid_email_validation == actual_invalid_email_validation, "login failed"
E       AssertionError: login failed

pages/login_page.py:94: AssertionError
---------------------------- Captured stderr setup -----------------------------
2025-11-07 03:55:51,648 - INFO - Starting test with Chrome browser
2025-11-07 03:55:51,648 - INFO - ====== WebDriver manager ======
2025-11-07 03:55:51,715 - INFO - Get LATEST chromedriver version for google-chrome
2025-11-07 03:55:51,763 - INFO - Get LATEST chromedriver version for google-chrome
2025-11-07 03:55:51,810 - INFO - Driver [/home/runner/.wdm/drivers/chromedriver/linux64/142.0.7444.61/chromedriver-linux64/chromedriver] found in cache
2025-11-07 03:55:52,468 - INFO - Navigated to: https://app.mochaaccounting.com/login
------------------------------ Captured log setup ------------------------------
INFO     tests.test_signup_login.conftest:conftest.py:78 Starting test with Chrome browser
INFO     WDM:logger.py:11 ====== WebDriver manager ======
INFO     WDM:logger.py:11 Get LATEST chromedriver version for google-chrome
INFO     WDM:logger.py:11 Get LATEST chromedriver version for google-chrome
INFO     WDM:logger.py:11 Driver [/home/runner/.wdm/drivers/chromedriver/linux64/142.0.7444.61/chromedriver-linux64/chromedriver] found in cache
INFO     tests.test_signup_login.conftest:conftest.py:134 Navigated to: https://app.mochaaccounting.com/login
--------------------------- Captured stderr teardown ---------------------------
2025-11-07 03:55:52,996 - INFO - Closing browser
---------------------------- Captured log teardown -----------------------------
INFO     tests.test_signup_login.conftest:conftest.py:144 Closing browser
___________________ test_invalid_email_validation[username2] ___________________

sign_login_setup = <selenium.webdriver.chrome.webdriver.WebDriver (session="47c46d4baebc5eba0c815d1c29f65a0e")>
login_test_data = {'expected_password_validation': 'Password is required', 'expected_username_validation': 'Email is required.', 'expect...ect_email_verification_msg': "Please check your email address. If you don't have an account, you can create one.", ...}
username = (' payeryash10@gmai|com',)

    @pytest.mark.parametrize("username", zip(invalid_format_username))
    def test_invalid_email_validation(sign_login_setup, login_test_data, username):
        driver = sign_login_setup
        login_page = LoginPage(driver)
        login_page.enter_username(username)
        login_page.disabled_click_login_button()
>       login_page.invalid_email_validation(login_test_data)

tests/test_signup_login/test_login.py:76: 
_ _ _ _ _ _ _ _ _ _ _ _ _ _ _ _ _ _ _ _ _ _ _ _ _ _ _ _ _ _ _ _ _ _ _ _ _ _ _ _ 

self = <pages.login_page.LoginPage object at 0x7fbfc94543d0>
login_test_data = {'expected_password_validation': 'Password is required', 'expected_username_validation': 'Email is required.', 'expect...ect_email_verification_msg': "Please check your email address. If you don't have an account, you can create one.", ...}

    def invalid_email_validation(self, login_test_data):
        self.actions.wait_for_element(self.invalid_email_verification_msg)
        expected_invalid_email_validation = login_test_data["invalid_email_verification_msg"]
        actual_invalid_email_validation = self.actions.get_attribute_error(self.invalid_email_verification_msg)
>       assert expected_invalid_email_validation == actual_invalid_email_validation, "login failed"
E       AssertionError: login failed

pages/login_page.py:94: AssertionError
---------------------------- Captured stderr setup -----------------------------
2025-11-07 03:55:53,060 - INFO - Starting test with Chrome browser
2025-11-07 03:55:53,060 - INFO - ====== WebDriver manager ======
2025-11-07 03:55:53,128 - INFO - Get LATEST chromedriver version for google-chrome
2025-11-07 03:55:53,176 - INFO - Get LATEST chromedriver version for google-chrome
2025-11-07 03:55:53,223 - INFO - Driver [/home/runner/.wdm/drivers/chromedriver/linux64/142.0.7444.61/chromedriver-linux64/chromedriver] found in cache
2025-11-07 03:55:54,441 - INFO - Navigated to: https://app.mochaaccounting.com/login
------------------------------ Captured log setup ------------------------------
INFO     tests.test_signup_login.conftest:conftest.py:78 Starting test with Chrome browser
INFO     WDM:logger.py:11 ====== WebDriver manager ======
INFO     WDM:logger.py:11 Get LATEST chromedriver version for google-chrome
INFO     WDM:logger.py:11 Get LATEST chromedriver version for google-chrome
INFO     WDM:logger.py:11 Driver [/home/runner/.wdm/drivers/chromedriver/linux64/142.0.7444.61/chromedriver-linux64/chromedriver] found in cache
INFO     tests.test_signup_login.conftest:conftest.py:134 Navigated to: https://app.mochaaccounting.com/login
--------------------------- Captured stderr teardown ---------------------------
2025-11-07 03:55:54,715 - INFO - Closing browser
---------------------------- Captured log teardown -----------------------------
INFO     tests.test_signup_login.conftest:conftest.py:144 Closing browser
___________________ test_invalid_email_validation[username3] ___________________

sign_login_setup = <selenium.webdriver.chrome.webdriver.WebDriver (session="25e6c420e7ee7ee23ec6add1b80da6e0")>
login_test_data = {'expected_password_validation': 'Password is required', 'expected_username_validation': 'Email is required.', 'expect...ect_email_verification_msg': "Please check your email address. If you don't have an account, you can create one.", ...}
username = ('payergmail.com',)

    @pytest.mark.parametrize("username", zip(invalid_format_username))
    def test_invalid_email_validation(sign_login_setup, login_test_data, username):
        driver = sign_login_setup
        login_page = LoginPage(driver)
        login_page.enter_username(username)
        login_page.disabled_click_login_button()
>       login_page.invalid_email_validation(login_test_data)

tests/test_signup_login/test_login.py:76: 
_ _ _ _ _ _ _ _ _ _ _ _ _ _ _ _ _ _ _ _ _ _ _ _ _ _ _ _ _ _ _ _ _ _ _ _ _ _ _ _ 

self = <pages.login_page.LoginPage object at 0x7fbfc9456430>
login_test_data = {'expected_password_validation': 'Password is required', 'expected_username_validation': 'Email is required.', 'expect...ect_email_verification_msg': "Please check your email address. If you don't have an account, you can create one.", ...}

    def invalid_email_validation(self, login_test_data):
        self.actions.wait_for_element(self.invalid_email_verification_msg)
        expected_invalid_email_validation = login_test_data["invalid_email_verification_msg"]
        actual_invalid_email_validation = self.actions.get_attribute_error(self.invalid_email_verification_msg)
>       assert expected_invalid_email_validation == actual_invalid_email_validation, "login failed"
E       AssertionError: login failed

pages/login_page.py:94: AssertionError
---------------------------- Captured stderr setup -----------------------------
2025-11-07 03:55:54,779 - INFO - Starting test with Chrome browser
2025-11-07 03:55:54,779 - INFO - ====== WebDriver manager ======
2025-11-07 03:55:54,847 - INFO - Get LATEST chromedriver version for google-chrome
2025-11-07 03:55:54,894 - INFO - Get LATEST chromedriver version for google-chrome
2025-11-07 03:55:54,940 - INFO - Driver [/home/runner/.wdm/drivers/chromedriver/linux64/142.0.7444.61/chromedriver-linux64/chromedriver] found in cache
2025-11-07 03:55:56,000 - INFO - Navigated to: https://app.mochaaccounting.com/login
------------------------------ Captured log setup ------------------------------
INFO     tests.test_signup_login.conftest:conftest.py:78 Starting test with Chrome browser
INFO     WDM:logger.py:11 ====== WebDriver manager ======
INFO     WDM:logger.py:11 Get LATEST chromedriver version for google-chrome
INFO     WDM:logger.py:11 Get LATEST chromedriver version for google-chrome
INFO     WDM:logger.py:11 Driver [/home/runner/.wdm/drivers/chromedriver/linux64/142.0.7444.61/chromedriver-linux64/chromedriver] found in cache
INFO     tests.test_signup_login.conftest:conftest.py:134 Navigated to: https://app.mochaaccounting.com/login
--------------------------- Captured stderr teardown ---------------------------
2025-11-07 03:55:56,261 - INFO - Closing browser
---------------------------- Captured log teardown -----------------------------
INFO     tests.test_signup_login.conftest:conftest.py:144 Closing browser
___________________ test_invalid_email_validation[username4] ___________________

sign_login_setup = <selenium.webdriver.chrome.webdriver.WebDriver (session="5abd1fae98a892c0c0bef16767cb41e6")>
login_test_data = {'expected_password_validation': 'Password is required', 'expected_username_validation': 'Email is required.', 'expect...ect_email_verification_msg': "Please check your email address. If you don't have an account, you can create one.", ...}
username = ('payeryash10@gmail/com',)

    @pytest.mark.parametrize("username", zip(invalid_format_username))
    def test_invalid_email_validation(sign_login_setup, login_test_data, username):
        driver = sign_login_setup
        login_page = LoginPage(driver)
        login_page.enter_username(username)
        login_page.disabled_click_login_button()
>       login_page.invalid_email_validation(login_test_data)

tests/test_signup_login/test_login.py:76: 
_ _ _ _ _ _ _ _ _ _ _ _ _ _ _ _ _ _ _ _ _ _ _ _ _ _ _ _ _ _ _ _ _ _ _ _ _ _ _ _ 

self = <pages.login_page.LoginPage object at 0x7fbfc959b930>
login_test_data = {'expected_password_validation': 'Password is required', 'expected_username_validation': 'Email is required.', 'expect...ect_email_verification_msg': "Please check your email address. If you don't have an account, you can create one.", ...}

    def invalid_email_validation(self, login_test_data):
        self.actions.wait_for_element(self.invalid_email_verification_msg)
        expected_invalid_email_validation = login_test_data["invalid_email_verification_msg"]
        actual_invalid_email_validation = self.actions.get_attribute_error(self.invalid_email_verification_msg)
>       assert expected_invalid_email_validation == actual_invalid_email_validation, "login failed"
E       AssertionError: login failed

pages/login_page.py:94: AssertionError
---------------------------- Captured stderr setup -----------------------------
2025-11-07 03:55:56,325 - INFO - Starting test with Chrome browser
2025-11-07 03:55:56,325 - INFO - ====== WebDriver manager ======
2025-11-07 03:55:56,392 - INFO - Get LATEST chromedriver version for google-chrome
2025-11-07 03:55:56,438 - INFO - Get LATEST chromedriver version for google-chrome
2025-11-07 03:55:56,485 - INFO - Driver [/home/runner/.wdm/drivers/chromedriver/linux64/142.0.7444.61/chromedriver-linux64/chromedriver] found in cache
2025-11-07 03:55:57,659 - INFO - Navigated to: https://app.mochaaccounting.com/login
------------------------------ Captured log setup ------------------------------
INFO     tests.test_signup_login.conftest:conftest.py:78 Starting test with Chrome browser
INFO     WDM:logger.py:11 ====== WebDriver manager ======
INFO     WDM:logger.py:11 Get LATEST chromedriver version for google-chrome
INFO     WDM:logger.py:11 Get LATEST chromedriver version for google-chrome
INFO     WDM:logger.py:11 Driver [/home/runner/.wdm/drivers/chromedriver/linux64/142.0.7444.61/chromedriver-linux64/chromedriver] found in cache
INFO     tests.test_signup_login.conftest:conftest.py:134 Navigated to: https://app.mochaaccounting.com/login
--------------------------- Captured stderr teardown ---------------------------
2025-11-07 03:55:57,934 - INFO - Closing browser
---------------------------- Captured log teardown -----------------------------
INFO     tests.test_signup_login.conftest:conftest.py:144 Closing browser
==================================== PASSES ====================================
________ test_valid_login[ranjeet.gupta@mochatechnologies.com-Ais@1234] ________
---------------------------- Captured stderr setup -----------------------------
2025-11-07 03:55:03,089 - INFO - Starting test with Chrome browser
2025-11-07 03:55:03,089 - INFO - ====== WebDriver manager ======
2025-11-07 03:55:03,412 - INFO - Get LATEST chromedriver version for google-chrome
2025-11-07 03:55:03,468 - INFO - Get LATEST chromedriver version for google-chrome
2025-11-07 03:55:03,515 - INFO - There is no [linux64] chromedriver "142.0.7444.61" for browser google-chrome "142.0.7444" in cache
2025-11-07 03:55:03,516 - INFO - Get LATEST chromedriver version for google-chrome
2025-11-07 03:55:03,640 - INFO - WebDriver version 142.0.7444.61 selected
2025-11-07 03:55:03,644 - INFO - Modern chrome version https://storage.googleapis.com/chrome-for-testing-public/142.0.7444.61/linux64/chromedriver-linux64.zip
2025-11-07 03:55:03,645 - INFO - About to download new driver from https://storage.googleapis.com/chrome-for-testing-public/142.0.7444.61/linux64/chromedriver-linux64.zip
2025-11-07 03:55:03,696 - INFO - Driver downloading response is 200
2025-11-07 03:55:03,774 - INFO - Get LATEST chromedriver version for google-chrome
2025-11-07 03:55:03,932 - INFO - Driver has been saved in cache [/home/runner/.wdm/drivers/chromedriver/linux64/142.0.7444.61]
2025-11-07 03:55:07,367 - INFO - Navigated to: https://app.mochaaccounting.com/login
------------------------------ Captured log setup ------------------------------
INFO     tests.test_signup_login.conftest:conftest.py:78 Starting test with Chrome browser
INFO     WDM:logger.py:11 ====== WebDriver manager ======
INFO     WDM:logger.py:11 Get LATEST chromedriver version for google-chrome
INFO     WDM:logger.py:11 Get LATEST chromedriver version for google-chrome
INFO     WDM:logger.py:11 There is no [linux64] chromedriver "142.0.7444.61" for browser google-chrome "142.0.7444" in cache
INFO     WDM:logger.py:11 Get LATEST chromedriver version for google-chrome
INFO     WDM:logger.py:11 WebDriver version 142.0.7444.61 selected
INFO     WDM:logger.py:11 Modern chrome version https://storage.googleapis.com/chrome-for-testing-public/142.0.7444.61/linux64/chromedriver-linux64.zip
INFO     WDM:logger.py:11 About to download new driver from https://storage.googleapis.com/chrome-for-testing-public/142.0.7444.61/linux64/chromedriver-linux64.zip
INFO     WDM:logger.py:11 Driver downloading response is 200
INFO     WDM:logger.py:11 Get LATEST chromedriver version for google-chrome
INFO     WDM:logger.py:11 Driver has been saved in cache [/home/runner/.wdm/drivers/chromedriver/linux64/142.0.7444.61]
INFO     tests.test_signup_login.conftest:conftest.py:134 Navigated to: https://app.mochaaccounting.com/login
----------------------------- Captured stderr call -----------------------------
2025-11-07 03:55:07,368 - INFO - Starting the test case for valid credentials
2025-11-07 03:55:07,538 - INFO - User enters the email-id
2025-11-07 03:55:09,189 - INFO - User enters the password
2025-11-07 03:55:09,280 - INFO - User clicks on login button
2025-11-07 03:55:11,890 - INFO - The test case passed
------------------------------ Captured log call -------------------------------
INFO     tests.test_signup_login.test_login:test_login.py:25 Starting the test case for valid credentials
INFO     tests.test_signup_login.test_login:test_login.py:27 User enters the email-id
INFO     tests.test_signup_login.test_login:test_login.py:29 User enters the password
INFO     tests.test_signup_login.test_login:test_login.py:31 User clicks on login button
INFO     tests.test_signup_login.test_login:test_login.py:33 The test case passed
--------------------------- Captured stderr teardown ---------------------------
2025-11-07 03:55:11,891 - INFO - Closing browser
---------------------------- Captured log teardown -----------------------------
INFO     tests.test_signup_login.conftest:conftest.py:144 Closing browser
_____________ test_valid_login[samatakamble9@gmail.com-Samata@16] ______________
---------------------------- Captured stderr setup -----------------------------
2025-11-07 03:55:11,978 - INFO - Starting test with Chrome browser
2025-11-07 03:55:11,978 - INFO - ====== WebDriver manager ======
2025-11-07 03:55:12,043 - INFO - Get LATEST chromedriver version for google-chrome
2025-11-07 03:55:12,091 - INFO - Get LATEST chromedriver version for google-chrome
2025-11-07 03:55:12,210 - INFO - Driver [/home/runner/.wdm/drivers/chromedriver/linux64/142.0.7444.61/chromedriver-linux64/chromedriver] found in cache
2025-11-07 03:55:13,424 - INFO - Navigated to: https://app.mochaaccounting.com/login
------------------------------ Captured log setup ------------------------------
INFO     tests.test_signup_login.conftest:conftest.py:78 Starting test with Chrome browser
INFO     WDM:logger.py:11 ====== WebDriver manager ======
INFO     WDM:logger.py:11 Get LATEST chromedriver version for google-chrome
INFO     WDM:logger.py:11 Get LATEST chromedriver version for google-chrome
INFO     WDM:logger.py:11 Driver [/home/runner/.wdm/drivers/chromedriver/linux64/142.0.7444.61/chromedriver-linux64/chromedriver] found in cache
INFO     tests.test_signup_login.conftest:conftest.py:134 Navigated to: https://app.mochaaccounting.com/login
----------------------------- Captured stderr call -----------------------------
2025-11-07 03:55:13,424 - INFO - Starting the test case for valid credentials
2025-11-07 03:55:13,568 - INFO - User enters the email-id
2025-11-07 03:55:15,035 - INFO - User enters the password
2025-11-07 03:55:15,145 - INFO - User clicks on login button
2025-11-07 03:55:17,195 - INFO - The test case passed
------------------------------ Captured log call -------------------------------
INFO     tests.test_signup_login.test_login:test_login.py:25 Starting the test case for valid credentials
INFO     tests.test_signup_login.test_login:test_login.py:27 User enters the email-id
INFO     tests.test_signup_login.test_login:test_login.py:29 User enters the password
INFO     tests.test_signup_login.test_login:test_login.py:31 User clicks on login button
INFO     tests.test_signup_login.test_login:test_login.py:33 The test case passed
--------------------------- Captured stderr teardown ---------------------------
2025-11-07 03:55:17,195 - INFO - Closing browser
---------------------------- Captured log teardown -----------------------------
INFO     tests.test_signup_login.conftest:conftest.py:144 Closing browser
___________ test_valid_login[shubhamdabir07@gmail.com-Shubham@1234] ____________
---------------------------- Captured stderr setup -----------------------------
2025-11-07 03:55:17,262 - INFO - Starting test with Chrome browser
2025-11-07 03:55:17,263 - INFO - ====== WebDriver manager ======
2025-11-07 03:55:17,329 - INFO - Get LATEST chromedriver version for google-chrome
2025-11-07 03:55:17,377 - INFO - Get LATEST chromedriver version for google-chrome
2025-11-07 03:55:17,424 - INFO - Driver [/home/runner/.wdm/drivers/chromedriver/linux64/142.0.7444.61/chromedriver-linux64/chromedriver] found in cache
2025-11-07 03:55:18,618 - INFO - Navigated to: https://app.mochaaccounting.com/login
------------------------------ Captured log setup ------------------------------
INFO     tests.test_signup_login.conftest:conftest.py:78 Starting test with Chrome browser
INFO     WDM:logger.py:11 ====== WebDriver manager ======
INFO     WDM:logger.py:11 Get LATEST chromedriver version for google-chrome
INFO     WDM:logger.py:11 Get LATEST chromedriver version for google-chrome
INFO     WDM:logger.py:11 Driver [/home/runner/.wdm/drivers/chromedriver/linux64/142.0.7444.61/chromedriver-linux64/chromedriver] found in cache
INFO     tests.test_signup_login.conftest:conftest.py:134 Navigated to: https://app.mochaaccounting.com/login
----------------------------- Captured stderr call -----------------------------
2025-11-07 03:55:18,618 - INFO - Starting the test case for valid credentials
2025-11-07 03:55:18,765 - INFO - User enters the email-id
2025-11-07 03:55:20,239 - INFO - User enters the password
2025-11-07 03:55:20,344 - INFO - User clicks on login button
2025-11-07 03:55:22,418 - INFO - The test case passed
------------------------------ Captured log call -------------------------------
INFO     tests.test_signup_login.test_login:test_login.py:25 Starting the test case for valid credentials
INFO     tests.test_signup_login.test_login:test_login.py:27 User enters the email-id
INFO     tests.test_signup_login.test_login:test_login.py:29 User enters the password
INFO     tests.test_signup_login.test_login:test_login.py:31 User clicks on login button
INFO     tests.test_signup_login.test_login:test_login.py:33 The test case passed
--------------------------- Captured stderr teardown ---------------------------
2025-11-07 03:55:22,419 - INFO - Closing browser
---------------------------- Captured log teardown -----------------------------
INFO     tests.test_signup_login.conftest:conftest.py:144 Closing browser
______ test_valid_login[hrishikesh.shinde1607@gmail.com-Hrishikesh@1234] _______
---------------------------- Captured stderr setup -----------------------------
2025-11-07 03:55:22,487 - INFO - Starting test with Chrome browser
2025-11-07 03:55:22,488 - INFO - ====== WebDriver manager ======
2025-11-07 03:55:22,555 - INFO - Get LATEST chromedriver version for google-chrome
2025-11-07 03:55:22,604 - INFO - Get LATEST chromedriver version for google-chrome
2025-11-07 03:55:22,651 - INFO - Driver [/home/runner/.wdm/drivers/chromedriver/linux64/142.0.7444.61/chromedriver-linux64/chromedriver] found in cache
2025-11-07 03:55:23,879 - INFO - Navigated to: https://app.mochaaccounting.com/login
------------------------------ Captured log setup ------------------------------
INFO     tests.test_signup_login.conftest:conftest.py:78 Starting test with Chrome browser
INFO     WDM:logger.py:11 ====== WebDriver manager ======
INFO     WDM:logger.py:11 Get LATEST chromedriver version for google-chrome
INFO     WDM:logger.py:11 Get LATEST chromedriver version for google-chrome
INFO     WDM:logger.py:11 Driver [/home/runner/.wdm/drivers/chromedriver/linux64/142.0.7444.61/chromedriver-linux64/chromedriver] found in cache
INFO     tests.test_signup_login.conftest:conftest.py:134 Navigated to: https://app.mochaaccounting.com/login
----------------------------- Captured stderr call -----------------------------
2025-11-07 03:55:23,879 - INFO - Starting the test case for valid credentials
2025-11-07 03:55:24,037 - INFO - User enters the email-id
2025-11-07 03:55:25,523 - INFO - User enters the password
2025-11-07 03:55:25,614 - INFO - User clicks on login button
2025-11-07 03:55:27,453 - INFO - The test case passed
------------------------------ Captured log call -------------------------------
INFO     tests.test_signup_login.test_login:test_login.py:25 Starting the test case for valid credentials
INFO     tests.test_signup_login.test_login:test_login.py:27 User enters the email-id
INFO     tests.test_signup_login.test_login:test_login.py:29 User enters the password
INFO     tests.test_signup_login.test_login:test_login.py:31 User clicks on login button
INFO     tests.test_signup_login.test_login:test_login.py:33 The test case passed
--------------------------- Captured stderr teardown ---------------------------
2025-11-07 03:55:27,454 - INFO - Closing browser
---------------------------- Captured log teardown -----------------------------
INFO     tests.test_signup_login.conftest:conftest.py:144 Closing browser
_____________________ test_invalid_email_login[username0] ______________________
---------------------------- Captured stderr setup -----------------------------
2025-11-07 03:55:27,522 - INFO - Starting test with Chrome browser
2025-11-07 03:55:27,522 - INFO - ====== WebDriver manager ======
2025-11-07 03:55:27,589 - INFO - Get LATEST chromedriver version for google-chrome
2025-11-07 03:55:27,637 - INFO - Get LATEST chromedriver version for google-chrome
2025-11-07 03:55:27,685 - INFO - Driver [/home/runner/.wdm/drivers/chromedriver/linux64/142.0.7444.61/chromedriver-linux64/chromedriver] found in cache
2025-11-07 03:55:28,889 - INFO - Navigated to: https://app.mochaaccounting.com/login
------------------------------ Captured log setup ------------------------------
INFO     tests.test_signup_login.conftest:conftest.py:78 Starting test with Chrome browser
INFO     WDM:logger.py:11 ====== WebDriver manager ======
INFO     WDM:logger.py:11 Get LATEST chromedriver version for google-chrome
INFO     WDM:logger.py:11 Get LATEST chromedriver version for google-chrome
INFO     WDM:logger.py:11 Driver [/home/runner/.wdm/drivers/chromedriver/linux64/142.0.7444.61/chromedriver-linux64/chromedriver] found in cache
INFO     tests.test_signup_login.conftest:conftest.py:134 Navigated to: https://app.mochaaccounting.com/login
--------------------------- Captured stderr teardown ---------------------------
2025-11-07 03:55:31,660 - INFO - Closing browser
---------------------------- Captured log teardown -----------------------------
INFO     tests.test_signup_login.conftest:conftest.py:144 Closing browser
_____________________ test_invalid_email_login[username1] ______________________
---------------------------- Captured stderr setup -----------------------------
2025-11-07 03:55:31,726 - INFO - Starting test with Chrome browser
2025-11-07 03:55:31,726 - INFO - ====== WebDriver manager ======
2025-11-07 03:55:31,794 - INFO - Get LATEST chromedriver version for google-chrome
2025-11-07 03:55:31,840 - INFO - Get LATEST chromedriver version for google-chrome
2025-11-07 03:55:31,888 - INFO - Driver [/home/runner/.wdm/drivers/chromedriver/linux64/142.0.7444.61/chromedriver-linux64/chromedriver] found in cache
2025-11-07 03:55:33,002 - INFO - Navigated to: https://app.mochaaccounting.com/login
------------------------------ Captured log setup ------------------------------
INFO     tests.test_signup_login.conftest:conftest.py:78 Starting test with Chrome browser
INFO     WDM:logger.py:11 ====== WebDriver manager ======
INFO     WDM:logger.py:11 Get LATEST chromedriver version for google-chrome
INFO     WDM:logger.py:11 Get LATEST chromedriver version for google-chrome
INFO     WDM:logger.py:11 Driver [/home/runner/.wdm/drivers/chromedriver/linux64/142.0.7444.61/chromedriver-linux64/chromedriver] found in cache
INFO     tests.test_signup_login.conftest:conftest.py:134 Navigated to: https://app.mochaaccounting.com/login
--------------------------- Captured stderr teardown ---------------------------
2025-11-07 03:55:35,831 - INFO - Closing browser
---------------------------- Captured log teardown -----------------------------
INFO     tests.test_signup_login.conftest:conftest.py:144 Closing browser
_____________________ test_invalid_email_login[username2] ______________________
---------------------------- Captured stderr setup -----------------------------
2025-11-07 03:55:35,896 - INFO - Starting test with Chrome browser
2025-11-07 03:55:35,896 - INFO - ====== WebDriver manager ======
2025-11-07 03:55:35,961 - INFO - Get LATEST chromedriver version for google-chrome
2025-11-07 03:55:36,008 - INFO - Get LATEST chromedriver version for google-chrome
2025-11-07 03:55:36,056 - INFO - Driver [/home/runner/.wdm/drivers/chromedriver/linux64/142.0.7444.61/chromedriver-linux64/chromedriver] found in cache
2025-11-07 03:55:37,306 - INFO - Navigated to: https://app.mochaaccounting.com/login
------------------------------ Captured log setup ------------------------------
INFO     tests.test_signup_login.conftest:conftest.py:78 Starting test with Chrome browser
INFO     WDM:logger.py:11 ====== WebDriver manager ======
INFO     WDM:logger.py:11 Get LATEST chromedriver version for google-chrome
INFO     WDM:logger.py:11 Get LATEST chromedriver version for google-chrome
INFO     WDM:logger.py:11 Driver [/home/runner/.wdm/drivers/chromedriver/linux64/142.0.7444.61/chromedriver-linux64/chromedriver] found in cache
INFO     tests.test_signup_login.conftest:conftest.py:134 Navigated to: https://app.mochaaccounting.com/login
--------------------------- Captured stderr teardown ---------------------------
2025-11-07 03:55:40,112 - INFO - Closing browser
---------------------------- Captured log teardown -----------------------------
INFO     tests.test_signup_login.conftest:conftest.py:144 Closing browser
_____________________ test_invalid_email_login[username3] ______________________
---------------------------- Captured stderr setup -----------------------------
2025-11-07 03:55:40,177 - INFO - Starting test with Chrome browser
2025-11-07 03:55:40,178 - INFO - ====== WebDriver manager ======
2025-11-07 03:55:40,245 - INFO - Get LATEST chromedriver version for google-chrome
2025-11-07 03:55:40,292 - INFO - Get LATEST chromedriver version for google-chrome
2025-11-07 03:55:40,339 - INFO - Driver [/home/runner/.wdm/drivers/chromedriver/linux64/142.0.7444.61/chromedriver-linux64/chromedriver] found in cache
2025-11-07 03:55:42,244 - INFO - Navigated to: https://app.mochaaccounting.com/login
------------------------------ Captured log setup ------------------------------
INFO     tests.test_signup_login.conftest:conftest.py:78 Starting test with Chrome browser
INFO     WDM:logger.py:11 ====== WebDriver manager ======
INFO     WDM:logger.py:11 Get LATEST chromedriver version for google-chrome
INFO     WDM:logger.py:11 Get LATEST chromedriver version for google-chrome
INFO     WDM:logger.py:11 Driver [/home/runner/.wdm/drivers/chromedriver/linux64/142.0.7444.61/chromedriver-linux64/chromedriver] found in cache
INFO     tests.test_signup_login.conftest:conftest.py:134 Navigated to: https://app.mochaaccounting.com/login
--------------------------- Captured stderr teardown ---------------------------
2025-11-07 03:55:45,026 - INFO - Closing browser
---------------------------- Captured log teardown -----------------------------
INFO     tests.test_signup_login.conftest:conftest.py:144 Closing browser
- Generated html report: file:///home/runner/work/Mocha_accounting/Mocha_accounting/C%3A%5CUsers%5CTaurus13%5CPycharmProjects%5CPythonProject%5Creports/20251107_035502/report.html -
========================= 7 failed, 8 passed in 54.99s =========================
=== LOGIN TESTS COMPLETED ===
Exit Code: 1
