=== LOGIN TESTS STARTED: 2026-01-21 04:29:07 ===
============================= test session starts ==============================
platform linux -- Python 3.13.11, pytest-8.3.5, pluggy-1.6.0 -- /opt/hostedtoolcache/Python/3.13.11/x64/bin/python
cachedir: .pytest_cache
metadata: {'Python': '3.13.11', 'Platform': 'Linux-6.11.0-1018-azure-x86_64-with-glibc2.39', 'Packages': {'pytest': '8.3.5', 'pluggy': '1.6.0'}, 'Plugins': {'rerunfailures': '16.1', 'Faker': '40.1.2', 'xdist': '3.8.0', 'html': '4.2.0', 'metadata': '3.1.1'}, 'CI': 'true', 'JAVA_HOME': '/usr/lib/jvm/temurin-17-jdk-amd64'}
rootdir: /home/runner/work/Mocha_accounting/Mocha_accounting
plugins: rerunfailures-16.1, Faker-40.1.2, xdist-3.8.0, html-4.2.0, metadata-3.1.1
collecting ... collected 15 items

tests/test_signup_login/test_login.py::test_valid_login[yash.payer+01@mochatechnologies.com-Password@123] PASSED [  6%]
tests/test_signup_login/test_login.py::test_valid_login[samatakamble9@gmail.com-Samata@16] FAILED [ 13%]
tests/test_signup_login/test_login.py::test_valid_login[shubhamdabir07@gmail.com-Shubham@1234] PASSED [ 20%]
tests/test_signup_login/test_login.py::test_valid_login[hrishikesh.shinde1607@gmail.com-Hrishikesh@1234] PASSED [ 26%]
tests/test_signup_login/test_login.py::test_invalid_email_login[username0] FAILED [ 33%]
tests/test_signup_login/test_login.py::test_invalid_email_login[username1] FAILED [ 40%]
tests/test_signup_login/test_login.py::test_invalid_email_login[username2] FAILED [ 46%]
tests/test_signup_login/test_login.py::test_invalid_email_login[username3] FAILED [ 53%]
tests/test_signup_login/test_login.py::test_blank_username_validation PASSED [ 60%]
tests/test_signup_login/test_login.py::test_blank_password_validation FAILED [ 66%]
tests/test_signup_login/test_login.py::test_invalid_email_validation[username0] PASSED [ 73%]
tests/test_signup_login/test_login.py::test_invalid_email_validation[username1] PASSED [ 80%]
tests/test_signup_login/test_login.py::test_invalid_email_validation[username2] PASSED [ 86%]
tests/test_signup_login/test_login.py::test_invalid_email_validation[username3] PASSED [ 93%]
tests/test_signup_login/test_login.py::test_invalid_email_validation[username4] PASSED [100%]

=================================== FAILURES ===================================
_____________ test_valid_login[samatakamble9@gmail.com-Samata@16] ______________

sign_login_setup = <selenium.webdriver.chrome.webdriver.WebDriver (session="de56e263b250e7094feadb7a701deed6")>
username = 'samatakamble9@gmail.com', password = 'Samata@16'
login_test_data = {'expected_password_validation': 'Password is required', 'expected_username_validation': 'Email is required.', 'expect...ect_email_verification_msg': "Please check your email address. If you don't have an account, you can create one.", ...}

    @pytest.mark.parametrize("username, password", zip(valid_username, valid_password))
    def test_valid_login(sign_login_setup, username, password, login_test_data):
       # expectedmessage = login_test_data['expectederrormsg']
        driver = sign_login_setup
        login_page = LoginPage(driver)
        logger.info("Starting the test case for valid credentials")
        login_page.enter_username(username)
        logger.info("User enters the email-id")
        login_page.enter_password(password)
        logger.info("User enters the password")
        login_page.click_loginbutton()
        logger.info("User clicks on login button")
>       login_page.success_login(login_test_data)

tests/test_signup_login/test_login.py:32: 
_ _ _ _ _ _ _ _ _ _ _ _ _ _ _ _ _ _ _ _ _ _ _ _ _ _ _ _ _ _ _ _ _ _ _ _ _ _ _ _ 

self = <pages.login_page.LoginPage object at 0x7fface0e5a90>
login_test_data = {'expected_password_validation': 'Password is required', 'expected_username_validation': 'Email is required.', 'expect...ect_email_verification_msg': "Please check your email address. If you don't have an account, you can create one.", ...}

    def success_login(self,login_test_data):
>        self.actions.wait_for_element(self.success_msg)

pages/login_page.py:55: 
_ _ _ _ _ _ _ _ _ _ _ _ _ _ _ _ _ _ _ _ _ _ _ _ _ _ _ _ _ _ _ _ _ _ _ _ _ _ _ _ 

self = <actions.actions.Actions object at 0x7fface0e7390>
locator = ('xpath', "//li[@class='breadcrumb-item active text-zoom']")
timeout = 100

    def wait_for_element(self, locator, timeout=100):
>       WebDriverWait(self.driver, timeout).until(EC.visibility_of_element_located(locator))

actions/actions.py:87: 
_ _ _ _ _ _ _ _ _ _ _ _ _ _ _ _ _ _ _ _ _ _ _ _ _ _ _ _ _ _ _ _ _ _ _ _ _ _ _ _ 

self = <selenium.webdriver.support.wait.WebDriverWait (session="de56e263b250e7094feadb7a701deed6")>
method = <function visibility_of_element_located.<locals>._predicate at 0x7fface1674c0>
message = ''

    def until(self, method: Callable[[D], Union[Literal[False], T]], message: str = "") -> T:
        """Wait until the method returns a value that is not False.
    
        Calls the method provided with the driver as an argument until the
        return value does not evaluate to ``False``.
    
        Parameters:
        ----------
        method: callable(WebDriver)
            - A callable object that takes a WebDriver instance as an argument.
    
        message: str
            - Optional message for :exc:`TimeoutException`
    
        Return:
        -------
        object: T
            - The result of the last call to `method`
    
        Raises:
        -------
        TimeoutException
            - If 'method' does not return a truthy value within the WebDriverWait
            object's timeout
    
        Example:
        --------
        >>> from selenium.webdriver.common.by import By
        >>> from selenium.webdriver.support.ui import WebDriverWait
        >>> from selenium.webdriver.support import expected_conditions as EC
    
        # Wait until an element is visible on the page
        >>> wait = WebDriverWait(driver, 10)
        >>> element = wait.until(EC.visibility_of_element_located((By.ID, "exampleId")))
        >>> print(element.text)
        """
        screen = None
        stacktrace = None
    
        end_time = time.monotonic() + self._timeout
        while True:
            try:
                value = method(self._driver)
                if value:
                    return value
            except self._ignored_exceptions as exc:
                screen = getattr(exc, "screen", None)
                stacktrace = getattr(exc, "stacktrace", None)
            if time.monotonic() > end_time:
                break
            time.sleep(self._poll)
>       raise TimeoutException(message, screen, stacktrace)
E       selenium.common.exceptions.TimeoutException: Message: 
E       Stacktrace:
E       #0 0x55984798cafa <unknown>
E       #1 0x5598473a660f <unknown>
E       #2 0x5598473fba16 <unknown>
E       #3 0x5598473fbc51 <unknown>
E       #4 0x559847447404 <unknown>
E       #5 0x55984744462b <unknown>
E       #6 0x5598473ed842 <unknown>
E       #7 0x5598473ee631 <unknown>
E       #8 0x559847952689 <unknown>
E       #9 0x559847955581 <unknown>
E       #10 0x55984793eca9 <unknown>
E       #11 0x55984795613e <unknown>
E       #12 0x5598479253a0 <unknown>
E       #13 0x559847979fc8 <unknown>
E       #14 0x55984797a19b <unknown>
E       #15 0x55984798be68 <unknown>
E       #16 0x7f95d0e9caa4 <unknown>
E       #17 0x7f95d0f29c6c <unknown>

/opt/hostedtoolcache/Python/3.13.11/x64/lib/python3.13/site-packages/selenium/webdriver/support/wait.py:146: TimeoutException
---------------------------- Captured stderr setup -----------------------------
2026-01-21 04:29:14,882 - INFO - Starting test with Chrome browser
2026-01-21 04:29:14,882 - INFO - ====== WebDriver manager ======
2026-01-21 04:29:14,947 - INFO - Get LATEST chromedriver version for google-chrome
2026-01-21 04:29:14,992 - INFO - Get LATEST chromedriver version for google-chrome
2026-01-21 04:29:15,051 - INFO - Driver [/home/runner/.wdm/drivers/chromedriver/linux64/144.0.7559.96/chromedriver-linux64/chromedriver] found in cache
2026-01-21 04:29:16,405 - INFO - Navigated to: https://app.mochaaccounting.com/login
------------------------------ Captured log setup ------------------------------
INFO     tests.test_signup_login.conftest:conftest.py:78 Starting test with Chrome browser
INFO     WDM:logger.py:11 ====== WebDriver manager ======
INFO     WDM:logger.py:11 Get LATEST chromedriver version for google-chrome
INFO     WDM:logger.py:11 Get LATEST chromedriver version for google-chrome
INFO     WDM:logger.py:11 Driver [/home/runner/.wdm/drivers/chromedriver/linux64/144.0.7559.96/chromedriver-linux64/chromedriver] found in cache
INFO     tests.test_signup_login.conftest:conftest.py:134 Navigated to: https://app.mochaaccounting.com/login
----------------------------- Captured stderr call -----------------------------
2026-01-21 04:29:16,405 - INFO - Starting the test case for valid credentials
2026-01-21 04:29:16,524 - INFO - User enters the email-id
2026-01-21 04:29:18,046 - INFO - User enters the password
2026-01-21 04:29:18,143 - INFO - User clicks on login button
------------------------------ Captured log call -------------------------------
INFO     tests.test_signup_login.test_login:test_login.py:25 Starting the test case for valid credentials
INFO     tests.test_signup_login.test_login:test_login.py:27 User enters the email-id
INFO     tests.test_signup_login.test_login:test_login.py:29 User enters the password
INFO     tests.test_signup_login.test_login:test_login.py:31 User clicks on login button
--------------------------- Captured stderr teardown ---------------------------
2026-01-21 04:31:02,676 - INFO - Closing browser
---------------------------- Captured log teardown -----------------------------
INFO     tests.test_signup_login.conftest:conftest.py:144 Closing browser
_____________________ test_invalid_email_login[username0] ______________________

sign_login_setup = <selenium.webdriver.chrome.webdriver.WebDriver (session="4a113accbecea52160b0d40f9cdc7ecc")>
login_test_data = {'expected_password_validation': 'Password is required', 'expected_username_validation': 'Email is required.', 'expect...ect_email_verification_msg': "Please check your email address. If you don't have an account, you can create one.", ...}
username = ('yash10@gmail.com',)

    @pytest.mark.parametrize("username", zip(invalid_username))
    def test_invalid_email_login(sign_login_setup, login_test_data,username):
        driver= sign_login_setup
        login_page = LoginPage(driver)
        login_page.enter_username(username)
        #login_page.enter_password(password)
        login_page.click_loginbutton()
>       login_page.incorrect_email_validation(login_test_data)

tests/test_signup_login/test_login.py:42: 
_ _ _ _ _ _ _ _ _ _ _ _ _ _ _ _ _ _ _ _ _ _ _ _ _ _ _ _ _ _ _ _ _ _ _ _ _ _ _ _ 

self = <pages.login_page.LoginPage object at 0x7fface12f6f0>
login_test_data = {'expected_password_validation': 'Password is required', 'expected_username_validation': 'Email is required.', 'expect...ect_email_verification_msg': "Please check your email address. If you don't have an account, you can create one.", ...}

    def incorrect_email_validation(self,login_test_data):
>       self.actions.wait_for_element(self.incorrect_email_verification_msg)

pages/login_page.py:87: 
_ _ _ _ _ _ _ _ _ _ _ _ _ _ _ _ _ _ _ _ _ _ _ _ _ _ _ _ _ _ _ _ _ _ _ _ _ _ _ _ 

self = <actions.actions.Actions object at 0x7fface1582b0>
locator = ('xpath', "//p[@class='text-white' and contains(text(),'Please check your email address')]")
timeout = 100

    def wait_for_element(self, locator, timeout=100):
>       WebDriverWait(self.driver, timeout).until(EC.visibility_of_element_located(locator))

actions/actions.py:87: 
_ _ _ _ _ _ _ _ _ _ _ _ _ _ _ _ _ _ _ _ _ _ _ _ _ _ _ _ _ _ _ _ _ _ _ _ _ _ _ _ 

self = <selenium.webdriver.support.wait.WebDriverWait (session="4a113accbecea52160b0d40f9cdc7ecc")>
method = <function visibility_of_element_located.<locals>._predicate at 0x7fface1499e0>
message = ''

    def until(self, method: Callable[[D], Union[Literal[False], T]], message: str = "") -> T:
        """Wait until the method returns a value that is not False.
    
        Calls the method provided with the driver as an argument until the
        return value does not evaluate to ``False``.
    
        Parameters:
        ----------
        method: callable(WebDriver)
            - A callable object that takes a WebDriver instance as an argument.
    
        message: str
            - Optional message for :exc:`TimeoutException`
    
        Return:
        -------
        object: T
            - The result of the last call to `method`
    
        Raises:
        -------
        TimeoutException
            - If 'method' does not return a truthy value within the WebDriverWait
            object's timeout
    
        Example:
        --------
        >>> from selenium.webdriver.common.by import By
        >>> from selenium.webdriver.support.ui import WebDriverWait
        >>> from selenium.webdriver.support import expected_conditions as EC
    
        # Wait until an element is visible on the page
        >>> wait = WebDriverWait(driver, 10)
        >>> element = wait.until(EC.visibility_of_element_located((By.ID, "exampleId")))
        >>> print(element.text)
        """
        screen = None
        stacktrace = None
    
        end_time = time.monotonic() + self._timeout
        while True:
            try:
                value = method(self._driver)
                if value:
                    return value
            except self._ignored_exceptions as exc:
                screen = getattr(exc, "screen", None)
                stacktrace = getattr(exc, "stacktrace", None)
            if time.monotonic() > end_time:
                break
            time.sleep(self._poll)
>       raise TimeoutException(message, screen, stacktrace)
E       selenium.common.exceptions.TimeoutException: Message: 
E       Stacktrace:
E       #0 0x556837e54afa <unknown>
E       #1 0x55683786e60f <unknown>
E       #2 0x5568378c3a16 <unknown>
E       #3 0x5568378c3c51 <unknown>
E       #4 0x55683790f404 <unknown>
E       #5 0x55683790c62b <unknown>
E       #6 0x5568378b5842 <unknown>
E       #7 0x5568378b6631 <unknown>
E       #8 0x556837e1a689 <unknown>
E       #9 0x556837e1d581 <unknown>
E       #10 0x556837e06ca9 <unknown>
E       #11 0x556837e1e13e <unknown>
E       #12 0x556837ded3a0 <unknown>
E       #13 0x556837e41fc8 <unknown>
E       #14 0x556837e4219b <unknown>
E       #15 0x556837e53e68 <unknown>
E       #16 0x7fcf9969caa4 <unknown>
E       #17 0x7fcf99729c6c <unknown>

/opt/hostedtoolcache/Python/3.13.11/x64/lib/python3.13/site-packages/selenium/webdriver/support/wait.py:146: TimeoutException
---------------------------- Captured stderr setup -----------------------------
2026-01-21 04:31:13,157 - INFO - Starting test with Chrome browser
2026-01-21 04:31:13,157 - INFO - ====== WebDriver manager ======
2026-01-21 04:31:13,222 - INFO - Get LATEST chromedriver version for google-chrome
2026-01-21 04:31:13,267 - INFO - Get LATEST chromedriver version for google-chrome
2026-01-21 04:31:13,312 - INFO - Driver [/home/runner/.wdm/drivers/chromedriver/linux64/144.0.7559.96/chromedriver-linux64/chromedriver] found in cache
2026-01-21 04:31:13,996 - INFO - Navigated to: https://app.mochaaccounting.com/login
------------------------------ Captured log setup ------------------------------
INFO     tests.test_signup_login.conftest:conftest.py:78 Starting test with Chrome browser
INFO     WDM:logger.py:11 ====== WebDriver manager ======
INFO     WDM:logger.py:11 Get LATEST chromedriver version for google-chrome
INFO     WDM:logger.py:11 Get LATEST chromedriver version for google-chrome
INFO     WDM:logger.py:11 Driver [/home/runner/.wdm/drivers/chromedriver/linux64/144.0.7559.96/chromedriver-linux64/chromedriver] found in cache
INFO     tests.test_signup_login.conftest:conftest.py:134 Navigated to: https://app.mochaaccounting.com/login
--------------------------- Captured stderr teardown ---------------------------
2026-01-21 04:33:00,599 - INFO - Closing browser
---------------------------- Captured log teardown -----------------------------
INFO     tests.test_signup_login.conftest:conftest.py:144 Closing browser
_____________________ test_invalid_email_login[username1] ______________________

sign_login_setup = <selenium.webdriver.chrome.webdriver.WebDriver (session="a72c5111500cdc3dde145bedfe74e685")>
login_test_data = {'expected_password_validation': 'Password is required', 'expected_username_validation': 'Email is required.', 'expect...ect_email_verification_msg': "Please check your email address. If you don't have an account, you can create one.", ...}
username = ('payeryash@1gmail.com',)

    @pytest.mark.parametrize("username", zip(invalid_username))
    def test_invalid_email_login(sign_login_setup, login_test_data,username):
        driver= sign_login_setup
        login_page = LoginPage(driver)
        login_page.enter_username(username)
        #login_page.enter_password(password)
        login_page.click_loginbutton()
>       login_page.incorrect_email_validation(login_test_data)

tests/test_signup_login/test_login.py:42: 
_ _ _ _ _ _ _ _ _ _ _ _ _ _ _ _ _ _ _ _ _ _ _ _ _ _ _ _ _ _ _ _ _ _ _ _ _ _ _ _ 

self = <pages.login_page.LoginPage object at 0x7fface1239b0>
login_test_data = {'expected_password_validation': 'Password is required', 'expected_username_validation': 'Email is required.', 'expect...ect_email_verification_msg': "Please check your email address. If you don't have an account, you can create one.", ...}

    def incorrect_email_validation(self,login_test_data):
>       self.actions.wait_for_element(self.incorrect_email_verification_msg)

pages/login_page.py:87: 
_ _ _ _ _ _ _ _ _ _ _ _ _ _ _ _ _ _ _ _ _ _ _ _ _ _ _ _ _ _ _ _ _ _ _ _ _ _ _ _ 

self = <actions.actions.Actions object at 0x7fface123e30>
locator = ('xpath', "//p[@class='text-white' and contains(text(),'Please check your email address')]")
timeout = 100

    def wait_for_element(self, locator, timeout=100):
>       WebDriverWait(self.driver, timeout).until(EC.visibility_of_element_located(locator))

actions/actions.py:87: 
_ _ _ _ _ _ _ _ _ _ _ _ _ _ _ _ _ _ _ _ _ _ _ _ _ _ _ _ _ _ _ _ _ _ _ _ _ _ _ _ 

self = <selenium.webdriver.support.wait.WebDriverWait (session="a72c5111500cdc3dde145bedfe74e685")>
method = <function visibility_of_element_located.<locals>._predicate at 0x7fface149a80>
message = ''

    def until(self, method: Callable[[D], Union[Literal[False], T]], message: str = "") -> T:
        """Wait until the method returns a value that is not False.
    
        Calls the method provided with the driver as an argument until the
        return value does not evaluate to ``False``.
    
        Parameters:
        ----------
        method: callable(WebDriver)
            - A callable object that takes a WebDriver instance as an argument.
    
        message: str
            - Optional message for :exc:`TimeoutException`
    
        Return:
        -------
        object: T
            - The result of the last call to `method`
    
        Raises:
        -------
        TimeoutException
            - If 'method' does not return a truthy value within the WebDriverWait
            object's timeout
    
        Example:
        --------
        >>> from selenium.webdriver.common.by import By
        >>> from selenium.webdriver.support.ui import WebDriverWait
        >>> from selenium.webdriver.support import expected_conditions as EC
    
        # Wait until an element is visible on the page
        >>> wait = WebDriverWait(driver, 10)
        >>> element = wait.until(EC.visibility_of_element_located((By.ID, "exampleId")))
        >>> print(element.text)
        """
        screen = None
        stacktrace = None
    
        end_time = time.monotonic() + self._timeout
        while True:
            try:
                value = method(self._driver)
                if value:
                    return value
            except self._ignored_exceptions as exc:
                screen = getattr(exc, "screen", None)
                stacktrace = getattr(exc, "stacktrace", None)
            if time.monotonic() > end_time:
                break
            time.sleep(self._poll)
>       raise TimeoutException(message, screen, stacktrace)
E       selenium.common.exceptions.TimeoutException: Message: 
E       Stacktrace:
E       #0 0x556c4c452afa <unknown>
E       #1 0x556c4be6c60f <unknown>
E       #2 0x556c4bec1a16 <unknown>
E       #3 0x556c4bec1c51 <unknown>
E       #4 0x556c4bf0d404 <unknown>
E       #5 0x556c4bf0a62b <unknown>
E       #6 0x556c4beb3842 <unknown>
E       #7 0x556c4beb4631 <unknown>
E       #8 0x556c4c418689 <unknown>
E       #9 0x556c4c41b581 <unknown>
E       #10 0x556c4c404ca9 <unknown>
E       #11 0x556c4c41c13e <unknown>
E       #12 0x556c4c3eb3a0 <unknown>
E       #13 0x556c4c43ffc8 <unknown>
E       #14 0x556c4c44019b <unknown>
E       #15 0x556c4c451e68 <unknown>
E       #16 0x7f49d629caa4 <unknown>
E       #17 0x7f49d6329c6c <unknown>

/opt/hostedtoolcache/Python/3.13.11/x64/lib/python3.13/site-packages/selenium/webdriver/support/wait.py:146: TimeoutException
---------------------------- Captured stderr setup -----------------------------
2026-01-21 04:33:00,676 - INFO - Starting test with Chrome browser
2026-01-21 04:33:00,676 - INFO - ====== WebDriver manager ======
2026-01-21 04:33:00,744 - INFO - Get LATEST chromedriver version for google-chrome
2026-01-21 04:33:00,790 - INFO - Get LATEST chromedriver version for google-chrome
2026-01-21 04:33:00,836 - INFO - Driver [/home/runner/.wdm/drivers/chromedriver/linux64/144.0.7559.96/chromedriver-linux64/chromedriver] found in cache
2026-01-21 04:33:01,579 - INFO - Navigated to: https://app.mochaaccounting.com/login
------------------------------ Captured log setup ------------------------------
INFO     tests.test_signup_login.conftest:conftest.py:78 Starting test with Chrome browser
INFO     WDM:logger.py:11 ====== WebDriver manager ======
INFO     WDM:logger.py:11 Get LATEST chromedriver version for google-chrome
INFO     WDM:logger.py:11 Get LATEST chromedriver version for google-chrome
INFO     WDM:logger.py:11 Driver [/home/runner/.wdm/drivers/chromedriver/linux64/144.0.7559.96/chromedriver-linux64/chromedriver] found in cache
INFO     tests.test_signup_login.conftest:conftest.py:134 Navigated to: https://app.mochaaccounting.com/login
--------------------------- Captured stderr teardown ---------------------------
2026-01-21 04:34:48,156 - INFO - Closing browser
---------------------------- Captured log teardown -----------------------------
INFO     tests.test_signup_login.conftest:conftest.py:144 Closing browser
_____________________ test_invalid_email_login[username2] ______________________

sign_login_setup = <selenium.webdriver.chrome.webdriver.WebDriver (session="3913b77f260858eef63bd384dbbb8afe")>
login_test_data = {'expected_password_validation': 'Password is required', 'expected_username_validation': 'Email is required.', 'expect...ect_email_verification_msg': "Please check your email address. If you don't have an account, you can create one.", ...}
username = ('payerash10@gmail.com',)

    @pytest.mark.parametrize("username", zip(invalid_username))
    def test_invalid_email_login(sign_login_setup, login_test_data,username):
        driver= sign_login_setup
        login_page = LoginPage(driver)
        login_page.enter_username(username)
        #login_page.enter_password(password)
        login_page.click_loginbutton()
>       login_page.incorrect_email_validation(login_test_data)

tests/test_signup_login/test_login.py:42: 
_ _ _ _ _ _ _ _ _ _ _ _ _ _ _ _ _ _ _ _ _ _ _ _ _ _ _ _ _ _ _ _ _ _ _ _ _ _ _ _ 

self = <pages.login_page.LoginPage object at 0x7fface0ebf00>
login_test_data = {'expected_password_validation': 'Password is required', 'expected_username_validation': 'Email is required.', 'expect...ect_email_verification_msg': "Please check your email address. If you don't have an account, you can create one.", ...}

    def incorrect_email_validation(self,login_test_data):
>       self.actions.wait_for_element(self.incorrect_email_verification_msg)

pages/login_page.py:87: 
_ _ _ _ _ _ _ _ _ _ _ _ _ _ _ _ _ _ _ _ _ _ _ _ _ _ _ _ _ _ _ _ _ _ _ _ _ _ _ _ 

self = <actions.actions.Actions object at 0x7fface098050>
locator = ('xpath', "//p[@class='text-white' and contains(text(),'Please check your email address')]")
timeout = 100

    def wait_for_element(self, locator, timeout=100):
>       WebDriverWait(self.driver, timeout).until(EC.visibility_of_element_located(locator))

actions/actions.py:87: 
_ _ _ _ _ _ _ _ _ _ _ _ _ _ _ _ _ _ _ _ _ _ _ _ _ _ _ _ _ _ _ _ _ _ _ _ _ _ _ _ 

self = <selenium.webdriver.support.wait.WebDriverWait (session="3913b77f260858eef63bd384dbbb8afe")>
method = <function visibility_of_element_located.<locals>._predicate at 0x7fface149ee0>
message = ''

    def until(self, method: Callable[[D], Union[Literal[False], T]], message: str = "") -> T:
        """Wait until the method returns a value that is not False.
    
        Calls the method provided with the driver as an argument until the
        return value does not evaluate to ``False``.
    
        Parameters:
        ----------
        method: callable(WebDriver)
            - A callable object that takes a WebDriver instance as an argument.
    
        message: str
            - Optional message for :exc:`TimeoutException`
    
        Return:
        -------
        object: T
            - The result of the last call to `method`
    
        Raises:
        -------
        TimeoutException
            - If 'method' does not return a truthy value within the WebDriverWait
            object's timeout
    
        Example:
        --------
        >>> from selenium.webdriver.common.by import By
        >>> from selenium.webdriver.support.ui import WebDriverWait
        >>> from selenium.webdriver.support import expected_conditions as EC
    
        # Wait until an element is visible on the page
        >>> wait = WebDriverWait(driver, 10)
        >>> element = wait.until(EC.visibility_of_element_located((By.ID, "exampleId")))
        >>> print(element.text)
        """
        screen = None
        stacktrace = None
    
        end_time = time.monotonic() + self._timeout
        while True:
            try:
                value = method(self._driver)
                if value:
                    return value
            except self._ignored_exceptions as exc:
                screen = getattr(exc, "screen", None)
                stacktrace = getattr(exc, "stacktrace", None)
            if time.monotonic() > end_time:
                break
            time.sleep(self._poll)
>       raise TimeoutException(message, screen, stacktrace)
E       selenium.common.exceptions.TimeoutException: Message: 
E       Stacktrace:
E       #0 0x565181cbdafa <unknown>
E       #1 0x5651816d760f <unknown>
E       #2 0x56518172ca16 <unknown>
E       #3 0x56518172cc51 <unknown>
E       #4 0x565181778404 <unknown>
E       #5 0x56518177562b <unknown>
E       #6 0x56518171e842 <unknown>
E       #7 0x56518171f631 <unknown>
E       #8 0x565181c83689 <unknown>
E       #9 0x565181c86581 <unknown>
E       #10 0x565181c6fca9 <unknown>
E       #11 0x565181c8713e <unknown>
E       #12 0x565181c563a0 <unknown>
E       #13 0x565181caafc8 <unknown>
E       #14 0x565181cab19b <unknown>
E       #15 0x565181cbce68 <unknown>
E       #16 0x7fdcac49caa4 <unknown>
E       #17 0x7fdcac529c6c <unknown>

/opt/hostedtoolcache/Python/3.13.11/x64/lib/python3.13/site-packages/selenium/webdriver/support/wait.py:146: TimeoutException
---------------------------- Captured stderr setup -----------------------------
2026-01-21 04:34:48,258 - INFO - Starting test with Chrome browser
2026-01-21 04:34:48,258 - INFO - ====== WebDriver manager ======
2026-01-21 04:34:48,324 - INFO - Get LATEST chromedriver version for google-chrome
2026-01-21 04:34:48,369 - INFO - Get LATEST chromedriver version for google-chrome
2026-01-21 04:34:48,413 - INFO - Driver [/home/runner/.wdm/drivers/chromedriver/linux64/144.0.7559.96/chromedriver-linux64/chromedriver] found in cache
2026-01-21 04:34:49,129 - INFO - Navigated to: https://app.mochaaccounting.com/login
------------------------------ Captured log setup ------------------------------
INFO     tests.test_signup_login.conftest:conftest.py:78 Starting test with Chrome browser
INFO     WDM:logger.py:11 ====== WebDriver manager ======
INFO     WDM:logger.py:11 Get LATEST chromedriver version for google-chrome
INFO     WDM:logger.py:11 Get LATEST chromedriver version for google-chrome
INFO     WDM:logger.py:11 Driver [/home/runner/.wdm/drivers/chromedriver/linux64/144.0.7559.96/chromedriver-linux64/chromedriver] found in cache
INFO     tests.test_signup_login.conftest:conftest.py:134 Navigated to: https://app.mochaaccounting.com/login
--------------------------- Captured stderr teardown ---------------------------
2026-01-21 04:36:35,572 - INFO - Closing browser
---------------------------- Captured log teardown -----------------------------
INFO     tests.test_signup_login.conftest:conftest.py:144 Closing browser
_____________________ test_invalid_email_login[username3] ______________________

sign_login_setup = <selenium.webdriver.chrome.webdriver.WebDriver (session="d11893b55e9425aed840d7f6eb900897")>
login_test_data = {'expected_password_validation': 'Password is required', 'expected_username_validation': 'Email is required.', 'expect...ect_email_verification_msg': "Please check your email address. If you don't have an account, you can create one.", ...}
username = ('payer@gmail.com',)

    @pytest.mark.parametrize("username", zip(invalid_username))
    def test_invalid_email_login(sign_login_setup, login_test_data,username):
        driver= sign_login_setup
        login_page = LoginPage(driver)
        login_page.enter_username(username)
        #login_page.enter_password(password)
        login_page.click_loginbutton()
>       login_page.incorrect_email_validation(login_test_data)

tests/test_signup_login/test_login.py:42: 
_ _ _ _ _ _ _ _ _ _ _ _ _ _ _ _ _ _ _ _ _ _ _ _ _ _ _ _ _ _ _ _ _ _ _ _ _ _ _ _ 

self = <pages.login_page.LoginPage object at 0x7fface099370>
login_test_data = {'expected_password_validation': 'Password is required', 'expected_username_validation': 'Email is required.', 'expect...ect_email_verification_msg': "Please check your email address. If you don't have an account, you can create one.", ...}

    def incorrect_email_validation(self,login_test_data):
>       self.actions.wait_for_element(self.incorrect_email_verification_msg)

pages/login_page.py:87: 
_ _ _ _ _ _ _ _ _ _ _ _ _ _ _ _ _ _ _ _ _ _ _ _ _ _ _ _ _ _ _ _ _ _ _ _ _ _ _ _ 

self = <actions.actions.Actions object at 0x7fface099480>
locator = ('xpath', "//p[@class='text-white' and contains(text(),'Please check your email address')]")
timeout = 100

    def wait_for_element(self, locator, timeout=100):
>       WebDriverWait(self.driver, timeout).until(EC.visibility_of_element_located(locator))

actions/actions.py:87: 
_ _ _ _ _ _ _ _ _ _ _ _ _ _ _ _ _ _ _ _ _ _ _ _ _ _ _ _ _ _ _ _ _ _ _ _ _ _ _ _ 

self = <selenium.webdriver.support.wait.WebDriverWait (session="d11893b55e9425aed840d7f6eb900897")>
method = <function visibility_of_element_located.<locals>._predicate at 0x7fface14a2a0>
message = ''

    def until(self, method: Callable[[D], Union[Literal[False], T]], message: str = "") -> T:
        """Wait until the method returns a value that is not False.
    
        Calls the method provided with the driver as an argument until the
        return value does not evaluate to ``False``.
    
        Parameters:
        ----------
        method: callable(WebDriver)
            - A callable object that takes a WebDriver instance as an argument.
    
        message: str
            - Optional message for :exc:`TimeoutException`
    
        Return:
        -------
        object: T
            - The result of the last call to `method`
    
        Raises:
        -------
        TimeoutException
            - If 'method' does not return a truthy value within the WebDriverWait
            object's timeout
    
        Example:
        --------
        >>> from selenium.webdriver.common.by import By
        >>> from selenium.webdriver.support.ui import WebDriverWait
        >>> from selenium.webdriver.support import expected_conditions as EC
    
        # Wait until an element is visible on the page
        >>> wait = WebDriverWait(driver, 10)
        >>> element = wait.until(EC.visibility_of_element_located((By.ID, "exampleId")))
        >>> print(element.text)
        """
        screen = None
        stacktrace = None
    
        end_time = time.monotonic() + self._timeout
        while True:
            try:
                value = method(self._driver)
                if value:
                    return value
            except self._ignored_exceptions as exc:
                screen = getattr(exc, "screen", None)
                stacktrace = getattr(exc, "stacktrace", None)
            if time.monotonic() > end_time:
                break
            time.sleep(self._poll)
>       raise TimeoutException(message, screen, stacktrace)
E       selenium.common.exceptions.TimeoutException: Message: 
E       Stacktrace:
E       #0 0x55b004ee1afa <unknown>
E       #1 0x55b0048fb60f <unknown>
E       #2 0x55b004950a16 <unknown>
E       #3 0x55b004950c51 <unknown>
E       #4 0x55b00499c404 <unknown>
E       #5 0x55b00499962b <unknown>
E       #6 0x55b004942842 <unknown>
E       #7 0x55b004943631 <unknown>
E       #8 0x55b004ea7689 <unknown>
E       #9 0x55b004eaa581 <unknown>
E       #10 0x55b004e93ca9 <unknown>
E       #11 0x55b004eab13e <unknown>
E       #12 0x55b004e7a3a0 <unknown>
E       #13 0x55b004ecefc8 <unknown>
E       #14 0x55b004ecf19b <unknown>
E       #15 0x55b004ee0e68 <unknown>
E       #16 0x7fe686e9caa4 <unknown>
E       #17 0x7fe686f29c6c <unknown>

/opt/hostedtoolcache/Python/3.13.11/x64/lib/python3.13/site-packages/selenium/webdriver/support/wait.py:146: TimeoutException
---------------------------- Captured stderr setup -----------------------------
2026-01-21 04:36:35,648 - INFO - Starting test with Chrome browser
2026-01-21 04:36:35,648 - INFO - ====== WebDriver manager ======
2026-01-21 04:36:35,714 - INFO - Get LATEST chromedriver version for google-chrome
2026-01-21 04:36:35,766 - INFO - Get LATEST chromedriver version for google-chrome
2026-01-21 04:36:35,810 - INFO - Driver [/home/runner/.wdm/drivers/chromedriver/linux64/144.0.7559.96/chromedriver-linux64/chromedriver] found in cache
2026-01-21 04:36:36,532 - INFO - Navigated to: https://app.mochaaccounting.com/login
------------------------------ Captured log setup ------------------------------
INFO     tests.test_signup_login.conftest:conftest.py:78 Starting test with Chrome browser
INFO     WDM:logger.py:11 ====== WebDriver manager ======
INFO     WDM:logger.py:11 Get LATEST chromedriver version for google-chrome
INFO     WDM:logger.py:11 Get LATEST chromedriver version for google-chrome
INFO     WDM:logger.py:11 Driver [/home/runner/.wdm/drivers/chromedriver/linux64/144.0.7559.96/chromedriver-linux64/chromedriver] found in cache
INFO     tests.test_signup_login.conftest:conftest.py:134 Navigated to: https://app.mochaaccounting.com/login
--------------------------- Captured stderr teardown ---------------------------
2026-01-21 04:38:22,988 - INFO - Closing browser
---------------------------- Captured log teardown -----------------------------
INFO     tests.test_signup_login.conftest:conftest.py:144 Closing browser
________________________ test_blank_password_validation ________________________

sign_login_setup = <selenium.webdriver.chrome.webdriver.WebDriver (session="99edc6456839d44719cbd0c7c4d793ff")>
login_test_data = {'expected_password_validation': 'Password is required', 'expected_username_validation': 'Email is required.', 'expect...ect_email_verification_msg': "Please check your email address. If you don't have an account, you can create one.", ...}

    def test_blank_password_validation(sign_login_setup,login_test_data):
        driver = sign_login_setup
        login_page = LoginPage(driver)
        login_page.enter_username(valid_username[0])
        login_page.click_password()
        login_page.disabled_click_login_button()
>       login_page.password_blank_validation(login_test_data)

tests/test_signup_login/test_login.py:60: 
_ _ _ _ _ _ _ _ _ _ _ _ _ _ _ _ _ _ _ _ _ _ _ _ _ _ _ _ _ _ _ _ _ _ _ _ _ _ _ _ 

self = <pages.login_page.LoginPage object at 0x7ffad0031550>
login_test_data = {'expected_password_validation': 'Password is required', 'expected_username_validation': 'Email is required.', 'expect...ect_email_verification_msg': "Please check your email address. If you don't have an account, you can create one.", ...}

    def password_blank_validation(self, login_test_data):
        #self.actions.wait_for_element(self.password_validation)
        expected_p_validation = login_test_data["expected_password_validation"]
>       actual_p_validation = self.actions.get_text(self.blank_password_error_msg)

pages/login_page.py:83: 
_ _ _ _ _ _ _ _ _ _ _ _ _ _ _ _ _ _ _ _ _ _ _ _ _ _ _ _ _ _ _ _ _ _ _ _ _ _ _ _ 

self = <actions.actions.Actions object at 0x7ffad0031d50>
locator = ('xpath', "//div[@class='error-text' and contains(text(), 'Password is required')]")

    def get_text(self, locator):
>       return self.driver.find_element(*locator).text

actions/actions.py:54: 
_ _ _ _ _ _ _ _ _ _ _ _ _ _ _ _ _ _ _ _ _ _ _ _ _ _ _ _ _ _ _ _ _ _ _ _ _ _ _ _ 

self = <selenium.webdriver.chrome.webdriver.WebDriver (session="99edc6456839d44719cbd0c7c4d793ff")>
by = 'xpath'
value = "//div[@class='error-text' and contains(text(), 'Password is required')]"

    def find_element(self, by=By.ID, value: Optional[str] = None) -> WebElement:
        """Find an element given a By strategy and locator.
    
        Parameters:
        ----------
        by : selenium.webdriver.common.by.By
            The locating strategy to use. Default is `By.ID`. Supported values include:
            - By.ID: Locate by element ID.
            - By.NAME: Locate by the `name` attribute.
            - By.XPATH: Locate by an XPath expression.
            - By.CSS_SELECTOR: Locate by a CSS selector.
            - By.CLASS_NAME: Locate by the `class` attribute.
            - By.TAG_NAME: Locate by the tag name (e.g., "input", "button").
            - By.LINK_TEXT: Locate a link element by its exact text.
            - By.PARTIAL_LINK_TEXT: Locate a link element by partial text match.
            - RelativeBy: Locate elements relative to a specified root element.
    
        Example:
        --------
        element = driver.find_element(By.ID, 'foo')
    
        Returns:
        -------
        WebElement
            The first matching `WebElement` found on the page.
        """
        by, value = self.locator_converter.convert(by, value)
    
        if isinstance(by, RelativeBy):
            elements = self.find_elements(by=by, value=value)
            if not elements:
                raise NoSuchElementException(f"Cannot locate relative element with: {by.root}")
            return elements[0]
    
>       return self.execute(Command.FIND_ELEMENT, {"using": by, "value": value})["value"]

/opt/hostedtoolcache/Python/3.13.11/x64/lib/python3.13/site-packages/selenium/webdriver/remote/webdriver.py:898: 
_ _ _ _ _ _ _ _ _ _ _ _ _ _ _ _ _ _ _ _ _ _ _ _ _ _ _ _ _ _ _ _ _ _ _ _ _ _ _ _ 

self = <selenium.webdriver.chrome.webdriver.WebDriver (session="99edc6456839d44719cbd0c7c4d793ff")>
driver_command = 'findElement'
params = {'using': 'xpath', 'value': "//div[@class='error-text' and contains(text(), 'Password is required')]"}

    def execute(self, driver_command: str, params: dict = None) -> dict:
        """Sends a command to be executed by a command.CommandExecutor.
    
        Parameters:
        ----------
        driver_command : str
            - The name of the command to execute as a string.
    
        params : dict
            - A dictionary of named Parameters to send with the command.
    
        Returns:
        --------
          dict - The command's JSON response loaded into a dictionary object.
        """
        params = self._wrap_value(params)
    
        if self.session_id:
            if not params:
                params = {"sessionId": self.session_id}
            elif "sessionId" not in params:
                params["sessionId"] = self.session_id
    
        response = self.command_executor.execute(driver_command, params)
        if response:
>           self.error_handler.check_response(response)

/opt/hostedtoolcache/Python/3.13.11/x64/lib/python3.13/site-packages/selenium/webdriver/remote/webdriver.py:429: 
_ _ _ _ _ _ _ _ _ _ _ _ _ _ _ _ _ _ _ _ _ _ _ _ _ _ _ _ _ _ _ _ _ _ _ _ _ _ _ _ 

self = <selenium.webdriver.remote.errorhandler.ErrorHandler object at 0x7ffad0031350>
response = {'status': 404, 'value': '{"value":{"error":"no such element","message":"no such element: Unable to locate element: {\...\\n#15 0x55df78b90e68 \\u003Cunknown>\\n#16 0x7f33da69caa4 \\u003Cunknown>\\n#17 0x7f33da729c6c \\u003Cunknown>\\n"}}'}

    def check_response(self, response: Dict[str, Any]) -> None:
        """Checks that a JSON response from the WebDriver does not have an
        error.
    
        :Args:
         - response - The JSON response from the WebDriver server as a dictionary
           object.
    
        :Raises: If the response contains an error message.
        """
        status = response.get("status", None)
        if not status or status == ErrorCode.SUCCESS:
            return
        value = None
        message = response.get("message", "")
        screen: str = response.get("screen", "")
        stacktrace = None
        if isinstance(status, int):
            value_json = response.get("value", None)
            if value_json and isinstance(value_json, str):
                import json
    
                try:
                    value = json.loads(value_json)
                    if len(value) == 1:
                        value = value["value"]
                    status = value.get("error", None)
                    if not status:
                        status = value.get("status", ErrorCode.UNKNOWN_ERROR)
                        message = value.get("value") or value.get("message")
                        if not isinstance(message, str):
                            value = message
                            message = message.get("message")
                    else:
                        message = value.get("message", None)
                except ValueError:
                    pass
    
        exception_class: Type[WebDriverException]
        e = ErrorCode()
        error_codes = [item for item in dir(e) if not item.startswith("__")]
        for error_code in error_codes:
            error_info = getattr(ErrorCode, error_code)
            if isinstance(error_info, list) and status in error_info:
                exception_class = getattr(ExceptionMapping, error_code, WebDriverException)
                break
        else:
            exception_class = WebDriverException
    
        if not value:
            value = response["value"]
        if isinstance(value, str):
            raise exception_class(value)
        if message == "" and "message" in value:
            message = value["message"]
    
        screen = None  # type: ignore[assignment]
        if "screen" in value:
            screen = value["screen"]
    
        stacktrace = None
        st_value = value.get("stackTrace") or value.get("stacktrace")
        if st_value:
            if isinstance(st_value, str):
                stacktrace = st_value.split("\n")
            else:
                stacktrace = []
                try:
                    for frame in st_value:
                        line = frame.get("lineNumber", "")
                        file = frame.get("fileName", "<anonymous>")
                        if line:
                            file = f"{file}:{line}"
                        meth = frame.get("methodName", "<anonymous>")
                        if "className" in frame:
                            meth = f"{frame['className']}.{meth}"
                        msg = "    at %s (%s)"
                        msg = msg % (meth, file)
                        stacktrace.append(msg)
                except TypeError:
                    pass
        if exception_class == UnexpectedAlertPresentException:
            alert_text = None
            if "data" in value:
                alert_text = value["data"].get("text")
            elif "alert" in value:
                alert_text = value["alert"].get("text")
            raise exception_class(message, screen, stacktrace, alert_text)  # type: ignore[call-arg]  # mypy is not smart enough here
>       raise exception_class(message, screen, stacktrace)
E       selenium.common.exceptions.NoSuchElementException: Message: no such element: Unable to locate element: {"method":"xpath","selector":"//div[@class='error-text' and contains(text(), 'Password is required')]"}
E         (Session info: chrome=144.0.7559.96); For documentation on this error, please visit: https://www.selenium.dev/documentation/webdriver/troubleshooting/errors#no-such-element-exception
E       Stacktrace:
E       #0 0x55df78b91afa <unknown>
E       #1 0x55df785ab60f <unknown>
E       #2 0x55df78600a16 <unknown>
E       #3 0x55df78600c51 <unknown>
E       #4 0x55df7864c404 <unknown>
E       #5 0x55df7864962b <unknown>
E       #6 0x55df785f2842 <unknown>
E       #7 0x55df785f3631 <unknown>
E       #8 0x55df78b57689 <unknown>
E       #9 0x55df78b5a581 <unknown>
E       #10 0x55df78b43ca9 <unknown>
E       #11 0x55df78b5b13e <unknown>
E       #12 0x55df78b2a3a0 <unknown>
E       #13 0x55df78b7efc8 <unknown>
E       #14 0x55df78b7f19b <unknown>
E       #15 0x55df78b90e68 <unknown>
E       #16 0x7f33da69caa4 <unknown>
E       #17 0x7f33da729c6c <unknown>

/opt/hostedtoolcache/Python/3.13.11/x64/lib/python3.13/site-packages/selenium/webdriver/remote/errorhandler.py:232: NoSuchElementException
---------------------------- Captured stderr setup -----------------------------
2026-01-21 04:38:24,483 - INFO - Starting test with Chrome browser
2026-01-21 04:38:24,484 - INFO - ====== WebDriver manager ======
2026-01-21 04:38:24,551 - INFO - Get LATEST chromedriver version for google-chrome
2026-01-21 04:38:24,596 - INFO - Get LATEST chromedriver version for google-chrome
2026-01-21 04:38:24,640 - INFO - Driver [/home/runner/.wdm/drivers/chromedriver/linux64/144.0.7559.96/chromedriver-linux64/chromedriver] found in cache
2026-01-21 04:38:25,363 - INFO - Navigated to: https://app.mochaaccounting.com/login
------------------------------ Captured log setup ------------------------------
INFO     tests.test_signup_login.conftest:conftest.py:78 Starting test with Chrome browser
INFO     WDM:logger.py:11 ====== WebDriver manager ======
INFO     WDM:logger.py:11 Get LATEST chromedriver version for google-chrome
INFO     WDM:logger.py:11 Get LATEST chromedriver version for google-chrome
INFO     WDM:logger.py:11 Driver [/home/runner/.wdm/drivers/chromedriver/linux64/144.0.7559.96/chromedriver-linux64/chromedriver] found in cache
INFO     tests.test_signup_login.conftest:conftest.py:134 Navigated to: https://app.mochaaccounting.com/login
--------------------------- Captured stderr teardown ---------------------------
2026-01-21 04:38:32,472 - INFO - Closing browser
---------------------------- Captured log teardown -----------------------------
INFO     tests.test_signup_login.conftest:conftest.py:144 Closing browser
==================================== PASSES ====================================
______ test_valid_login[yash.payer+01@mochatechnologies.com-Password@123] ______
---------------------------- Captured stderr setup -----------------------------
2026-01-21 04:29:08,469 - INFO - Starting test with Chrome browser
2026-01-21 04:29:08,469 - INFO - ====== WebDriver manager ======
2026-01-21 04:29:08,557 - INFO - Get LATEST chromedriver version for google-chrome
2026-01-21 04:29:08,617 - INFO - Get LATEST chromedriver version for google-chrome
2026-01-21 04:29:08,661 - INFO - There is no [linux64] chromedriver "144.0.7559.96" for browser google-chrome "144.0.7559" in cache
2026-01-21 04:29:08,661 - INFO - Get LATEST chromedriver version for google-chrome
2026-01-21 04:29:08,784 - INFO - WebDriver version 144.0.7559.96 selected
2026-01-21 04:29:08,789 - INFO - Modern chrome version https://storage.googleapis.com/chrome-for-testing-public/144.0.7559.96/linux64/chromedriver-linux64.zip
2026-01-21 04:29:08,789 - INFO - About to download new driver from https://storage.googleapis.com/chrome-for-testing-public/144.0.7559.96/linux64/chromedriver-linux64.zip
2026-01-21 04:29:08,835 - INFO - Driver downloading response is 200
2026-01-21 04:29:08,903 - INFO - Get LATEST chromedriver version for google-chrome
2026-01-21 04:29:09,063 - INFO - Driver has been saved in cache [/home/runner/.wdm/drivers/chromedriver/linux64/144.0.7559.96]
2026-01-21 04:29:09,883 - INFO - Navigated to: https://app.mochaaccounting.com/login
------------------------------ Captured log setup ------------------------------
INFO     tests.test_signup_login.conftest:conftest.py:78 Starting test with Chrome browser
INFO     WDM:logger.py:11 ====== WebDriver manager ======
INFO     WDM:logger.py:11 Get LATEST chromedriver version for google-chrome
INFO     WDM:logger.py:11 Get LATEST chromedriver version for google-chrome
INFO     WDM:logger.py:11 There is no [linux64] chromedriver "144.0.7559.96" for browser google-chrome "144.0.7559" in cache
INFO     WDM:logger.py:11 Get LATEST chromedriver version for google-chrome
INFO     WDM:logger.py:11 WebDriver version 144.0.7559.96 selected
INFO     WDM:logger.py:11 Modern chrome version https://storage.googleapis.com/chrome-for-testing-public/144.0.7559.96/linux64/chromedriver-linux64.zip
INFO     WDM:logger.py:11 About to download new driver from https://storage.googleapis.com/chrome-for-testing-public/144.0.7559.96/linux64/chromedriver-linux64.zip
INFO     WDM:logger.py:11 Driver downloading response is 200
INFO     WDM:logger.py:11 Get LATEST chromedriver version for google-chrome
INFO     WDM:logger.py:11 Driver has been saved in cache [/home/runner/.wdm/drivers/chromedriver/linux64/144.0.7559.96]
INFO     tests.test_signup_login.conftest:conftest.py:134 Navigated to: https://app.mochaaccounting.com/login
----------------------------- Captured stderr call -----------------------------
2026-01-21 04:29:09,884 - INFO - Starting the test case for valid credentials
2026-01-21 04:29:10,222 - INFO - User enters the email-id
2026-01-21 04:29:11,866 - INFO - User enters the password
2026-01-21 04:29:11,970 - INFO - User clicks on login button
2026-01-21 04:29:14,795 - INFO - The test case passed
------------------------------ Captured log call -------------------------------
INFO     tests.test_signup_login.test_login:test_login.py:25 Starting the test case for valid credentials
INFO     tests.test_signup_login.test_login:test_login.py:27 User enters the email-id
INFO     tests.test_signup_login.test_login:test_login.py:29 User enters the password
INFO     tests.test_signup_login.test_login:test_login.py:31 User clicks on login button
INFO     tests.test_signup_login.test_login:test_login.py:33 The test case passed
--------------------------- Captured stderr teardown ---------------------------
2026-01-21 04:29:14,795 - INFO - Closing browser
---------------------------- Captured log teardown -----------------------------
INFO     tests.test_signup_login.conftest:conftest.py:144 Closing browser
___________ test_valid_login[shubhamdabir07@gmail.com-Shubham@1234] ____________
---------------------------- Captured stderr setup -----------------------------
2026-01-21 04:31:02,754 - INFO - Starting test with Chrome browser
2026-01-21 04:31:02,754 - INFO - ====== WebDriver manager ======
2026-01-21 04:31:02,820 - INFO - Get LATEST chromedriver version for google-chrome
2026-01-21 04:31:02,866 - INFO - Get LATEST chromedriver version for google-chrome
2026-01-21 04:31:02,911 - INFO - Driver [/home/runner/.wdm/drivers/chromedriver/linux64/144.0.7559.96/chromedriver-linux64/chromedriver] found in cache
2026-01-21 04:31:03,669 - INFO - Navigated to: https://app.mochaaccounting.com/login
------------------------------ Captured log setup ------------------------------
INFO     tests.test_signup_login.conftest:conftest.py:78 Starting test with Chrome browser
INFO     WDM:logger.py:11 ====== WebDriver manager ======
INFO     WDM:logger.py:11 Get LATEST chromedriver version for google-chrome
INFO     WDM:logger.py:11 Get LATEST chromedriver version for google-chrome
INFO     WDM:logger.py:11 Driver [/home/runner/.wdm/drivers/chromedriver/linux64/144.0.7559.96/chromedriver-linux64/chromedriver] found in cache
INFO     tests.test_signup_login.conftest:conftest.py:134 Navigated to: https://app.mochaaccounting.com/login
----------------------------- Captured stderr call -----------------------------
2026-01-21 04:31:03,670 - INFO - Starting the test case for valid credentials
2026-01-21 04:31:04,005 - INFO - User enters the email-id
2026-01-21 04:31:05,629 - INFO - User enters the password
2026-01-21 04:31:05,722 - INFO - User clicks on login button
2026-01-21 04:31:08,090 - INFO - The test case passed
------------------------------ Captured log call -------------------------------
INFO     tests.test_signup_login.test_login:test_login.py:25 Starting the test case for valid credentials
INFO     tests.test_signup_login.test_login:test_login.py:27 User enters the email-id
INFO     tests.test_signup_login.test_login:test_login.py:29 User enters the password
INFO     tests.test_signup_login.test_login:test_login.py:31 User clicks on login button
INFO     tests.test_signup_login.test_login:test_login.py:33 The test case passed
--------------------------- Captured stderr teardown ---------------------------
2026-01-21 04:31:08,090 - INFO - Closing browser
---------------------------- Captured log teardown -----------------------------
INFO     tests.test_signup_login.conftest:conftest.py:144 Closing browser
______ test_valid_login[hrishikesh.shinde1607@gmail.com-Hrishikesh@1234] _______
---------------------------- Captured stderr setup -----------------------------
2026-01-21 04:31:08,158 - INFO - Starting test with Chrome browser
2026-01-21 04:31:08,158 - INFO - ====== WebDriver manager ======
2026-01-21 04:31:08,225 - INFO - Get LATEST chromedriver version for google-chrome
2026-01-21 04:31:08,273 - INFO - Get LATEST chromedriver version for google-chrome
2026-01-21 04:31:08,317 - INFO - Driver [/home/runner/.wdm/drivers/chromedriver/linux64/144.0.7559.96/chromedriver-linux64/chromedriver] found in cache
2026-01-21 04:31:09,181 - INFO - Navigated to: https://app.mochaaccounting.com/login
------------------------------ Captured log setup ------------------------------
INFO     tests.test_signup_login.conftest:conftest.py:78 Starting test with Chrome browser
INFO     WDM:logger.py:11 ====== WebDriver manager ======
INFO     WDM:logger.py:11 Get LATEST chromedriver version for google-chrome
INFO     WDM:logger.py:11 Get LATEST chromedriver version for google-chrome
INFO     WDM:logger.py:11 Driver [/home/runner/.wdm/drivers/chromedriver/linux64/144.0.7559.96/chromedriver-linux64/chromedriver] found in cache
INFO     tests.test_signup_login.conftest:conftest.py:134 Navigated to: https://app.mochaaccounting.com/login
----------------------------- Captured stderr call -----------------------------
2026-01-21 04:31:09,182 - INFO - Starting the test case for valid credentials
2026-01-21 04:31:09,523 - INFO - User enters the email-id
2026-01-21 04:31:11,060 - INFO - User enters the password
2026-01-21 04:31:11,150 - INFO - User clicks on login button
2026-01-21 04:31:13,091 - INFO - The test case passed
------------------------------ Captured log call -------------------------------
INFO     tests.test_signup_login.test_login:test_login.py:25 Starting the test case for valid credentials
INFO     tests.test_signup_login.test_login:test_login.py:27 User enters the email-id
INFO     tests.test_signup_login.test_login:test_login.py:29 User enters the password
INFO     tests.test_signup_login.test_login:test_login.py:31 User clicks on login button
INFO     tests.test_signup_login.test_login:test_login.py:33 The test case passed
--------------------------- Captured stderr teardown ---------------------------
2026-01-21 04:31:13,091 - INFO - Closing browser
---------------------------- Captured log teardown -----------------------------
INFO     tests.test_signup_login.conftest:conftest.py:144 Closing browser
________________________ test_blank_username_validation ________________________
---------------------------- Captured stderr setup -----------------------------
2026-01-21 04:38:23,064 - INFO - Starting test with Chrome browser
2026-01-21 04:38:23,064 - INFO - ====== WebDriver manager ======
2026-01-21 04:38:23,132 - INFO - Get LATEST chromedriver version for google-chrome
2026-01-21 04:38:23,177 - INFO - Get LATEST chromedriver version for google-chrome
2026-01-21 04:38:23,222 - INFO - Driver [/home/runner/.wdm/drivers/chromedriver/linux64/144.0.7559.96/chromedriver-linux64/chromedriver] found in cache
2026-01-21 04:38:23,982 - INFO - Navigated to: https://app.mochaaccounting.com/login
------------------------------ Captured log setup ------------------------------
INFO     tests.test_signup_login.conftest:conftest.py:78 Starting test with Chrome browser
INFO     WDM:logger.py:11 ====== WebDriver manager ======
INFO     WDM:logger.py:11 Get LATEST chromedriver version for google-chrome
INFO     WDM:logger.py:11 Get LATEST chromedriver version for google-chrome
INFO     WDM:logger.py:11 Driver [/home/runner/.wdm/drivers/chromedriver/linux64/144.0.7559.96/chromedriver-linux64/chromedriver] found in cache
INFO     tests.test_signup_login.conftest:conftest.py:134 Navigated to: https://app.mochaaccounting.com/login
--------------------------- Captured stderr teardown ---------------------------
2026-01-21 04:38:24,422 - INFO - Closing browser
---------------------------- Captured log teardown -----------------------------
INFO     tests.test_signup_login.conftest:conftest.py:144 Closing browser
___________________ test_invalid_email_validation[username0] ___________________
---------------------------- Captured stderr setup -----------------------------
2026-01-21 04:38:32,537 - INFO - Starting test with Chrome browser
2026-01-21 04:38:32,537 - INFO - ====== WebDriver manager ======
2026-01-21 04:38:32,604 - INFO - Get LATEST chromedriver version for google-chrome
2026-01-21 04:38:32,655 - INFO - Get LATEST chromedriver version for google-chrome
2026-01-21 04:38:32,703 - INFO - Driver [/home/runner/.wdm/drivers/chromedriver/linux64/144.0.7559.96/chromedriver-linux64/chromedriver] found in cache
2026-01-21 04:38:33,409 - INFO - Navigated to: https://app.mochaaccounting.com/login
------------------------------ Captured log setup ------------------------------
INFO     tests.test_signup_login.conftest:conftest.py:78 Starting test with Chrome browser
INFO     WDM:logger.py:11 ====== WebDriver manager ======
INFO     WDM:logger.py:11 Get LATEST chromedriver version for google-chrome
INFO     WDM:logger.py:11 Get LATEST chromedriver version for google-chrome
INFO     WDM:logger.py:11 Driver [/home/runner/.wdm/drivers/chromedriver/linux64/144.0.7559.96/chromedriver-linux64/chromedriver] found in cache
INFO     tests.test_signup_login.conftest:conftest.py:134 Navigated to: https://app.mochaaccounting.com/login
--------------------------- Captured stderr teardown ---------------------------
2026-01-21 04:38:33,899 - INFO - Closing browser
---------------------------- Captured log teardown -----------------------------
INFO     tests.test_signup_login.conftest:conftest.py:144 Closing browser
___________________ test_invalid_email_validation[username1] ___________________
---------------------------- Captured stderr setup -----------------------------
2026-01-21 04:38:33,961 - INFO - Starting test with Chrome browser
2026-01-21 04:38:33,961 - INFO - ====== WebDriver manager ======
2026-01-21 04:38:34,029 - INFO - Get LATEST chromedriver version for google-chrome
2026-01-21 04:38:34,075 - INFO - Get LATEST chromedriver version for google-chrome
2026-01-21 04:38:34,120 - INFO - Driver [/home/runner/.wdm/drivers/chromedriver/linux64/144.0.7559.96/chromedriver-linux64/chromedriver] found in cache
2026-01-21 04:38:34,806 - INFO - Navigated to: https://app.mochaaccounting.com/login
------------------------------ Captured log setup ------------------------------
INFO     tests.test_signup_login.conftest:conftest.py:78 Starting test with Chrome browser
INFO     WDM:logger.py:11 ====== WebDriver manager ======
INFO     WDM:logger.py:11 Get LATEST chromedriver version for google-chrome
INFO     WDM:logger.py:11 Get LATEST chromedriver version for google-chrome
INFO     WDM:logger.py:11 Driver [/home/runner/.wdm/drivers/chromedriver/linux64/144.0.7559.96/chromedriver-linux64/chromedriver] found in cache
INFO     tests.test_signup_login.conftest:conftest.py:134 Navigated to: https://app.mochaaccounting.com/login
--------------------------- Captured stderr teardown ---------------------------
2026-01-21 04:38:35,294 - INFO - Closing browser
---------------------------- Captured log teardown -----------------------------
INFO     tests.test_signup_login.conftest:conftest.py:144 Closing browser
___________________ test_invalid_email_validation[username2] ___________________
---------------------------- Captured stderr setup -----------------------------
2026-01-21 04:38:35,358 - INFO - Starting test with Chrome browser
2026-01-21 04:38:35,358 - INFO - ====== WebDriver manager ======
2026-01-21 04:38:35,426 - INFO - Get LATEST chromedriver version for google-chrome
2026-01-21 04:38:35,471 - INFO - Get LATEST chromedriver version for google-chrome
2026-01-21 04:38:35,515 - INFO - Driver [/home/runner/.wdm/drivers/chromedriver/linux64/144.0.7559.96/chromedriver-linux64/chromedriver] found in cache
2026-01-21 04:38:36,171 - INFO - Navigated to: https://app.mochaaccounting.com/login
------------------------------ Captured log setup ------------------------------
INFO     tests.test_signup_login.conftest:conftest.py:78 Starting test with Chrome browser
INFO     WDM:logger.py:11 ====== WebDriver manager ======
INFO     WDM:logger.py:11 Get LATEST chromedriver version for google-chrome
INFO     WDM:logger.py:11 Get LATEST chromedriver version for google-chrome
INFO     WDM:logger.py:11 Driver [/home/runner/.wdm/drivers/chromedriver/linux64/144.0.7559.96/chromedriver-linux64/chromedriver] found in cache
INFO     tests.test_signup_login.conftest:conftest.py:134 Navigated to: https://app.mochaaccounting.com/login
--------------------------- Captured stderr teardown ---------------------------
2026-01-21 04:38:36,665 - INFO - Closing browser
---------------------------- Captured log teardown -----------------------------
INFO     tests.test_signup_login.conftest:conftest.py:144 Closing browser
___________________ test_invalid_email_validation[username3] ___________________
---------------------------- Captured stderr setup -----------------------------
2026-01-21 04:38:36,729 - INFO - Starting test with Chrome browser
2026-01-21 04:38:36,729 - INFO - ====== WebDriver manager ======
2026-01-21 04:38:36,795 - INFO - Get LATEST chromedriver version for google-chrome
2026-01-21 04:38:36,840 - INFO - Get LATEST chromedriver version for google-chrome
2026-01-21 04:38:36,883 - INFO - Driver [/home/runner/.wdm/drivers/chromedriver/linux64/144.0.7559.96/chromedriver-linux64/chromedriver] found in cache
2026-01-21 04:38:37,567 - INFO - Navigated to: https://app.mochaaccounting.com/login
------------------------------ Captured log setup ------------------------------
INFO     tests.test_signup_login.conftest:conftest.py:78 Starting test with Chrome browser
INFO     WDM:logger.py:11 ====== WebDriver manager ======
INFO     WDM:logger.py:11 Get LATEST chromedriver version for google-chrome
INFO     WDM:logger.py:11 Get LATEST chromedriver version for google-chrome
INFO     WDM:logger.py:11 Driver [/home/runner/.wdm/drivers/chromedriver/linux64/144.0.7559.96/chromedriver-linux64/chromedriver] found in cache
INFO     tests.test_signup_login.conftest:conftest.py:134 Navigated to: https://app.mochaaccounting.com/login
--------------------------- Captured stderr teardown ---------------------------
2026-01-21 04:38:38,049 - INFO - Closing browser
---------------------------- Captured log teardown -----------------------------
INFO     tests.test_signup_login.conftest:conftest.py:144 Closing browser
___________________ test_invalid_email_validation[username4] ___________________
---------------------------- Captured stderr setup -----------------------------
2026-01-21 04:38:38,113 - INFO - Starting test with Chrome browser
2026-01-21 04:38:38,113 - INFO - ====== WebDriver manager ======
2026-01-21 04:38:38,181 - INFO - Get LATEST chromedriver version for google-chrome
2026-01-21 04:38:38,227 - INFO - Get LATEST chromedriver version for google-chrome
2026-01-21 04:38:38,275 - INFO - Driver [/home/runner/.wdm/drivers/chromedriver/linux64/144.0.7559.96/chromedriver-linux64/chromedriver] found in cache
2026-01-21 04:38:38,932 - INFO - Navigated to: https://app.mochaaccounting.com/login
------------------------------ Captured log setup ------------------------------
INFO     tests.test_signup_login.conftest:conftest.py:78 Starting test with Chrome browser
INFO     WDM:logger.py:11 ====== WebDriver manager ======
INFO     WDM:logger.py:11 Get LATEST chromedriver version for google-chrome
INFO     WDM:logger.py:11 Get LATEST chromedriver version for google-chrome
INFO     WDM:logger.py:11 Driver [/home/runner/.wdm/drivers/chromedriver/linux64/144.0.7559.96/chromedriver-linux64/chromedriver] found in cache
INFO     tests.test_signup_login.conftest:conftest.py:134 Navigated to: https://app.mochaaccounting.com/login
--------------------------- Captured stderr teardown ---------------------------
2026-01-21 04:38:39,425 - INFO - Closing browser
---------------------------- Captured log teardown -----------------------------
INFO     tests.test_signup_login.conftest:conftest.py:144 Closing browser
- Generated html report: file:///home/runner/work/Mocha_accounting/Mocha_accounting/C%3A%5CUsers%5CTaurus13%5CPycharmProjects%5CPythonProject%5Creports/20260121_042908/report.html -
=================== 6 failed, 9 passed in 571.11s (0:09:31) ====================
=== LOGIN TESTS COMPLETED ===
Exit Code: 1
