=== LOGIN TESTS STARTED: 2026-01-10 04:07:25 ===
============================= test session starts ==============================
platform linux -- Python 3.13.11, pytest-8.3.5, pluggy-1.6.0 -- /opt/hostedtoolcache/Python/3.13.11/x64/bin/python
cachedir: .pytest_cache
metadata: {'Python': '3.13.11', 'Platform': 'Linux-6.11.0-1018-azure-x86_64-with-glibc2.39', 'Packages': {'pytest': '8.3.5', 'pluggy': '1.6.0'}, 'Plugins': {'html': '4.1.1', 'rerunfailures': '16.1', 'xdist': '3.8.0', 'Faker': '40.1.0', 'metadata': '3.1.1'}, 'CI': 'true', 'JAVA_HOME': '/usr/lib/jvm/temurin-17-jdk-amd64'}
rootdir: /home/runner/work/Mocha_accounting/Mocha_accounting
plugins: html-4.1.1, rerunfailures-16.1, xdist-3.8.0, Faker-40.1.0, metadata-3.1.1
collecting ... collected 15 items

tests/test_signup_login/test_login.py::test_valid_login[yash.payer+01@mochatechnologies.com-Password@123] PASSED [  6%]
tests/test_signup_login/test_login.py::test_valid_login[samatakamble9@gmail.com-Samata@16] FAILED [ 13%]
tests/test_signup_login/test_login.py::test_valid_login[shubhamdabir07@gmail.com-Shubham@1234] PASSED [ 20%]
tests/test_signup_login/test_login.py::test_valid_login[hrishikesh.shinde1607@gmail.com-Hrishikesh@1234] PASSED [ 26%]
tests/test_signup_login/test_login.py::test_invalid_email_login[username0] FAILED [ 33%]
tests/test_signup_login/test_login.py::test_invalid_email_login[username1] FAILED [ 40%]
tests/test_signup_login/test_login.py::test_invalid_email_login[username2] FAILED [ 46%]
tests/test_signup_login/test_login.py::test_invalid_email_login[username3] FAILED [ 53%]
tests/test_signup_login/test_login.py::test_blank_username_validation PASSED [ 60%]
tests/test_signup_login/test_login.py::test_blank_password_validation PASSED [ 66%]
tests/test_signup_login/test_login.py::test_invalid_email_validation[username0] PASSED [ 73%]
tests/test_signup_login/test_login.py::test_invalid_email_validation[username1] PASSED [ 80%]
tests/test_signup_login/test_login.py::test_invalid_email_validation[username2] PASSED [ 86%]
tests/test_signup_login/test_login.py::test_invalid_email_validation[username3] PASSED [ 93%]
tests/test_signup_login/test_login.py::test_invalid_email_validation[username4] PASSED [100%]

=================================== FAILURES ===================================
_____________ test_valid_login[samatakamble9@gmail.com-Samata@16] ______________

sign_login_setup = <selenium.webdriver.chrome.webdriver.WebDriver (session="0250b3841fb0ff7144d1feb62098ac43")>
username = 'samatakamble9@gmail.com', password = 'Samata@16'
login_test_data = {'expected_password_validation': 'Password is required', 'expected_username_validation': 'Email is required.', 'expect...ect_email_verification_msg': "Please check your email address. If you don't have an account, you can create one.", ...}

    @pytest.mark.parametrize("username, password", zip(valid_username, valid_password))
    def test_valid_login(sign_login_setup, username, password, login_test_data):
       # expectedmessage = login_test_data['expectederrormsg']
        driver = sign_login_setup
        login_page = LoginPage(driver)
        logger.info("Starting the test case for valid credentials")
        login_page.enter_username(username)
        logger.info("User enters the email-id")
        login_page.enter_password(password)
        logger.info("User enters the password")
        login_page.click_loginbutton()
        logger.info("User clicks on login button")
>       login_page.success_login(login_test_data)

tests/test_signup_login/test_login.py:32: 
_ _ _ _ _ _ _ _ _ _ _ _ _ _ _ _ _ _ _ _ _ _ _ _ _ _ _ _ _ _ _ _ _ _ _ _ _ _ _ _ 

self = <pages.login_page.LoginPage object at 0x7ff0427a1f90>
login_test_data = {'expected_password_validation': 'Password is required', 'expected_username_validation': 'Email is required.', 'expect...ect_email_verification_msg': "Please check your email address. If you don't have an account, you can create one.", ...}

    def success_login(self,login_test_data):
>        self.actions.wait_for_element(self.success_msg)

pages/login_page.py:55: 
_ _ _ _ _ _ _ _ _ _ _ _ _ _ _ _ _ _ _ _ _ _ _ _ _ _ _ _ _ _ _ _ _ _ _ _ _ _ _ _ 

self = <actions.actions.Actions object at 0x7ff0427a3890>
locator = ('xpath', "//li[@class='breadcrumb-item active text-zoom']")
timeout = 100

    def wait_for_element(self, locator, timeout=100):
>       WebDriverWait(self.driver, timeout).until(EC.visibility_of_element_located(locator))

actions/actions.py:87: 
_ _ _ _ _ _ _ _ _ _ _ _ _ _ _ _ _ _ _ _ _ _ _ _ _ _ _ _ _ _ _ _ _ _ _ _ _ _ _ _ 

self = <selenium.webdriver.support.wait.WebDriverWait (session="0250b3841fb0ff7144d1feb62098ac43")>
method = <function visibility_of_element_located.<locals>._predicate at 0x7ff0413caac0>
message = ''

    def until(self, method: Callable[[D], Union[Literal[False], T]], message: str = "") -> T:
        """Wait until the method returns a value that is not False.
    
        Calls the method provided with the driver as an argument until the
        return value does not evaluate to ``False``.
    
        Parameters:
        ----------
        method: callable(WebDriver)
            - A callable object that takes a WebDriver instance as an argument.
    
        message: str
            - Optional message for :exc:`TimeoutException`
    
        Return:
        -------
        object: T
            - The result of the last call to `method`
    
        Raises:
        -------
        TimeoutException
            - If 'method' does not return a truthy value within the WebDriverWait
            object's timeout
    
        Example:
        --------
        >>> from selenium.webdriver.common.by import By
        >>> from selenium.webdriver.support.ui import WebDriverWait
        >>> from selenium.webdriver.support import expected_conditions as EC
    
        # Wait until an element is visible on the page
        >>> wait = WebDriverWait(driver, 10)
        >>> element = wait.until(EC.visibility_of_element_located((By.ID, "exampleId")))
        >>> print(element.text)
        """
        screen = None
        stacktrace = None
    
        end_time = time.monotonic() + self._timeout
        while True:
            try:
                value = method(self._driver)
                if value:
                    return value
            except self._ignored_exceptions as exc:
                screen = getattr(exc, "screen", None)
                stacktrace = getattr(exc, "stacktrace", None)
            if time.monotonic() > end_time:
                break
            time.sleep(self._poll)
>       raise TimeoutException(message, screen, stacktrace)
E       selenium.common.exceptions.TimeoutException: Message: 
E       Stacktrace:
E       #0 0x559b2049740a <unknown>
E       #1 0x559b1fecb76b <unknown>
E       #2 0x559b1ff1ce88 <unknown>
E       #3 0x559b1ff1d0c1 <unknown>
E       #4 0x559b1ff6b2c4 <unknown>
E       #5 0x559b1ff68760 <unknown>
E       #6 0x559b1ff0f7b2 <unknown>
E       #7 0x559b1ff10461 <unknown>
E       #8 0x559b2045fdf9 <unknown>
E       #9 0x559b20462d5d <unknown>
E       #10 0x559b20448b41 <unknown>
E       #11 0x559b2046393b <unknown>
E       #12 0x559b2042f870 <unknown>
E       #13 0x559b20484828 <unknown>
E       #14 0x559b204849fc <unknown>
E       #15 0x559b20496763 <unknown>
E       #16 0x7f4d5769caa4 <unknown>
E       #17 0x7f4d57729c6c <unknown>

/opt/hostedtoolcache/Python/3.13.11/x64/lib/python3.13/site-packages/selenium/webdriver/support/wait.py:146: TimeoutException
---------------------------- Captured stderr setup -----------------------------
2026-01-10 04:07:38,656 - INFO - Starting test with Chrome browser
2026-01-10 04:07:38,656 - INFO - ====== WebDriver manager ======
2026-01-10 04:07:38,720 - INFO - Get LATEST chromedriver version for google-chrome
2026-01-10 04:07:38,755 - INFO - Get LATEST chromedriver version for google-chrome
2026-01-10 04:07:38,804 - INFO - Driver [/home/runner/.wdm/drivers/chromedriver/linux64/143.0.7499.192/chromedriver-linux64/chromedriver] found in cache
2026-01-10 04:07:40,556 - INFO - Navigated to: https://app.mochaaccounting.com/login
------------------------------ Captured log setup ------------------------------
INFO     tests.test_signup_login.conftest:conftest.py:78 Starting test with Chrome browser
INFO     WDM:logger.py:11 ====== WebDriver manager ======
INFO     WDM:logger.py:11 Get LATEST chromedriver version for google-chrome
INFO     WDM:logger.py:11 Get LATEST chromedriver version for google-chrome
INFO     WDM:logger.py:11 Driver [/home/runner/.wdm/drivers/chromedriver/linux64/143.0.7499.192/chromedriver-linux64/chromedriver] found in cache
INFO     tests.test_signup_login.conftest:conftest.py:134 Navigated to: https://app.mochaaccounting.com/login
----------------------------- Captured stderr call -----------------------------
2026-01-10 04:07:40,557 - INFO - Starting the test case for valid credentials
2026-01-10 04:07:40,674 - INFO - User enters the email-id
2026-01-10 04:07:42,254 - INFO - User enters the password
2026-01-10 04:07:42,345 - INFO - User clicks on login button
------------------------------ Captured log call -------------------------------
INFO     tests.test_signup_login.test_login:test_login.py:25 Starting the test case for valid credentials
INFO     tests.test_signup_login.test_login:test_login.py:27 User enters the email-id
INFO     tests.test_signup_login.test_login:test_login.py:29 User enters the password
INFO     tests.test_signup_login.test_login:test_login.py:31 User clicks on login button
--------------------------- Captured stderr teardown ---------------------------
2026-01-10 04:09:26,788 - INFO - Closing browser
---------------------------- Captured log teardown -----------------------------
INFO     tests.test_signup_login.conftest:conftest.py:144 Closing browser
_____________________ test_invalid_email_login[username0] ______________________

sign_login_setup = <selenium.webdriver.chrome.webdriver.WebDriver (session="bfa4d67f6583a9342e5df7844ab12ad2")>
login_test_data = {'expected_password_validation': 'Password is required', 'expected_username_validation': 'Email is required.', 'expect...ect_email_verification_msg': "Please check your email address. If you don't have an account, you can create one.", ...}
username = ('yash10@gmail.com',)

    @pytest.mark.parametrize("username", zip(invalid_username))
    def test_invalid_email_login(sign_login_setup, login_test_data,username):
        driver= sign_login_setup
        login_page = LoginPage(driver)
        login_page.enter_username(username)
        #login_page.enter_password(password)
        login_page.click_loginbutton()
>       login_page.incorrect_email_validation(login_test_data)

tests/test_signup_login/test_login.py:42: 
_ _ _ _ _ _ _ _ _ _ _ _ _ _ _ _ _ _ _ _ _ _ _ _ _ _ _ _ _ _ _ _ _ _ _ _ _ _ _ _ 

self = <pages.login_page.LoginPage object at 0x7ff0427636f0>
login_test_data = {'expected_password_validation': 'Password is required', 'expected_username_validation': 'Email is required.', 'expect...ect_email_verification_msg': "Please check your email address. If you don't have an account, you can create one.", ...}

    def incorrect_email_validation(self,login_test_data):
>       self.actions.wait_for_element(self.incorrect_email_verification_msg)

pages/login_page.py:87: 
_ _ _ _ _ _ _ _ _ _ _ _ _ _ _ _ _ _ _ _ _ _ _ _ _ _ _ _ _ _ _ _ _ _ _ _ _ _ _ _ 

self = <actions.actions.Actions object at 0x7ff0427b42b0>
locator = ('xpath', "//p[@class='text-white' and contains(text(),'Please check your email address')]")
timeout = 100

    def wait_for_element(self, locator, timeout=100):
>       WebDriverWait(self.driver, timeout).until(EC.visibility_of_element_located(locator))

actions/actions.py:87: 
_ _ _ _ _ _ _ _ _ _ _ _ _ _ _ _ _ _ _ _ _ _ _ _ _ _ _ _ _ _ _ _ _ _ _ _ _ _ _ _ 

self = <selenium.webdriver.support.wait.WebDriverWait (session="bfa4d67f6583a9342e5df7844ab12ad2")>
method = <function visibility_of_element_located.<locals>._predicate at 0x7ff042811d00>
message = ''

    def until(self, method: Callable[[D], Union[Literal[False], T]], message: str = "") -> T:
        """Wait until the method returns a value that is not False.
    
        Calls the method provided with the driver as an argument until the
        return value does not evaluate to ``False``.
    
        Parameters:
        ----------
        method: callable(WebDriver)
            - A callable object that takes a WebDriver instance as an argument.
    
        message: str
            - Optional message for :exc:`TimeoutException`
    
        Return:
        -------
        object: T
            - The result of the last call to `method`
    
        Raises:
        -------
        TimeoutException
            - If 'method' does not return a truthy value within the WebDriverWait
            object's timeout
    
        Example:
        --------
        >>> from selenium.webdriver.common.by import By
        >>> from selenium.webdriver.support.ui import WebDriverWait
        >>> from selenium.webdriver.support import expected_conditions as EC
    
        # Wait until an element is visible on the page
        >>> wait = WebDriverWait(driver, 10)
        >>> element = wait.until(EC.visibility_of_element_located((By.ID, "exampleId")))
        >>> print(element.text)
        """
        screen = None
        stacktrace = None
    
        end_time = time.monotonic() + self._timeout
        while True:
            try:
                value = method(self._driver)
                if value:
                    return value
            except self._ignored_exceptions as exc:
                screen = getattr(exc, "screen", None)
                stacktrace = getattr(exc, "stacktrace", None)
            if time.monotonic() > end_time:
                break
            time.sleep(self._poll)
>       raise TimeoutException(message, screen, stacktrace)
E       selenium.common.exceptions.TimeoutException: Message: 
E       Stacktrace:
E       #0 0x55adb943340a <unknown>
E       #1 0x55adb8e6776b <unknown>
E       #2 0x55adb8eb8e88 <unknown>
E       #3 0x55adb8eb90c1 <unknown>
E       #4 0x55adb8f072c4 <unknown>
E       #5 0x55adb8f04760 <unknown>
E       #6 0x55adb8eab7b2 <unknown>
E       #7 0x55adb8eac461 <unknown>
E       #8 0x55adb93fbdf9 <unknown>
E       #9 0x55adb93fed5d <unknown>
E       #10 0x55adb93e4b41 <unknown>
E       #11 0x55adb93ff93b <unknown>
E       #12 0x55adb93cb870 <unknown>
E       #13 0x55adb9420828 <unknown>
E       #14 0x55adb94209fc <unknown>
E       #15 0x55adb9432763 <unknown>
E       #16 0x7fa27589caa4 <unknown>
E       #17 0x7fa275929c6c <unknown>

/opt/hostedtoolcache/Python/3.13.11/x64/lib/python3.13/site-packages/selenium/webdriver/support/wait.py:146: TimeoutException
---------------------------- Captured stderr setup -----------------------------
2026-01-10 04:09:39,259 - INFO - Starting test with Chrome browser
2026-01-10 04:09:39,259 - INFO - ====== WebDriver manager ======
2026-01-10 04:09:39,324 - INFO - Get LATEST chromedriver version for google-chrome
2026-01-10 04:09:39,357 - INFO - Get LATEST chromedriver version for google-chrome
2026-01-10 04:09:39,389 - INFO - Driver [/home/runner/.wdm/drivers/chromedriver/linux64/143.0.7499.192/chromedriver-linux64/chromedriver] found in cache
2026-01-10 04:09:41,139 - INFO - Navigated to: https://app.mochaaccounting.com/login
------------------------------ Captured log setup ------------------------------
INFO     tests.test_signup_login.conftest:conftest.py:78 Starting test with Chrome browser
INFO     WDM:logger.py:11 ====== WebDriver manager ======
INFO     WDM:logger.py:11 Get LATEST chromedriver version for google-chrome
INFO     WDM:logger.py:11 Get LATEST chromedriver version for google-chrome
INFO     WDM:logger.py:11 Driver [/home/runner/.wdm/drivers/chromedriver/linux64/143.0.7499.192/chromedriver-linux64/chromedriver] found in cache
INFO     tests.test_signup_login.conftest:conftest.py:134 Navigated to: https://app.mochaaccounting.com/login
--------------------------- Captured stderr teardown ---------------------------
2026-01-10 04:11:27,736 - INFO - Closing browser
---------------------------- Captured log teardown -----------------------------
INFO     tests.test_signup_login.conftest:conftest.py:144 Closing browser
_____________________ test_invalid_email_login[username1] ______________________

sign_login_setup = <selenium.webdriver.chrome.webdriver.WebDriver (session="d920aff9076c0025a700982dd9e0ac46")>
login_test_data = {'expected_password_validation': 'Password is required', 'expected_username_validation': 'Email is required.', 'expect...ect_email_verification_msg': "Please check your email address. If you don't have an account, you can create one.", ...}
username = ('payeryash@1gmail.com',)

    @pytest.mark.parametrize("username", zip(invalid_username))
    def test_invalid_email_login(sign_login_setup, login_test_data,username):
        driver= sign_login_setup
        login_page = LoginPage(driver)
        login_page.enter_username(username)
        #login_page.enter_password(password)
        login_page.click_loginbutton()
>       login_page.incorrect_email_validation(login_test_data)

tests/test_signup_login/test_login.py:42: 
_ _ _ _ _ _ _ _ _ _ _ _ _ _ _ _ _ _ _ _ _ _ _ _ _ _ _ _ _ _ _ _ _ _ _ _ _ _ _ _ 

self = <pages.login_page.LoginPage object at 0x7ff04277fad0>
login_test_data = {'expected_password_validation': 'Password is required', 'expected_username_validation': 'Email is required.', 'expect...ect_email_verification_msg': "Please check your email address. If you don't have an account, you can create one.", ...}

    def incorrect_email_validation(self,login_test_data):
>       self.actions.wait_for_element(self.incorrect_email_verification_msg)

pages/login_page.py:87: 
_ _ _ _ _ _ _ _ _ _ _ _ _ _ _ _ _ _ _ _ _ _ _ _ _ _ _ _ _ _ _ _ _ _ _ _ _ _ _ _ 

self = <actions.actions.Actions object at 0x7ff042a94050>
locator = ('xpath', "//p[@class='text-white' and contains(text(),'Please check your email address')]")
timeout = 100

    def wait_for_element(self, locator, timeout=100):
>       WebDriverWait(self.driver, timeout).until(EC.visibility_of_element_located(locator))

actions/actions.py:87: 
_ _ _ _ _ _ _ _ _ _ _ _ _ _ _ _ _ _ _ _ _ _ _ _ _ _ _ _ _ _ _ _ _ _ _ _ _ _ _ _ 

self = <selenium.webdriver.support.wait.WebDriverWait (session="d920aff9076c0025a700982dd9e0ac46")>
method = <function visibility_of_element_located.<locals>._predicate at 0x7ff042811da0>
message = ''

    def until(self, method: Callable[[D], Union[Literal[False], T]], message: str = "") -> T:
        """Wait until the method returns a value that is not False.
    
        Calls the method provided with the driver as an argument until the
        return value does not evaluate to ``False``.
    
        Parameters:
        ----------
        method: callable(WebDriver)
            - A callable object that takes a WebDriver instance as an argument.
    
        message: str
            - Optional message for :exc:`TimeoutException`
    
        Return:
        -------
        object: T
            - The result of the last call to `method`
    
        Raises:
        -------
        TimeoutException
            - If 'method' does not return a truthy value within the WebDriverWait
            object's timeout
    
        Example:
        --------
        >>> from selenium.webdriver.common.by import By
        >>> from selenium.webdriver.support.ui import WebDriverWait
        >>> from selenium.webdriver.support import expected_conditions as EC
    
        # Wait until an element is visible on the page
        >>> wait = WebDriverWait(driver, 10)
        >>> element = wait.until(EC.visibility_of_element_located((By.ID, "exampleId")))
        >>> print(element.text)
        """
        screen = None
        stacktrace = None
    
        end_time = time.monotonic() + self._timeout
        while True:
            try:
                value = method(self._driver)
                if value:
                    return value
            except self._ignored_exceptions as exc:
                screen = getattr(exc, "screen", None)
                stacktrace = getattr(exc, "stacktrace", None)
            if time.monotonic() > end_time:
                break
            time.sleep(self._poll)
>       raise TimeoutException(message, screen, stacktrace)
E       selenium.common.exceptions.TimeoutException: Message: 
E       Stacktrace:
E       #0 0x56176b91840a <unknown>
E       #1 0x56176b34c76b <unknown>
E       #2 0x56176b39de88 <unknown>
E       #3 0x56176b39e0c1 <unknown>
E       #4 0x56176b3ec2c4 <unknown>
E       #5 0x56176b3e9760 <unknown>
E       #6 0x56176b3907b2 <unknown>
E       #7 0x56176b391461 <unknown>
E       #8 0x56176b8e0df9 <unknown>
E       #9 0x56176b8e3d5d <unknown>
E       #10 0x56176b8c9b41 <unknown>
E       #11 0x56176b8e493b <unknown>
E       #12 0x56176b8b0870 <unknown>
E       #13 0x56176b905828 <unknown>
E       #14 0x56176b9059fc <unknown>
E       #15 0x56176b917763 <unknown>
E       #16 0x7f45a289caa4 <unknown>
E       #17 0x7f45a2929c6c <unknown>

/opt/hostedtoolcache/Python/3.13.11/x64/lib/python3.13/site-packages/selenium/webdriver/support/wait.py:146: TimeoutException
---------------------------- Captured stderr setup -----------------------------
2026-01-10 04:11:27,829 - INFO - Starting test with Chrome browser
2026-01-10 04:11:27,830 - INFO - ====== WebDriver manager ======
2026-01-10 04:11:27,895 - INFO - Get LATEST chromedriver version for google-chrome
2026-01-10 04:11:27,928 - INFO - Get LATEST chromedriver version for google-chrome
2026-01-10 04:11:27,960 - INFO - Driver [/home/runner/.wdm/drivers/chromedriver/linux64/143.0.7499.192/chromedriver-linux64/chromedriver] found in cache
2026-01-10 04:11:29,924 - INFO - Navigated to: https://app.mochaaccounting.com/login
------------------------------ Captured log setup ------------------------------
INFO     tests.test_signup_login.conftest:conftest.py:78 Starting test with Chrome browser
INFO     WDM:logger.py:11 ====== WebDriver manager ======
INFO     WDM:logger.py:11 Get LATEST chromedriver version for google-chrome
INFO     WDM:logger.py:11 Get LATEST chromedriver version for google-chrome
INFO     WDM:logger.py:11 Driver [/home/runner/.wdm/drivers/chromedriver/linux64/143.0.7499.192/chromedriver-linux64/chromedriver] found in cache
INFO     tests.test_signup_login.conftest:conftest.py:134 Navigated to: https://app.mochaaccounting.com/login
--------------------------- Captured stderr teardown ---------------------------
2026-01-10 04:13:16,229 - INFO - Closing browser
---------------------------- Captured log teardown -----------------------------
INFO     tests.test_signup_login.conftest:conftest.py:144 Closing browser
_____________________ test_invalid_email_login[username2] ______________________

sign_login_setup = <selenium.webdriver.chrome.webdriver.WebDriver (session="c726c95c62df1a6e8ffa50215de0eda4")>
login_test_data = {'expected_password_validation': 'Password is required', 'expected_username_validation': 'Email is required.', 'expect...ect_email_verification_msg': "Please check your email address. If you don't have an account, you can create one.", ...}
username = ('payerash10@gmail.com',)

    @pytest.mark.parametrize("username", zip(invalid_username))
    def test_invalid_email_login(sign_login_setup, login_test_data,username):
        driver= sign_login_setup
        login_page = LoginPage(driver)
        login_page.enter_username(username)
        #login_page.enter_password(password)
        login_page.click_loginbutton()
>       login_page.incorrect_email_validation(login_test_data)

tests/test_signup_login/test_login.py:42: 
_ _ _ _ _ _ _ _ _ _ _ _ _ _ _ _ _ _ _ _ _ _ _ _ _ _ _ _ _ _ _ _ _ _ _ _ _ _ _ _ 

self = <pages.login_page.LoginPage object at 0x7ff04279ff00>
login_test_data = {'expected_password_validation': 'Password is required', 'expected_username_validation': 'Email is required.', 'expect...ect_email_verification_msg': "Please check your email address. If you don't have an account, you can create one.", ...}

    def incorrect_email_validation(self,login_test_data):
>       self.actions.wait_for_element(self.incorrect_email_verification_msg)

pages/login_page.py:87: 
_ _ _ _ _ _ _ _ _ _ _ _ _ _ _ _ _ _ _ _ _ _ _ _ _ _ _ _ _ _ _ _ _ _ _ _ _ _ _ _ 

self = <actions.actions.Actions object at 0x7ff042a2c050>
locator = ('xpath', "//p[@class='text-white' and contains(text(),'Please check your email address')]")
timeout = 100

    def wait_for_element(self, locator, timeout=100):
>       WebDriverWait(self.driver, timeout).until(EC.visibility_of_element_located(locator))

actions/actions.py:87: 
_ _ _ _ _ _ _ _ _ _ _ _ _ _ _ _ _ _ _ _ _ _ _ _ _ _ _ _ _ _ _ _ _ _ _ _ _ _ _ _ 

self = <selenium.webdriver.support.wait.WebDriverWait (session="c726c95c62df1a6e8ffa50215de0eda4")>
method = <function visibility_of_element_located.<locals>._predicate at 0x7ff042812200>
message = ''

    def until(self, method: Callable[[D], Union[Literal[False], T]], message: str = "") -> T:
        """Wait until the method returns a value that is not False.
    
        Calls the method provided with the driver as an argument until the
        return value does not evaluate to ``False``.
    
        Parameters:
        ----------
        method: callable(WebDriver)
            - A callable object that takes a WebDriver instance as an argument.
    
        message: str
            - Optional message for :exc:`TimeoutException`
    
        Return:
        -------
        object: T
            - The result of the last call to `method`
    
        Raises:
        -------
        TimeoutException
            - If 'method' does not return a truthy value within the WebDriverWait
            object's timeout
    
        Example:
        --------
        >>> from selenium.webdriver.common.by import By
        >>> from selenium.webdriver.support.ui import WebDriverWait
        >>> from selenium.webdriver.support import expected_conditions as EC
    
        # Wait until an element is visible on the page
        >>> wait = WebDriverWait(driver, 10)
        >>> element = wait.until(EC.visibility_of_element_located((By.ID, "exampleId")))
        >>> print(element.text)
        """
        screen = None
        stacktrace = None
    
        end_time = time.monotonic() + self._timeout
        while True:
            try:
                value = method(self._driver)
                if value:
                    return value
            except self._ignored_exceptions as exc:
                screen = getattr(exc, "screen", None)
                stacktrace = getattr(exc, "stacktrace", None)
            if time.monotonic() > end_time:
                break
            time.sleep(self._poll)
>       raise TimeoutException(message, screen, stacktrace)
E       selenium.common.exceptions.TimeoutException: Message: 
E       Stacktrace:
E       #0 0x5623d70cf40a <unknown>
E       #1 0x5623d6b0376b <unknown>
E       #2 0x5623d6b54e88 <unknown>
E       #3 0x5623d6b550c1 <unknown>
E       #4 0x5623d6ba32c4 <unknown>
E       #5 0x5623d6ba0760 <unknown>
E       #6 0x5623d6b477b2 <unknown>
E       #7 0x5623d6b48461 <unknown>
E       #8 0x5623d7097df9 <unknown>
E       #9 0x5623d709ad5d <unknown>
E       #10 0x5623d7080b41 <unknown>
E       #11 0x5623d709b93b <unknown>
E       #12 0x5623d7067870 <unknown>
E       #13 0x5623d70bc828 <unknown>
E       #14 0x5623d70bc9fc <unknown>
E       #15 0x5623d70ce763 <unknown>
E       #16 0x7f720229caa4 <unknown>
E       #17 0x7f7202329c6c <unknown>

/opt/hostedtoolcache/Python/3.13.11/x64/lib/python3.13/site-packages/selenium/webdriver/support/wait.py:146: TimeoutException
---------------------------- Captured stderr setup -----------------------------
2026-01-10 04:13:16,297 - INFO - Starting test with Chrome browser
2026-01-10 04:13:16,297 - INFO - ====== WebDriver manager ======
2026-01-10 04:13:16,362 - INFO - Get LATEST chromedriver version for google-chrome
2026-01-10 04:13:16,396 - INFO - Get LATEST chromedriver version for google-chrome
2026-01-10 04:13:16,431 - INFO - Driver [/home/runner/.wdm/drivers/chromedriver/linux64/143.0.7499.192/chromedriver-linux64/chromedriver] found in cache
2026-01-10 04:13:17,442 - INFO - Navigated to: https://app.mochaaccounting.com/login
------------------------------ Captured log setup ------------------------------
INFO     tests.test_signup_login.conftest:conftest.py:78 Starting test with Chrome browser
INFO     WDM:logger.py:11 ====== WebDriver manager ======
INFO     WDM:logger.py:11 Get LATEST chromedriver version for google-chrome
INFO     WDM:logger.py:11 Get LATEST chromedriver version for google-chrome
INFO     WDM:logger.py:11 Driver [/home/runner/.wdm/drivers/chromedriver/linux64/143.0.7499.192/chromedriver-linux64/chromedriver] found in cache
INFO     tests.test_signup_login.conftest:conftest.py:134 Navigated to: https://app.mochaaccounting.com/login
--------------------------- Captured stderr teardown ---------------------------
2026-01-10 04:15:04,355 - INFO - Closing browser
---------------------------- Captured log teardown -----------------------------
INFO     tests.test_signup_login.conftest:conftest.py:144 Closing browser
_____________________ test_invalid_email_login[username3] ______________________

sign_login_setup = <selenium.webdriver.chrome.webdriver.WebDriver (session="83d1b5d124e05c8c915052e4e59437b5")>
login_test_data = {'expected_password_validation': 'Password is required', 'expected_username_validation': 'Email is required.', 'expect...ect_email_verification_msg': "Please check your email address. If you don't have an account, you can create one.", ...}
username = ('payer@gmail.com',)

    @pytest.mark.parametrize("username", zip(invalid_username))
    def test_invalid_email_login(sign_login_setup, login_test_data,username):
        driver= sign_login_setup
        login_page = LoginPage(driver)
        login_page.enter_username(username)
        #login_page.enter_password(password)
        login_page.click_loginbutton()
>       login_page.incorrect_email_validation(login_test_data)

tests/test_signup_login/test_login.py:42: 
_ _ _ _ _ _ _ _ _ _ _ _ _ _ _ _ _ _ _ _ _ _ _ _ _ _ _ _ _ _ _ _ _ _ _ _ _ _ _ _ 

self = <pages.login_page.LoginPage object at 0x7ff042a2d370>
login_test_data = {'expected_password_validation': 'Password is required', 'expected_username_validation': 'Email is required.', 'expect...ect_email_verification_msg': "Please check your email address. If you don't have an account, you can create one.", ...}

    def incorrect_email_validation(self,login_test_data):
>       self.actions.wait_for_element(self.incorrect_email_verification_msg)

pages/login_page.py:87: 
_ _ _ _ _ _ _ _ _ _ _ _ _ _ _ _ _ _ _ _ _ _ _ _ _ _ _ _ _ _ _ _ _ _ _ _ _ _ _ _ 

self = <actions.actions.Actions object at 0x7ff042a2d480>
locator = ('xpath', "//p[@class='text-white' and contains(text(),'Please check your email address')]")
timeout = 100

    def wait_for_element(self, locator, timeout=100):
>       WebDriverWait(self.driver, timeout).until(EC.visibility_of_element_located(locator))

actions/actions.py:87: 
_ _ _ _ _ _ _ _ _ _ _ _ _ _ _ _ _ _ _ _ _ _ _ _ _ _ _ _ _ _ _ _ _ _ _ _ _ _ _ _ 

self = <selenium.webdriver.support.wait.WebDriverWait (session="83d1b5d124e05c8c915052e4e59437b5")>
method = <function visibility_of_element_located.<locals>._predicate at 0x7ff0428125c0>
message = ''

    def until(self, method: Callable[[D], Union[Literal[False], T]], message: str = "") -> T:
        """Wait until the method returns a value that is not False.
    
        Calls the method provided with the driver as an argument until the
        return value does not evaluate to ``False``.
    
        Parameters:
        ----------
        method: callable(WebDriver)
            - A callable object that takes a WebDriver instance as an argument.
    
        message: str
            - Optional message for :exc:`TimeoutException`
    
        Return:
        -------
        object: T
            - The result of the last call to `method`
    
        Raises:
        -------
        TimeoutException
            - If 'method' does not return a truthy value within the WebDriverWait
            object's timeout
    
        Example:
        --------
        >>> from selenium.webdriver.common.by import By
        >>> from selenium.webdriver.support.ui import WebDriverWait
        >>> from selenium.webdriver.support import expected_conditions as EC
    
        # Wait until an element is visible on the page
        >>> wait = WebDriverWait(driver, 10)
        >>> element = wait.until(EC.visibility_of_element_located((By.ID, "exampleId")))
        >>> print(element.text)
        """
        screen = None
        stacktrace = None
    
        end_time = time.monotonic() + self._timeout
        while True:
            try:
                value = method(self._driver)
                if value:
                    return value
            except self._ignored_exceptions as exc:
                screen = getattr(exc, "screen", None)
                stacktrace = getattr(exc, "stacktrace", None)
            if time.monotonic() > end_time:
                break
            time.sleep(self._poll)
>       raise TimeoutException(message, screen, stacktrace)
E       selenium.common.exceptions.TimeoutException: Message: 
E       Stacktrace:
E       #0 0x56550a96540a <unknown>
E       #1 0x56550a39976b <unknown>
E       #2 0x56550a3eae88 <unknown>
E       #3 0x56550a3eb0c1 <unknown>
E       #4 0x56550a4392c4 <unknown>
E       #5 0x56550a436760 <unknown>
E       #6 0x56550a3dd7b2 <unknown>
E       #7 0x56550a3de461 <unknown>
E       #8 0x56550a92ddf9 <unknown>
E       #9 0x56550a930d5d <unknown>
E       #10 0x56550a916b41 <unknown>
E       #11 0x56550a93193b <unknown>
E       #12 0x56550a8fd870 <unknown>
E       #13 0x56550a952828 <unknown>
E       #14 0x56550a9529fc <unknown>
E       #15 0x56550a964763 <unknown>
E       #16 0x7fb574a9caa4 <unknown>
E       #17 0x7fb574b29c6c <unknown>

/opt/hostedtoolcache/Python/3.13.11/x64/lib/python3.13/site-packages/selenium/webdriver/support/wait.py:146: TimeoutException
---------------------------- Captured stderr setup -----------------------------
2026-01-10 04:15:04,426 - INFO - Starting test with Chrome browser
2026-01-10 04:15:04,426 - INFO - ====== WebDriver manager ======
2026-01-10 04:15:04,491 - INFO - Get LATEST chromedriver version for google-chrome
2026-01-10 04:15:04,523 - INFO - Get LATEST chromedriver version for google-chrome
2026-01-10 04:15:04,554 - INFO - Driver [/home/runner/.wdm/drivers/chromedriver/linux64/143.0.7499.192/chromedriver-linux64/chromedriver] found in cache
2026-01-10 04:15:05,593 - INFO - Navigated to: https://app.mochaaccounting.com/login
------------------------------ Captured log setup ------------------------------
INFO     tests.test_signup_login.conftest:conftest.py:78 Starting test with Chrome browser
INFO     WDM:logger.py:11 ====== WebDriver manager ======
INFO     WDM:logger.py:11 Get LATEST chromedriver version for google-chrome
INFO     WDM:logger.py:11 Get LATEST chromedriver version for google-chrome
INFO     WDM:logger.py:11 Driver [/home/runner/.wdm/drivers/chromedriver/linux64/143.0.7499.192/chromedriver-linux64/chromedriver] found in cache
INFO     tests.test_signup_login.conftest:conftest.py:134 Navigated to: https://app.mochaaccounting.com/login
--------------------------- Captured stderr teardown ---------------------------
2026-01-10 04:16:52,579 - INFO - Closing browser
---------------------------- Captured log teardown -----------------------------
INFO     tests.test_signup_login.conftest:conftest.py:144 Closing browser
==================================== PASSES ====================================
______ test_valid_login[yash.payer+01@mochatechnologies.com-Password@123] ______
---------------------------- Captured stderr setup -----------------------------
2026-01-10 04:07:27,743 - INFO - Starting test with Chrome browser
2026-01-10 04:07:27,743 - INFO - ====== WebDriver manager ======
2026-01-10 04:07:28,110 - INFO - Get LATEST chromedriver version for google-chrome
2026-01-10 04:07:28,170 - INFO - Get LATEST chromedriver version for google-chrome
2026-01-10 04:07:28,202 - INFO - There is no [linux64] chromedriver "143.0.7499.192" for browser google-chrome "143.0.7499" in cache
2026-01-10 04:07:28,202 - INFO - Get LATEST chromedriver version for google-chrome
2026-01-10 04:07:28,303 - INFO - WebDriver version 143.0.7499.192 selected
2026-01-10 04:07:28,308 - INFO - Modern chrome version https://storage.googleapis.com/chrome-for-testing-public/143.0.7499.192/linux64/chromedriver-linux64.zip
2026-01-10 04:07:28,308 - INFO - About to download new driver from https://storage.googleapis.com/chrome-for-testing-public/143.0.7499.192/linux64/chromedriver-linux64.zip
2026-01-10 04:07:28,368 - INFO - Driver downloading response is 200
2026-01-10 04:07:28,425 - INFO - Get LATEST chromedriver version for google-chrome
2026-01-10 04:07:28,582 - INFO - Driver has been saved in cache [/home/runner/.wdm/drivers/chromedriver/linux64/143.0.7499.192]
2026-01-10 04:07:32,242 - INFO - Navigated to: https://app.mochaaccounting.com/login
------------------------------ Captured log setup ------------------------------
INFO     tests.test_signup_login.conftest:conftest.py:78 Starting test with Chrome browser
INFO     WDM:logger.py:11 ====== WebDriver manager ======
INFO     WDM:logger.py:11 Get LATEST chromedriver version for google-chrome
INFO     WDM:logger.py:11 Get LATEST chromedriver version for google-chrome
INFO     WDM:logger.py:11 There is no [linux64] chromedriver "143.0.7499.192" for browser google-chrome "143.0.7499" in cache
INFO     WDM:logger.py:11 Get LATEST chromedriver version for google-chrome
INFO     WDM:logger.py:11 WebDriver version 143.0.7499.192 selected
INFO     WDM:logger.py:11 Modern chrome version https://storage.googleapis.com/chrome-for-testing-public/143.0.7499.192/linux64/chromedriver-linux64.zip
INFO     WDM:logger.py:11 About to download new driver from https://storage.googleapis.com/chrome-for-testing-public/143.0.7499.192/linux64/chromedriver-linux64.zip
INFO     WDM:logger.py:11 Driver downloading response is 200
INFO     WDM:logger.py:11 Get LATEST chromedriver version for google-chrome
INFO     WDM:logger.py:11 Driver has been saved in cache [/home/runner/.wdm/drivers/chromedriver/linux64/143.0.7499.192]
INFO     tests.test_signup_login.conftest:conftest.py:134 Navigated to: https://app.mochaaccounting.com/login
----------------------------- Captured stderr call -----------------------------
2026-01-10 04:07:32,243 - INFO - Starting the test case for valid credentials
2026-01-10 04:07:32,379 - INFO - User enters the email-id
2026-01-10 04:07:34,003 - INFO - User enters the password
2026-01-10 04:07:34,109 - INFO - User clicks on login button
2026-01-10 04:07:38,573 - INFO - The test case passed
------------------------------ Captured log call -------------------------------
INFO     tests.test_signup_login.test_login:test_login.py:25 Starting the test case for valid credentials
INFO     tests.test_signup_login.test_login:test_login.py:27 User enters the email-id
INFO     tests.test_signup_login.test_login:test_login.py:29 User enters the password
INFO     tests.test_signup_login.test_login:test_login.py:31 User clicks on login button
INFO     tests.test_signup_login.test_login:test_login.py:33 The test case passed
--------------------------- Captured stderr teardown ---------------------------
2026-01-10 04:07:38,574 - INFO - Closing browser
---------------------------- Captured log teardown -----------------------------
INFO     tests.test_signup_login.conftest:conftest.py:144 Closing browser
___________ test_valid_login[shubhamdabir07@gmail.com-Shubham@1234] ____________
---------------------------- Captured stderr setup -----------------------------
2026-01-10 04:09:26,858 - INFO - Starting test with Chrome browser
2026-01-10 04:09:26,858 - INFO - ====== WebDriver manager ======
2026-01-10 04:09:26,924 - INFO - Get LATEST chromedriver version for google-chrome
2026-01-10 04:09:26,956 - INFO - Get LATEST chromedriver version for google-chrome
2026-01-10 04:09:26,989 - INFO - Driver [/home/runner/.wdm/drivers/chromedriver/linux64/143.0.7499.192/chromedriver-linux64/chromedriver] found in cache
2026-01-10 04:09:28,754 - INFO - Navigated to: https://app.mochaaccounting.com/login
------------------------------ Captured log setup ------------------------------
INFO     tests.test_signup_login.conftest:conftest.py:78 Starting test with Chrome browser
INFO     WDM:logger.py:11 ====== WebDriver manager ======
INFO     WDM:logger.py:11 Get LATEST chromedriver version for google-chrome
INFO     WDM:logger.py:11 Get LATEST chromedriver version for google-chrome
INFO     WDM:logger.py:11 Driver [/home/runner/.wdm/drivers/chromedriver/linux64/143.0.7499.192/chromedriver-linux64/chromedriver] found in cache
INFO     tests.test_signup_login.conftest:conftest.py:134 Navigated to: https://app.mochaaccounting.com/login
----------------------------- Captured stderr call -----------------------------
2026-01-10 04:09:28,755 - INFO - Starting the test case for valid credentials
2026-01-10 04:09:28,874 - INFO - User enters the email-id
2026-01-10 04:09:30,599 - INFO - User enters the password
2026-01-10 04:09:30,688 - INFO - User clicks on login button
2026-01-10 04:09:33,326 - INFO - The test case passed
------------------------------ Captured log call -------------------------------
INFO     tests.test_signup_login.test_login:test_login.py:25 Starting the test case for valid credentials
INFO     tests.test_signup_login.test_login:test_login.py:27 User enters the email-id
INFO     tests.test_signup_login.test_login:test_login.py:29 User enters the password
INFO     tests.test_signup_login.test_login:test_login.py:31 User clicks on login button
INFO     tests.test_signup_login.test_login:test_login.py:33 The test case passed
--------------------------- Captured stderr teardown ---------------------------
2026-01-10 04:09:33,326 - INFO - Closing browser
---------------------------- Captured log teardown -----------------------------
INFO     tests.test_signup_login.conftest:conftest.py:144 Closing browser
______ test_valid_login[hrishikesh.shinde1607@gmail.com-Hrishikesh@1234] _______
---------------------------- Captured stderr setup -----------------------------
2026-01-10 04:09:33,393 - INFO - Starting test with Chrome browser
2026-01-10 04:09:33,393 - INFO - ====== WebDriver manager ======
2026-01-10 04:09:33,459 - INFO - Get LATEST chromedriver version for google-chrome
2026-01-10 04:09:33,492 - INFO - Get LATEST chromedriver version for google-chrome
2026-01-10 04:09:33,526 - INFO - Driver [/home/runner/.wdm/drivers/chromedriver/linux64/143.0.7499.192/chromedriver-linux64/chromedriver] found in cache
2026-01-10 04:09:35,258 - INFO - Navigated to: https://app.mochaaccounting.com/login
------------------------------ Captured log setup ------------------------------
INFO     tests.test_signup_login.conftest:conftest.py:78 Starting test with Chrome browser
INFO     WDM:logger.py:11 ====== WebDriver manager ======
INFO     WDM:logger.py:11 Get LATEST chromedriver version for google-chrome
INFO     WDM:logger.py:11 Get LATEST chromedriver version for google-chrome
INFO     WDM:logger.py:11 Driver [/home/runner/.wdm/drivers/chromedriver/linux64/143.0.7499.192/chromedriver-linux64/chromedriver] found in cache
INFO     tests.test_signup_login.conftest:conftest.py:134 Navigated to: https://app.mochaaccounting.com/login
----------------------------- Captured stderr call -----------------------------
2026-01-10 04:09:35,258 - INFO - Starting the test case for valid credentials
2026-01-10 04:09:35,388 - INFO - User enters the email-id
2026-01-10 04:09:36,966 - INFO - User enters the password
2026-01-10 04:09:37,061 - INFO - User clicks on login button
2026-01-10 04:09:39,191 - INFO - The test case passed
------------------------------ Captured log call -------------------------------
INFO     tests.test_signup_login.test_login:test_login.py:25 Starting the test case for valid credentials
INFO     tests.test_signup_login.test_login:test_login.py:27 User enters the email-id
INFO     tests.test_signup_login.test_login:test_login.py:29 User enters the password
INFO     tests.test_signup_login.test_login:test_login.py:31 User clicks on login button
INFO     tests.test_signup_login.test_login:test_login.py:33 The test case passed
--------------------------- Captured stderr teardown ---------------------------
2026-01-10 04:09:39,192 - INFO - Closing browser
---------------------------- Captured log teardown -----------------------------
INFO     tests.test_signup_login.conftest:conftest.py:144 Closing browser
________________________ test_blank_username_validation ________________________
---------------------------- Captured stderr setup -----------------------------
2026-01-10 04:16:52,648 - INFO - Starting test with Chrome browser
2026-01-10 04:16:52,648 - INFO - ====== WebDriver manager ======
2026-01-10 04:16:52,714 - INFO - Get LATEST chromedriver version for google-chrome
2026-01-10 04:16:52,748 - INFO - Get LATEST chromedriver version for google-chrome
2026-01-10 04:16:52,782 - INFO - Driver [/home/runner/.wdm/drivers/chromedriver/linux64/143.0.7499.192/chromedriver-linux64/chromedriver] found in cache
2026-01-10 04:16:54,542 - INFO - Navigated to: https://app.mochaaccounting.com/login
------------------------------ Captured log setup ------------------------------
INFO     tests.test_signup_login.conftest:conftest.py:78 Starting test with Chrome browser
INFO     WDM:logger.py:11 ====== WebDriver manager ======
INFO     WDM:logger.py:11 Get LATEST chromedriver version for google-chrome
INFO     WDM:logger.py:11 Get LATEST chromedriver version for google-chrome
INFO     WDM:logger.py:11 Driver [/home/runner/.wdm/drivers/chromedriver/linux64/143.0.7499.192/chromedriver-linux64/chromedriver] found in cache
INFO     tests.test_signup_login.conftest:conftest.py:134 Navigated to: https://app.mochaaccounting.com/login
--------------------------- Captured stderr teardown ---------------------------
2026-01-10 04:16:54,737 - INFO - Closing browser
---------------------------- Captured log teardown -----------------------------
INFO     tests.test_signup_login.conftest:conftest.py:144 Closing browser
________________________ test_blank_password_validation ________________________
---------------------------- Captured stderr setup -----------------------------
2026-01-10 04:16:54,798 - INFO - Starting test with Chrome browser
2026-01-10 04:16:54,798 - INFO - ====== WebDriver manager ======
2026-01-10 04:16:54,862 - INFO - Get LATEST chromedriver version for google-chrome
2026-01-10 04:16:54,906 - INFO - Get LATEST chromedriver version for google-chrome
2026-01-10 04:16:54,939 - INFO - Driver [/home/runner/.wdm/drivers/chromedriver/linux64/143.0.7499.192/chromedriver-linux64/chromedriver] found in cache
2026-01-10 04:16:56,402 - INFO - Navigated to: https://app.mochaaccounting.com/login
------------------------------ Captured log setup ------------------------------
INFO     tests.test_signup_login.conftest:conftest.py:78 Starting test with Chrome browser
INFO     WDM:logger.py:11 ====== WebDriver manager ======
INFO     WDM:logger.py:11 Get LATEST chromedriver version for google-chrome
INFO     WDM:logger.py:11 Get LATEST chromedriver version for google-chrome
INFO     WDM:logger.py:11 Driver [/home/runner/.wdm/drivers/chromedriver/linux64/143.0.7499.192/chromedriver-linux64/chromedriver] found in cache
INFO     tests.test_signup_login.conftest:conftest.py:134 Navigated to: https://app.mochaaccounting.com/login
--------------------------- Captured stderr teardown ---------------------------
2026-01-10 04:16:58,323 - INFO - Closing browser
---------------------------- Captured log teardown -----------------------------
INFO     tests.test_signup_login.conftest:conftest.py:144 Closing browser
___________________ test_invalid_email_validation[username0] ___________________
---------------------------- Captured stderr setup -----------------------------
2026-01-10 04:16:58,387 - INFO - Starting test with Chrome browser
2026-01-10 04:16:58,388 - INFO - ====== WebDriver manager ======
2026-01-10 04:16:58,453 - INFO - Get LATEST chromedriver version for google-chrome
2026-01-10 04:16:58,488 - INFO - Get LATEST chromedriver version for google-chrome
2026-01-10 04:16:58,522 - INFO - Driver [/home/runner/.wdm/drivers/chromedriver/linux64/143.0.7499.192/chromedriver-linux64/chromedriver] found in cache
2026-01-10 04:16:59,585 - INFO - Navigated to: https://app.mochaaccounting.com/login
------------------------------ Captured log setup ------------------------------
INFO     tests.test_signup_login.conftest:conftest.py:78 Starting test with Chrome browser
INFO     WDM:logger.py:11 ====== WebDriver manager ======
INFO     WDM:logger.py:11 Get LATEST chromedriver version for google-chrome
INFO     WDM:logger.py:11 Get LATEST chromedriver version for google-chrome
INFO     WDM:logger.py:11 Driver [/home/runner/.wdm/drivers/chromedriver/linux64/143.0.7499.192/chromedriver-linux64/chromedriver] found in cache
INFO     tests.test_signup_login.conftest:conftest.py:134 Navigated to: https://app.mochaaccounting.com/login
--------------------------- Captured stderr teardown ---------------------------
2026-01-10 04:17:00,058 - INFO - Closing browser
---------------------------- Captured log teardown -----------------------------
INFO     tests.test_signup_login.conftest:conftest.py:144 Closing browser
___________________ test_invalid_email_validation[username1] ___________________
---------------------------- Captured stderr setup -----------------------------
2026-01-10 04:17:00,120 - INFO - Starting test with Chrome browser
2026-01-10 04:17:00,120 - INFO - ====== WebDriver manager ======
2026-01-10 04:17:00,185 - INFO - Get LATEST chromedriver version for google-chrome
2026-01-10 04:17:00,290 - INFO - Get LATEST chromedriver version for google-chrome
2026-01-10 04:17:00,320 - INFO - Driver [/home/runner/.wdm/drivers/chromedriver/linux64/143.0.7499.192/chromedriver-linux64/chromedriver] found in cache
2026-01-10 04:17:01,793 - INFO - Navigated to: https://app.mochaaccounting.com/login
------------------------------ Captured log setup ------------------------------
INFO     tests.test_signup_login.conftest:conftest.py:78 Starting test with Chrome browser
INFO     WDM:logger.py:11 ====== WebDriver manager ======
INFO     WDM:logger.py:11 Get LATEST chromedriver version for google-chrome
INFO     WDM:logger.py:11 Get LATEST chromedriver version for google-chrome
INFO     WDM:logger.py:11 Driver [/home/runner/.wdm/drivers/chromedriver/linux64/143.0.7499.192/chromedriver-linux64/chromedriver] found in cache
INFO     tests.test_signup_login.conftest:conftest.py:134 Navigated to: https://app.mochaaccounting.com/login
--------------------------- Captured stderr teardown ---------------------------
2026-01-10 04:17:02,044 - INFO - Closing browser
---------------------------- Captured log teardown -----------------------------
INFO     tests.test_signup_login.conftest:conftest.py:144 Closing browser
___________________ test_invalid_email_validation[username2] ___________________
---------------------------- Captured stderr setup -----------------------------
2026-01-10 04:17:02,108 - INFO - Starting test with Chrome browser
2026-01-10 04:17:02,108 - INFO - ====== WebDriver manager ======
2026-01-10 04:17:02,174 - INFO - Get LATEST chromedriver version for google-chrome
2026-01-10 04:17:02,206 - INFO - Get LATEST chromedriver version for google-chrome
2026-01-10 04:17:02,238 - INFO - Driver [/home/runner/.wdm/drivers/chromedriver/linux64/143.0.7499.192/chromedriver-linux64/chromedriver] found in cache
2026-01-10 04:17:03,801 - INFO - Navigated to: https://app.mochaaccounting.com/login
------------------------------ Captured log setup ------------------------------
INFO     tests.test_signup_login.conftest:conftest.py:78 Starting test with Chrome browser
INFO     WDM:logger.py:11 ====== WebDriver manager ======
INFO     WDM:logger.py:11 Get LATEST chromedriver version for google-chrome
INFO     WDM:logger.py:11 Get LATEST chromedriver version for google-chrome
INFO     WDM:logger.py:11 Driver [/home/runner/.wdm/drivers/chromedriver/linux64/143.0.7499.192/chromedriver-linux64/chromedriver] found in cache
INFO     tests.test_signup_login.conftest:conftest.py:134 Navigated to: https://app.mochaaccounting.com/login
--------------------------- Captured stderr teardown ---------------------------
2026-01-10 04:17:04,052 - INFO - Closing browser
---------------------------- Captured log teardown -----------------------------
INFO     tests.test_signup_login.conftest:conftest.py:144 Closing browser
___________________ test_invalid_email_validation[username3] ___________________
---------------------------- Captured stderr setup -----------------------------
2026-01-10 04:17:04,115 - INFO - Starting test with Chrome browser
2026-01-10 04:17:04,115 - INFO - ====== WebDriver manager ======
2026-01-10 04:17:04,181 - INFO - Get LATEST chromedriver version for google-chrome
2026-01-10 04:17:04,216 - INFO - Get LATEST chromedriver version for google-chrome
2026-01-10 04:17:04,249 - INFO - Driver [/home/runner/.wdm/drivers/chromedriver/linux64/143.0.7499.192/chromedriver-linux64/chromedriver] found in cache
2026-01-10 04:17:05,134 - INFO - Navigated to: https://app.mochaaccounting.com/login
------------------------------ Captured log setup ------------------------------
INFO     tests.test_signup_login.conftest:conftest.py:78 Starting test with Chrome browser
INFO     WDM:logger.py:11 ====== WebDriver manager ======
INFO     WDM:logger.py:11 Get LATEST chromedriver version for google-chrome
INFO     WDM:logger.py:11 Get LATEST chromedriver version for google-chrome
INFO     WDM:logger.py:11 Driver [/home/runner/.wdm/drivers/chromedriver/linux64/143.0.7499.192/chromedriver-linux64/chromedriver] found in cache
INFO     tests.test_signup_login.conftest:conftest.py:134 Navigated to: https://app.mochaaccounting.com/login
--------------------------- Captured stderr teardown ---------------------------
2026-01-10 04:17:05,581 - INFO - Closing browser
---------------------------- Captured log teardown -----------------------------
INFO     tests.test_signup_login.conftest:conftest.py:144 Closing browser
___________________ test_invalid_email_validation[username4] ___________________
---------------------------- Captured stderr setup -----------------------------
2026-01-10 04:17:05,644 - INFO - Starting test with Chrome browser
2026-01-10 04:17:05,645 - INFO - ====== WebDriver manager ======
2026-01-10 04:17:05,709 - INFO - Get LATEST chromedriver version for google-chrome
2026-01-10 04:17:05,743 - INFO - Get LATEST chromedriver version for google-chrome
2026-01-10 04:17:05,775 - INFO - Driver [/home/runner/.wdm/drivers/chromedriver/linux64/143.0.7499.192/chromedriver-linux64/chromedriver] found in cache
2026-01-10 04:17:07,227 - INFO - Navigated to: https://app.mochaaccounting.com/login
------------------------------ Captured log setup ------------------------------
INFO     tests.test_signup_login.conftest:conftest.py:78 Starting test with Chrome browser
INFO     WDM:logger.py:11 ====== WebDriver manager ======
INFO     WDM:logger.py:11 Get LATEST chromedriver version for google-chrome
INFO     WDM:logger.py:11 Get LATEST chromedriver version for google-chrome
INFO     WDM:logger.py:11 Driver [/home/runner/.wdm/drivers/chromedriver/linux64/143.0.7499.192/chromedriver-linux64/chromedriver] found in cache
INFO     tests.test_signup_login.conftest:conftest.py:134 Navigated to: https://app.mochaaccounting.com/login
--------------------------- Captured stderr teardown ---------------------------
2026-01-10 04:17:07,476 - INFO - Closing browser
---------------------------- Captured log teardown -----------------------------
INFO     tests.test_signup_login.conftest:conftest.py:144 Closing browser
- Generated html report: file:///home/runner/work/Mocha_accounting/Mocha_accounting/C%3A%5CUsers%5CTaurus13%5CPycharmProjects%5CPythonProject%5Creports/20260110_040727/report.html -
=================== 5 failed, 10 passed in 579.88s (0:09:39) ===================
=== LOGIN TESTS COMPLETED ===
Exit Code: 1
