=== REGISTRATION TESTS STARTED: 2026-02-13 05:08:52 ===
============================= test session starts ==============================
platform linux -- Python 3.13.12, pytest-8.3.5, pluggy-1.6.0 -- /opt/hostedtoolcache/Python/3.13.12/x64/bin/python
cachedir: .pytest_cache
metadata: {'Python': '3.13.12', 'Platform': 'Linux-6.14.0-1017-azure-x86_64-with-glibc2.39', 'Packages': {'pytest': '8.3.5', 'pluggy': '1.6.0'}, 'Plugins': {'rerunfailures': '16.1', 'Faker': '40.4.0', 'metadata': '3.1.1', 'xdist': '3.8.0', 'html': '4.2.0'}, 'CI': 'true', 'JAVA_HOME': '/usr/lib/jvm/temurin-17-jdk-amd64'}
rootdir: /home/runner/work/Mocha_accounting/Mocha_accounting
plugins: rerunfailures-16.1, Faker-40.4.0, metadata-3.1.1, xdist-3.8.0, html-4.2.0
collecting ... collected 1 item

tests/test_signup_login/test_sign_up.py::test_ete_registration_india PASSED [100%]

=============================== warnings summary ===============================
tests/test_signup_login/test_sign_up.py:14
  /home/runner/work/Mocha_accounting/Mocha_accounting/tests/test_signup_login/test_sign_up.py:14: PytestUnknownMarkWarning: Unknown pytest.mark.is_registration - is this a typo?  You can register custom marks to avoid this warning - for details, see https://docs.pytest.org/en/stable/how-to/mark.html
    @pytest.mark.is_registration

tests/test_signup_login/test_sign_up.py:79
  /home/runner/work/Mocha_accounting/Mocha_accounting/tests/test_signup_login/test_sign_up.py:79: PytestUnknownMarkWarning: Unknown pytest.mark.is_registration - is this a typo?  You can register custom marks to avoid this warning - for details, see https://docs.pytest.org/en/stable/how-to/mark.html
    @pytest.mark.is_registration

-- Docs: https://docs.pytest.org/en/stable/how-to/capture-warnings.html
==================================== PASSES ====================================
_________________________ test_ete_registration_india __________________________
---------------------------- Captured stderr setup -----------------------------
2026-02-13 05:08:54,334 - INFO - Starting test with Chrome browser
2026-02-13 05:08:54,334 - INFO - ====== WebDriver manager ======
2026-02-13 05:08:54,405 - INFO - Get LATEST chromedriver version for google-chrome
2026-02-13 05:08:54,475 - INFO - Get LATEST chromedriver version for google-chrome
2026-02-13 05:08:54,544 - INFO - Driver [/home/runner/.wdm/drivers/chromedriver/linux64/145.0.7632.67/chromedriver-linux64/chromedriver] found in cache
2026-02-13 05:08:58,065 - INFO - Navigated to: https://mochaaccounting.com/
------------------------------ Captured log setup ------------------------------
INFO     tests.test_signup_login.conftest:conftest.py:78 Starting test with Chrome browser
INFO     WDM:logger.py:11 ====== WebDriver manager ======
INFO     WDM:logger.py:11 Get LATEST chromedriver version for google-chrome
INFO     WDM:logger.py:11 Get LATEST chromedriver version for google-chrome
INFO     WDM:logger.py:11 Driver [/home/runner/.wdm/drivers/chromedriver/linux64/145.0.7632.67/chromedriver-linux64/chromedriver] found in cache
INFO     tests.test_signup_login.conftest:conftest.py:135 Navigated to: https://mochaaccounting.com/
----------------------------- Captured stdout call -----------------------------
Password@123
Displayed Organization: Automation Test_20260213_050938 pvt. ltd.
----------------------------- Captured stderr call -----------------------------
2026-02-13 05:09:01,115 - INFO - Clicked on Sign-up for free button
2026-02-13 05:09:01,294 - INFO - Entered First Name: Automation_FN_20260213_050901
2026-02-13 05:09:03,294 - INFO - Entered the first name
2026-02-13 05:09:03,448 - INFO - Entered Last Name: Tester_LN_20260213_050903
2026-02-13 05:09:05,449 - INFO - Entered the last name
2026-02-13 05:09:07,607 - INFO - Entered the email: mochaautotest+20260213_050905@gmail.com
2026-02-13 05:09:08,382 - INFO - Selected country for phone number
2026-02-13 05:09:08,489 - INFO - Entered phone number
2026-02-13 05:09:08,579 - INFO - Agreed to policy checkbox checked
2026-02-13 05:09:08,677 - INFO - Clicked on Sign-up button
2026-02-13 05:09:18,839 - INFO - file_cache is only supported with oauth2client<4.0.0
2026-02-13 05:09:18,840 - INFO - Fetching OTP with up to 5 retries (every 10s)...
2026-02-13 05:09:19,337 - INFO -  Extracted OTP: 972651
2026-02-13 05:09:22,165 - INFO - Using OTP: 972651
2026-02-13 05:09:22,346 - INFO - OTP submitted successfully.
2026-02-13 05:09:24,346 - INFO - Entered Otp
2026-02-13 05:09:26,557 - INFO - Password and Confirm Password entered successfully.
2026-02-13 05:09:26,557 - INFO - Set the password
2026-02-13 05:09:26,648 - INFO - click on next button
2026-02-13 05:09:31,769 - INFO - Entered email-id
2026-02-13 05:09:32,908 - INFO - Entered password
2026-02-13 05:09:33,005 - INFO - Clicked on Login button
2026-02-13 05:09:38,166 - INFO - Entered Organization name
2026-02-13 05:09:42,906 - INFO - Entered Organization address
2026-02-13 05:09:43,010 - INFO - click on next button
2026-02-13 05:09:48,100 - INFO - click on start for free button
2026-02-13 05:09:50,189 - INFO - click on next button
2026-02-13 05:09:50,269 - INFO - click on proceed button
2026-02-13 05:10:20,300 - INFO - Asserted the displayed and given organization name
------------------------------ Captured log call -------------------------------
INFO     tests.test_signup_login.test_sign_up:test_sign_up.py:21 Clicked on Sign-up for free button
INFO     root:registration.py:107 Entered First Name: Automation_FN_20260213_050901
INFO     tests.test_signup_login.test_sign_up:test_sign_up.py:23 Entered the first name
INFO     root:registration.py:115 Entered Last Name: Tester_LN_20260213_050903
INFO     tests.test_signup_login.test_sign_up:test_sign_up.py:25 Entered the last name
INFO     tests.test_signup_login.test_sign_up:test_sign_up.py:27 Entered the email: mochaautotest+20260213_050905@gmail.com
INFO     tests.test_signup_login.test_sign_up:test_sign_up.py:29 Selected country for phone number
INFO     tests.test_signup_login.test_sign_up:test_sign_up.py:31 Entered phone number
INFO     tests.test_signup_login.test_sign_up:test_sign_up.py:33 Agreed to policy checkbox checked
INFO     tests.test_signup_login.test_sign_up:test_sign_up.py:35 Clicked on Sign-up button
INFO     googleapiclient.discovery_cache:__init__.py:49 file_cache is only supported with oauth2client<4.0.0
INFO     root:get_mail_otp.py:99 Fetching OTP with up to 5 retries (every 10s)...
INFO     root:get_mail_otp.py:80  Extracted OTP: 972651
INFO     root:registration.py:157 Using OTP: 972651
INFO     root:registration.py:162 OTP submitted successfully.
INFO     tests.test_signup_login.test_sign_up:test_sign_up.py:41 Entered Otp
INFO     root:registration.py:179 Password and Confirm Password entered successfully.
INFO     tests.test_signup_login.test_sign_up:test_sign_up.py:45 Set the password
INFO     tests.test_signup_login.test_sign_up:test_sign_up.py:47 click on next button
INFO     tests.test_signup_login.test_sign_up:test_sign_up.py:50 Entered email-id
INFO     tests.test_signup_login.test_sign_up:test_sign_up.py:52 Entered password
INFO     tests.test_signup_login.test_sign_up:test_sign_up.py:54 Clicked on Login button
INFO     tests.test_signup_login.test_sign_up:test_sign_up.py:57 Entered Organization name
INFO     tests.test_signup_login.test_sign_up:test_sign_up.py:59 Entered Organization address
INFO     tests.test_signup_login.test_sign_up:test_sign_up.py:61 click on next button
INFO     tests.test_signup_login.test_sign_up:test_sign_up.py:64 click on start for free button
INFO     tests.test_signup_login.test_sign_up:test_sign_up.py:66 click on next button
INFO     tests.test_signup_login.test_sign_up:test_sign_up.py:68 click on proceed button
INFO     tests.test_signup_login.test_sign_up:test_sign_up.py:74 Asserted the displayed and given organization name
--------------------------- Captured stderr teardown ---------------------------
2026-02-13 05:10:20,301 - INFO - Closing browser
---------------------------- Captured log teardown -----------------------------
INFO     tests.test_signup_login.conftest:conftest.py:145 Closing browser
- Generated html report: file:///home/runner/work/Mocha_accounting/Mocha_accounting/C%3A%5CUsers%5CTaurus13%5CPycharmProjects%5CPythonProject%5Creports/20260213_050853/report.html -
=================== 1 passed, 2 warnings in 87.04s (0:01:27) ===================
=== REGISTRATION TESTS COMPLETED ===
Exit Code: 0
=== NON INDIA REGISTRATION TEST STARTED: 2026-02-13 05:10:20 ===
============================= test session starts ==============================
platform linux -- Python 3.13.12, pytest-8.3.5, pluggy-1.6.0 -- /opt/hostedtoolcache/Python/3.13.12/x64/bin/python
cachedir: .pytest_cache
metadata: {'Python': '3.13.12', 'Platform': 'Linux-6.14.0-1017-azure-x86_64-with-glibc2.39', 'Packages': {'pytest': '8.3.5', 'pluggy': '1.6.0'}, 'Plugins': {'rerunfailures': '16.1', 'Faker': '40.4.0', 'metadata': '3.1.1', 'xdist': '3.8.0', 'html': '4.2.0'}, 'CI': 'true', 'JAVA_HOME': '/usr/lib/jvm/temurin-17-jdk-amd64'}
rootdir: /home/runner/work/Mocha_accounting/Mocha_accounting
plugins: rerunfailures-16.1, Faker-40.4.0, metadata-3.1.1, xdist-3.8.0, html-4.2.0
collecting ... collected 1 item

tests/test_signup_login/test_sign_up.py::test_ete_registration_non_india FAILED [100%]

=================================== FAILURES ===================================
_______________________ test_ete_registration_non_india ________________________

sign_login_setup = <selenium.webdriver.chrome.webdriver.WebDriver (session="92544659663eeb16e9a0494cd04d2413")>
registration_test_data = {'organization_address_city': 'Tampa', 'organization_address_country': 'United States', 'organization_address_india': 'INOX: Insignia At Epicuria', 'organization_address_nonindia': '1105 West Woodlawn Avenue Tampa, FLA, USA', ...}

    @pytest.mark.is_registration
    def test_ete_registration_non_india(sign_login_setup, registration_test_data):
        driver = sign_login_setup
        registration = Registration(driver)
        login = LoginPage(driver)
        time.sleep(2)
        registration.registration_signup_sign_up_btn()
        logger.info("Clicked on Sign-up for free button")
        registration.registration_signup_first_name(registration_test_data)
        logger.info("Entered the first name")
        registration.registration_signup_last_name(registration_test_data)
        logger.info("Entered the last name")
        unique_email_id = registration.registration_signup_email(registration_test_data)
        logger.info(f"Entered the email: {unique_email_id}")
        registration.registration_signup_phone_number_country_non_india(registration_test_data)
        logger.info("Selected country for phone number")
        registration.registration_signup_phone_number_non_india(registration_test_data)
        logger.info("Entered phone number")
        registration.registration_signup_agreed_to_policy_chkbx(registration_test_data)
        logger.info("Agreed to policy checkbox checked")
        registration.registration_signup_submit_btn(registration_test_data)
        logger.info("Clicked on Sign-up button")
        time.sleep(10)
        # Fetch OTP using the unique email
        otp = get_latest_otp_email()
        time.sleep(2)
        registration.registration_enter_otp(otp)
        logger.info("Entered Otp")
        time.sleep(2)
        #registration.registration_enter_password_new(registration_test_data)
        registration.registration_enter_password(registration_test_data)
        logger.info("Set the password")
        registration.registration_next_btn()
        logger.info("click on next button")
        time.sleep(5)
        login.enter_username(unique_email_id)
        logger.info("Entered email-id")
        login.enter_password(registration_test_data["registration_password"])
        logger.info("Entered password")
        login.click_loginbutton()
        logger.info("Clicked on Login button")
        time.sleep(5)
        registration.registration_organization_details_enter_company_name(registration_test_data)
        logger.info("Entered Organization name")
        registration.registration_organization_address_entermanually()
        logger.info("Clicked on the enter manually check box")
        registration.registration_organization_address_inp_manually(registration_test_data)
        logger.info("Entered the Address line 1")
        registration.registration_organization_address_country_nonindia(registration_test_data)
        logger.info("Country selected")
        registration.registration_organization_address_state(registration_test_data)
        logger.info("State selected")
        registration.registration_organization_address_city(registration_test_data)
        logger.info("Entered City")
        registration.registration_organization_address_zip(registration_test_data)
        logger.info("Entered Zip")
        registration.registration_next_btn()
        logger.info("click on next button")
        time.sleep(5)
        registration.registration_pricing_plan_americano_purchase_btn()
        logger.info("Americano plan selected")
        registration.registration_pricing_plan_nxt_btn()
        logger.info("click on next button")
        registration.registration_pricing_plan_procd_btn()
        logger.info("click on proceed button")
        time.sleep(20)
        #registration.registration_organization_close_ads_popup()
        #logger.info("Closed Ads popup")
        time.sleep(10)
>       registration.registration_asset_given_org_name_and_displayed_org_name()

tests/test_signup_login/test_sign_up.py:148: 
_ _ _ _ _ _ _ _ _ _ _ _ _ _ _ _ _ _ _ _ _ _ _ _ _ _ _ _ _ _ _ _ _ _ _ _ _ _ _ _ 

self = <pages.registration.Registration object at 0x7fe1ce897380>

    def registration_asset_given_org_name_and_displayed_org_name(self):
>       self.actions.wait_for_element(self.registration_org_name_txt)

pages/registration.py:376: 
_ _ _ _ _ _ _ _ _ _ _ _ _ _ _ _ _ _ _ _ _ _ _ _ _ _ _ _ _ _ _ _ _ _ _ _ _ _ _ _ 

self = <actions.actions.Actions object at 0x7fe1cee10590>
locator = ('xpath', "//button//span[@class='tenant-name']"), timeout = 100

    def wait_for_element(self, locator, timeout=100):
>       WebDriverWait(self.driver, timeout).until(EC.visibility_of_element_located(locator))

actions/actions.py:87: 
_ _ _ _ _ _ _ _ _ _ _ _ _ _ _ _ _ _ _ _ _ _ _ _ _ _ _ _ _ _ _ _ _ _ _ _ _ _ _ _ 

self = <selenium.webdriver.support.wait.WebDriverWait (session="92544659663eeb16e9a0494cd04d2413")>
method = <function visibility_of_element_located.<locals>._predicate at 0x7fe1cf20e2a0>
message = ''

    def until(self, method: Callable[[D], Union[Literal[False], T]], message: str = "") -> T:
        """Wait until the method returns a value that is not False.
    
        Calls the method provided with the driver as an argument until the
        return value does not evaluate to ``False``.
    
        Parameters:
        ----------
        method: callable(WebDriver)
            - A callable object that takes a WebDriver instance as an argument.
    
        message: str
            - Optional message for :exc:`TimeoutException`
    
        Return:
        -------
        object: T
            - The result of the last call to `method`
    
        Raises:
        -------
        TimeoutException
            - If 'method' does not return a truthy value within the WebDriverWait
            object's timeout
    
        Example:
        --------
        >>> from selenium.webdriver.common.by import By
        >>> from selenium.webdriver.support.ui import WebDriverWait
        >>> from selenium.webdriver.support import expected_conditions as EC
    
        # Wait until an element is visible on the page
        >>> wait = WebDriverWait(driver, 10)
        >>> element = wait.until(EC.visibility_of_element_located((By.ID, "exampleId")))
        >>> print(element.text)
        """
        screen = None
        stacktrace = None
    
        end_time = time.monotonic() + self._timeout
        while True:
            try:
                value = method(self._driver)
                if value:
                    return value
            except self._ignored_exceptions as exc:
                screen = getattr(exc, "screen", None)
                stacktrace = getattr(exc, "stacktrace", None)
            if time.monotonic() > end_time:
                break
            time.sleep(self._poll)
>       raise TimeoutException(message, screen, stacktrace)
E       selenium.common.exceptions.TimeoutException: Message: 
E       Stacktrace:
E       #0 0x560f4196cd0a <unknown>
E       #1 0x560f4137c682 <unknown>
E       #2 0x560f413d1a06 <unknown>
E       #3 0x560f413d1c41 <unknown>
E       #4 0x560f4141ce14 <unknown>
E       #5 0x560f4141a04b <unknown>
E       #6 0x560f413c388f <unknown>
E       #7 0x560f413c4651 <unknown>
E       #8 0x560f41931159 <unknown>
E       #9 0x560f41934061 <unknown>
E       #10 0x560f4191d919 <unknown>
E       #11 0x560f41934c2e <unknown>
E       #12 0x560f41903c90 <unknown>
E       #13 0x560f41959358 <unknown>
E       #14 0x560f41959528 <unknown>
E       #15 0x560f4196b353 <unknown>
E       #16 0x7fc17ea9caa4 <unknown>
E       #17 0x7fc17eb29c6c <unknown>

/opt/hostedtoolcache/Python/3.13.12/x64/lib/python3.13/site-packages/selenium/webdriver/support/wait.py:146: TimeoutException
---------------------------- Captured stderr setup -----------------------------
2026-02-13 05:10:21,576 - INFO - Starting test with Chrome browser
2026-02-13 05:10:21,576 - INFO - ====== WebDriver manager ======
2026-02-13 05:10:21,648 - INFO - Get LATEST chromedriver version for google-chrome
2026-02-13 05:10:21,723 - INFO - Get LATEST chromedriver version for google-chrome
2026-02-13 05:10:21,789 - INFO - Driver [/home/runner/.wdm/drivers/chromedriver/linux64/145.0.7632.67/chromedriver-linux64/chromedriver] found in cache
2026-02-13 05:10:25,056 - INFO - Navigated to: https://mochaaccounting.com/
------------------------------ Captured log setup ------------------------------
INFO     tests.test_signup_login.conftest:conftest.py:78 Starting test with Chrome browser
INFO     WDM:logger.py:11 ====== WebDriver manager ======
INFO     WDM:logger.py:11 Get LATEST chromedriver version for google-chrome
INFO     WDM:logger.py:11 Get LATEST chromedriver version for google-chrome
INFO     WDM:logger.py:11 Driver [/home/runner/.wdm/drivers/chromedriver/linux64/145.0.7632.67/chromedriver-linux64/chromedriver] found in cache
INFO     tests.test_signup_login.conftest:conftest.py:135 Navigated to: https://mochaaccounting.com/
----------------------------- Captured stdout call -----------------------------
Password@123
----------------------------- Captured stderr call -----------------------------
2026-02-13 05:10:27,992 - INFO - Clicked on Sign-up for free button
2026-02-13 05:10:28,159 - INFO - Entered First Name: Automation_FN_20260213_051028
2026-02-13 05:10:30,159 - INFO - Entered the first name
2026-02-13 05:10:30,322 - INFO - Entered Last Name: Tester_LN_20260213_051030
2026-02-13 05:10:32,322 - INFO - Entered the last name
2026-02-13 05:10:34,479 - INFO - Entered the email: mochaautotest+20260213_051032@gmail.com
2026-02-13 05:10:36,011 - INFO - Selected country for phone number
2026-02-13 05:10:36,120 - INFO - Entered phone number
2026-02-13 05:10:36,209 - INFO - Agreed to policy checkbox checked
2026-02-13 05:10:36,310 - INFO - Clicked on Sign-up button
2026-02-13 05:10:46,311 - INFO - file_cache is only supported with oauth2client<4.0.0
2026-02-13 05:10:46,313 - INFO - Fetching OTP with up to 5 retries (every 10s)...
2026-02-13 05:10:46,807 - INFO -  Extracted OTP: 401787
2026-02-13 05:10:49,226 - INFO - Using OTP: 401787
2026-02-13 05:10:49,407 - INFO - OTP submitted successfully.
2026-02-13 05:10:51,408 - INFO - Entered Otp
2026-02-13 05:10:53,615 - INFO - Password and Confirm Password entered successfully.
2026-02-13 05:10:53,615 - INFO - Set the password
2026-02-13 05:10:53,707 - INFO - click on next button
2026-02-13 05:10:58,827 - INFO - Entered email-id
2026-02-13 05:10:59,966 - INFO - Entered password
2026-02-13 05:11:00,069 - INFO - Clicked on Login button
2026-02-13 05:11:05,234 - INFO - Entered Organization name
2026-02-13 05:11:07,332 - INFO - Clicked on the enter manually check box
2026-02-13 05:11:07,505 - INFO - Entered the Address line 1
2026-02-13 05:11:11,015 - INFO - Country selected
2026-02-13 05:11:13,391 - INFO - State selected
2026-02-13 05:11:13,483 - INFO - Entered City
2026-02-13 05:11:13,560 - INFO - Entered Zip
2026-02-13 05:11:13,661 - INFO - click on next button
2026-02-13 05:11:18,750 - INFO - Americano plan selected
2026-02-13 05:11:20,844 - INFO - click on next button
2026-02-13 05:11:20,927 - INFO - click on proceed button
------------------------------ Captured log call -------------------------------
INFO     tests.test_signup_login.test_sign_up:test_sign_up.py:86 Clicked on Sign-up for free button
INFO     root:registration.py:107 Entered First Name: Automation_FN_20260213_051028
INFO     tests.test_signup_login.test_sign_up:test_sign_up.py:88 Entered the first name
INFO     root:registration.py:115 Entered Last Name: Tester_LN_20260213_051030
INFO     tests.test_signup_login.test_sign_up:test_sign_up.py:90 Entered the last name
INFO     tests.test_signup_login.test_sign_up:test_sign_up.py:92 Entered the email: mochaautotest+20260213_051032@gmail.com
INFO     tests.test_signup_login.test_sign_up:test_sign_up.py:94 Selected country for phone number
INFO     tests.test_signup_login.test_sign_up:test_sign_up.py:96 Entered phone number
INFO     tests.test_signup_login.test_sign_up:test_sign_up.py:98 Agreed to policy checkbox checked
INFO     tests.test_signup_login.test_sign_up:test_sign_up.py:100 Clicked on Sign-up button
INFO     googleapiclient.discovery_cache:__init__.py:49 file_cache is only supported with oauth2client<4.0.0
INFO     root:get_mail_otp.py:99 Fetching OTP with up to 5 retries (every 10s)...
INFO     root:get_mail_otp.py:80  Extracted OTP: 401787
INFO     root:registration.py:157 Using OTP: 401787
INFO     root:registration.py:162 OTP submitted successfully.
INFO     tests.test_signup_login.test_sign_up:test_sign_up.py:106 Entered Otp
INFO     root:registration.py:179 Password and Confirm Password entered successfully.
INFO     tests.test_signup_login.test_sign_up:test_sign_up.py:110 Set the password
INFO     tests.test_signup_login.test_sign_up:test_sign_up.py:112 click on next button
INFO     tests.test_signup_login.test_sign_up:test_sign_up.py:115 Entered email-id
INFO     tests.test_signup_login.test_sign_up:test_sign_up.py:117 Entered password
INFO     tests.test_signup_login.test_sign_up:test_sign_up.py:119 Clicked on Login button
INFO     tests.test_signup_login.test_sign_up:test_sign_up.py:122 Entered Organization name
INFO     tests.test_signup_login.test_sign_up:test_sign_up.py:124 Clicked on the enter manually check box
INFO     tests.test_signup_login.test_sign_up:test_sign_up.py:126 Entered the Address line 1
INFO     tests.test_signup_login.test_sign_up:test_sign_up.py:128 Country selected
INFO     tests.test_signup_login.test_sign_up:test_sign_up.py:130 State selected
INFO     tests.test_signup_login.test_sign_up:test_sign_up.py:132 Entered City
INFO     tests.test_signup_login.test_sign_up:test_sign_up.py:134 Entered Zip
INFO     tests.test_signup_login.test_sign_up:test_sign_up.py:136 click on next button
INFO     tests.test_signup_login.test_sign_up:test_sign_up.py:139 Americano plan selected
INFO     tests.test_signup_login.test_sign_up:test_sign_up.py:141 click on next button
INFO     tests.test_signup_login.test_sign_up:test_sign_up.py:143 click on proceed button
--------------------------- Captured stderr teardown ---------------------------
2026-02-13 05:13:35,434 - INFO - Closing browser
---------------------------- Captured log teardown -----------------------------
INFO     tests.test_signup_login.conftest:conftest.py:145 Closing browser
=============================== warnings summary ===============================
tests/test_signup_login/test_sign_up.py:14
  /home/runner/work/Mocha_accounting/Mocha_accounting/tests/test_signup_login/test_sign_up.py:14: PytestUnknownMarkWarning: Unknown pytest.mark.is_registration - is this a typo?  You can register custom marks to avoid this warning - for details, see https://docs.pytest.org/en/stable/how-to/mark.html
    @pytest.mark.is_registration

tests/test_signup_login/test_sign_up.py:79
  /home/runner/work/Mocha_accounting/Mocha_accounting/tests/test_signup_login/test_sign_up.py:79: PytestUnknownMarkWarning: Unknown pytest.mark.is_registration - is this a typo?  You can register custom marks to avoid this warning - for details, see https://docs.pytest.org/en/stable/how-to/mark.html
    @pytest.mark.is_registration

-- Docs: https://docs.pytest.org/en/stable/how-to/capture-warnings.html
- Generated html report: file:///home/runner/work/Mocha_accounting/Mocha_accounting/C%3A%5CUsers%5CTaurus13%5CPycharmProjects%5CPythonProject%5Creports/20260213_051021/report.html -
================== 1 failed, 2 warnings in 194.46s (0:03:14) ===================
=== NON INDIA REGISTRATION TEST COMPLETED ===
Exit Code: 1
