=== REGISTRATION TESTS STARTED: 2026-01-27 04:30:37 ===
============================= test session starts ==============================
platform linux -- Python 3.13.11, pytest-8.3.5, pluggy-1.6.0 -- /opt/hostedtoolcache/Python/3.13.11/x64/bin/python
cachedir: .pytest_cache
metadata: {'Python': '3.13.11', 'Platform': 'Linux-6.11.0-1018-azure-x86_64-with-glibc2.39', 'Packages': {'pytest': '8.3.5', 'pluggy': '1.6.0'}, 'Plugins': {'rerunfailures': '16.1', 'Faker': '40.1.2', 'xdist': '3.8.0', 'html': '4.2.0', 'metadata': '3.1.1'}, 'CI': 'true', 'JAVA_HOME': '/usr/lib/jvm/temurin-17-jdk-amd64'}
rootdir: /home/runner/work/Mocha_accounting/Mocha_accounting
plugins: rerunfailures-16.1, Faker-40.1.2, xdist-3.8.0, html-4.2.0, metadata-3.1.1
collecting ... collected 2 items

tests/test_signup_login/test_sign_up.py::test_ete_registration_india FAILED [ 50%]
tests/test_signup_login/test_sign_up.py::test_ete_registration_non_india FAILED [100%]

=================================== FAILURES ===================================
_________________________ test_ete_registration_india __________________________

sign_login_setup = <selenium.webdriver.chrome.webdriver.WebDriver (session="3d67af863e7363498fb63a00f0d42e59")>
registration_test_data = {'organization_address': 'INOX: Insignia At Epicuria', 'organization_address_city': 'Jacksonville', 'organization_address_country': 'United States', 'organization_address_india': 'INOX: Insignia At Epicuria', ...}

    @pytest.mark.is_registration
    def test_ete_registration_india(sign_login_setup, registration_test_data):
        driver = sign_login_setup
        registration = Registration(driver)
        login = LoginPage(driver)
        time.sleep(2)
>       registration.registration_signup_sign_up_btn()

tests/test_signup_login/test_sign_up.py:20: 
_ _ _ _ _ _ _ _ _ _ _ _ _ _ _ _ _ _ _ _ _ _ _ _ _ _ _ _ _ _ _ _ _ _ _ _ _ _ _ _ 

self = <pages.registration.Registration object at 0x7fd888290980>

    def registration_signup_sign_up_btn(self):
>       WebDriverWait(self.driver, 30).until(
            EC.element_to_be_clickable(self.registration_sign_up_btn)
        ).click()

pages/registration.py:98: 
_ _ _ _ _ _ _ _ _ _ _ _ _ _ _ _ _ _ _ _ _ _ _ _ _ _ _ _ _ _ _ _ _ _ _ _ _ _ _ _ 

self = <selenium.webdriver.support.wait.WebDriverWait (session="3d67af863e7363498fb63a00f0d42e59")>
method = <function element_to_be_clickable.<locals>._predicate at 0x7fd88814dbc0>
message = ''

    def until(self, method: Callable[[D], Union[Literal[False], T]], message: str = "") -> T:
        """Wait until the method returns a value that is not False.
    
        Calls the method provided with the driver as an argument until the
        return value does not evaluate to ``False``.
    
        Parameters:
        ----------
        method: callable(WebDriver)
            - A callable object that takes a WebDriver instance as an argument.
    
        message: str
            - Optional message for :exc:`TimeoutException`
    
        Return:
        -------
        object: T
            - The result of the last call to `method`
    
        Raises:
        -------
        TimeoutException
            - If 'method' does not return a truthy value within the WebDriverWait
            object's timeout
    
        Example:
        --------
        >>> from selenium.webdriver.common.by import By
        >>> from selenium.webdriver.support.ui import WebDriverWait
        >>> from selenium.webdriver.support import expected_conditions as EC
    
        # Wait until an element is visible on the page
        >>> wait = WebDriverWait(driver, 10)
        >>> element = wait.until(EC.visibility_of_element_located((By.ID, "exampleId")))
        >>> print(element.text)
        """
        screen = None
        stacktrace = None
    
        end_time = time.monotonic() + self._timeout
        while True:
            try:
                value = method(self._driver)
                if value:
                    return value
            except self._ignored_exceptions as exc:
                screen = getattr(exc, "screen", None)
                stacktrace = getattr(exc, "stacktrace", None)
            if time.monotonic() > end_time:
                break
            time.sleep(self._poll)
>       raise TimeoutException(message, screen, stacktrace)
E       selenium.common.exceptions.TimeoutException: Message:

/opt/hostedtoolcache/Python/3.13.11/x64/lib/python3.13/site-packages/selenium/webdriver/support/wait.py:146: TimeoutException
---------------------------- Captured stderr setup -----------------------------
2026-01-27 04:30:39,645 - INFO - Starting test with Chrome browser
2026-01-27 04:30:39,645 - INFO - ====== WebDriver manager ======
2026-01-27 04:30:39,711 - INFO - Get LATEST chromedriver version for google-chrome
2026-01-27 04:30:39,749 - INFO - Get LATEST chromedriver version for google-chrome
2026-01-27 04:30:39,782 - INFO - Driver [/home/runner/.wdm/drivers/chromedriver/linux64/144.0.7559.96/chromedriver-linux64/chromedriver] found in cache
2026-01-27 04:30:42,822 - INFO - Navigated to: https://mochaaccounting.com/
------------------------------ Captured log setup ------------------------------
INFO     tests.test_signup_login.conftest:conftest.py:78 Starting test with Chrome browser
INFO     WDM:logger.py:11 ====== WebDriver manager ======
INFO     WDM:logger.py:11 Get LATEST chromedriver version for google-chrome
INFO     WDM:logger.py:11 Get LATEST chromedriver version for google-chrome
INFO     WDM:logger.py:11 Driver [/home/runner/.wdm/drivers/chromedriver/linux64/144.0.7559.96/chromedriver-linux64/chromedriver] found in cache
INFO     tests.test_signup_login.conftest:conftest.py:134 Navigated to: https://mochaaccounting.com/
--------------------------- Captured stderr teardown ---------------------------
2026-01-27 04:31:15,037 - INFO - Closing browser
---------------------------- Captured log teardown -----------------------------
INFO     tests.test_signup_login.conftest:conftest.py:144 Closing browser
_______________________ test_ete_registration_non_india ________________________

sign_login_setup = <selenium.webdriver.chrome.webdriver.WebDriver (session="9104cdff6d57328b13ec3938b8c8c5d1")>
registration_test_data = {'organization_address': 'INOX: Insignia At Epicuria', 'organization_address_city': 'Jacksonville', 'organization_address_country': 'United States', 'organization_address_india': 'INOX: Insignia At Epicuria', ...}

    @pytest.mark.is_registration
    def test_ete_registration_non_india(sign_login_setup, registration_test_data):
        driver = sign_login_setup
        registration = Registration(driver)
        login = LoginPage(driver)
        time.sleep(2)
>       registration.registration_signup_sign_up_btn()

tests/test_signup_login/test_sign_up.py:85: 
_ _ _ _ _ _ _ _ _ _ _ _ _ _ _ _ _ _ _ _ _ _ _ _ _ _ _ _ _ _ _ _ _ _ _ _ _ _ _ _ 

self = <pages.registration.Registration object at 0x7fd8882ee0d0>

    def registration_signup_sign_up_btn(self):
>       WebDriverWait(self.driver, 30).until(
            EC.element_to_be_clickable(self.registration_sign_up_btn)
        ).click()

pages/registration.py:98: 
_ _ _ _ _ _ _ _ _ _ _ _ _ _ _ _ _ _ _ _ _ _ _ _ _ _ _ _ _ _ _ _ _ _ _ _ _ _ _ _ 

self = <selenium.webdriver.support.wait.WebDriverWait (session="9104cdff6d57328b13ec3938b8c8c5d1")>
method = <function element_to_be_clickable.<locals>._predicate at 0x7fd8881ea0c0>
message = ''

    def until(self, method: Callable[[D], Union[Literal[False], T]], message: str = "") -> T:
        """Wait until the method returns a value that is not False.
    
        Calls the method provided with the driver as an argument until the
        return value does not evaluate to ``False``.
    
        Parameters:
        ----------
        method: callable(WebDriver)
            - A callable object that takes a WebDriver instance as an argument.
    
        message: str
            - Optional message for :exc:`TimeoutException`
    
        Return:
        -------
        object: T
            - The result of the last call to `method`
    
        Raises:
        -------
        TimeoutException
            - If 'method' does not return a truthy value within the WebDriverWait
            object's timeout
    
        Example:
        --------
        >>> from selenium.webdriver.common.by import By
        >>> from selenium.webdriver.support.ui import WebDriverWait
        >>> from selenium.webdriver.support import expected_conditions as EC
    
        # Wait until an element is visible on the page
        >>> wait = WebDriverWait(driver, 10)
        >>> element = wait.until(EC.visibility_of_element_located((By.ID, "exampleId")))
        >>> print(element.text)
        """
        screen = None
        stacktrace = None
    
        end_time = time.monotonic() + self._timeout
        while True:
            try:
                value = method(self._driver)
                if value:
                    return value
            except self._ignored_exceptions as exc:
                screen = getattr(exc, "screen", None)
                stacktrace = getattr(exc, "stacktrace", None)
            if time.monotonic() > end_time:
                break
            time.sleep(self._poll)
>       raise TimeoutException(message, screen, stacktrace)
E       selenium.common.exceptions.TimeoutException: Message:

/opt/hostedtoolcache/Python/3.13.11/x64/lib/python3.13/site-packages/selenium/webdriver/support/wait.py:146: TimeoutException
---------------------------- Captured stderr setup -----------------------------
2026-01-27 04:31:15,123 - INFO - Starting test with Chrome browser
2026-01-27 04:31:15,123 - INFO - ====== WebDriver manager ======
2026-01-27 04:31:15,189 - INFO - Get LATEST chromedriver version for google-chrome
2026-01-27 04:31:15,226 - INFO - Get LATEST chromedriver version for google-chrome
2026-01-27 04:31:15,258 - INFO - Driver [/home/runner/.wdm/drivers/chromedriver/linux64/144.0.7559.96/chromedriver-linux64/chromedriver] found in cache
2026-01-27 04:31:17,929 - INFO - Navigated to: https://mochaaccounting.com/
------------------------------ Captured log setup ------------------------------
INFO     tests.test_signup_login.conftest:conftest.py:78 Starting test with Chrome browser
INFO     WDM:logger.py:11 ====== WebDriver manager ======
INFO     WDM:logger.py:11 Get LATEST chromedriver version for google-chrome
INFO     WDM:logger.py:11 Get LATEST chromedriver version for google-chrome
INFO     WDM:logger.py:11 Driver [/home/runner/.wdm/drivers/chromedriver/linux64/144.0.7559.96/chromedriver-linux64/chromedriver] found in cache
INFO     tests.test_signup_login.conftest:conftest.py:134 Navigated to: https://mochaaccounting.com/
--------------------------- Captured stderr teardown ---------------------------
2026-01-27 04:31:50,118 - INFO - Closing browser
---------------------------- Captured log teardown -----------------------------
INFO     tests.test_signup_login.conftest:conftest.py:144 Closing browser
=============================== warnings summary ===============================
tests/test_signup_login/test_sign_up.py:14
  /home/runner/work/Mocha_accounting/Mocha_accounting/tests/test_signup_login/test_sign_up.py:14: PytestUnknownMarkWarning: Unknown pytest.mark.is_registration - is this a typo?  You can register custom marks to avoid this warning - for details, see https://docs.pytest.org/en/stable/how-to/mark.html
    @pytest.mark.is_registration

tests/test_signup_login/test_sign_up.py:79
  /home/runner/work/Mocha_accounting/Mocha_accounting/tests/test_signup_login/test_sign_up.py:79: PytestUnknownMarkWarning: Unknown pytest.mark.is_registration - is this a typo?  You can register custom marks to avoid this warning - for details, see https://docs.pytest.org/en/stable/how-to/mark.html
    @pytest.mark.is_registration

-- Docs: https://docs.pytest.org/en/stable/how-to/capture-warnings.html
- Generated html report: file:///home/runner/work/Mocha_accounting/Mocha_accounting/C%3A%5CUsers%5CTaurus13%5CPycharmProjects%5CPythonProject%5Creports/20260127_043038/report.html -
=================== 2 failed, 2 warnings in 71.74s (0:01:11) ===================
=== REGISTRATION TESTS COMPLETED ===
Exit Code: 1
=== REGISTRATION TESTS STARTED: 2026-01-27 10:59:04 ===
============================= test session starts ==============================
platform linux -- Python 3.13.11, pytest-8.3.5, pluggy-1.6.0 -- /opt/hostedtoolcache/Python/3.13.11/x64/bin/python
cachedir: .pytest_cache
metadata: {'Python': '3.13.11', 'Platform': 'Linux-6.11.0-1018-azure-x86_64-with-glibc2.39', 'Packages': {'pytest': '8.3.5', 'pluggy': '1.6.0'}, 'Plugins': {'rerunfailures': '16.1', 'Faker': '40.1.2', 'xdist': '3.8.0', 'html': '4.2.0', 'metadata': '3.1.1'}, 'CI': 'true', 'JAVA_HOME': '/usr/lib/jvm/temurin-17-jdk-amd64'}
rootdir: /home/runner/work/Mocha_accounting/Mocha_accounting
plugins: rerunfailures-16.1, Faker-40.1.2, xdist-3.8.0, html-4.2.0, metadata-3.1.1
collecting ... collected 2 items

tests/test_signup_login/test_sign_up.py::test_ete_registration_india FAILED [ 50%]
tests/test_signup_login/test_sign_up.py::test_ete_registration_non_india FAILED [100%]

=================================== FAILURES ===================================
_________________________ test_ete_registration_india __________________________

sign_login_setup = <selenium.webdriver.chrome.webdriver.WebDriver (session="0dd69395233028022a24dee7a83f312d")>
registration_test_data = {'organization_address': 'INOX: Insignia At Epicuria', 'organization_address_city': 'Jacksonville', 'organization_address_country': 'United States', 'organization_address_india': 'INOX: Insignia At Epicuria', ...}

    @pytest.mark.is_registration
    def test_ete_registration_india(sign_login_setup, registration_test_data):
        driver = sign_login_setup
        registration = Registration(driver)
        login = LoginPage(driver)
        time.sleep(2)
>       registration.registration_signup_sign_up_btn()

tests/test_signup_login/test_sign_up.py:20: 
_ _ _ _ _ _ _ _ _ _ _ _ _ _ _ _ _ _ _ _ _ _ _ _ _ _ _ _ _ _ _ _ _ _ _ _ _ _ _ _ 

self = <pages.registration.Registration object at 0x7f8f6bc90980>

    def registration_signup_sign_up_btn(self):
>       WebDriverWait(self.driver, 30).until(
            EC.element_to_be_clickable(self.registration_sign_up_btn)
        ).click()

pages/registration.py:98: 
_ _ _ _ _ _ _ _ _ _ _ _ _ _ _ _ _ _ _ _ _ _ _ _ _ _ _ _ _ _ _ _ _ _ _ _ _ _ _ _ 

self = <selenium.webdriver.support.wait.WebDriverWait (session="0dd69395233028022a24dee7a83f312d")>
method = <function element_to_be_clickable.<locals>._predicate at 0x7f8f6bcf9bc0>
message = ''

    def until(self, method: Callable[[D], Union[Literal[False], T]], message: str = "") -> T:
        """Wait until the method returns a value that is not False.
    
        Calls the method provided with the driver as an argument until the
        return value does not evaluate to ``False``.
    
        Parameters:
        ----------
        method: callable(WebDriver)
            - A callable object that takes a WebDriver instance as an argument.
    
        message: str
            - Optional message for :exc:`TimeoutException`
    
        Return:
        -------
        object: T
            - The result of the last call to `method`
    
        Raises:
        -------
        TimeoutException
            - If 'method' does not return a truthy value within the WebDriverWait
            object's timeout
    
        Example:
        --------
        >>> from selenium.webdriver.common.by import By
        >>> from selenium.webdriver.support.ui import WebDriverWait
        >>> from selenium.webdriver.support import expected_conditions as EC
    
        # Wait until an element is visible on the page
        >>> wait = WebDriverWait(driver, 10)
        >>> element = wait.until(EC.visibility_of_element_located((By.ID, "exampleId")))
        >>> print(element.text)
        """
        screen = None
        stacktrace = None
    
        end_time = time.monotonic() + self._timeout
        while True:
            try:
                value = method(self._driver)
                if value:
                    return value
            except self._ignored_exceptions as exc:
                screen = getattr(exc, "screen", None)
                stacktrace = getattr(exc, "stacktrace", None)
            if time.monotonic() > end_time:
                break
            time.sleep(self._poll)
>       raise TimeoutException(message, screen, stacktrace)
E       selenium.common.exceptions.TimeoutException: Message:

/opt/hostedtoolcache/Python/3.13.11/x64/lib/python3.13/site-packages/selenium/webdriver/support/wait.py:146: TimeoutException
---------------------------- Captured stderr setup -----------------------------
2026-01-27 10:59:06,576 - INFO - Starting test with Chrome browser
2026-01-27 10:59:06,576 - INFO - ====== WebDriver manager ======
2026-01-27 10:59:06,643 - INFO - Get LATEST chromedriver version for google-chrome
2026-01-27 10:59:06,678 - INFO - Get LATEST chromedriver version for google-chrome
2026-01-27 10:59:06,708 - INFO - Driver [/home/runner/.wdm/drivers/chromedriver/linux64/144.0.7559.96/chromedriver-linux64/chromedriver] found in cache
2026-01-27 10:59:09,766 - INFO - Navigated to: https://mochaaccounting.com/
------------------------------ Captured log setup ------------------------------
INFO     tests.test_signup_login.conftest:conftest.py:78 Starting test with Chrome browser
INFO     WDM:logger.py:11 ====== WebDriver manager ======
INFO     WDM:logger.py:11 Get LATEST chromedriver version for google-chrome
INFO     WDM:logger.py:11 Get LATEST chromedriver version for google-chrome
INFO     WDM:logger.py:11 Driver [/home/runner/.wdm/drivers/chromedriver/linux64/144.0.7559.96/chromedriver-linux64/chromedriver] found in cache
INFO     tests.test_signup_login.conftest:conftest.py:134 Navigated to: https://mochaaccounting.com/
--------------------------- Captured stderr teardown ---------------------------
2026-01-27 10:59:41,980 - INFO - Closing browser
---------------------------- Captured log teardown -----------------------------
INFO     tests.test_signup_login.conftest:conftest.py:144 Closing browser
_______________________ test_ete_registration_non_india ________________________

sign_login_setup = <selenium.webdriver.chrome.webdriver.WebDriver (session="e88909151046e1b5b925dde1acc52c79")>
registration_test_data = {'organization_address': 'INOX: Insignia At Epicuria', 'organization_address_city': 'Jacksonville', 'organization_address_country': 'United States', 'organization_address_india': 'INOX: Insignia At Epicuria', ...}

    @pytest.mark.is_registration
    def test_ete_registration_non_india(sign_login_setup, registration_test_data):
        driver = sign_login_setup
        registration = Registration(driver)
        login = LoginPage(driver)
        time.sleep(2)
>       registration.registration_signup_sign_up_btn()

tests/test_signup_login/test_sign_up.py:85: 
_ _ _ _ _ _ _ _ _ _ _ _ _ _ _ _ _ _ _ _ _ _ _ _ _ _ _ _ _ _ _ _ _ _ _ _ _ _ _ _ 

self = <pages.registration.Registration object at 0x7f8f6bce20d0>

    def registration_signup_sign_up_btn(self):
>       WebDriverWait(self.driver, 30).until(
            EC.element_to_be_clickable(self.registration_sign_up_btn)
        ).click()

pages/registration.py:98: 
_ _ _ _ _ _ _ _ _ _ _ _ _ _ _ _ _ _ _ _ _ _ _ _ _ _ _ _ _ _ _ _ _ _ _ _ _ _ _ _ 

self = <selenium.webdriver.support.wait.WebDriverWait (session="e88909151046e1b5b925dde1acc52c79")>
method = <function element_to_be_clickable.<locals>._predicate at 0x7f8f6bbde0c0>
message = ''

    def until(self, method: Callable[[D], Union[Literal[False], T]], message: str = "") -> T:
        """Wait until the method returns a value that is not False.
    
        Calls the method provided with the driver as an argument until the
        return value does not evaluate to ``False``.
    
        Parameters:
        ----------
        method: callable(WebDriver)
            - A callable object that takes a WebDriver instance as an argument.
    
        message: str
            - Optional message for :exc:`TimeoutException`
    
        Return:
        -------
        object: T
            - The result of the last call to `method`
    
        Raises:
        -------
        TimeoutException
            - If 'method' does not return a truthy value within the WebDriverWait
            object's timeout
    
        Example:
        --------
        >>> from selenium.webdriver.common.by import By
        >>> from selenium.webdriver.support.ui import WebDriverWait
        >>> from selenium.webdriver.support import expected_conditions as EC
    
        # Wait until an element is visible on the page
        >>> wait = WebDriverWait(driver, 10)
        >>> element = wait.until(EC.visibility_of_element_located((By.ID, "exampleId")))
        >>> print(element.text)
        """
        screen = None
        stacktrace = None
    
        end_time = time.monotonic() + self._timeout
        while True:
            try:
                value = method(self._driver)
                if value:
                    return value
            except self._ignored_exceptions as exc:
                screen = getattr(exc, "screen", None)
                stacktrace = getattr(exc, "stacktrace", None)
            if time.monotonic() > end_time:
                break
            time.sleep(self._poll)
>       raise TimeoutException(message, screen, stacktrace)
E       selenium.common.exceptions.TimeoutException: Message:

/opt/hostedtoolcache/Python/3.13.11/x64/lib/python3.13/site-packages/selenium/webdriver/support/wait.py:146: TimeoutException
---------------------------- Captured stderr setup -----------------------------
2026-01-27 10:59:42,057 - INFO - Starting test with Chrome browser
2026-01-27 10:59:42,057 - INFO - ====== WebDriver manager ======
2026-01-27 10:59:42,123 - INFO - Get LATEST chromedriver version for google-chrome
2026-01-27 10:59:42,154 - INFO - Get LATEST chromedriver version for google-chrome
2026-01-27 10:59:42,182 - INFO - Driver [/home/runner/.wdm/drivers/chromedriver/linux64/144.0.7559.96/chromedriver-linux64/chromedriver] found in cache
2026-01-27 10:59:45,032 - INFO - Navigated to: https://mochaaccounting.com/
------------------------------ Captured log setup ------------------------------
INFO     tests.test_signup_login.conftest:conftest.py:78 Starting test with Chrome browser
INFO     WDM:logger.py:11 ====== WebDriver manager ======
INFO     WDM:logger.py:11 Get LATEST chromedriver version for google-chrome
INFO     WDM:logger.py:11 Get LATEST chromedriver version for google-chrome
INFO     WDM:logger.py:11 Driver [/home/runner/.wdm/drivers/chromedriver/linux64/144.0.7559.96/chromedriver-linux64/chromedriver] found in cache
INFO     tests.test_signup_login.conftest:conftest.py:134 Navigated to: https://mochaaccounting.com/
--------------------------- Captured stderr teardown ---------------------------
2026-01-27 11:00:17,206 - INFO - Closing browser
---------------------------- Captured log teardown -----------------------------
INFO     tests.test_signup_login.conftest:conftest.py:144 Closing browser
=============================== warnings summary ===============================
tests/test_signup_login/test_sign_up.py:14
  /home/runner/work/Mocha_accounting/Mocha_accounting/tests/test_signup_login/test_sign_up.py:14: PytestUnknownMarkWarning: Unknown pytest.mark.is_registration - is this a typo?  You can register custom marks to avoid this warning - for details, see https://docs.pytest.org/en/stable/how-to/mark.html
    @pytest.mark.is_registration

tests/test_signup_login/test_sign_up.py:79
  /home/runner/work/Mocha_accounting/Mocha_accounting/tests/test_signup_login/test_sign_up.py:79: PytestUnknownMarkWarning: Unknown pytest.mark.is_registration - is this a typo?  You can register custom marks to avoid this warning - for details, see https://docs.pytest.org/en/stable/how-to/mark.html
    @pytest.mark.is_registration

-- Docs: https://docs.pytest.org/en/stable/how-to/capture-warnings.html
- Generated html report: file:///home/runner/work/Mocha_accounting/Mocha_accounting/C%3A%5CUsers%5CTaurus13%5CPycharmProjects%5CPythonProject%5Creports/20260127_105905/report.html -
=================== 2 failed, 2 warnings in 71.78s (0:01:11) ===================
=== REGISTRATION TESTS COMPLETED ===
Exit Code: 1
=== REGISTRATION TESTS STARTED: 2026-01-27 11:18:10 ===
============================= test session starts ==============================
platform linux -- Python 3.13.11, pytest-8.3.5, pluggy-1.6.0 -- /opt/hostedtoolcache/Python/3.13.11/x64/bin/python
cachedir: .pytest_cache
metadata: {'Python': '3.13.11', 'Platform': 'Linux-6.11.0-1018-azure-x86_64-with-glibc2.39', 'Packages': {'pytest': '8.3.5', 'pluggy': '1.6.0'}, 'Plugins': {'rerunfailures': '16.1', 'Faker': '40.1.2', 'xdist': '3.8.0', 'html': '4.2.0', 'metadata': '3.1.1'}, 'CI': 'true', 'JAVA_HOME': '/usr/lib/jvm/temurin-17-jdk-amd64'}
rootdir: /home/runner/work/Mocha_accounting/Mocha_accounting
plugins: rerunfailures-16.1, Faker-40.1.2, xdist-3.8.0, html-4.2.0, metadata-3.1.1
collecting ... collected 2 items

tests/test_signup_login/test_sign_up.py::test_ete_registration_india FAILED [ 50%]
tests/test_signup_login/test_sign_up.py::test_ete_registration_non_india FAILED [100%]

=================================== FAILURES ===================================
_________________________ test_ete_registration_india __________________________

sign_login_setup = <selenium.webdriver.chrome.webdriver.WebDriver (session="00164d67f001ce8658aeff37c1a0ab49")>
registration_test_data = {'organization_address': 'INOX: Insignia At Epicuria', 'organization_address_city': 'Jacksonville', 'organization_address_country': 'United States', 'organization_address_india': 'INOX: Insignia At Epicuria', ...}

    @pytest.mark.is_registration
    def test_ete_registration_india(sign_login_setup, registration_test_data):
        driver = sign_login_setup
        registration = Registration(driver)
        login = LoginPage(driver)
        time.sleep(2)
>       registration.registration_signup_sign_up_btn()

tests/test_signup_login/test_sign_up.py:20: 
_ _ _ _ _ _ _ _ _ _ _ _ _ _ _ _ _ _ _ _ _ _ _ _ _ _ _ _ _ _ _ _ _ _ _ _ _ _ _ _ 

self = <pages.registration.Registration object at 0x7f3ef4388980>

    def registration_signup_sign_up_btn(self):
>       WebDriverWait(self.driver, 30).until(
            EC.element_to_be_clickable(self.registration_sign_up_btn)
        ).click()

pages/registration.py:98: 
_ _ _ _ _ _ _ _ _ _ _ _ _ _ _ _ _ _ _ _ _ _ _ _ _ _ _ _ _ _ _ _ _ _ _ _ _ _ _ _ 

self = <selenium.webdriver.support.wait.WebDriverWait (session="00164d67f001ce8658aeff37c1a0ab49")>
method = <function element_to_be_clickable.<locals>._predicate at 0x7f3ef43e9bc0>
message = ''

    def until(self, method: Callable[[D], Union[Literal[False], T]], message: str = "") -> T:
        """Wait until the method returns a value that is not False.
    
        Calls the method provided with the driver as an argument until the
        return value does not evaluate to ``False``.
    
        Parameters:
        ----------
        method: callable(WebDriver)
            - A callable object that takes a WebDriver instance as an argument.
    
        message: str
            - Optional message for :exc:`TimeoutException`
    
        Return:
        -------
        object: T
            - The result of the last call to `method`
    
        Raises:
        -------
        TimeoutException
            - If 'method' does not return a truthy value within the WebDriverWait
            object's timeout
    
        Example:
        --------
        >>> from selenium.webdriver.common.by import By
        >>> from selenium.webdriver.support.ui import WebDriverWait
        >>> from selenium.webdriver.support import expected_conditions as EC
    
        # Wait until an element is visible on the page
        >>> wait = WebDriverWait(driver, 10)
        >>> element = wait.until(EC.visibility_of_element_located((By.ID, "exampleId")))
        >>> print(element.text)
        """
        screen = None
        stacktrace = None
    
        end_time = time.monotonic() + self._timeout
        while True:
            try:
                value = method(self._driver)
                if value:
                    return value
            except self._ignored_exceptions as exc:
                screen = getattr(exc, "screen", None)
                stacktrace = getattr(exc, "stacktrace", None)
            if time.monotonic() > end_time:
                break
            time.sleep(self._poll)
>       raise TimeoutException(message, screen, stacktrace)
E       selenium.common.exceptions.TimeoutException: Message:

/opt/hostedtoolcache/Python/3.13.11/x64/lib/python3.13/site-packages/selenium/webdriver/support/wait.py:146: TimeoutException
---------------------------- Captured stderr setup -----------------------------
2026-01-27 11:18:11,627 - INFO - Starting test with Chrome browser
2026-01-27 11:18:11,628 - INFO - ====== WebDriver manager ======
2026-01-27 11:18:11,694 - INFO - Get LATEST chromedriver version for google-chrome
2026-01-27 11:18:11,740 - INFO - Get LATEST chromedriver version for google-chrome
2026-01-27 11:18:11,786 - INFO - Driver [/home/runner/.wdm/drivers/chromedriver/linux64/144.0.7559.96/chromedriver-linux64/chromedriver] found in cache
2026-01-27 11:18:14,889 - INFO - Navigated to: https://mochaaccounting.com/
------------------------------ Captured log setup ------------------------------
INFO     tests.test_signup_login.conftest:conftest.py:78 Starting test with Chrome browser
INFO     WDM:logger.py:11 ====== WebDriver manager ======
INFO     WDM:logger.py:11 Get LATEST chromedriver version for google-chrome
INFO     WDM:logger.py:11 Get LATEST chromedriver version for google-chrome
INFO     WDM:logger.py:11 Driver [/home/runner/.wdm/drivers/chromedriver/linux64/144.0.7559.96/chromedriver-linux64/chromedriver] found in cache
INFO     tests.test_signup_login.conftest:conftest.py:135 Navigated to: https://mochaaccounting.com/
--------------------------- Captured stderr teardown ---------------------------
2026-01-27 11:18:47,101 - INFO - Closing browser
---------------------------- Captured log teardown -----------------------------
INFO     tests.test_signup_login.conftest:conftest.py:145 Closing browser
_______________________ test_ete_registration_non_india ________________________

sign_login_setup = <selenium.webdriver.chrome.webdriver.WebDriver (session="a35353fa17ae396e6ac60a0070b148f3")>
registration_test_data = {'organization_address': 'INOX: Insignia At Epicuria', 'organization_address_city': 'Jacksonville', 'organization_address_country': 'United States', 'organization_address_india': 'INOX: Insignia At Epicuria', ...}

    @pytest.mark.is_registration
    def test_ete_registration_non_india(sign_login_setup, registration_test_data):
        driver = sign_login_setup
        registration = Registration(driver)
        login = LoginPage(driver)
        time.sleep(2)
>       registration.registration_signup_sign_up_btn()

tests/test_signup_login/test_sign_up.py:85: 
_ _ _ _ _ _ _ _ _ _ _ _ _ _ _ _ _ _ _ _ _ _ _ _ _ _ _ _ _ _ _ _ _ _ _ _ _ _ _ _ 

self = <pages.registration.Registration object at 0x7f3ef43de0d0>

    def registration_signup_sign_up_btn(self):
>       WebDriverWait(self.driver, 30).until(
            EC.element_to_be_clickable(self.registration_sign_up_btn)
        ).click()

pages/registration.py:98: 
_ _ _ _ _ _ _ _ _ _ _ _ _ _ _ _ _ _ _ _ _ _ _ _ _ _ _ _ _ _ _ _ _ _ _ _ _ _ _ _ 

self = <selenium.webdriver.support.wait.WebDriverWait (session="a35353fa17ae396e6ac60a0070b148f3")>
method = <function element_to_be_clickable.<locals>._predicate at 0x7f3ef42c20c0>
message = ''

    def until(self, method: Callable[[D], Union[Literal[False], T]], message: str = "") -> T:
        """Wait until the method returns a value that is not False.
    
        Calls the method provided with the driver as an argument until the
        return value does not evaluate to ``False``.
    
        Parameters:
        ----------
        method: callable(WebDriver)
            - A callable object that takes a WebDriver instance as an argument.
    
        message: str
            - Optional message for :exc:`TimeoutException`
    
        Return:
        -------
        object: T
            - The result of the last call to `method`
    
        Raises:
        -------
        TimeoutException
            - If 'method' does not return a truthy value within the WebDriverWait
            object's timeout
    
        Example:
        --------
        >>> from selenium.webdriver.common.by import By
        >>> from selenium.webdriver.support.ui import WebDriverWait
        >>> from selenium.webdriver.support import expected_conditions as EC
    
        # Wait until an element is visible on the page
        >>> wait = WebDriverWait(driver, 10)
        >>> element = wait.until(EC.visibility_of_element_located((By.ID, "exampleId")))
        >>> print(element.text)
        """
        screen = None
        stacktrace = None
    
        end_time = time.monotonic() + self._timeout
        while True:
            try:
                value = method(self._driver)
                if value:
                    return value
            except self._ignored_exceptions as exc:
                screen = getattr(exc, "screen", None)
                stacktrace = getattr(exc, "stacktrace", None)
            if time.monotonic() > end_time:
                break
            time.sleep(self._poll)
>       raise TimeoutException(message, screen, stacktrace)
E       selenium.common.exceptions.TimeoutException: Message:

/opt/hostedtoolcache/Python/3.13.11/x64/lib/python3.13/site-packages/selenium/webdriver/support/wait.py:146: TimeoutException
---------------------------- Captured stderr setup -----------------------------
2026-01-27 11:18:47,181 - INFO - Starting test with Chrome browser
2026-01-27 11:18:47,181 - INFO - ====== WebDriver manager ======
2026-01-27 11:18:47,247 - INFO - Get LATEST chromedriver version for google-chrome
2026-01-27 11:18:47,292 - INFO - Get LATEST chromedriver version for google-chrome
2026-01-27 11:18:47,337 - INFO - Driver [/home/runner/.wdm/drivers/chromedriver/linux64/144.0.7559.96/chromedriver-linux64/chromedriver] found in cache
2026-01-27 11:18:49,972 - INFO - Navigated to: https://mochaaccounting.com/
------------------------------ Captured log setup ------------------------------
INFO     tests.test_signup_login.conftest:conftest.py:78 Starting test with Chrome browser
INFO     WDM:logger.py:11 ====== WebDriver manager ======
INFO     WDM:logger.py:11 Get LATEST chromedriver version for google-chrome
INFO     WDM:logger.py:11 Get LATEST chromedriver version for google-chrome
INFO     WDM:logger.py:11 Driver [/home/runner/.wdm/drivers/chromedriver/linux64/144.0.7559.96/chromedriver-linux64/chromedriver] found in cache
INFO     tests.test_signup_login.conftest:conftest.py:135 Navigated to: https://mochaaccounting.com/
--------------------------- Captured stderr teardown ---------------------------
2026-01-27 11:19:22,149 - INFO - Closing browser
---------------------------- Captured log teardown -----------------------------
INFO     tests.test_signup_login.conftest:conftest.py:145 Closing browser
=============================== warnings summary ===============================
tests/test_signup_login/test_sign_up.py:14
  /home/runner/work/Mocha_accounting/Mocha_accounting/tests/test_signup_login/test_sign_up.py:14: PytestUnknownMarkWarning: Unknown pytest.mark.is_registration - is this a typo?  You can register custom marks to avoid this warning - for details, see https://docs.pytest.org/en/stable/how-to/mark.html
    @pytest.mark.is_registration

tests/test_signup_login/test_sign_up.py:79
  /home/runner/work/Mocha_accounting/Mocha_accounting/tests/test_signup_login/test_sign_up.py:79: PytestUnknownMarkWarning: Unknown pytest.mark.is_registration - is this a typo?  You can register custom marks to avoid this warning - for details, see https://docs.pytest.org/en/stable/how-to/mark.html
    @pytest.mark.is_registration

-- Docs: https://docs.pytest.org/en/stable/how-to/capture-warnings.html
- Generated html report: file:///home/runner/work/Mocha_accounting/Mocha_accounting/C%3A%5CUsers%5CTaurus13%5CPycharmProjects%5CPythonProject%5Creports/20260127_111810/report.html -
=================== 2 failed, 2 warnings in 71.64s (0:01:11) ===================
=== REGISTRATION TESTS COMPLETED ===
Exit Code: 1
=== REGISTRATION TESTS STARTED: 2026-01-27 11:32:30 ===
============================= test session starts ==============================
platform linux -- Python 3.13.11, pytest-8.3.5, pluggy-1.6.0 -- /opt/hostedtoolcache/Python/3.13.11/x64/bin/python
cachedir: .pytest_cache
metadata: {'Python': '3.13.11', 'Platform': 'Linux-6.11.0-1018-azure-x86_64-with-glibc2.39', 'Packages': {'pytest': '8.3.5', 'pluggy': '1.6.0'}, 'Plugins': {'rerunfailures': '16.1', 'Faker': '40.1.2', 'xdist': '3.8.0', 'html': '4.2.0', 'metadata': '3.1.1'}, 'CI': 'true', 'JAVA_HOME': '/usr/lib/jvm/temurin-17-jdk-amd64'}
rootdir: /home/runner/work/Mocha_accounting/Mocha_accounting
plugins: rerunfailures-16.1, Faker-40.1.2, xdist-3.8.0, html-4.2.0, metadata-3.1.1
collecting ... collected 2 items

tests/test_signup_login/test_sign_up.py::test_ete_registration_india FAILED [ 50%]
tests/test_signup_login/test_sign_up.py::test_ete_registration_non_india FAILED [100%]

=================================== FAILURES ===================================
_________________________ test_ete_registration_india __________________________

sign_login_setup = <selenium.webdriver.chrome.webdriver.WebDriver (session="3325357ae2b3597498852dd724e60143")>
registration_test_data = {'organization_address': 'INOX: Insignia At Epicuria', 'organization_address_city': 'Jacksonville', 'organization_address_country': 'United States', 'organization_address_india': 'INOX: Insignia At Epicuria', ...}

    @pytest.mark.is_registration
    def test_ete_registration_india(sign_login_setup, registration_test_data):
        driver = sign_login_setup
        registration = Registration(driver)
        login = LoginPage(driver)
        time.sleep(2)
>       registration.registration_signup_sign_up_btn()

tests/test_signup_login/test_sign_up.py:20: 
_ _ _ _ _ _ _ _ _ _ _ _ _ _ _ _ _ _ _ _ _ _ _ _ _ _ _ _ _ _ _ _ _ _ _ _ _ _ _ _ 

self = <pages.registration.Registration object at 0x7ffbd6fa0980>

    def registration_signup_sign_up_btn(self):
        element = WebDriverWait(self.driver, 30).until(
            EC.presence_of_element_located(self.registration_sign_up_btn)
        )
        self.driver.execute_script("arguments[0].scrollIntoView({block: 'center'});", element)
>       WebDriverWait(self.driver, 10).until(
            EC.element_to_be_clickable(self.registration_sign_up_btn)
        ).click()

pages/registration.py:102: 
_ _ _ _ _ _ _ _ _ _ _ _ _ _ _ _ _ _ _ _ _ _ _ _ _ _ _ _ _ _ _ _ _ _ _ _ _ _ _ _ 

self = <selenium.webdriver.support.wait.WebDriverWait (session="3325357ae2b3597498852dd724e60143")>
method = <function element_to_be_clickable.<locals>._predicate at 0x7ffbd6e53ec0>
message = ''

    def until(self, method: Callable[[D], Union[Literal[False], T]], message: str = "") -> T:
        """Wait until the method returns a value that is not False.
    
        Calls the method provided with the driver as an argument until the
        return value does not evaluate to ``False``.
    
        Parameters:
        ----------
        method: callable(WebDriver)
            - A callable object that takes a WebDriver instance as an argument.
    
        message: str
            - Optional message for :exc:`TimeoutException`
    
        Return:
        -------
        object: T
            - The result of the last call to `method`
    
        Raises:
        -------
        TimeoutException
            - If 'method' does not return a truthy value within the WebDriverWait
            object's timeout
    
        Example:
        --------
        >>> from selenium.webdriver.common.by import By
        >>> from selenium.webdriver.support.ui import WebDriverWait
        >>> from selenium.webdriver.support import expected_conditions as EC
    
        # Wait until an element is visible on the page
        >>> wait = WebDriverWait(driver, 10)
        >>> element = wait.until(EC.visibility_of_element_located((By.ID, "exampleId")))
        >>> print(element.text)
        """
        screen = None
        stacktrace = None
    
        end_time = time.monotonic() + self._timeout
        while True:
            try:
                value = method(self._driver)
                if value:
                    return value
            except self._ignored_exceptions as exc:
                screen = getattr(exc, "screen", None)
                stacktrace = getattr(exc, "stacktrace", None)
            if time.monotonic() > end_time:
                break
            time.sleep(self._poll)
>       raise TimeoutException(message, screen, stacktrace)
E       selenium.common.exceptions.TimeoutException: Message:

/opt/hostedtoolcache/Python/3.13.11/x64/lib/python3.13/site-packages/selenium/webdriver/support/wait.py:146: TimeoutException
---------------------------- Captured stderr setup -----------------------------
2026-01-27 11:32:32,400 - INFO - Starting test with Chrome browser
2026-01-27 11:32:32,400 - INFO - ====== WebDriver manager ======
2026-01-27 11:32:32,466 - INFO - Get LATEST chromedriver version for google-chrome
2026-01-27 11:32:32,506 - INFO - Get LATEST chromedriver version for google-chrome
2026-01-27 11:32:32,543 - INFO - Driver [/home/runner/.wdm/drivers/chromedriver/linux64/144.0.7559.96/chromedriver-linux64/chromedriver] found in cache
2026-01-27 11:32:35,397 - INFO - Navigated to: https://mochaaccounting.com/
------------------------------ Captured log setup ------------------------------
INFO     tests.test_signup_login.conftest:conftest.py:78 Starting test with Chrome browser
INFO     WDM:logger.py:11 ====== WebDriver manager ======
INFO     WDM:logger.py:11 Get LATEST chromedriver version for google-chrome
INFO     WDM:logger.py:11 Get LATEST chromedriver version for google-chrome
INFO     WDM:logger.py:11 Driver [/home/runner/.wdm/drivers/chromedriver/linux64/144.0.7559.96/chromedriver-linux64/chromedriver] found in cache
INFO     tests.test_signup_login.conftest:conftest.py:135 Navigated to: https://mochaaccounting.com/
--------------------------- Captured stderr teardown ---------------------------
2026-01-27 11:32:47,697 - INFO - Closing browser
---------------------------- Captured log teardown -----------------------------
INFO     tests.test_signup_login.conftest:conftest.py:145 Closing browser
_______________________ test_ete_registration_non_india ________________________

sign_login_setup = <selenium.webdriver.chrome.webdriver.WebDriver (session="3b9a00dcff8cb32d703ab183625d8962")>
registration_test_data = {'organization_address': 'INOX: Insignia At Epicuria', 'organization_address_city': 'Jacksonville', 'organization_address_country': 'United States', 'organization_address_india': 'INOX: Insignia At Epicuria', ...}

    @pytest.mark.is_registration
    def test_ete_registration_non_india(sign_login_setup, registration_test_data):
        driver = sign_login_setup
        registration = Registration(driver)
        login = LoginPage(driver)
        time.sleep(2)
>       registration.registration_signup_sign_up_btn()

tests/test_signup_login/test_sign_up.py:85: 
_ _ _ _ _ _ _ _ _ _ _ _ _ _ _ _ _ _ _ _ _ _ _ _ _ _ _ _ _ _ _ _ _ _ _ _ _ _ _ _ 

self = <pages.registration.Registration object at 0x7ffbd6ff60d0>

    def registration_signup_sign_up_btn(self):
        element = WebDriverWait(self.driver, 30).until(
            EC.presence_of_element_located(self.registration_sign_up_btn)
        )
        self.driver.execute_script("arguments[0].scrollIntoView({block: 'center'});", element)
>       WebDriverWait(self.driver, 10).until(
            EC.element_to_be_clickable(self.registration_sign_up_btn)
        ).click()

pages/registration.py:102: 
_ _ _ _ _ _ _ _ _ _ _ _ _ _ _ _ _ _ _ _ _ _ _ _ _ _ _ _ _ _ _ _ _ _ _ _ _ _ _ _ 

self = <selenium.webdriver.support.wait.WebDriverWait (session="3b9a00dcff8cb32d703ab183625d8962")>
method = <function element_to_be_clickable.<locals>._predicate at 0x7ffbd6e516c0>
message = ''

    def until(self, method: Callable[[D], Union[Literal[False], T]], message: str = "") -> T:
        """Wait until the method returns a value that is not False.
    
        Calls the method provided with the driver as an argument until the
        return value does not evaluate to ``False``.
    
        Parameters:
        ----------
        method: callable(WebDriver)
            - A callable object that takes a WebDriver instance as an argument.
    
        message: str
            - Optional message for :exc:`TimeoutException`
    
        Return:
        -------
        object: T
            - The result of the last call to `method`
    
        Raises:
        -------
        TimeoutException
            - If 'method' does not return a truthy value within the WebDriverWait
            object's timeout
    
        Example:
        --------
        >>> from selenium.webdriver.common.by import By
        >>> from selenium.webdriver.support.ui import WebDriverWait
        >>> from selenium.webdriver.support import expected_conditions as EC
    
        # Wait until an element is visible on the page
        >>> wait = WebDriverWait(driver, 10)
        >>> element = wait.until(EC.visibility_of_element_located((By.ID, "exampleId")))
        >>> print(element.text)
        """
        screen = None
        stacktrace = None
    
        end_time = time.monotonic() + self._timeout
        while True:
            try:
                value = method(self._driver)
                if value:
                    return value
            except self._ignored_exceptions as exc:
                screen = getattr(exc, "screen", None)
                stacktrace = getattr(exc, "stacktrace", None)
            if time.monotonic() > end_time:
                break
            time.sleep(self._poll)
>       raise TimeoutException(message, screen, stacktrace)
E       selenium.common.exceptions.TimeoutException: Message:

/opt/hostedtoolcache/Python/3.13.11/x64/lib/python3.13/site-packages/selenium/webdriver/support/wait.py:146: TimeoutException
---------------------------- Captured stderr setup -----------------------------
2026-01-27 11:32:47,774 - INFO - Starting test with Chrome browser
2026-01-27 11:32:47,774 - INFO - ====== WebDriver manager ======
2026-01-27 11:32:47,839 - INFO - Get LATEST chromedriver version for google-chrome
2026-01-27 11:32:47,870 - INFO - Get LATEST chromedriver version for google-chrome
2026-01-27 11:32:47,905 - INFO - Driver [/home/runner/.wdm/drivers/chromedriver/linux64/144.0.7559.96/chromedriver-linux64/chromedriver] found in cache
2026-01-27 11:32:50,668 - INFO - Navigated to: https://mochaaccounting.com/
------------------------------ Captured log setup ------------------------------
INFO     tests.test_signup_login.conftest:conftest.py:78 Starting test with Chrome browser
INFO     WDM:logger.py:11 ====== WebDriver manager ======
INFO     WDM:logger.py:11 Get LATEST chromedriver version for google-chrome
INFO     WDM:logger.py:11 Get LATEST chromedriver version for google-chrome
INFO     WDM:logger.py:11 Driver [/home/runner/.wdm/drivers/chromedriver/linux64/144.0.7559.96/chromedriver-linux64/chromedriver] found in cache
INFO     tests.test_signup_login.conftest:conftest.py:135 Navigated to: https://mochaaccounting.com/
--------------------------- Captured stderr teardown ---------------------------
2026-01-27 11:33:02,931 - INFO - Closing browser
---------------------------- Captured log teardown -----------------------------
INFO     tests.test_signup_login.conftest:conftest.py:145 Closing browser
=============================== warnings summary ===============================
tests/test_signup_login/test_sign_up.py:14
  /home/runner/work/Mocha_accounting/Mocha_accounting/tests/test_signup_login/test_sign_up.py:14: PytestUnknownMarkWarning: Unknown pytest.mark.is_registration - is this a typo?  You can register custom marks to avoid this warning - for details, see https://docs.pytest.org/en/stable/how-to/mark.html
    @pytest.mark.is_registration

tests/test_signup_login/test_sign_up.py:79
  /home/runner/work/Mocha_accounting/Mocha_accounting/tests/test_signup_login/test_sign_up.py:79: PytestUnknownMarkWarning: Unknown pytest.mark.is_registration - is this a typo?  You can register custom marks to avoid this warning - for details, see https://docs.pytest.org/en/stable/how-to/mark.html
    @pytest.mark.is_registration

-- Docs: https://docs.pytest.org/en/stable/how-to/capture-warnings.html
- Generated html report: file:///home/runner/work/Mocha_accounting/Mocha_accounting/C%3A%5CUsers%5CTaurus13%5CPycharmProjects%5CPythonProject%5Creports/20260127_113231/report.html -
======================== 2 failed, 2 warnings in 31.67s ========================
=== REGISTRATION TESTS COMPLETED ===
Exit Code: 1
=== REGISTRATION TESTS STARTED: 2026-01-27 11:46:57 ===
============================= test session starts ==============================
platform linux -- Python 3.13.11, pytest-8.3.5, pluggy-1.6.0 -- /opt/hostedtoolcache/Python/3.13.11/x64/bin/python
cachedir: .pytest_cache
metadata: {'Python': '3.13.11', 'Platform': 'Linux-6.11.0-1018-azure-x86_64-with-glibc2.39', 'Packages': {'pytest': '8.3.5', 'pluggy': '1.6.0'}, 'Plugins': {'rerunfailures': '16.1', 'Faker': '40.1.2', 'xdist': '3.8.0', 'html': '4.2.0', 'metadata': '3.1.1'}, 'CI': 'true', 'JAVA_HOME': '/usr/lib/jvm/temurin-17-jdk-amd64'}
rootdir: /home/runner/work/Mocha_accounting/Mocha_accounting
plugins: rerunfailures-16.1, Faker-40.1.2, xdist-3.8.0, html-4.2.0, metadata-3.1.1
collecting ... collected 2 items

tests/test_signup_login/test_sign_up.py::test_ete_registration_india PASSED [ 50%]
tests/test_signup_login/test_sign_up.py::test_ete_registration_non_india PASSED [100%]

=============================== warnings summary ===============================
tests/test_signup_login/test_sign_up.py:14
  /home/runner/work/Mocha_accounting/Mocha_accounting/tests/test_signup_login/test_sign_up.py:14: PytestUnknownMarkWarning: Unknown pytest.mark.is_registration - is this a typo?  You can register custom marks to avoid this warning - for details, see https://docs.pytest.org/en/stable/how-to/mark.html
    @pytest.mark.is_registration

tests/test_signup_login/test_sign_up.py:79
  /home/runner/work/Mocha_accounting/Mocha_accounting/tests/test_signup_login/test_sign_up.py:79: PytestUnknownMarkWarning: Unknown pytest.mark.is_registration - is this a typo?  You can register custom marks to avoid this warning - for details, see https://docs.pytest.org/en/stable/how-to/mark.html
    @pytest.mark.is_registration

-- Docs: https://docs.pytest.org/en/stable/how-to/capture-warnings.html
==================================== PASSES ====================================
_________________________ test_ete_registration_india __________________________
---------------------------- Captured stderr setup -----------------------------
2026-01-27 11:46:59,087 - INFO - Starting test with Chrome browser
2026-01-27 11:46:59,088 - INFO - ====== WebDriver manager ======
2026-01-27 11:46:59,154 - INFO - Get LATEST chromedriver version for google-chrome
2026-01-27 11:46:59,192 - INFO - Get LATEST chromedriver version for google-chrome
2026-01-27 11:46:59,224 - INFO - Driver [/home/runner/.wdm/drivers/chromedriver/linux64/144.0.7559.96/chromedriver-linux64/chromedriver] found in cache
2026-01-27 11:47:02,289 - INFO - Navigated to: https://mochaaccounting.com/
------------------------------ Captured log setup ------------------------------
INFO     tests.test_signup_login.conftest:conftest.py:78 Starting test with Chrome browser
INFO     WDM:logger.py:11 ====== WebDriver manager ======
INFO     WDM:logger.py:11 Get LATEST chromedriver version for google-chrome
INFO     WDM:logger.py:11 Get LATEST chromedriver version for google-chrome
INFO     WDM:logger.py:11 Driver [/home/runner/.wdm/drivers/chromedriver/linux64/144.0.7559.96/chromedriver-linux64/chromedriver] found in cache
INFO     tests.test_signup_login.conftest:conftest.py:135 Navigated to: https://mochaaccounting.com/
----------------------------- Captured stdout call -----------------------------
Password@123
Displayed Organization: Automation Test_20260127_114750 pvt. ltd.
----------------------------- Captured stderr call -----------------------------
2026-01-27 11:47:05,089 - INFO - Clicked on Sign-up for free button
2026-01-27 11:47:05,244 - INFO - Entered First Name: Automation_FN_20260127_114705
2026-01-27 11:47:07,244 - INFO - Entered the first name
2026-01-27 11:47:07,387 - INFO - Entered Last Name: Tester_LN_20260127_114707
2026-01-27 11:47:09,387 - INFO - Entered the last name
2026-01-27 11:47:11,540 - INFO - Entered the email: mochaautotest+20260127_114709@gmail.com
2026-01-27 11:47:12,390 - INFO - Selected country for phone number
2026-01-27 11:47:12,485 - INFO - Entered phone number
2026-01-27 11:47:12,563 - INFO - Agreed to policy checkbox checked
2026-01-27 11:47:12,647 - INFO - Clicked on Sign-up button
2026-01-27 11:47:17,779 - INFO - file_cache is only supported with oauth2client<4.0.0
2026-01-27 11:47:17,780 - INFO - Fetching OTP with up to 5 retries (every 10s)...
2026-01-27 11:47:19,052 - WARNING - No HTML body found, skipping this email.
2026-01-27 11:47:19,052 - WARNING - Attempt 1/5 failed: OTP not found yet. Retrying in 10s...
2026-01-27 11:47:29,431 - INFO -  Extracted OTP: 679876
2026-01-27 11:47:32,970 - INFO - Page refreshed and fully loaded.
2026-01-27 11:47:32,970 - INFO - Using OTP: 679876
2026-01-27 11:47:33,128 - INFO - OTP submitted successfully.
2026-01-27 11:47:35,129 - INFO - Entered Otp
2026-01-27 11:47:39,358 - INFO - Password and Confirm Password entered successfully.
2026-01-27 11:47:39,358 - INFO - Set the password
2026-01-27 11:47:39,441 - INFO - click on next button
2026-01-27 11:47:44,558 - INFO - Entered email-id
2026-01-27 11:47:45,744 - INFO - Entered password
2026-01-27 11:47:45,824 - INFO - Clicked on Login button
2026-01-27 11:47:50,972 - INFO - Entered Organization name
2026-01-27 11:47:55,693 - INFO - Entered Organization address
2026-01-27 11:47:55,786 - INFO - click on next button
2026-01-27 11:48:00,881 - INFO - click on start for free button
2026-01-27 11:48:02,963 - INFO - click on next button
2026-01-27 11:48:03,037 - INFO - click on proceed button
2026-01-27 11:48:23,119 - INFO - Closed Ads popup
2026-01-27 11:48:33,145 - INFO - Asserted the displayed and given organization name
------------------------------ Captured log call -------------------------------
INFO     tests.test_signup_login.test_sign_up:test_sign_up.py:21 Clicked on Sign-up for free button
INFO     root:registration.py:111 Entered First Name: Automation_FN_20260127_114705
INFO     tests.test_signup_login.test_sign_up:test_sign_up.py:23 Entered the first name
INFO     root:registration.py:119 Entered Last Name: Tester_LN_20260127_114707
INFO     tests.test_signup_login.test_sign_up:test_sign_up.py:25 Entered the last name
INFO     tests.test_signup_login.test_sign_up:test_sign_up.py:27 Entered the email: mochaautotest+20260127_114709@gmail.com
INFO     tests.test_signup_login.test_sign_up:test_sign_up.py:29 Selected country for phone number
INFO     tests.test_signup_login.test_sign_up:test_sign_up.py:31 Entered phone number
INFO     tests.test_signup_login.test_sign_up:test_sign_up.py:33 Agreed to policy checkbox checked
INFO     tests.test_signup_login.test_sign_up:test_sign_up.py:35 Clicked on Sign-up button
INFO     googleapiclient.discovery_cache:__init__.py:49 file_cache is only supported with oauth2client<4.0.0
INFO     root:get_mail_otp.py:99 Fetching OTP with up to 5 retries (every 10s)...
WARNING  root:get_mail_otp.py:70 No HTML body found, skipping this email.
WARNING  root:get_mail_otp.py:106 Attempt 1/5 failed: OTP not found yet. Retrying in 10s...
INFO     root:get_mail_otp.py:80  Extracted OTP: 679876
INFO     root:actions.py:461 Page refreshed and fully loaded.
INFO     root:registration.py:163 Using OTP: 679876
INFO     root:registration.py:168 OTP submitted successfully.
INFO     tests.test_signup_login.test_sign_up:test_sign_up.py:41 Entered Otp
INFO     root:registration.py:182 Password and Confirm Password entered successfully.
INFO     tests.test_signup_login.test_sign_up:test_sign_up.py:45 Set the password
INFO     tests.test_signup_login.test_sign_up:test_sign_up.py:47 click on next button
INFO     tests.test_signup_login.test_sign_up:test_sign_up.py:50 Entered email-id
INFO     tests.test_signup_login.test_sign_up:test_sign_up.py:52 Entered password
INFO     tests.test_signup_login.test_sign_up:test_sign_up.py:54 Clicked on Login button
INFO     tests.test_signup_login.test_sign_up:test_sign_up.py:57 Entered Organization name
INFO     tests.test_signup_login.test_sign_up:test_sign_up.py:59 Entered Organization address
INFO     tests.test_signup_login.test_sign_up:test_sign_up.py:61 click on next button
INFO     tests.test_signup_login.test_sign_up:test_sign_up.py:64 click on start for free button
INFO     tests.test_signup_login.test_sign_up:test_sign_up.py:66 click on next button
INFO     tests.test_signup_login.test_sign_up:test_sign_up.py:68 click on proceed button
INFO     tests.test_signup_login.test_sign_up:test_sign_up.py:71 Closed Ads popup
INFO     tests.test_signup_login.test_sign_up:test_sign_up.py:74 Asserted the displayed and given organization name
--------------------------- Captured stderr teardown ---------------------------
2026-01-27 11:48:33,145 - INFO - Closing browser
---------------------------- Captured log teardown -----------------------------
INFO     tests.test_signup_login.conftest:conftest.py:145 Closing browser
_______________________ test_ete_registration_non_india ________________________
---------------------------- Captured stderr setup -----------------------------
2026-01-27 11:48:33,267 - INFO - Starting test with Chrome browser
2026-01-27 11:48:33,268 - INFO - ====== WebDriver manager ======
2026-01-27 11:48:33,333 - INFO - Get LATEST chromedriver version for google-chrome
2026-01-27 11:48:33,372 - INFO - Get LATEST chromedriver version for google-chrome
2026-01-27 11:48:33,402 - INFO - Driver [/home/runner/.wdm/drivers/chromedriver/linux64/144.0.7559.96/chromedriver-linux64/chromedriver] found in cache
2026-01-27 11:48:36,791 - INFO - Navigated to: https://mochaaccounting.com/
------------------------------ Captured log setup ------------------------------
INFO     tests.test_signup_login.conftest:conftest.py:78 Starting test with Chrome browser
INFO     WDM:logger.py:11 ====== WebDriver manager ======
INFO     WDM:logger.py:11 Get LATEST chromedriver version for google-chrome
INFO     WDM:logger.py:11 Get LATEST chromedriver version for google-chrome
INFO     WDM:logger.py:11 Driver [/home/runner/.wdm/drivers/chromedriver/linux64/144.0.7559.96/chromedriver-linux64/chromedriver] found in cache
INFO     tests.test_signup_login.conftest:conftest.py:135 Navigated to: https://mochaaccounting.com/
----------------------------- Captured stdout call -----------------------------
Password@123
Displayed Organization: Automation Test_20260127_114925 pvt. ltd.
----------------------------- Captured stderr call -----------------------------
2026-01-27 11:48:39,955 - INFO - Clicked on Sign-up for free button
2026-01-27 11:48:40,107 - INFO - Entered First Name: Automation_FN_20260127_114839
2026-01-27 11:48:42,107 - INFO - Entered the first name
2026-01-27 11:48:42,251 - INFO - Entered Last Name: Tester_LN_20260127_114842
2026-01-27 11:48:44,252 - INFO - Entered the last name
2026-01-27 11:48:46,398 - INFO - Entered the email: mochaautotest+20260127_114844@gmail.com
2026-01-27 11:48:47,735 - INFO - Selected country for phone number
2026-01-27 11:48:47,833 - INFO - Entered phone number
2026-01-27 11:48:47,912 - INFO - Agreed to policy checkbox checked
2026-01-27 11:48:48,001 - INFO - Clicked on Sign-up button
2026-01-27 11:48:53,002 - INFO - file_cache is only supported with oauth2client<4.0.0
2026-01-27 11:48:53,003 - INFO - Fetching OTP with up to 5 retries (every 10s)...
2026-01-27 11:48:54,202 - WARNING - Attempt 1/5 failed: OTP not found yet. Retrying in 10s...
2026-01-27 11:49:04,576 - INFO -  Extracted OTP: 472309
2026-01-27 11:49:07,411 - INFO - Page refreshed and fully loaded.
2026-01-27 11:49:07,411 - INFO - Using OTP: 472309
2026-01-27 11:49:07,582 - INFO - OTP submitted successfully.
2026-01-27 11:49:09,582 - INFO - Entered Otp
2026-01-27 11:49:13,782 - INFO - Password and Confirm Password entered successfully.
2026-01-27 11:49:13,782 - INFO - Set the password
2026-01-27 11:49:13,863 - INFO - click on next button
2026-01-27 11:49:18,981 - INFO - Entered email-id
2026-01-27 11:49:20,100 - INFO - Entered password
2026-01-27 11:49:20,179 - INFO - Clicked on Login button
2026-01-27 11:49:25,327 - INFO - Entered Organization name
2026-01-27 11:49:30,070 - INFO - Entered Organization address
2026-01-27 11:49:30,166 - INFO - click on next button
2026-01-27 11:49:35,249 - INFO - click on start for free button
2026-01-27 11:49:37,332 - INFO - click on next button
2026-01-27 11:49:37,408 - INFO - click on proceed button
2026-01-27 11:49:57,496 - INFO - Closed Ads popup
2026-01-27 11:50:07,521 - INFO - Asserted the displayed and given organization name
------------------------------ Captured log call -------------------------------
INFO     tests.test_signup_login.test_sign_up:test_sign_up.py:86 Clicked on Sign-up for free button
INFO     root:registration.py:111 Entered First Name: Automation_FN_20260127_114839
INFO     tests.test_signup_login.test_sign_up:test_sign_up.py:88 Entered the first name
INFO     root:registration.py:119 Entered Last Name: Tester_LN_20260127_114842
INFO     tests.test_signup_login.test_sign_up:test_sign_up.py:90 Entered the last name
INFO     tests.test_signup_login.test_sign_up:test_sign_up.py:92 Entered the email: mochaautotest+20260127_114844@gmail.com
INFO     tests.test_signup_login.test_sign_up:test_sign_up.py:94 Selected country for phone number
INFO     tests.test_signup_login.test_sign_up:test_sign_up.py:96 Entered phone number
INFO     tests.test_signup_login.test_sign_up:test_sign_up.py:98 Agreed to policy checkbox checked
INFO     tests.test_signup_login.test_sign_up:test_sign_up.py:100 Clicked on Sign-up button
INFO     googleapiclient.discovery_cache:__init__.py:49 file_cache is only supported with oauth2client<4.0.0
INFO     root:get_mail_otp.py:99 Fetching OTP with up to 5 retries (every 10s)...
WARNING  root:get_mail_otp.py:106 Attempt 1/5 failed: OTP not found yet. Retrying in 10s...
INFO     root:get_mail_otp.py:80  Extracted OTP: 472309
INFO     root:actions.py:461 Page refreshed and fully loaded.
INFO     root:registration.py:163 Using OTP: 472309
INFO     root:registration.py:168 OTP submitted successfully.
INFO     tests.test_signup_login.test_sign_up:test_sign_up.py:106 Entered Otp
INFO     root:registration.py:182 Password and Confirm Password entered successfully.
INFO     tests.test_signup_login.test_sign_up:test_sign_up.py:110 Set the password
INFO     tests.test_signup_login.test_sign_up:test_sign_up.py:112 click on next button
INFO     tests.test_signup_login.test_sign_up:test_sign_up.py:115 Entered email-id
INFO     tests.test_signup_login.test_sign_up:test_sign_up.py:117 Entered password
INFO     tests.test_signup_login.test_sign_up:test_sign_up.py:119 Clicked on Login button
INFO     tests.test_signup_login.test_sign_up:test_sign_up.py:122 Entered Organization name
INFO     tests.test_signup_login.test_sign_up:test_sign_up.py:124 Entered Organization address
INFO     tests.test_signup_login.test_sign_up:test_sign_up.py:126 click on next button
INFO     tests.test_signup_login.test_sign_up:test_sign_up.py:129 click on start for free button
INFO     tests.test_signup_login.test_sign_up:test_sign_up.py:131 click on next button
INFO     tests.test_signup_login.test_sign_up:test_sign_up.py:133 click on proceed button
INFO     tests.test_signup_login.test_sign_up:test_sign_up.py:136 Closed Ads popup
INFO     tests.test_signup_login.test_sign_up:test_sign_up.py:139 Asserted the displayed and given organization name
--------------------------- Captured stderr teardown ---------------------------
2026-01-27 11:50:07,522 - INFO - Closing browser
---------------------------- Captured log teardown -----------------------------
INFO     tests.test_signup_login.conftest:conftest.py:145 Closing browser
- Generated html report: file:///home/runner/work/Mocha_accounting/Mocha_accounting/C%3A%5CUsers%5CTaurus13%5CPycharmProjects%5CPythonProject%5Creports/20260127_114658/report.html -
================== 2 passed, 2 warnings in 189.57s (0:03:09) ===================
=== REGISTRATION TESTS COMPLETED ===
Exit Code: 0
