=== REGISTRATION TESTS STARTED: 2026-02-03 05:01:43 ===
============================= test session starts ==============================
platform linux -- Python 3.13.11, pytest-8.3.5, pluggy-1.6.0 -- /opt/hostedtoolcache/Python/3.13.11/x64/bin/python
cachedir: .pytest_cache
metadata: {'Python': '3.13.11', 'Platform': 'Linux-6.11.0-1018-azure-x86_64-with-glibc2.39', 'Packages': {'pytest': '8.3.5', 'pluggy': '1.6.0'}, 'Plugins': {'rerunfailures': '16.1', 'Faker': '40.1.2', 'xdist': '3.8.0', 'html': '4.2.0', 'metadata': '3.1.1'}, 'CI': 'true', 'JAVA_HOME': '/usr/lib/jvm/temurin-17-jdk-amd64'}
rootdir: /home/runner/work/Mocha_accounting/Mocha_accounting
plugins: rerunfailures-16.1, Faker-40.1.2, xdist-3.8.0, html-4.2.0, metadata-3.1.1
collecting ... collected 2 items

tests/test_signup_login/test_sign_up.py::test_ete_registration_india FAILED [ 50%]
tests/test_signup_login/test_sign_up.py::test_ete_registration_non_india FAILED [100%]

=================================== FAILURES ===================================
_________________________ test_ete_registration_india __________________________

sign_login_setup = <selenium.webdriver.chrome.webdriver.WebDriver (session="0a70fcb03270661906c1e10e0b48e562")>
registration_test_data = {'organization_address_city': 'Tampa', 'organization_address_country': 'United States', 'organization_address_india': 'INOX: Insignia At Epicuria', 'organization_address_nonindia': '1105 West Woodlawn Avenue Tampa, FLA, USA', ...}

    @pytest.mark.is_registration
    def test_ete_registration_india(sign_login_setup, registration_test_data):
        driver = sign_login_setup
        registration = Registration(driver)
        login = LoginPage(driver)
        time.sleep(2)
        registration.registration_signup_sign_up_btn()
        logger.info("Clicked on Sign-up for free button")
        registration.registration_signup_first_name(registration_test_data)
        logger.info("Entered the first name")
        registration.registration_signup_last_name(registration_test_data)
        logger.info("Entered the last name")
        unique_email_id = registration.registration_signup_email(registration_test_data)
        logger.info(f"Entered the email: {unique_email_id}")
        registration.registration_signup_phone_number_country_india(registration_test_data)
        logger.info("Selected country for phone number")
        registration.registration_signup_phone_number_india(registration_test_data)
        logger.info("Entered phone number")
        registration.registration_signup_agreed_to_policy_chkbx(registration_test_data)
        logger.info("Agreed to policy checkbox checked")
        registration.registration_signup_submit_btn(registration_test_data)
        logger.info("Clicked on Sign-up button")
        time.sleep(5)
        # Fetch OTP using the unique email
        otp = get_latest_otp_email()
        time.sleep(2)
        registration.registration_enter_otp(otp)
        logger.info("Entered Otp")
        time.sleep(2)
>       registration.registration_enter_password(registration_test_data)

tests/test_signup_login/test_sign_up.py:43: 
_ _ _ _ _ _ _ _ _ _ _ _ _ _ _ _ _ _ _ _ _ _ _ _ _ _ _ _ _ _ _ _ _ _ _ _ _ _ _ _ 

self = <pages.registration.Registration object at 0x7f91ede8c980>
registration_test_data = {'organization_address_city': 'Tampa', 'organization_address_country': 'United States', 'organization_address_india': 'INOX: Insignia At Epicuria', 'organization_address_nonindia': '1105 West Woodlawn Avenue Tampa, FLA, USA', ...}

    def registration_enter_password(self, registration_test_data):
        #self.actions.wait_until_url_contains("new-password", timeout=50)
        #self.actions.wait_for_page_load(timeout=10)
        #self.actions.wait_for_element_to_be_visible(self.registration_password)
>       WebDriverWait(self.driver, 30).until(
            EC.presence_of_element_located((By.ID, "password"))
        )

pages/registration.py:170: 
_ _ _ _ _ _ _ _ _ _ _ _ _ _ _ _ _ _ _ _ _ _ _ _ _ _ _ _ _ _ _ _ _ _ _ _ _ _ _ _ 

self = <selenium.webdriver.support.wait.WebDriverWait (session="0a70fcb03270661906c1e10e0b48e562")>
method = <function presence_of_element_located.<locals>._predicate at 0x7f91f13911c0>
message = ''

    def until(self, method: Callable[[D], Union[Literal[False], T]], message: str = "") -> T:
        """Wait until the method returns a value that is not False.
    
        Calls the method provided with the driver as an argument until the
        return value does not evaluate to ``False``.
    
        Parameters:
        ----------
        method: callable(WebDriver)
            - A callable object that takes a WebDriver instance as an argument.
    
        message: str
            - Optional message for :exc:`TimeoutException`
    
        Return:
        -------
        object: T
            - The result of the last call to `method`
    
        Raises:
        -------
        TimeoutException
            - If 'method' does not return a truthy value within the WebDriverWait
            object's timeout
    
        Example:
        --------
        >>> from selenium.webdriver.common.by import By
        >>> from selenium.webdriver.support.ui import WebDriverWait
        >>> from selenium.webdriver.support import expected_conditions as EC
    
        # Wait until an element is visible on the page
        >>> wait = WebDriverWait(driver, 10)
        >>> element = wait.until(EC.visibility_of_element_located((By.ID, "exampleId")))
        >>> print(element.text)
        """
        screen = None
        stacktrace = None
    
        end_time = time.monotonic() + self._timeout
        while True:
            try:
                value = method(self._driver)
                if value:
                    return value
            except self._ignored_exceptions as exc:
                screen = getattr(exc, "screen", None)
                stacktrace = getattr(exc, "stacktrace", None)
            if time.monotonic() > end_time:
                break
            time.sleep(self._poll)
>       raise TimeoutException(message, screen, stacktrace)
E       selenium.common.exceptions.TimeoutException: Message: 
E       Stacktrace:
E       #0 0x5639e6dbe4ba <unknown>
E       #1 0x5639e6827492 <unknown>
E       #2 0x5639e687c9b6 <unknown>
E       #3 0x5639e687cbf1 <unknown>
E       #4 0x5639e68c84d4 <unknown>
E       #5 0x5639e68c5700 <unknown>
E       #6 0x5639e686e6a2 <unknown>
E       #7 0x5639e686f491 <unknown>
E       #8 0x5639e6d84479 <unknown>
E       #9 0x5639e6d87391 <unknown>
E       #10 0x5639e6d70a89 <unknown>
E       #11 0x5639e6d87f4e <unknown>
E       #12 0x5639e6d57070 <unknown>
E       #13 0x5639e6dabca8 <unknown>
E       #14 0x5639e6dabe78 <unknown>
E       #15 0x5639e6dbd828 <unknown>
E       #16 0x7f9dae09caa4 <unknown>
E       #17 0x7f9dae129c6c <unknown>

/opt/hostedtoolcache/Python/3.13.11/x64/lib/python3.13/site-packages/selenium/webdriver/support/wait.py:146: TimeoutException
---------------------------- Captured stderr setup -----------------------------
2026-02-03 05:01:45,016 - INFO - Starting test with Chrome browser
2026-02-03 05:01:45,016 - INFO - ====== WebDriver manager ======
2026-02-03 05:01:45,084 - INFO - Get LATEST chromedriver version for google-chrome
2026-02-03 05:01:45,119 - INFO - Get LATEST chromedriver version for google-chrome
2026-02-03 05:01:45,151 - INFO - Driver [/home/runner/.wdm/drivers/chromedriver/linux64/144.0.7559.109/chromedriver-linux64/chromedriver] found in cache
2026-02-03 05:01:48,277 - INFO - Navigated to: https://mochaaccounting.com/
------------------------------ Captured log setup ------------------------------
INFO     tests.test_signup_login.conftest:conftest.py:78 Starting test with Chrome browser
INFO     WDM:logger.py:11 ====== WebDriver manager ======
INFO     WDM:logger.py:11 Get LATEST chromedriver version for google-chrome
INFO     WDM:logger.py:11 Get LATEST chromedriver version for google-chrome
INFO     WDM:logger.py:11 Driver [/home/runner/.wdm/drivers/chromedriver/linux64/144.0.7559.109/chromedriver-linux64/chromedriver] found in cache
INFO     tests.test_signup_login.conftest:conftest.py:135 Navigated to: https://mochaaccounting.com/
----------------------------- Captured stderr call -----------------------------
2026-02-03 05:01:51,453 - INFO - Clicked on Sign-up for free button
2026-02-03 05:01:51,632 - INFO - Entered First Name: Automation_FN_20260203_050151
2026-02-03 05:01:53,632 - INFO - Entered the first name
2026-02-03 05:01:53,784 - INFO - Entered Last Name: Tester_LN_20260203_050153
2026-02-03 05:01:55,785 - INFO - Entered the last name
2026-02-03 05:01:57,938 - INFO - Entered the email: mochaautotest+20260203_050155@gmail.com
2026-02-03 05:01:58,738 - INFO - Selected country for phone number
2026-02-03 05:01:58,836 - INFO - Entered phone number
2026-02-03 05:01:58,919 - INFO - Agreed to policy checkbox checked
2026-02-03 05:01:59,010 - INFO - Clicked on Sign-up button
2026-02-03 05:02:04,188 - INFO - file_cache is only supported with oauth2client<4.0.0
2026-02-03 05:02:04,189 - INFO - Fetching OTP with up to 5 retries (every 10s)...
2026-02-03 05:02:04,809 - INFO -  Extracted OTP: 126895
2026-02-03 05:02:07,250 - INFO - Using OTP: 126895
2026-02-03 05:02:07,426 - INFO - OTP submitted successfully.
2026-02-03 05:02:09,427 - INFO - Entered Otp
------------------------------ Captured log call -------------------------------
INFO     tests.test_signup_login.test_sign_up:test_sign_up.py:21 Clicked on Sign-up for free button
INFO     root:registration.py:107 Entered First Name: Automation_FN_20260203_050151
INFO     tests.test_signup_login.test_sign_up:test_sign_up.py:23 Entered the first name
INFO     root:registration.py:115 Entered Last Name: Tester_LN_20260203_050153
INFO     tests.test_signup_login.test_sign_up:test_sign_up.py:25 Entered the last name
INFO     tests.test_signup_login.test_sign_up:test_sign_up.py:27 Entered the email: mochaautotest+20260203_050155@gmail.com
INFO     tests.test_signup_login.test_sign_up:test_sign_up.py:29 Selected country for phone number
INFO     tests.test_signup_login.test_sign_up:test_sign_up.py:31 Entered phone number
INFO     tests.test_signup_login.test_sign_up:test_sign_up.py:33 Agreed to policy checkbox checked
INFO     tests.test_signup_login.test_sign_up:test_sign_up.py:35 Clicked on Sign-up button
INFO     googleapiclient.discovery_cache:__init__.py:49 file_cache is only supported with oauth2client<4.0.0
INFO     root:get_mail_otp.py:107 Fetching OTP with up to 5 retries (every 10s)...
INFO     root:get_mail_otp.py:88  Extracted OTP: 126895
INFO     root:registration.py:157 Using OTP: 126895
INFO     root:registration.py:162 OTP submitted successfully.
INFO     tests.test_signup_login.test_sign_up:test_sign_up.py:41 Entered Otp
--------------------------- Captured stderr teardown ---------------------------
2026-02-03 05:02:44,173 - INFO - Closing browser
---------------------------- Captured log teardown -----------------------------
INFO     tests.test_signup_login.conftest:conftest.py:145 Closing browser
_______________________ test_ete_registration_non_india ________________________

sign_login_setup = <selenium.webdriver.chrome.webdriver.WebDriver (session="9b53a3bdf41e71854757845f7bbe2788")>
registration_test_data = {'organization_address_city': 'Tampa', 'organization_address_country': 'United States', 'organization_address_india': 'INOX: Insignia At Epicuria', 'organization_address_nonindia': '1105 West Woodlawn Avenue Tampa, FLA, USA', ...}

    @pytest.mark.is_registration
    def test_ete_registration_non_india(sign_login_setup, registration_test_data):
        driver = sign_login_setup
        registration = Registration(driver)
        login = LoginPage(driver)
        time.sleep(2)
        registration.registration_signup_sign_up_btn()
        logger.info("Clicked on Sign-up for free button")
        registration.registration_signup_first_name(registration_test_data)
        logger.info("Entered the first name")
        registration.registration_signup_last_name(registration_test_data)
        logger.info("Entered the last name")
        unique_email_id = registration.registration_signup_email(registration_test_data)
        logger.info(f"Entered the email: {unique_email_id}")
        registration.registration_signup_phone_number_country_non_india(registration_test_data)
        logger.info("Selected country for phone number")
        registration.registration_signup_phone_number_non_india(registration_test_data)
        logger.info("Entered phone number")
        registration.registration_signup_agreed_to_policy_chkbx(registration_test_data)
        logger.info("Agreed to policy checkbox checked")
        registration.registration_signup_submit_btn(registration_test_data)
        logger.info("Clicked on Sign-up button")
        time.sleep(5)
        # Fetch OTP using the unique email
        otp = get_latest_otp_email()
        time.sleep(2)
        registration.registration_enter_otp(otp)
        logger.info("Entered Otp")
        time.sleep(2)
        #registration.registration_enter_password_new(registration_test_data)
>       registration.registration_enter_password(registration_test_data)

tests/test_signup_login/test_sign_up.py:109: 
_ _ _ _ _ _ _ _ _ _ _ _ _ _ _ _ _ _ _ _ _ _ _ _ _ _ _ _ _ _ _ _ _ _ _ _ _ _ _ _ 

self = <pages.registration.Registration object at 0x7f91ededed50>
registration_test_data = {'organization_address_city': 'Tampa', 'organization_address_country': 'United States', 'organization_address_india': 'INOX: Insignia At Epicuria', 'organization_address_nonindia': '1105 West Woodlawn Avenue Tampa, FLA, USA', ...}

    def registration_enter_password(self, registration_test_data):
        #self.actions.wait_until_url_contains("new-password", timeout=50)
        #self.actions.wait_for_page_load(timeout=10)
        #self.actions.wait_for_element_to_be_visible(self.registration_password)
>       WebDriverWait(self.driver, 30).until(
            EC.presence_of_element_located((By.ID, "password"))
        )

pages/registration.py:170: 
_ _ _ _ _ _ _ _ _ _ _ _ _ _ _ _ _ _ _ _ _ _ _ _ _ _ _ _ _ _ _ _ _ _ _ _ _ _ _ _ 

self = <selenium.webdriver.support.wait.WebDriverWait (session="9b53a3bdf41e71854757845f7bbe2788")>
method = <function presence_of_element_located.<locals>._predicate at 0x7f91f1391080>
message = ''

    def until(self, method: Callable[[D], Union[Literal[False], T]], message: str = "") -> T:
        """Wait until the method returns a value that is not False.
    
        Calls the method provided with the driver as an argument until the
        return value does not evaluate to ``False``.
    
        Parameters:
        ----------
        method: callable(WebDriver)
            - A callable object that takes a WebDriver instance as an argument.
    
        message: str
            - Optional message for :exc:`TimeoutException`
    
        Return:
        -------
        object: T
            - The result of the last call to `method`
    
        Raises:
        -------
        TimeoutException
            - If 'method' does not return a truthy value within the WebDriverWait
            object's timeout
    
        Example:
        --------
        >>> from selenium.webdriver.common.by import By
        >>> from selenium.webdriver.support.ui import WebDriverWait
        >>> from selenium.webdriver.support import expected_conditions as EC
    
        # Wait until an element is visible on the page
        >>> wait = WebDriverWait(driver, 10)
        >>> element = wait.until(EC.visibility_of_element_located((By.ID, "exampleId")))
        >>> print(element.text)
        """
        screen = None
        stacktrace = None
    
        end_time = time.monotonic() + self._timeout
        while True:
            try:
                value = method(self._driver)
                if value:
                    return value
            except self._ignored_exceptions as exc:
                screen = getattr(exc, "screen", None)
                stacktrace = getattr(exc, "stacktrace", None)
            if time.monotonic() > end_time:
                break
            time.sleep(self._poll)
>       raise TimeoutException(message, screen, stacktrace)
E       selenium.common.exceptions.TimeoutException: Message: 
E       Stacktrace:
E       #0 0x559d551a84ba <unknown>
E       #1 0x559d54c11492 <unknown>
E       #2 0x559d54c669b6 <unknown>
E       #3 0x559d54c66bf1 <unknown>
E       #4 0x559d54cb24d4 <unknown>
E       #5 0x559d54caf700 <unknown>
E       #6 0x559d54c586a2 <unknown>
E       #7 0x559d54c59491 <unknown>
E       #8 0x559d5516e479 <unknown>
E       #9 0x559d55171391 <unknown>
E       #10 0x559d5515aa89 <unknown>
E       #11 0x559d55171f4e <unknown>
E       #12 0x559d55141070 <unknown>
E       #13 0x559d55195ca8 <unknown>
E       #14 0x559d55195e78 <unknown>
E       #15 0x559d551a7828 <unknown>
E       #16 0x7f17c449caa4 <unknown>
E       #17 0x7f17c4529c6c <unknown>

/opt/hostedtoolcache/Python/3.13.11/x64/lib/python3.13/site-packages/selenium/webdriver/support/wait.py:146: TimeoutException
---------------------------- Captured stderr setup -----------------------------
2026-02-03 05:02:44,267 - INFO - Starting test with Chrome browser
2026-02-03 05:02:44,268 - INFO - ====== WebDriver manager ======
2026-02-03 05:02:44,335 - INFO - Get LATEST chromedriver version for google-chrome
2026-02-03 05:02:44,366 - INFO - Get LATEST chromedriver version for google-chrome
2026-02-03 05:02:44,398 - INFO - Driver [/home/runner/.wdm/drivers/chromedriver/linux64/144.0.7559.109/chromedriver-linux64/chromedriver] found in cache
2026-02-03 05:02:47,621 - INFO - Navigated to: https://mochaaccounting.com/
------------------------------ Captured log setup ------------------------------
INFO     tests.test_signup_login.conftest:conftest.py:78 Starting test with Chrome browser
INFO     WDM:logger.py:11 ====== WebDriver manager ======
INFO     WDM:logger.py:11 Get LATEST chromedriver version for google-chrome
INFO     WDM:logger.py:11 Get LATEST chromedriver version for google-chrome
INFO     WDM:logger.py:11 Driver [/home/runner/.wdm/drivers/chromedriver/linux64/144.0.7559.109/chromedriver-linux64/chromedriver] found in cache
INFO     tests.test_signup_login.conftest:conftest.py:135 Navigated to: https://mochaaccounting.com/
----------------------------- Captured stderr call -----------------------------
2026-02-03 05:02:50,825 - INFO - Clicked on Sign-up for free button
2026-02-03 05:02:50,983 - INFO - Entered First Name: Automation_FN_20260203_050250
2026-02-03 05:02:52,984 - INFO - Entered the first name
2026-02-03 05:02:53,133 - INFO - Entered Last Name: Tester_LN_20260203_050252
2026-02-03 05:02:55,133 - INFO - Entered the last name
2026-02-03 05:02:57,294 - INFO - Entered the email: mochaautotest+20260203_050255@gmail.com
2026-02-03 05:02:58,714 - INFO - Selected country for phone number
2026-02-03 05:02:58,820 - INFO - Entered phone number
2026-02-03 05:02:58,903 - INFO - Agreed to policy checkbox checked
2026-02-03 05:02:58,993 - INFO - Clicked on Sign-up button
2026-02-03 05:03:03,994 - INFO - file_cache is only supported with oauth2client<4.0.0
2026-02-03 05:03:03,996 - INFO - Fetching OTP with up to 5 retries (every 10s)...
2026-02-03 05:03:04,537 - INFO -  Extracted OTP: 829310
2026-02-03 05:03:06,963 - INFO - Using OTP: 829310
2026-02-03 05:03:07,133 - INFO - OTP submitted successfully.
2026-02-03 05:03:09,133 - INFO - Entered Otp
------------------------------ Captured log call -------------------------------
INFO     tests.test_signup_login.test_sign_up:test_sign_up.py:86 Clicked on Sign-up for free button
INFO     root:registration.py:107 Entered First Name: Automation_FN_20260203_050250
INFO     tests.test_signup_login.test_sign_up:test_sign_up.py:88 Entered the first name
INFO     root:registration.py:115 Entered Last Name: Tester_LN_20260203_050252
INFO     tests.test_signup_login.test_sign_up:test_sign_up.py:90 Entered the last name
INFO     tests.test_signup_login.test_sign_up:test_sign_up.py:92 Entered the email: mochaautotest+20260203_050255@gmail.com
INFO     tests.test_signup_login.test_sign_up:test_sign_up.py:94 Selected country for phone number
INFO     tests.test_signup_login.test_sign_up:test_sign_up.py:96 Entered phone number
INFO     tests.test_signup_login.test_sign_up:test_sign_up.py:98 Agreed to policy checkbox checked
INFO     tests.test_signup_login.test_sign_up:test_sign_up.py:100 Clicked on Sign-up button
INFO     googleapiclient.discovery_cache:__init__.py:49 file_cache is only supported with oauth2client<4.0.0
INFO     root:get_mail_otp.py:107 Fetching OTP with up to 5 retries (every 10s)...
INFO     root:get_mail_otp.py:88  Extracted OTP: 829310
INFO     root:registration.py:157 Using OTP: 829310
INFO     root:registration.py:162 OTP submitted successfully.
INFO     tests.test_signup_login.test_sign_up:test_sign_up.py:106 Entered Otp
--------------------------- Captured stderr teardown ---------------------------
2026-02-03 05:03:43,851 - INFO - Closing browser
---------------------------- Captured log teardown -----------------------------
INFO     tests.test_signup_login.conftest:conftest.py:145 Closing browser
=============================== warnings summary ===============================
tests/test_signup_login/test_sign_up.py:14
  /home/runner/work/Mocha_accounting/Mocha_accounting/tests/test_signup_login/test_sign_up.py:14: PytestUnknownMarkWarning: Unknown pytest.mark.is_registration - is this a typo?  You can register custom marks to avoid this warning - for details, see https://docs.pytest.org/en/stable/how-to/mark.html
    @pytest.mark.is_registration

tests/test_signup_login/test_sign_up.py:79
  /home/runner/work/Mocha_accounting/Mocha_accounting/tests/test_signup_login/test_sign_up.py:79: PytestUnknownMarkWarning: Unknown pytest.mark.is_registration - is this a typo?  You can register custom marks to avoid this warning - for details, see https://docs.pytest.org/en/stable/how-to/mark.html
    @pytest.mark.is_registration

-- Docs: https://docs.pytest.org/en/stable/how-to/capture-warnings.html
- Generated html report: file:///home/runner/work/Mocha_accounting/Mocha_accounting/C%3A%5CUsers%5CTaurus13%5CPycharmProjects%5CPythonProject%5Creports/20260203_050144/report.html -
================== 2 failed, 2 warnings in 119.88s (0:01:59) ===================
=== REGISTRATION TESTS COMPLETED ===
Exit Code: 1
=== REGISTRATION TESTS STARTED: 2026-02-03 11:54:25 ===
============================= test session starts ==============================
platform linux -- Python 3.13.11, pytest-8.3.5, pluggy-1.6.0 -- /opt/hostedtoolcache/Python/3.13.11/x64/bin/python
cachedir: .pytest_cache
metadata: {'Python': '3.13.11', 'Platform': 'Linux-6.11.0-1018-azure-x86_64-with-glibc2.39', 'Packages': {'pytest': '8.3.5', 'pluggy': '1.6.0'}, 'Plugins': {'rerunfailures': '16.1', 'Faker': '40.1.2', 'xdist': '3.8.0', 'html': '4.2.0', 'metadata': '3.1.1'}, 'CI': 'true', 'JAVA_HOME': '/usr/lib/jvm/temurin-17-jdk-amd64'}
rootdir: /home/runner/work/Mocha_accounting/Mocha_accounting
plugins: rerunfailures-16.1, Faker-40.1.2, xdist-3.8.0, html-4.2.0, metadata-3.1.1
collecting ... collected 2 items

tests/test_signup_login/test_sign_up.py::test_ete_registration_india FAILED [ 50%]
tests/test_signup_login/test_sign_up.py::test_ete_registration_non_india FAILED [100%]

=================================== FAILURES ===================================
_________________________ test_ete_registration_india __________________________

sign_login_setup = <selenium.webdriver.chrome.webdriver.WebDriver (session="0595b53aea57a6ae2f3963cbe76a6199")>
registration_test_data = {'organization_address_city': 'Tampa', 'organization_address_country': 'United States', 'organization_address_india': 'INOX: Insignia At Epicuria', 'organization_address_nonindia': '1105 West Woodlawn Avenue Tampa, FLA, USA', ...}

    @pytest.mark.is_registration
    def test_ete_registration_india(sign_login_setup, registration_test_data):
        driver = sign_login_setup
        registration = Registration(driver)
        login = LoginPage(driver)
        time.sleep(2)
        registration.registration_signup_sign_up_btn()
        logger.info("Clicked on Sign-up for free button")
        registration.registration_signup_first_name(registration_test_data)
        logger.info("Entered the first name")
        registration.registration_signup_last_name(registration_test_data)
        logger.info("Entered the last name")
        unique_email_id = registration.registration_signup_email(registration_test_data)
        logger.info(f"Entered the email: {unique_email_id}")
        registration.registration_signup_phone_number_country_india(registration_test_data)
        logger.info("Selected country for phone number")
        registration.registration_signup_phone_number_india(registration_test_data)
        logger.info("Entered phone number")
        registration.registration_signup_agreed_to_policy_chkbx(registration_test_data)
        logger.info("Agreed to policy checkbox checked")
        registration.registration_signup_submit_btn(registration_test_data)
        logger.info("Clicked on Sign-up button")
        time.sleep(5)
        # Fetch OTP using the unique email
        otp = get_latest_otp_email()
        time.sleep(2)
        registration.registration_enter_otp(otp)
        logger.info("Entered Otp")
        time.sleep(2)
        #registration.registration_enter_password(registration_test_data)
>       registration.registration_enter_password_new(registration_test_data)

tests/test_signup_login/test_sign_up.py:44: 
_ _ _ _ _ _ _ _ _ _ _ _ _ _ _ _ _ _ _ _ _ _ _ _ _ _ _ _ _ _ _ _ _ _ _ _ _ _ _ _ 

self = <pages.registration.Registration object at 0x7f647098c980>
registration_test_data = {'organization_address_city': 'Tampa', 'organization_address_country': 'United States', 'organization_address_india': 'INOX: Insignia At Epicuria', 'organization_address_nonindia': '1105 West Woodlawn Avenue Tampa, FLA, USA', ...}

    def registration_enter_password_new(self, registration_test_data):
>       WebDriverWait(self.driver, 60).until(
            lambda d: "password" in d.current_url.lower()
        )

pages/registration.py:182: 
_ _ _ _ _ _ _ _ _ _ _ _ _ _ _ _ _ _ _ _ _ _ _ _ _ _ _ _ _ _ _ _ _ _ _ _ _ _ _ _ 

self = <selenium.webdriver.support.wait.WebDriverWait (session="0595b53aea57a6ae2f3963cbe76a6199")>
method = <function Registration.registration_enter_password_new.<locals>.<lambda> at 0x7f6473e91120>
message = ''

    def until(self, method: Callable[[D], Union[Literal[False], T]], message: str = "") -> T:
        """Wait until the method returns a value that is not False.
    
        Calls the method provided with the driver as an argument until the
        return value does not evaluate to ``False``.
    
        Parameters:
        ----------
        method: callable(WebDriver)
            - A callable object that takes a WebDriver instance as an argument.
    
        message: str
            - Optional message for :exc:`TimeoutException`
    
        Return:
        -------
        object: T
            - The result of the last call to `method`
    
        Raises:
        -------
        TimeoutException
            - If 'method' does not return a truthy value within the WebDriverWait
            object's timeout
    
        Example:
        --------
        >>> from selenium.webdriver.common.by import By
        >>> from selenium.webdriver.support.ui import WebDriverWait
        >>> from selenium.webdriver.support import expected_conditions as EC
    
        # Wait until an element is visible on the page
        >>> wait = WebDriverWait(driver, 10)
        >>> element = wait.until(EC.visibility_of_element_located((By.ID, "exampleId")))
        >>> print(element.text)
        """
        screen = None
        stacktrace = None
    
        end_time = time.monotonic() + self._timeout
        while True:
            try:
                value = method(self._driver)
                if value:
                    return value
            except self._ignored_exceptions as exc:
                screen = getattr(exc, "screen", None)
                stacktrace = getattr(exc, "stacktrace", None)
            if time.monotonic() > end_time:
                break
            time.sleep(self._poll)
>       raise TimeoutException(message, screen, stacktrace)
E       selenium.common.exceptions.TimeoutException: Message:

/opt/hostedtoolcache/Python/3.13.11/x64/lib/python3.13/site-packages/selenium/webdriver/support/wait.py:146: TimeoutException
---------------------------- Captured stderr setup -----------------------------
2026-02-03 11:54:26,546 - INFO - Starting test with Chrome browser
2026-02-03 11:54:26,546 - INFO - ====== WebDriver manager ======
2026-02-03 11:54:26,612 - INFO - Get LATEST chromedriver version for google-chrome
2026-02-03 11:54:26,646 - INFO - Get LATEST chromedriver version for google-chrome
2026-02-03 11:54:26,680 - INFO - Driver [/home/runner/.wdm/drivers/chromedriver/linux64/144.0.7559.109/chromedriver-linux64/chromedriver] found in cache
2026-02-03 11:54:29,799 - INFO - Navigated to: https://mochaaccounting.com/
------------------------------ Captured log setup ------------------------------
INFO     tests.test_signup_login.conftest:conftest.py:78 Starting test with Chrome browser
INFO     WDM:logger.py:11 ====== WebDriver manager ======
INFO     WDM:logger.py:11 Get LATEST chromedriver version for google-chrome
INFO     WDM:logger.py:11 Get LATEST chromedriver version for google-chrome
INFO     WDM:logger.py:11 Driver [/home/runner/.wdm/drivers/chromedriver/linux64/144.0.7559.109/chromedriver-linux64/chromedriver] found in cache
INFO     tests.test_signup_login.conftest:conftest.py:135 Navigated to: https://mochaaccounting.com/
----------------------------- Captured stderr call -----------------------------
2026-02-03 11:54:32,575 - INFO - Clicked on Sign-up for free button
2026-02-03 11:54:32,732 - INFO - Entered First Name: Automation_FN_20260203_115432
2026-02-03 11:54:34,732 - INFO - Entered the first name
2026-02-03 11:54:34,877 - INFO - Entered Last Name: Tester_LN_20260203_115434
2026-02-03 11:54:36,878 - INFO - Entered the last name
2026-02-03 11:54:39,030 - INFO - Entered the email: mochaautotest+20260203_115436@gmail.com
2026-02-03 11:54:39,860 - INFO - Selected country for phone number
2026-02-03 11:54:39,954 - INFO - Entered phone number
2026-02-03 11:54:40,034 - INFO - Agreed to policy checkbox checked
2026-02-03 11:54:40,123 - INFO - Clicked on Sign-up button
2026-02-03 11:54:45,243 - INFO - file_cache is only supported with oauth2client<4.0.0
2026-02-03 11:54:45,244 - INFO - Fetching OTP with up to 5 retries (every 10s)...
2026-02-03 11:54:45,806 - INFO -  Extracted OTP: 708300
2026-02-03 11:54:48,202 - INFO - Using OTP: 708300
2026-02-03 11:54:48,361 - INFO - OTP submitted successfully.
2026-02-03 11:54:50,361 - INFO - Entered Otp
------------------------------ Captured log call -------------------------------
INFO     tests.test_signup_login.test_sign_up:test_sign_up.py:21 Clicked on Sign-up for free button
INFO     root:registration.py:107 Entered First Name: Automation_FN_20260203_115432
INFO     tests.test_signup_login.test_sign_up:test_sign_up.py:23 Entered the first name
INFO     root:registration.py:115 Entered Last Name: Tester_LN_20260203_115434
INFO     tests.test_signup_login.test_sign_up:test_sign_up.py:25 Entered the last name
INFO     tests.test_signup_login.test_sign_up:test_sign_up.py:27 Entered the email: mochaautotest+20260203_115436@gmail.com
INFO     tests.test_signup_login.test_sign_up:test_sign_up.py:29 Selected country for phone number
INFO     tests.test_signup_login.test_sign_up:test_sign_up.py:31 Entered phone number
INFO     tests.test_signup_login.test_sign_up:test_sign_up.py:33 Agreed to policy checkbox checked
INFO     tests.test_signup_login.test_sign_up:test_sign_up.py:35 Clicked on Sign-up button
INFO     googleapiclient.discovery_cache:__init__.py:49 file_cache is only supported with oauth2client<4.0.0
INFO     root:get_mail_otp.py:107 Fetching OTP with up to 5 retries (every 10s)...
INFO     root:get_mail_otp.py:88  Extracted OTP: 708300
INFO     root:registration.py:157 Using OTP: 708300
INFO     root:registration.py:162 OTP submitted successfully.
INFO     tests.test_signup_login.test_sign_up:test_sign_up.py:41 Entered Otp
--------------------------- Captured stderr teardown ---------------------------
2026-02-03 11:55:52,859 - INFO - Closing browser
---------------------------- Captured log teardown -----------------------------
INFO     tests.test_signup_login.conftest:conftest.py:145 Closing browser
_______________________ test_ete_registration_non_india ________________________

sign_login_setup = <selenium.webdriver.chrome.webdriver.WebDriver (session="ff2baa90204f21095808bb04ee17981b")>
registration_test_data = {'organization_address_city': 'Tampa', 'organization_address_country': 'United States', 'organization_address_india': 'INOX: Insignia At Epicuria', 'organization_address_nonindia': '1105 West Woodlawn Avenue Tampa, FLA, USA', ...}

    @pytest.mark.is_registration
    def test_ete_registration_non_india(sign_login_setup, registration_test_data):
        driver = sign_login_setup
        registration = Registration(driver)
        login = LoginPage(driver)
        time.sleep(2)
        registration.registration_signup_sign_up_btn()
        logger.info("Clicked on Sign-up for free button")
        registration.registration_signup_first_name(registration_test_data)
        logger.info("Entered the first name")
        registration.registration_signup_last_name(registration_test_data)
        logger.info("Entered the last name")
        unique_email_id = registration.registration_signup_email(registration_test_data)
        logger.info(f"Entered the email: {unique_email_id}")
        registration.registration_signup_phone_number_country_non_india(registration_test_data)
        logger.info("Selected country for phone number")
        registration.registration_signup_phone_number_non_india(registration_test_data)
        logger.info("Entered phone number")
        registration.registration_signup_agreed_to_policy_chkbx(registration_test_data)
        logger.info("Agreed to policy checkbox checked")
        registration.registration_signup_submit_btn(registration_test_data)
        logger.info("Clicked on Sign-up button")
        time.sleep(5)
        # Fetch OTP using the unique email
        otp = get_latest_otp_email()
        time.sleep(2)
        registration.registration_enter_otp(otp)
        logger.info("Entered Otp")
        time.sleep(2)
>       registration.registration_enter_password_new(registration_test_data)

tests/test_signup_login/test_sign_up.py:108: 
_ _ _ _ _ _ _ _ _ _ _ _ _ _ _ _ _ _ _ _ _ _ _ _ _ _ _ _ _ _ _ _ _ _ _ _ _ _ _ _ 

self = <pages.registration.Registration object at 0x7f64709ded50>
registration_test_data = {'organization_address_city': 'Tampa', 'organization_address_country': 'United States', 'organization_address_india': 'INOX: Insignia At Epicuria', 'organization_address_nonindia': '1105 West Woodlawn Avenue Tampa, FLA, USA', ...}

    def registration_enter_password_new(self, registration_test_data):
>       WebDriverWait(self.driver, 60).until(
            lambda d: "password" in d.current_url.lower()
        )

pages/registration.py:182: 
_ _ _ _ _ _ _ _ _ _ _ _ _ _ _ _ _ _ _ _ _ _ _ _ _ _ _ _ _ _ _ _ _ _ _ _ _ _ _ _ 

self = <selenium.webdriver.support.wait.WebDriverWait (session="ff2baa90204f21095808bb04ee17981b")>
method = <function Registration.registration_enter_password_new.<locals>.<lambda> at 0x7f6473e90180>
message = ''

    def until(self, method: Callable[[D], Union[Literal[False], T]], message: str = "") -> T:
        """Wait until the method returns a value that is not False.
    
        Calls the method provided with the driver as an argument until the
        return value does not evaluate to ``False``.
    
        Parameters:
        ----------
        method: callable(WebDriver)
            - A callable object that takes a WebDriver instance as an argument.
    
        message: str
            - Optional message for :exc:`TimeoutException`
    
        Return:
        -------
        object: T
            - The result of the last call to `method`
    
        Raises:
        -------
        TimeoutException
            - If 'method' does not return a truthy value within the WebDriverWait
            object's timeout
    
        Example:
        --------
        >>> from selenium.webdriver.common.by import By
        >>> from selenium.webdriver.support.ui import WebDriverWait
        >>> from selenium.webdriver.support import expected_conditions as EC
    
        # Wait until an element is visible on the page
        >>> wait = WebDriverWait(driver, 10)
        >>> element = wait.until(EC.visibility_of_element_located((By.ID, "exampleId")))
        >>> print(element.text)
        """
        screen = None
        stacktrace = None
    
        end_time = time.monotonic() + self._timeout
        while True:
            try:
                value = method(self._driver)
                if value:
                    return value
            except self._ignored_exceptions as exc:
                screen = getattr(exc, "screen", None)
                stacktrace = getattr(exc, "stacktrace", None)
            if time.monotonic() > end_time:
                break
            time.sleep(self._poll)
>       raise TimeoutException(message, screen, stacktrace)
E       selenium.common.exceptions.TimeoutException: Message:

/opt/hostedtoolcache/Python/3.13.11/x64/lib/python3.13/site-packages/selenium/webdriver/support/wait.py:146: TimeoutException
---------------------------- Captured stderr setup -----------------------------
2026-02-03 11:55:52,965 - INFO - Starting test with Chrome browser
2026-02-03 11:55:52,965 - INFO - ====== WebDriver manager ======
2026-02-03 11:55:53,034 - INFO - Get LATEST chromedriver version for google-chrome
2026-02-03 11:55:53,068 - INFO - Get LATEST chromedriver version for google-chrome
2026-02-03 11:55:53,099 - INFO - Driver [/home/runner/.wdm/drivers/chromedriver/linux64/144.0.7559.109/chromedriver-linux64/chromedriver] found in cache
2026-02-03 11:55:56,311 - INFO - Navigated to: https://mochaaccounting.com/
------------------------------ Captured log setup ------------------------------
INFO     tests.test_signup_login.conftest:conftest.py:78 Starting test with Chrome browser
INFO     WDM:logger.py:11 ====== WebDriver manager ======
INFO     WDM:logger.py:11 Get LATEST chromedriver version for google-chrome
INFO     WDM:logger.py:11 Get LATEST chromedriver version for google-chrome
INFO     WDM:logger.py:11 Driver [/home/runner/.wdm/drivers/chromedriver/linux64/144.0.7559.109/chromedriver-linux64/chromedriver] found in cache
INFO     tests.test_signup_login.conftest:conftest.py:135 Navigated to: https://mochaaccounting.com/
----------------------------- Captured stderr call -----------------------------
2026-02-03 11:55:58,931 - INFO - Clicked on Sign-up for free button
2026-02-03 11:55:59,227 - INFO - Entered First Name: Automation_FN_20260203_115559
2026-02-03 11:56:01,227 - INFO - Entered the first name
2026-02-03 11:56:01,387 - INFO - Entered Last Name: Tester_LN_20260203_115601
2026-02-03 11:56:03,388 - INFO - Entered the last name
2026-02-03 11:56:05,548 - INFO - Entered the email: mochaautotest+20260203_115603@gmail.com
2026-02-03 11:56:07,064 - INFO - Selected country for phone number
2026-02-03 11:56:07,172 - INFO - Entered phone number
2026-02-03 11:56:07,258 - INFO - Agreed to policy checkbox checked
2026-02-03 11:56:07,352 - INFO - Clicked on Sign-up button
2026-02-03 11:56:12,353 - INFO - file_cache is only supported with oauth2client<4.0.0
2026-02-03 11:56:12,354 - INFO - Fetching OTP with up to 5 retries (every 10s)...
2026-02-03 11:56:12,799 - INFO -  Extracted OTP: 584315
2026-02-03 11:56:15,226 - INFO - Using OTP: 584315
2026-02-03 11:56:15,412 - INFO - OTP submitted successfully.
2026-02-03 11:56:17,413 - INFO - Entered Otp
------------------------------ Captured log call -------------------------------
INFO     tests.test_signup_login.test_sign_up:test_sign_up.py:86 Clicked on Sign-up for free button
INFO     root:registration.py:107 Entered First Name: Automation_FN_20260203_115559
INFO     tests.test_signup_login.test_sign_up:test_sign_up.py:88 Entered the first name
INFO     root:registration.py:115 Entered Last Name: Tester_LN_20260203_115601
INFO     tests.test_signup_login.test_sign_up:test_sign_up.py:90 Entered the last name
INFO     tests.test_signup_login.test_sign_up:test_sign_up.py:92 Entered the email: mochaautotest+20260203_115603@gmail.com
INFO     tests.test_signup_login.test_sign_up:test_sign_up.py:94 Selected country for phone number
INFO     tests.test_signup_login.test_sign_up:test_sign_up.py:96 Entered phone number
INFO     tests.test_signup_login.test_sign_up:test_sign_up.py:98 Agreed to policy checkbox checked
INFO     tests.test_signup_login.test_sign_up:test_sign_up.py:100 Clicked on Sign-up button
INFO     googleapiclient.discovery_cache:__init__.py:49 file_cache is only supported with oauth2client<4.0.0
INFO     root:get_mail_otp.py:107 Fetching OTP with up to 5 retries (every 10s)...
INFO     root:get_mail_otp.py:88  Extracted OTP: 584315
INFO     root:registration.py:157 Using OTP: 584315
INFO     root:registration.py:162 OTP submitted successfully.
INFO     tests.test_signup_login.test_sign_up:test_sign_up.py:106 Entered Otp
--------------------------- Captured stderr teardown ---------------------------
2026-02-03 11:57:19,902 - INFO - Closing browser
---------------------------- Captured log teardown -----------------------------
INFO     tests.test_signup_login.conftest:conftest.py:145 Closing browser
=============================== warnings summary ===============================
tests/test_signup_login/test_sign_up.py:14
  /home/runner/work/Mocha_accounting/Mocha_accounting/tests/test_signup_login/test_sign_up.py:14: PytestUnknownMarkWarning: Unknown pytest.mark.is_registration - is this a typo?  You can register custom marks to avoid this warning - for details, see https://docs.pytest.org/en/stable/how-to/mark.html
    @pytest.mark.is_registration

tests/test_signup_login/test_sign_up.py:79
  /home/runner/work/Mocha_accounting/Mocha_accounting/tests/test_signup_login/test_sign_up.py:79: PytestUnknownMarkWarning: Unknown pytest.mark.is_registration - is this a typo?  You can register custom marks to avoid this warning - for details, see https://docs.pytest.org/en/stable/how-to/mark.html
    @pytest.mark.is_registration

-- Docs: https://docs.pytest.org/en/stable/how-to/capture-warnings.html
- Generated html report: file:///home/runner/work/Mocha_accounting/Mocha_accounting/C%3A%5CUsers%5CTaurus13%5CPycharmProjects%5CPythonProject%5Creports/20260203_115425/report.html -
================== 2 failed, 2 warnings in 174.19s (0:02:54) ===================
=== REGISTRATION TESTS COMPLETED ===
Exit Code: 1
=== REGISTRATION TESTS STARTED: 2026-02-03 12:15:49 ===
============================= test session starts ==============================
platform linux -- Python 3.13.11, pytest-8.3.5, pluggy-1.6.0 -- /opt/hostedtoolcache/Python/3.13.11/x64/bin/python
cachedir: .pytest_cache
metadata: {'Python': '3.13.11', 'Platform': 'Linux-6.11.0-1018-azure-x86_64-with-glibc2.39', 'Packages': {'pytest': '8.3.5', 'pluggy': '1.6.0'}, 'Plugins': {'rerunfailures': '16.1', 'Faker': '40.1.2', 'xdist': '3.8.0', 'html': '4.2.0', 'metadata': '3.1.1'}, 'CI': 'true', 'JAVA_HOME': '/usr/lib/jvm/temurin-17-jdk-amd64'}
rootdir: /home/runner/work/Mocha_accounting/Mocha_accounting
plugins: rerunfailures-16.1, Faker-40.1.2, xdist-3.8.0, html-4.2.0, metadata-3.1.1
collecting ... collected 2 items

tests/test_signup_login/test_sign_up.py::test_ete_registration_india FAILED [ 50%]
tests/test_signup_login/test_sign_up.py::test_ete_registration_non_india FAILED [100%]

=================================== FAILURES ===================================
_________________________ test_ete_registration_india __________________________

sign_login_setup = <selenium.webdriver.chrome.webdriver.WebDriver (session="6a14454ec28df55d9a861befc68d494b")>
registration_test_data = {'organization_address_city': 'Tampa', 'organization_address_country': 'United States', 'organization_address_india': 'INOX: Insignia At Epicuria', 'organization_address_nonindia': '1105 West Woodlawn Avenue Tampa, FLA, USA', ...}

    @pytest.mark.is_registration
    def test_ete_registration_india(sign_login_setup, registration_test_data):
        driver = sign_login_setup
        registration = Registration(driver)
        login = LoginPage(driver)
        time.sleep(2)
        registration.registration_signup_sign_up_btn()
        logger.info("Clicked on Sign-up for free button")
        registration.registration_signup_first_name(registration_test_data)
        logger.info("Entered the first name")
        registration.registration_signup_last_name(registration_test_data)
        logger.info("Entered the last name")
        unique_email_id = registration.registration_signup_email(registration_test_data)
        logger.info(f"Entered the email: {unique_email_id}")
        registration.registration_signup_phone_number_country_india(registration_test_data)
        logger.info("Selected country for phone number")
        registration.registration_signup_phone_number_india(registration_test_data)
        logger.info("Entered phone number")
        registration.registration_signup_agreed_to_policy_chkbx(registration_test_data)
        logger.info("Agreed to policy checkbox checked")
        registration.registration_signup_submit_btn(registration_test_data)
        logger.info("Clicked on Sign-up button")
        time.sleep(5)
        # Fetch OTP using the unique email
        otp = get_latest_otp_email()
        time.sleep(2)
        registration.registration_enter_otp(otp)
        logger.info("Entered Otp")
        time.sleep(2)
        #registration.registration_enter_password(registration_test_data)
>       registration.registration_enter_password_new(registration_test_data)

tests/test_signup_login/test_sign_up.py:44: 
_ _ _ _ _ _ _ _ _ _ _ _ _ _ _ _ _ _ _ _ _ _ _ _ _ _ _ _ _ _ _ _ _ _ _ _ _ _ _ _ 

self = <pages.registration.Registration object at 0x7f7bf2688980>
registration_test_data = {'organization_address_city': 'Tampa', 'organization_address_country': 'United States', 'organization_address_india': 'INOX: Insignia At Epicuria', 'organization_address_nonindia': '1105 West Woodlawn Avenue Tampa, FLA, USA', ...}

    def registration_enter_password_new(self, registration_test_data):
>       WebDriverWait(self.driver, 60).until(
            lambda d: "password" in d.current_url.lower()
        )

pages/registration.py:182: 
_ _ _ _ _ _ _ _ _ _ _ _ _ _ _ _ _ _ _ _ _ _ _ _ _ _ _ _ _ _ _ _ _ _ _ _ _ _ _ _ 

self = <selenium.webdriver.support.wait.WebDriverWait (session="6a14454ec28df55d9a861befc68d494b")>
method = <function Registration.registration_enter_password_new.<locals>.<lambda> at 0x7f7bf9c91120>
message = ''

    def until(self, method: Callable[[D], Union[Literal[False], T]], message: str = "") -> T:
        """Wait until the method returns a value that is not False.
    
        Calls the method provided with the driver as an argument until the
        return value does not evaluate to ``False``.
    
        Parameters:
        ----------
        method: callable(WebDriver)
            - A callable object that takes a WebDriver instance as an argument.
    
        message: str
            - Optional message for :exc:`TimeoutException`
    
        Return:
        -------
        object: T
            - The result of the last call to `method`
    
        Raises:
        -------
        TimeoutException
            - If 'method' does not return a truthy value within the WebDriverWait
            object's timeout
    
        Example:
        --------
        >>> from selenium.webdriver.common.by import By
        >>> from selenium.webdriver.support.ui import WebDriverWait
        >>> from selenium.webdriver.support import expected_conditions as EC
    
        # Wait until an element is visible on the page
        >>> wait = WebDriverWait(driver, 10)
        >>> element = wait.until(EC.visibility_of_element_located((By.ID, "exampleId")))
        >>> print(element.text)
        """
        screen = None
        stacktrace = None
    
        end_time = time.monotonic() + self._timeout
        while True:
            try:
                value = method(self._driver)
                if value:
                    return value
            except self._ignored_exceptions as exc:
                screen = getattr(exc, "screen", None)
                stacktrace = getattr(exc, "stacktrace", None)
            if time.monotonic() > end_time:
                break
            time.sleep(self._poll)
>       raise TimeoutException(message, screen, stacktrace)
E       selenium.common.exceptions.TimeoutException: Message:

/opt/hostedtoolcache/Python/3.13.11/x64/lib/python3.13/site-packages/selenium/webdriver/support/wait.py:146: TimeoutException
---------------------------- Captured stderr setup -----------------------------
2026-02-03 12:15:51,129 - INFO - Starting test with Chrome browser
2026-02-03 12:15:51,129 - INFO - ====== WebDriver manager ======
2026-02-03 12:15:51,195 - INFO - Get LATEST chromedriver version for google-chrome
2026-02-03 12:15:51,232 - INFO - Get LATEST chromedriver version for google-chrome
2026-02-03 12:15:51,266 - INFO - Driver [/home/runner/.wdm/drivers/chromedriver/linux64/144.0.7559.109/chromedriver-linux64/chromedriver] found in cache
2026-02-03 12:15:54,305 - INFO - Navigated to: https://mochaaccounting.com/
------------------------------ Captured log setup ------------------------------
INFO     tests.test_signup_login.conftest:conftest.py:78 Starting test with Chrome browser
INFO     WDM:logger.py:11 ====== WebDriver manager ======
INFO     WDM:logger.py:11 Get LATEST chromedriver version for google-chrome
INFO     WDM:logger.py:11 Get LATEST chromedriver version for google-chrome
INFO     WDM:logger.py:11 Driver [/home/runner/.wdm/drivers/chromedriver/linux64/144.0.7559.109/chromedriver-linux64/chromedriver] found in cache
INFO     tests.test_signup_login.conftest:conftest.py:135 Navigated to: https://mochaaccounting.com/
----------------------------- Captured stderr call -----------------------------
2026-02-03 12:15:57,426 - INFO - Clicked on Sign-up for free button
2026-02-03 12:15:57,576 - INFO - Entered First Name: Automation_FN_20260203_121557
2026-02-03 12:15:59,576 - INFO - Entered the first name
2026-02-03 12:15:59,718 - INFO - Entered Last Name: Tester_LN_20260203_121559
2026-02-03 12:16:01,719 - INFO - Entered the last name
2026-02-03 12:16:03,873 - INFO - Entered the email: mochaautotest+20260203_121601@gmail.com
2026-02-03 12:16:04,655 - INFO - Selected country for phone number
2026-02-03 12:16:04,752 - INFO - Entered phone number
2026-02-03 12:16:04,830 - INFO - Agreed to policy checkbox checked
2026-02-03 12:16:04,919 - INFO - Clicked on Sign-up button
2026-02-03 12:16:10,095 - INFO - file_cache is only supported with oauth2client<4.0.0
2026-02-03 12:16:10,096 - INFO - Fetching OTP with up to 5 retries (every 10s)...
2026-02-03 12:16:10,632 - INFO -  Extracted OTP: 550982
2026-02-03 12:16:13,049 - INFO - Using OTP: 550982
2026-02-03 12:16:13,206 - INFO - OTP submitted successfully.
2026-02-03 12:16:15,206 - INFO - Entered Otp
------------------------------ Captured log call -------------------------------
INFO     tests.test_signup_login.test_sign_up:test_sign_up.py:21 Clicked on Sign-up for free button
INFO     root:registration.py:107 Entered First Name: Automation_FN_20260203_121557
INFO     tests.test_signup_login.test_sign_up:test_sign_up.py:23 Entered the first name
INFO     root:registration.py:115 Entered Last Name: Tester_LN_20260203_121559
INFO     tests.test_signup_login.test_sign_up:test_sign_up.py:25 Entered the last name
INFO     tests.test_signup_login.test_sign_up:test_sign_up.py:27 Entered the email: mochaautotest+20260203_121601@gmail.com
INFO     tests.test_signup_login.test_sign_up:test_sign_up.py:29 Selected country for phone number
INFO     tests.test_signup_login.test_sign_up:test_sign_up.py:31 Entered phone number
INFO     tests.test_signup_login.test_sign_up:test_sign_up.py:33 Agreed to policy checkbox checked
INFO     tests.test_signup_login.test_sign_up:test_sign_up.py:35 Clicked on Sign-up button
INFO     googleapiclient.discovery_cache:__init__.py:49 file_cache is only supported with oauth2client<4.0.0
INFO     root:get_mail_otp.py:107 Fetching OTP with up to 5 retries (every 10s)...
INFO     root:get_mail_otp.py:88  Extracted OTP: 550982
INFO     root:registration.py:157 Using OTP: 550982
INFO     root:registration.py:162 OTP submitted successfully.
INFO     tests.test_signup_login.test_sign_up:test_sign_up.py:41 Entered Otp
--------------------------- Captured stderr teardown ---------------------------
2026-02-03 12:17:17,663 - INFO - Closing browser
---------------------------- Captured log teardown -----------------------------
INFO     tests.test_signup_login.conftest:conftest.py:145 Closing browser
_______________________ test_ete_registration_non_india ________________________

sign_login_setup = <selenium.webdriver.chrome.webdriver.WebDriver (session="4ba40eae2f3c9cdcf4272261ec8bb028")>
registration_test_data = {'organization_address_city': 'Tampa', 'organization_address_country': 'United States', 'organization_address_india': 'INOX: Insignia At Epicuria', 'organization_address_nonindia': '1105 West Woodlawn Avenue Tampa, FLA, USA', ...}

    @pytest.mark.is_registration
    def test_ete_registration_non_india(sign_login_setup, registration_test_data):
        driver = sign_login_setup
        registration = Registration(driver)
        login = LoginPage(driver)
        time.sleep(2)
        registration.registration_signup_sign_up_btn()
        logger.info("Clicked on Sign-up for free button")
        registration.registration_signup_first_name(registration_test_data)
        logger.info("Entered the first name")
        registration.registration_signup_last_name(registration_test_data)
        logger.info("Entered the last name")
        unique_email_id = registration.registration_signup_email(registration_test_data)
        logger.info(f"Entered the email: {unique_email_id}")
        registration.registration_signup_phone_number_country_non_india(registration_test_data)
        logger.info("Selected country for phone number")
        registration.registration_signup_phone_number_non_india(registration_test_data)
        logger.info("Entered phone number")
        registration.registration_signup_agreed_to_policy_chkbx(registration_test_data)
        logger.info("Agreed to policy checkbox checked")
        registration.registration_signup_submit_btn(registration_test_data)
        logger.info("Clicked on Sign-up button")
        time.sleep(5)
        # Fetch OTP using the unique email
        otp = get_latest_otp_email()
        time.sleep(2)
        registration.registration_enter_otp(otp)
        logger.info("Entered Otp")
        time.sleep(2)
>       registration.registration_enter_password_new(registration_test_data)

tests/test_signup_login/test_sign_up.py:108: 
_ _ _ _ _ _ _ _ _ _ _ _ _ _ _ _ _ _ _ _ _ _ _ _ _ _ _ _ _ _ _ _ _ _ _ _ _ _ _ _ 

self = <pages.registration.Registration object at 0x7f7bf26ded50>
registration_test_data = {'organization_address_city': 'Tampa', 'organization_address_country': 'United States', 'organization_address_india': 'INOX: Insignia At Epicuria', 'organization_address_nonindia': '1105 West Woodlawn Avenue Tampa, FLA, USA', ...}

    def registration_enter_password_new(self, registration_test_data):
>       WebDriverWait(self.driver, 60).until(
            lambda d: "password" in d.current_url.lower()
        )

pages/registration.py:182: 
_ _ _ _ _ _ _ _ _ _ _ _ _ _ _ _ _ _ _ _ _ _ _ _ _ _ _ _ _ _ _ _ _ _ _ _ _ _ _ _ 

self = <selenium.webdriver.support.wait.WebDriverWait (session="4ba40eae2f3c9cdcf4272261ec8bb028")>
method = <function Registration.registration_enter_password_new.<locals>.<lambda> at 0x7f7bf9c90180>
message = ''

    def until(self, method: Callable[[D], Union[Literal[False], T]], message: str = "") -> T:
        """Wait until the method returns a value that is not False.
    
        Calls the method provided with the driver as an argument until the
        return value does not evaluate to ``False``.
    
        Parameters:
        ----------
        method: callable(WebDriver)
            - A callable object that takes a WebDriver instance as an argument.
    
        message: str
            - Optional message for :exc:`TimeoutException`
    
        Return:
        -------
        object: T
            - The result of the last call to `method`
    
        Raises:
        -------
        TimeoutException
            - If 'method' does not return a truthy value within the WebDriverWait
            object's timeout
    
        Example:
        --------
        >>> from selenium.webdriver.common.by import By
        >>> from selenium.webdriver.support.ui import WebDriverWait
        >>> from selenium.webdriver.support import expected_conditions as EC
    
        # Wait until an element is visible on the page
        >>> wait = WebDriverWait(driver, 10)
        >>> element = wait.until(EC.visibility_of_element_located((By.ID, "exampleId")))
        >>> print(element.text)
        """
        screen = None
        stacktrace = None
    
        end_time = time.monotonic() + self._timeout
        while True:
            try:
                value = method(self._driver)
                if value:
                    return value
            except self._ignored_exceptions as exc:
                screen = getattr(exc, "screen", None)
                stacktrace = getattr(exc, "stacktrace", None)
            if time.monotonic() > end_time:
                break
            time.sleep(self._poll)
>       raise TimeoutException(message, screen, stacktrace)
E       selenium.common.exceptions.TimeoutException: Message:

/opt/hostedtoolcache/Python/3.13.11/x64/lib/python3.13/site-packages/selenium/webdriver/support/wait.py:146: TimeoutException
---------------------------- Captured stderr setup -----------------------------
2026-02-03 12:17:17,768 - INFO - Starting test with Chrome browser
2026-02-03 12:17:17,769 - INFO - ====== WebDriver manager ======
2026-02-03 12:17:17,836 - INFO - Get LATEST chromedriver version for google-chrome
2026-02-03 12:17:17,870 - INFO - Get LATEST chromedriver version for google-chrome
2026-02-03 12:17:17,904 - INFO - Driver [/home/runner/.wdm/drivers/chromedriver/linux64/144.0.7559.109/chromedriver-linux64/chromedriver] found in cache
2026-02-03 12:17:21,244 - INFO - Navigated to: https://mochaaccounting.com/
------------------------------ Captured log setup ------------------------------
INFO     tests.test_signup_login.conftest:conftest.py:78 Starting test with Chrome browser
INFO     WDM:logger.py:11 ====== WebDriver manager ======
INFO     WDM:logger.py:11 Get LATEST chromedriver version for google-chrome
INFO     WDM:logger.py:11 Get LATEST chromedriver version for google-chrome
INFO     WDM:logger.py:11 Driver [/home/runner/.wdm/drivers/chromedriver/linux64/144.0.7559.109/chromedriver-linux64/chromedriver] found in cache
INFO     tests.test_signup_login.conftest:conftest.py:135 Navigated to: https://mochaaccounting.com/
----------------------------- Captured stderr call -----------------------------
2026-02-03 12:17:24,014 - INFO - Clicked on Sign-up for free button
2026-02-03 12:17:24,169 - INFO - Entered First Name: Automation_FN_20260203_121724
2026-02-03 12:17:26,169 - INFO - Entered the first name
2026-02-03 12:17:26,313 - INFO - Entered Last Name: Tester_LN_20260203_121726
2026-02-03 12:17:28,314 - INFO - Entered the last name
2026-02-03 12:17:30,469 - INFO - Entered the email: mochaautotest+20260203_121728@gmail.com
2026-02-03 12:17:31,837 - INFO - Selected country for phone number
2026-02-03 12:17:31,935 - INFO - Entered phone number
2026-02-03 12:17:32,012 - INFO - Agreed to policy checkbox checked
2026-02-03 12:17:32,120 - INFO - Clicked on Sign-up button
2026-02-03 12:17:37,121 - INFO - file_cache is only supported with oauth2client<4.0.0
2026-02-03 12:17:37,123 - INFO - Fetching OTP with up to 5 retries (every 10s)...
2026-02-03 12:17:37,573 - INFO -  Extracted OTP: 115084
2026-02-03 12:17:39,963 - INFO - Using OTP: 115084
2026-02-03 12:17:40,108 - INFO - OTP submitted successfully.
2026-02-03 12:17:42,108 - INFO - Entered Otp
------------------------------ Captured log call -------------------------------
INFO     tests.test_signup_login.test_sign_up:test_sign_up.py:86 Clicked on Sign-up for free button
INFO     root:registration.py:107 Entered First Name: Automation_FN_20260203_121724
INFO     tests.test_signup_login.test_sign_up:test_sign_up.py:88 Entered the first name
INFO     root:registration.py:115 Entered Last Name: Tester_LN_20260203_121726
INFO     tests.test_signup_login.test_sign_up:test_sign_up.py:90 Entered the last name
INFO     tests.test_signup_login.test_sign_up:test_sign_up.py:92 Entered the email: mochaautotest+20260203_121728@gmail.com
INFO     tests.test_signup_login.test_sign_up:test_sign_up.py:94 Selected country for phone number
INFO     tests.test_signup_login.test_sign_up:test_sign_up.py:96 Entered phone number
INFO     tests.test_signup_login.test_sign_up:test_sign_up.py:98 Agreed to policy checkbox checked
INFO     tests.test_signup_login.test_sign_up:test_sign_up.py:100 Clicked on Sign-up button
INFO     googleapiclient.discovery_cache:__init__.py:49 file_cache is only supported with oauth2client<4.0.0
INFO     root:get_mail_otp.py:107 Fetching OTP with up to 5 retries (every 10s)...
INFO     root:get_mail_otp.py:88  Extracted OTP: 115084
INFO     root:registration.py:157 Using OTP: 115084
INFO     root:registration.py:162 OTP submitted successfully.
INFO     tests.test_signup_login.test_sign_up:test_sign_up.py:106 Entered Otp
--------------------------- Captured stderr teardown ---------------------------
2026-02-03 12:18:44,523 - INFO - Closing browser
---------------------------- Captured log teardown -----------------------------
INFO     tests.test_signup_login.conftest:conftest.py:145 Closing browser
=============================== warnings summary ===============================
tests/test_signup_login/test_sign_up.py:14
  /home/runner/work/Mocha_accounting/Mocha_accounting/tests/test_signup_login/test_sign_up.py:14: PytestUnknownMarkWarning: Unknown pytest.mark.is_registration - is this a typo?  You can register custom marks to avoid this warning - for details, see https://docs.pytest.org/en/stable/how-to/mark.html
    @pytest.mark.is_registration

tests/test_signup_login/test_sign_up.py:79
  /home/runner/work/Mocha_accounting/Mocha_accounting/tests/test_signup_login/test_sign_up.py:79: PytestUnknownMarkWarning: Unknown pytest.mark.is_registration - is this a typo?  You can register custom marks to avoid this warning - for details, see https://docs.pytest.org/en/stable/how-to/mark.html
    @pytest.mark.is_registration

-- Docs: https://docs.pytest.org/en/stable/how-to/capture-warnings.html
- Generated html report: file:///home/runner/work/Mocha_accounting/Mocha_accounting/C%3A%5CUsers%5CTaurus13%5CPycharmProjects%5CPythonProject%5Creports/20260203_121549/report.html -
================== 2 failed, 2 warnings in 174.84s (0:02:54) ===================
=== REGISTRATION TESTS COMPLETED ===
Exit Code: 1
=== REGISTRATION TESTS STARTED: 2026-02-03 12:29:21 ===
============================= test session starts ==============================
platform linux -- Python 3.13.11, pytest-8.3.5, pluggy-1.6.0 -- /opt/hostedtoolcache/Python/3.13.11/x64/bin/python
cachedir: .pytest_cache
metadata: {'Python': '3.13.11', 'Platform': 'Linux-6.11.0-1018-azure-x86_64-with-glibc2.39', 'Packages': {'pytest': '8.3.5', 'pluggy': '1.6.0'}, 'Plugins': {'rerunfailures': '16.1', 'Faker': '40.1.2', 'xdist': '3.8.0', 'html': '4.2.0', 'metadata': '3.1.1'}, 'CI': 'true', 'JAVA_HOME': '/usr/lib/jvm/temurin-17-jdk-amd64'}
rootdir: /home/runner/work/Mocha_accounting/Mocha_accounting
plugins: rerunfailures-16.1, Faker-40.1.2, xdist-3.8.0, html-4.2.0, metadata-3.1.1
collecting ... collected 2 items

tests/test_signup_login/test_sign_up.py::test_ete_registration_india PASSED [ 50%]
tests/test_signup_login/test_sign_up.py::test_ete_registration_non_india FAILED [100%]

=================================== FAILURES ===================================
_______________________ test_ete_registration_non_india ________________________

sign_login_setup = <selenium.webdriver.chrome.webdriver.WebDriver (session="e943c2eca000e981ded2d80dc47b0095")>
registration_test_data = {'organization_address_city': 'Tampa', 'organization_address_country': 'United States', 'organization_address_india': 'INOX: Insignia At Epicuria', 'organization_address_nonindia': '1105 West Woodlawn Avenue Tampa, FLA, USA', ...}

    @pytest.mark.is_registration
    def test_ete_registration_non_india(sign_login_setup, registration_test_data):
        driver = sign_login_setup
        registration = Registration(driver)
        login = LoginPage(driver)
        time.sleep(2)
        registration.registration_signup_sign_up_btn()
        logger.info("Clicked on Sign-up for free button")
        registration.registration_signup_first_name(registration_test_data)
        logger.info("Entered the first name")
        registration.registration_signup_last_name(registration_test_data)
        logger.info("Entered the last name")
        unique_email_id = registration.registration_signup_email(registration_test_data)
        logger.info(f"Entered the email: {unique_email_id}")
        registration.registration_signup_phone_number_country_non_india(registration_test_data)
        logger.info("Selected country for phone number")
        registration.registration_signup_phone_number_non_india(registration_test_data)
        logger.info("Entered phone number")
        registration.registration_signup_agreed_to_policy_chkbx(registration_test_data)
        logger.info("Agreed to policy checkbox checked")
        registration.registration_signup_submit_btn(registration_test_data)
        logger.info("Clicked on Sign-up button")
        time.sleep(5)
        # Fetch OTP using the unique email
        otp = get_latest_otp_email()
        time.sleep(2)
        registration.registration_enter_otp(otp)
        logger.info("Entered Otp")
        time.sleep(2)
        #registration.registration_enter_password_new(registration_test_data)
>       registration.registration_enter_password(registration_test_data)

tests/test_signup_login/test_sign_up.py:109: 
_ _ _ _ _ _ _ _ _ _ _ _ _ _ _ _ _ _ _ _ _ _ _ _ _ _ _ _ _ _ _ _ _ _ _ _ _ _ _ _ 

self = <pages.registration.Registration object at 0x7fd11d2e96d0>
registration_test_data = {'organization_address_city': 'Tampa', 'organization_address_country': 'United States', 'organization_address_india': 'INOX: Insignia At Epicuria', 'organization_address_nonindia': '1105 West Woodlawn Avenue Tampa, FLA, USA', ...}

    def registration_enter_password(self, registration_test_data):
        #self.actions.wait_until_url_contains("new-password", timeout=50)
        #self.actions.wait_for_page_load(timeout=10)
        #self.actions.wait_for_element_to_be_visible(self.registration_password)
>       WebDriverWait(self.driver, 30).until(
            EC.presence_of_element_located((By.ID, "password"))
        )

pages/registration.py:170: 
_ _ _ _ _ _ _ _ _ _ _ _ _ _ _ _ _ _ _ _ _ _ _ _ _ _ _ _ _ _ _ _ _ _ _ _ _ _ _ _ 

self = <selenium.webdriver.support.wait.WebDriverWait (session="e943c2eca000e981ded2d80dc47b0095")>
method = <function presence_of_element_located.<locals>._predicate at 0x7fd120796de0>
message = ''

    def until(self, method: Callable[[D], Union[Literal[False], T]], message: str = "") -> T:
        """Wait until the method returns a value that is not False.
    
        Calls the method provided with the driver as an argument until the
        return value does not evaluate to ``False``.
    
        Parameters:
        ----------
        method: callable(WebDriver)
            - A callable object that takes a WebDriver instance as an argument.
    
        message: str
            - Optional message for :exc:`TimeoutException`
    
        Return:
        -------
        object: T
            - The result of the last call to `method`
    
        Raises:
        -------
        TimeoutException
            - If 'method' does not return a truthy value within the WebDriverWait
            object's timeout
    
        Example:
        --------
        >>> from selenium.webdriver.common.by import By
        >>> from selenium.webdriver.support.ui import WebDriverWait
        >>> from selenium.webdriver.support import expected_conditions as EC
    
        # Wait until an element is visible on the page
        >>> wait = WebDriverWait(driver, 10)
        >>> element = wait.until(EC.visibility_of_element_located((By.ID, "exampleId")))
        >>> print(element.text)
        """
        screen = None
        stacktrace = None
    
        end_time = time.monotonic() + self._timeout
        while True:
            try:
                value = method(self._driver)
                if value:
                    return value
            except self._ignored_exceptions as exc:
                screen = getattr(exc, "screen", None)
                stacktrace = getattr(exc, "stacktrace", None)
            if time.monotonic() > end_time:
                break
            time.sleep(self._poll)
>       raise TimeoutException(message, screen, stacktrace)
E       selenium.common.exceptions.TimeoutException: Message: 
E       Stacktrace:
E       #0 0x5579a05894ba <unknown>
E       #1 0x55799fff2492 <unknown>
E       #2 0x5579a00479b6 <unknown>
E       #3 0x5579a0047bf1 <unknown>
E       #4 0x5579a00934d4 <unknown>
E       #5 0x5579a0090700 <unknown>
E       #6 0x5579a00396a2 <unknown>
E       #7 0x5579a003a491 <unknown>
E       #8 0x5579a054f479 <unknown>
E       #9 0x5579a0552391 <unknown>
E       #10 0x5579a053ba89 <unknown>
E       #11 0x5579a0552f4e <unknown>
E       #12 0x5579a0522070 <unknown>
E       #13 0x5579a0576ca8 <unknown>
E       #14 0x5579a0576e78 <unknown>
E       #15 0x5579a0588828 <unknown>
E       #16 0x7f51ee69caa4 <unknown>
E       #17 0x7f51ee729c6c <unknown>

/opt/hostedtoolcache/Python/3.13.11/x64/lib/python3.13/site-packages/selenium/webdriver/support/wait.py:146: TimeoutException
---------------------------- Captured stderr setup -----------------------------
2026-02-03 12:30:46,754 - INFO - Starting test with Chrome browser
2026-02-03 12:30:46,754 - INFO - ====== WebDriver manager ======
2026-02-03 12:30:46,826 - INFO - Get LATEST chromedriver version for google-chrome
2026-02-03 12:30:46,860 - INFO - Get LATEST chromedriver version for google-chrome
2026-02-03 12:30:46,893 - INFO - Driver [/home/runner/.wdm/drivers/chromedriver/linux64/144.0.7559.109/chromedriver-linux64/chromedriver] found in cache
2026-02-03 12:30:50,071 - INFO - Navigated to: https://mochaaccounting.com/
------------------------------ Captured log setup ------------------------------
INFO     tests.test_signup_login.conftest:conftest.py:78 Starting test with Chrome browser
INFO     WDM:logger.py:11 ====== WebDriver manager ======
INFO     WDM:logger.py:11 Get LATEST chromedriver version for google-chrome
INFO     WDM:logger.py:11 Get LATEST chromedriver version for google-chrome
INFO     WDM:logger.py:11 Driver [/home/runner/.wdm/drivers/chromedriver/linux64/144.0.7559.109/chromedriver-linux64/chromedriver] found in cache
INFO     tests.test_signup_login.conftest:conftest.py:135 Navigated to: https://mochaaccounting.com/
----------------------------- Captured stderr call -----------------------------
2026-02-03 12:30:52,993 - INFO - Clicked on Sign-up for free button
2026-02-03 12:30:53,177 - INFO - Entered First Name: Automation_FN_20260203_123053
2026-02-03 12:30:55,177 - INFO - Entered the first name
2026-02-03 12:30:55,341 - INFO - Entered Last Name: Tester_LN_20260203_123055
2026-02-03 12:30:57,341 - INFO - Entered the last name
2026-02-03 12:30:59,507 - INFO - Entered the email: mochaautotest+20260203_123057@gmail.com
2026-02-03 12:31:01,097 - INFO - Selected country for phone number
2026-02-03 12:31:01,209 - INFO - Entered phone number
2026-02-03 12:31:01,294 - INFO - Agreed to policy checkbox checked
2026-02-03 12:31:01,393 - INFO - Clicked on Sign-up button
2026-02-03 12:31:06,394 - INFO - file_cache is only supported with oauth2client<4.0.0
2026-02-03 12:31:06,396 - INFO - Fetching OTP with up to 5 retries (every 10s)...
2026-02-03 12:31:06,855 - INFO -  Extracted OTP: 861688
2026-02-03 12:31:09,253 - INFO - Using OTP: 861688
2026-02-03 12:31:09,424 - INFO - OTP submitted successfully.
2026-02-03 12:31:11,424 - INFO - Entered Otp
------------------------------ Captured log call -------------------------------
INFO     tests.test_signup_login.test_sign_up:test_sign_up.py:86 Clicked on Sign-up for free button
INFO     root:registration.py:107 Entered First Name: Automation_FN_20260203_123053
INFO     tests.test_signup_login.test_sign_up:test_sign_up.py:88 Entered the first name
INFO     root:registration.py:115 Entered Last Name: Tester_LN_20260203_123055
INFO     tests.test_signup_login.test_sign_up:test_sign_up.py:90 Entered the last name
INFO     tests.test_signup_login.test_sign_up:test_sign_up.py:92 Entered the email: mochaautotest+20260203_123057@gmail.com
INFO     tests.test_signup_login.test_sign_up:test_sign_up.py:94 Selected country for phone number
INFO     tests.test_signup_login.test_sign_up:test_sign_up.py:96 Entered phone number
INFO     tests.test_signup_login.test_sign_up:test_sign_up.py:98 Agreed to policy checkbox checked
INFO     tests.test_signup_login.test_sign_up:test_sign_up.py:100 Clicked on Sign-up button
INFO     googleapiclient.discovery_cache:__init__.py:49 file_cache is only supported with oauth2client<4.0.0
INFO     root:get_mail_otp.py:107 Fetching OTP with up to 5 retries (every 10s)...
INFO     root:get_mail_otp.py:88  Extracted OTP: 861688
INFO     root:registration.py:157 Using OTP: 861688
INFO     root:registration.py:162 OTP submitted successfully.
INFO     tests.test_signup_login.test_sign_up:test_sign_up.py:106 Entered Otp
--------------------------- Captured stderr teardown ---------------------------
2026-02-03 12:31:46,153 - INFO - Closing browser
---------------------------- Captured log teardown -----------------------------
INFO     tests.test_signup_login.conftest:conftest.py:145 Closing browser
=============================== warnings summary ===============================
tests/test_signup_login/test_sign_up.py:14
  /home/runner/work/Mocha_accounting/Mocha_accounting/tests/test_signup_login/test_sign_up.py:14: PytestUnknownMarkWarning: Unknown pytest.mark.is_registration - is this a typo?  You can register custom marks to avoid this warning - for details, see https://docs.pytest.org/en/stable/how-to/mark.html
    @pytest.mark.is_registration

tests/test_signup_login/test_sign_up.py:79
  /home/runner/work/Mocha_accounting/Mocha_accounting/tests/test_signup_login/test_sign_up.py:79: PytestUnknownMarkWarning: Unknown pytest.mark.is_registration - is this a typo?  You can register custom marks to avoid this warning - for details, see https://docs.pytest.org/en/stable/how-to/mark.html
    @pytest.mark.is_registration

-- Docs: https://docs.pytest.org/en/stable/how-to/capture-warnings.html
==================================== PASSES ====================================
_________________________ test_ete_registration_india __________________________
---------------------------- Captured stderr setup -----------------------------
2026-02-03 12:29:22,519 - INFO - Starting test with Chrome browser
2026-02-03 12:29:22,519 - INFO - ====== WebDriver manager ======
2026-02-03 12:29:22,590 - INFO - Get LATEST chromedriver version for google-chrome
2026-02-03 12:29:22,626 - INFO - Get LATEST chromedriver version for google-chrome
2026-02-03 12:29:22,660 - INFO - Driver [/home/runner/.wdm/drivers/chromedriver/linux64/144.0.7559.109/chromedriver-linux64/chromedriver] found in cache
2026-02-03 12:29:25,870 - INFO - Navigated to: https://mochaaccounting.com/
------------------------------ Captured log setup ------------------------------
INFO     tests.test_signup_login.conftest:conftest.py:78 Starting test with Chrome browser
INFO     WDM:logger.py:11 ====== WebDriver manager ======
INFO     WDM:logger.py:11 Get LATEST chromedriver version for google-chrome
INFO     WDM:logger.py:11 Get LATEST chromedriver version for google-chrome
INFO     WDM:logger.py:11 Driver [/home/runner/.wdm/drivers/chromedriver/linux64/144.0.7559.109/chromedriver-linux64/chromedriver] found in cache
INFO     tests.test_signup_login.conftest:conftest.py:135 Navigated to: https://mochaaccounting.com/
----------------------------- Captured stdout call -----------------------------
Password@123
Displayed Organization: Automation Test_20260203_123004 pvt. ltd.
----------------------------- Captured stderr call -----------------------------
2026-02-03 12:29:28,715 - INFO - Clicked on Sign-up for free button
2026-02-03 12:29:28,904 - INFO - Entered First Name: Automation_FN_20260203_122928
2026-02-03 12:29:30,904 - INFO - Entered the first name
2026-02-03 12:29:31,085 - INFO - Entered Last Name: Tester_LN_20260203_122930
2026-02-03 12:29:33,085 - INFO - Entered the last name
2026-02-03 12:29:35,273 - INFO - Entered the email: mochaautotest+20260203_122933@gmail.com
2026-02-03 12:29:36,143 - INFO - Selected country for phone number
2026-02-03 12:29:36,251 - INFO - Entered phone number
2026-02-03 12:29:36,336 - INFO - Agreed to policy checkbox checked
2026-02-03 12:29:36,434 - INFO - Clicked on Sign-up button
2026-02-03 12:29:41,574 - INFO - file_cache is only supported with oauth2client<4.0.0
2026-02-03 12:29:41,575 - INFO - Fetching OTP with up to 5 retries (every 10s)...
2026-02-03 12:29:45,834 - INFO -  Extracted OTP: 242239
2026-02-03 12:29:48,241 - INFO - Using OTP: 242239
2026-02-03 12:29:48,459 - INFO - OTP submitted successfully.
2026-02-03 12:29:50,459 - INFO - Entered Otp
2026-02-03 12:29:52,680 - INFO - Password and Confirm Password entered successfully.
2026-02-03 12:29:52,680 - INFO - Set the password
2026-02-03 12:29:52,776 - INFO - click on next button
2026-02-03 12:29:57,900 - INFO - Entered email-id
2026-02-03 12:29:59,088 - INFO - Entered password
2026-02-03 12:29:59,217 - INFO - Clicked on Login button
2026-02-03 12:30:04,377 - INFO - Entered Organization name
2026-02-03 12:30:09,146 - INFO - Entered Organization address
2026-02-03 12:30:09,251 - INFO - click on next button
2026-02-03 12:30:14,346 - INFO - click on start for free button
2026-02-03 12:30:16,433 - INFO - click on next button
2026-02-03 12:30:16,511 - INFO - click on proceed button
2026-02-03 12:30:36,601 - INFO - Closed Ads popup
2026-02-03 12:30:46,629 - INFO - Asserted the displayed and given organization name
------------------------------ Captured log call -------------------------------
INFO     tests.test_signup_login.test_sign_up:test_sign_up.py:21 Clicked on Sign-up for free button
INFO     root:registration.py:107 Entered First Name: Automation_FN_20260203_122928
INFO     tests.test_signup_login.test_sign_up:test_sign_up.py:23 Entered the first name
INFO     root:registration.py:115 Entered Last Name: Tester_LN_20260203_122930
INFO     tests.test_signup_login.test_sign_up:test_sign_up.py:25 Entered the last name
INFO     tests.test_signup_login.test_sign_up:test_sign_up.py:27 Entered the email: mochaautotest+20260203_122933@gmail.com
INFO     tests.test_signup_login.test_sign_up:test_sign_up.py:29 Selected country for phone number
INFO     tests.test_signup_login.test_sign_up:test_sign_up.py:31 Entered phone number
INFO     tests.test_signup_login.test_sign_up:test_sign_up.py:33 Agreed to policy checkbox checked
INFO     tests.test_signup_login.test_sign_up:test_sign_up.py:35 Clicked on Sign-up button
INFO     googleapiclient.discovery_cache:__init__.py:49 file_cache is only supported with oauth2client<4.0.0
INFO     root:get_mail_otp.py:107 Fetching OTP with up to 5 retries (every 10s)...
INFO     root:get_mail_otp.py:88  Extracted OTP: 242239
INFO     root:registration.py:157 Using OTP: 242239
INFO     root:registration.py:162 OTP submitted successfully.
INFO     tests.test_signup_login.test_sign_up:test_sign_up.py:41 Entered Otp
INFO     root:registration.py:179 Password and Confirm Password entered successfully.
INFO     tests.test_signup_login.test_sign_up:test_sign_up.py:45 Set the password
INFO     tests.test_signup_login.test_sign_up:test_sign_up.py:47 click on next button
INFO     tests.test_signup_login.test_sign_up:test_sign_up.py:50 Entered email-id
INFO     tests.test_signup_login.test_sign_up:test_sign_up.py:52 Entered password
INFO     tests.test_signup_login.test_sign_up:test_sign_up.py:54 Clicked on Login button
INFO     tests.test_signup_login.test_sign_up:test_sign_up.py:57 Entered Organization name
INFO     tests.test_signup_login.test_sign_up:test_sign_up.py:59 Entered Organization address
INFO     tests.test_signup_login.test_sign_up:test_sign_up.py:61 click on next button
INFO     tests.test_signup_login.test_sign_up:test_sign_up.py:64 click on start for free button
INFO     tests.test_signup_login.test_sign_up:test_sign_up.py:66 click on next button
INFO     tests.test_signup_login.test_sign_up:test_sign_up.py:68 click on proceed button
INFO     tests.test_signup_login.test_sign_up:test_sign_up.py:71 Closed Ads popup
INFO     tests.test_signup_login.test_sign_up:test_sign_up.py:74 Asserted the displayed and given organization name
--------------------------- Captured stderr teardown ---------------------------
2026-02-03 12:30:46,629 - INFO - Closing browser
---------------------------- Captured log teardown -----------------------------
INFO     tests.test_signup_login.conftest:conftest.py:145 Closing browser
- Generated html report: file:///home/runner/work/Mocha_accounting/Mocha_accounting/C%3A%5CUsers%5CTaurus13%5CPycharmProjects%5CPythonProject%5Creports/20260203_122921/report.html -
============= 1 failed, 1 passed, 2 warnings in 144.66s (0:02:24) ==============
=== REGISTRATION TESTS COMPLETED ===
Exit Code: 1
=== REGISTRATION TESTS STARTED: 2026-02-03 12:44:33 ===
============================= test session starts ==============================
platform linux -- Python 3.13.11, pytest-8.3.5, pluggy-1.6.0 -- /opt/hostedtoolcache/Python/3.13.11/x64/bin/python
cachedir: .pytest_cache
metadata: {'Python': '3.13.11', 'Platform': 'Linux-6.11.0-1018-azure-x86_64-with-glibc2.39', 'Packages': {'pytest': '8.3.5', 'pluggy': '1.6.0'}, 'Plugins': {'rerunfailures': '16.1', 'Faker': '40.1.2', 'xdist': '3.8.0', 'html': '4.2.0', 'metadata': '3.1.1'}, 'CI': 'true', 'JAVA_HOME': '/usr/lib/jvm/temurin-17-jdk-amd64'}
rootdir: /home/runner/work/Mocha_accounting/Mocha_accounting
plugins: rerunfailures-16.1, Faker-40.1.2, xdist-3.8.0, html-4.2.0, metadata-3.1.1
collecting ... collected 2 items

tests/test_signup_login/test_sign_up.py::test_ete_registration_india FAILED [ 50%]
tests/test_signup_login/test_sign_up.py::test_ete_registration_non_india FAILED [100%]

=================================== FAILURES ===================================
_________________________ test_ete_registration_india __________________________

sign_login_setup = <selenium.webdriver.chrome.webdriver.WebDriver (session="dd5842350a9af3c9864ee3b00009bbf3")>
registration_test_data = {'organization_address_city': 'Tampa', 'organization_address_country': 'United States', 'organization_address_india': 'INOX: Insignia At Epicuria', 'organization_address_nonindia': '1105 West Woodlawn Avenue Tampa, FLA, USA', ...}

    @pytest.mark.is_registration
    def test_ete_registration_india(sign_login_setup, registration_test_data):
        driver = sign_login_setup
        registration = Registration(driver)
        login = LoginPage(driver)
        time.sleep(2)
        registration.registration_signup_sign_up_btn()
        logger.info("Clicked on Sign-up for free button")
        registration.registration_signup_first_name(registration_test_data)
        logger.info("Entered the first name")
        registration.registration_signup_last_name(registration_test_data)
        logger.info("Entered the last name")
        unique_email_id = registration.registration_signup_email(registration_test_data)
        logger.info(f"Entered the email: {unique_email_id}")
        registration.registration_signup_phone_number_country_india(registration_test_data)
        logger.info("Selected country for phone number")
        registration.registration_signup_phone_number_india(registration_test_data)
        logger.info("Entered phone number")
        registration.registration_signup_agreed_to_policy_chkbx(registration_test_data)
        logger.info("Agreed to policy checkbox checked")
        registration.registration_signup_submit_btn(registration_test_data)
        logger.info("Clicked on Sign-up button")
        time.sleep(2)
        # Fetch OTP using the unique email
        otp = get_latest_otp_email()
        time.sleep(2)
        registration.registration_enter_otp(otp)
        logger.info("Entered Otp")
        time.sleep(2)
>       registration.registration_enter_password(registration_test_data)

tests/test_signup_login/test_sign_up.py:43: 
_ _ _ _ _ _ _ _ _ _ _ _ _ _ _ _ _ _ _ _ _ _ _ _ _ _ _ _ _ _ _ _ _ _ _ _ _ _ _ _ 

self = <pages.registration.Registration object at 0x7f17a108c980>
registration_test_data = {'organization_address_city': 'Tampa', 'organization_address_country': 'United States', 'organization_address_india': 'INOX: Insignia At Epicuria', 'organization_address_nonindia': '1105 West Woodlawn Avenue Tampa, FLA, USA', ...}

    def registration_enter_password(self, registration_test_data):
        #self.actions.wait_until_url_contains("new-password", timeout=50)
        #self.actions.wait_for_page_load(timeout=10)
        #self.actions.wait_for_element_to_be_visible(self.registration_password)
>       WebDriverWait(self.driver, 30).until(
            EC.presence_of_element_located((By.ID, "password"))
        )

pages/registration.py:170: 
_ _ _ _ _ _ _ _ _ _ _ _ _ _ _ _ _ _ _ _ _ _ _ _ _ _ _ _ _ _ _ _ _ _ _ _ _ _ _ _ 

self = <selenium.webdriver.support.wait.WebDriverWait (session="dd5842350a9af3c9864ee3b00009bbf3")>
method = <function presence_of_element_located.<locals>._predicate at 0x7f17a4591120>
message = ''

    def until(self, method: Callable[[D], Union[Literal[False], T]], message: str = "") -> T:
        """Wait until the method returns a value that is not False.
    
        Calls the method provided with the driver as an argument until the
        return value does not evaluate to ``False``.
    
        Parameters:
        ----------
        method: callable(WebDriver)
            - A callable object that takes a WebDriver instance as an argument.
    
        message: str
            - Optional message for :exc:`TimeoutException`
    
        Return:
        -------
        object: T
            - The result of the last call to `method`
    
        Raises:
        -------
        TimeoutException
            - If 'method' does not return a truthy value within the WebDriverWait
            object's timeout
    
        Example:
        --------
        >>> from selenium.webdriver.common.by import By
        >>> from selenium.webdriver.support.ui import WebDriverWait
        >>> from selenium.webdriver.support import expected_conditions as EC
    
        # Wait until an element is visible on the page
        >>> wait = WebDriverWait(driver, 10)
        >>> element = wait.until(EC.visibility_of_element_located((By.ID, "exampleId")))
        >>> print(element.text)
        """
        screen = None
        stacktrace = None
    
        end_time = time.monotonic() + self._timeout
        while True:
            try:
                value = method(self._driver)
                if value:
                    return value
            except self._ignored_exceptions as exc:
                screen = getattr(exc, "screen", None)
                stacktrace = getattr(exc, "stacktrace", None)
            if time.monotonic() > end_time:
                break
            time.sleep(self._poll)
>       raise TimeoutException(message, screen, stacktrace)
E       selenium.common.exceptions.TimeoutException: Message: 
E       Stacktrace:
E       #0 0x560fdaab04ba <unknown>
E       #1 0x560fda519492 <unknown>
E       #2 0x560fda56e9b6 <unknown>
E       #3 0x560fda56ebf1 <unknown>
E       #4 0x560fda5ba4d4 <unknown>
E       #5 0x560fda5b7700 <unknown>
E       #6 0x560fda5606a2 <unknown>
E       #7 0x560fda561491 <unknown>
E       #8 0x560fdaa76479 <unknown>
E       #9 0x560fdaa79391 <unknown>
E       #10 0x560fdaa62a89 <unknown>
E       #11 0x560fdaa79f4e <unknown>
E       #12 0x560fdaa49070 <unknown>
E       #13 0x560fdaa9dca8 <unknown>
E       #14 0x560fdaa9de78 <unknown>
E       #15 0x560fdaaaf828 <unknown>
E       #16 0x7fb78009caa4 <unknown>
E       #17 0x7fb780129c6c <unknown>

/opt/hostedtoolcache/Python/3.13.11/x64/lib/python3.13/site-packages/selenium/webdriver/support/wait.py:146: TimeoutException
---------------------------- Captured stderr setup -----------------------------
2026-02-03 12:44:34,310 - INFO - Starting test with Chrome browser
2026-02-03 12:44:34,310 - INFO - ====== WebDriver manager ======
2026-02-03 12:44:34,376 - INFO - Get LATEST chromedriver version for google-chrome
2026-02-03 12:44:34,422 - INFO - Get LATEST chromedriver version for google-chrome
2026-02-03 12:44:34,467 - INFO - Driver [/home/runner/.wdm/drivers/chromedriver/linux64/144.0.7559.109/chromedriver-linux64/chromedriver] found in cache
2026-02-03 12:44:37,705 - INFO - Navigated to: https://mochaaccounting.com/
------------------------------ Captured log setup ------------------------------
INFO     tests.test_signup_login.conftest:conftest.py:78 Starting test with Chrome browser
INFO     WDM:logger.py:11 ====== WebDriver manager ======
INFO     WDM:logger.py:11 Get LATEST chromedriver version for google-chrome
INFO     WDM:logger.py:11 Get LATEST chromedriver version for google-chrome
INFO     WDM:logger.py:11 Driver [/home/runner/.wdm/drivers/chromedriver/linux64/144.0.7559.109/chromedriver-linux64/chromedriver] found in cache
INFO     tests.test_signup_login.conftest:conftest.py:135 Navigated to: https://mochaaccounting.com/
----------------------------- Captured stderr call -----------------------------
2026-02-03 12:44:40,422 - INFO - Clicked on Sign-up for free button
2026-02-03 12:44:40,578 - INFO - Entered First Name: Automation_FN_20260203_124440
2026-02-03 12:44:42,579 - INFO - Entered the first name
2026-02-03 12:44:42,727 - INFO - Entered Last Name: Tester_LN_20260203_124442
2026-02-03 12:44:44,727 - INFO - Entered the last name
2026-02-03 12:44:46,879 - INFO - Entered the email: mochaautotest+20260203_124444@gmail.com
2026-02-03 12:44:47,679 - INFO - Selected country for phone number
2026-02-03 12:44:47,774 - INFO - Entered phone number
2026-02-03 12:44:47,853 - INFO - Agreed to policy checkbox checked
2026-02-03 12:44:47,939 - INFO - Clicked on Sign-up button
2026-02-03 12:44:50,041 - INFO - file_cache is only supported with oauth2client<4.0.0
2026-02-03 12:44:50,042 - INFO - Fetching OTP with up to 5 retries (every 10s)...
2026-02-03 12:44:50,542 - INFO -  Extracted OTP: 502157
2026-02-03 12:44:52,972 - INFO - Using OTP: 502157
2026-02-03 12:44:53,160 - INFO - OTP submitted successfully.
2026-02-03 12:44:55,160 - INFO - Entered Otp
------------------------------ Captured log call -------------------------------
INFO     tests.test_signup_login.test_sign_up:test_sign_up.py:21 Clicked on Sign-up for free button
INFO     root:registration.py:107 Entered First Name: Automation_FN_20260203_124440
INFO     tests.test_signup_login.test_sign_up:test_sign_up.py:23 Entered the first name
INFO     root:registration.py:115 Entered Last Name: Tester_LN_20260203_124442
INFO     tests.test_signup_login.test_sign_up:test_sign_up.py:25 Entered the last name
INFO     tests.test_signup_login.test_sign_up:test_sign_up.py:27 Entered the email: mochaautotest+20260203_124444@gmail.com
INFO     tests.test_signup_login.test_sign_up:test_sign_up.py:29 Selected country for phone number
INFO     tests.test_signup_login.test_sign_up:test_sign_up.py:31 Entered phone number
INFO     tests.test_signup_login.test_sign_up:test_sign_up.py:33 Agreed to policy checkbox checked
INFO     tests.test_signup_login.test_sign_up:test_sign_up.py:35 Clicked on Sign-up button
INFO     googleapiclient.discovery_cache:__init__.py:49 file_cache is only supported with oauth2client<4.0.0
INFO     root:get_mail_otp.py:107 Fetching OTP with up to 5 retries (every 10s)...
INFO     root:get_mail_otp.py:88  Extracted OTP: 502157
INFO     root:registration.py:157 Using OTP: 502157
INFO     root:registration.py:162 OTP submitted successfully.
INFO     tests.test_signup_login.test_sign_up:test_sign_up.py:41 Entered Otp
--------------------------- Captured stderr teardown ---------------------------
2026-02-03 12:45:29,997 - INFO - Closing browser
---------------------------- Captured log teardown -----------------------------
INFO     tests.test_signup_login.conftest:conftest.py:145 Closing browser
_______________________ test_ete_registration_non_india ________________________

sign_login_setup = <selenium.webdriver.chrome.webdriver.WebDriver (session="78a73e804cf03490821f54f1e748ead1")>
registration_test_data = {'organization_address_city': 'Tampa', 'organization_address_country': 'United States', 'organization_address_india': 'INOX: Insignia At Epicuria', 'organization_address_nonindia': '1105 West Woodlawn Avenue Tampa, FLA, USA', ...}

    @pytest.mark.is_registration
    def test_ete_registration_non_india(sign_login_setup, registration_test_data):
        driver = sign_login_setup
        registration = Registration(driver)
        login = LoginPage(driver)
        time.sleep(2)
        registration.registration_signup_sign_up_btn()
        logger.info("Clicked on Sign-up for free button")
        registration.registration_signup_first_name(registration_test_data)
        logger.info("Entered the first name")
        registration.registration_signup_last_name(registration_test_data)
        logger.info("Entered the last name")
        unique_email_id = registration.registration_signup_email(registration_test_data)
        logger.info(f"Entered the email: {unique_email_id}")
        registration.registration_signup_phone_number_country_non_india(registration_test_data)
        logger.info("Selected country for phone number")
        registration.registration_signup_phone_number_non_india(registration_test_data)
        logger.info("Entered phone number")
        registration.registration_signup_agreed_to_policy_chkbx(registration_test_data)
        logger.info("Agreed to policy checkbox checked")
        registration.registration_signup_submit_btn(registration_test_data)
        logger.info("Clicked on Sign-up button")
        time.sleep(60)
        # Fetch OTP using the unique email
        otp = get_latest_otp_email()
        time.sleep(2)
>       registration.registration_enter_otp(otp)

tests/test_signup_login/test_sign_up.py:105: 
_ _ _ _ _ _ _ _ _ _ _ _ _ _ _ _ _ _ _ _ _ _ _ _ _ _ _ _ _ _ _ _ _ _ _ _ _ _ _ _ 

self = <pages.registration.Registration object at 0x7f17a10e2d50>
otp = '780666'

    def registration_enter_otp(self, otp):
        logging.info(f"Using OTP: {otp}")
        self.actions.wait_for_element(self.registration_otp_input)
>       self.actions.send_keys(self.registration_otp_input, otp)

pages/registration.py:159: 
_ _ _ _ _ _ _ _ _ _ _ _ _ _ _ _ _ _ _ _ _ _ _ _ _ _ _ _ _ _ _ _ _ _ _ _ _ _ _ _ 

self = <actions.actions.Actions object at 0x7f17a10e2fd0>
locator = ('xpath', "//input[@id='verification_code']"), value = '780666'

    def send_keys(self, locator, value):
        # self.driver.find_element(*locator).clear()
        #self.driver.find_element(*locator).send_keys(value)
        #WebDriverWait(self.driver, 10).until(EC.element_to_be_clickable(locator)).clear()
>       WebDriverWait(self.driver, 10).until(EC.element_to_be_clickable(locator)).send_keys(value)

actions/actions.py:30: 
_ _ _ _ _ _ _ _ _ _ _ _ _ _ _ _ _ _ _ _ _ _ _ _ _ _ _ _ _ _ _ _ _ _ _ _ _ _ _ _ 

self = <selenium.webdriver.support.wait.WebDriverWait (session="78a73e804cf03490821f54f1e748ead1")>
method = <function element_to_be_clickable.<locals>._predicate at 0x7f17a4590fe0>
message = ''

    def until(self, method: Callable[[D], Union[Literal[False], T]], message: str = "") -> T:
        """Wait until the method returns a value that is not False.
    
        Calls the method provided with the driver as an argument until the
        return value does not evaluate to ``False``.
    
        Parameters:
        ----------
        method: callable(WebDriver)
            - A callable object that takes a WebDriver instance as an argument.
    
        message: str
            - Optional message for :exc:`TimeoutException`
    
        Return:
        -------
        object: T
            - The result of the last call to `method`
    
        Raises:
        -------
        TimeoutException
            - If 'method' does not return a truthy value within the WebDriverWait
            object's timeout
    
        Example:
        --------
        >>> from selenium.webdriver.common.by import By
        >>> from selenium.webdriver.support.ui import WebDriverWait
        >>> from selenium.webdriver.support import expected_conditions as EC
    
        # Wait until an element is visible on the page
        >>> wait = WebDriverWait(driver, 10)
        >>> element = wait.until(EC.visibility_of_element_located((By.ID, "exampleId")))
        >>> print(element.text)
        """
        screen = None
        stacktrace = None
    
        end_time = time.monotonic() + self._timeout
        while True:
            try:
                value = method(self._driver)
                if value:
                    return value
            except self._ignored_exceptions as exc:
                screen = getattr(exc, "screen", None)
                stacktrace = getattr(exc, "stacktrace", None)
            if time.monotonic() > end_time:
                break
            time.sleep(self._poll)
>       raise TimeoutException(message, screen, stacktrace)
E       selenium.common.exceptions.TimeoutException: Message:

/opt/hostedtoolcache/Python/3.13.11/x64/lib/python3.13/site-packages/selenium/webdriver/support/wait.py:146: TimeoutException
---------------------------- Captured stderr setup -----------------------------
2026-02-03 12:45:30,085 - INFO - Starting test with Chrome browser
2026-02-03 12:45:30,085 - INFO - ====== WebDriver manager ======
2026-02-03 12:45:30,152 - INFO - Get LATEST chromedriver version for google-chrome
2026-02-03 12:45:30,197 - INFO - Get LATEST chromedriver version for google-chrome
2026-02-03 12:45:30,240 - INFO - Driver [/home/runner/.wdm/drivers/chromedriver/linux64/144.0.7559.109/chromedriver-linux64/chromedriver] found in cache
2026-02-03 12:45:33,148 - INFO - Navigated to: https://mochaaccounting.com/
------------------------------ Captured log setup ------------------------------
INFO     tests.test_signup_login.conftest:conftest.py:78 Starting test with Chrome browser
INFO     WDM:logger.py:11 ====== WebDriver manager ======
INFO     WDM:logger.py:11 Get LATEST chromedriver version for google-chrome
INFO     WDM:logger.py:11 Get LATEST chromedriver version for google-chrome
INFO     WDM:logger.py:11 Driver [/home/runner/.wdm/drivers/chromedriver/linux64/144.0.7559.109/chromedriver-linux64/chromedriver] found in cache
INFO     tests.test_signup_login.conftest:conftest.py:135 Navigated to: https://mochaaccounting.com/
----------------------------- Captured stderr call -----------------------------
2026-02-03 12:45:35,985 - INFO - Clicked on Sign-up for free button
2026-02-03 12:45:36,139 - INFO - Entered First Name: Automation_FN_20260203_124536
2026-02-03 12:45:38,139 - INFO - Entered the first name
2026-02-03 12:45:38,284 - INFO - Entered Last Name: Tester_LN_20260203_124538
2026-02-03 12:45:40,284 - INFO - Entered the last name
2026-02-03 12:45:42,433 - INFO - Entered the email: mochaautotest+20260203_124540@gmail.com
2026-02-03 12:45:43,935 - INFO - Selected country for phone number
2026-02-03 12:45:44,034 - INFO - Entered phone number
2026-02-03 12:45:44,114 - INFO - Agreed to policy checkbox checked
2026-02-03 12:45:44,203 - INFO - Clicked on Sign-up button
2026-02-03 12:46:44,204 - INFO - file_cache is only supported with oauth2client<4.0.0
2026-02-03 12:46:44,205 - INFO - Fetching OTP with up to 5 retries (every 10s)...
2026-02-03 12:46:44,659 - INFO -  Extracted OTP: 780666
2026-02-03 12:46:47,059 - INFO - Using OTP: 780666
------------------------------ Captured log call -------------------------------
INFO     tests.test_signup_login.test_sign_up:test_sign_up.py:86 Clicked on Sign-up for free button
INFO     root:registration.py:107 Entered First Name: Automation_FN_20260203_124536
INFO     tests.test_signup_login.test_sign_up:test_sign_up.py:88 Entered the first name
INFO     root:registration.py:115 Entered Last Name: Tester_LN_20260203_124538
INFO     tests.test_signup_login.test_sign_up:test_sign_up.py:90 Entered the last name
INFO     tests.test_signup_login.test_sign_up:test_sign_up.py:92 Entered the email: mochaautotest+20260203_124540@gmail.com
INFO     tests.test_signup_login.test_sign_up:test_sign_up.py:94 Selected country for phone number
INFO     tests.test_signup_login.test_sign_up:test_sign_up.py:96 Entered phone number
INFO     tests.test_signup_login.test_sign_up:test_sign_up.py:98 Agreed to policy checkbox checked
INFO     tests.test_signup_login.test_sign_up:test_sign_up.py:100 Clicked on Sign-up button
INFO     googleapiclient.discovery_cache:__init__.py:49 file_cache is only supported with oauth2client<4.0.0
INFO     root:get_mail_otp.py:107 Fetching OTP with up to 5 retries (every 10s)...
INFO     root:get_mail_otp.py:88  Extracted OTP: 780666
INFO     root:registration.py:157 Using OTP: 780666
--------------------------- Captured stderr teardown ---------------------------
2026-02-03 12:46:57,434 - INFO - Closing browser
---------------------------- Captured log teardown -----------------------------
INFO     tests.test_signup_login.conftest:conftest.py:145 Closing browser
=============================== warnings summary ===============================
tests/test_signup_login/test_sign_up.py:14
  /home/runner/work/Mocha_accounting/Mocha_accounting/tests/test_signup_login/test_sign_up.py:14: PytestUnknownMarkWarning: Unknown pytest.mark.is_registration - is this a typo?  You can register custom marks to avoid this warning - for details, see https://docs.pytest.org/en/stable/how-to/mark.html
    @pytest.mark.is_registration

tests/test_signup_login/test_sign_up.py:79
  /home/runner/work/Mocha_accounting/Mocha_accounting/tests/test_signup_login/test_sign_up.py:79: PytestUnknownMarkWarning: Unknown pytest.mark.is_registration - is this a typo?  You can register custom marks to avoid this warning - for details, see https://docs.pytest.org/en/stable/how-to/mark.html
    @pytest.mark.is_registration

-- Docs: https://docs.pytest.org/en/stable/how-to/capture-warnings.html
- Generated html report: file:///home/runner/work/Mocha_accounting/Mocha_accounting/C%3A%5CUsers%5CTaurus13%5CPycharmProjects%5CPythonProject%5Creports/20260203_124433/report.html -
================== 2 failed, 2 warnings in 143.93s (0:02:23) ===================
=== REGISTRATION TESTS COMPLETED ===
Exit Code: 1
=== REGISTRATION TESTS STARTED: 2026-02-03 13:13:39 ===
============================= test session starts ==============================
platform linux -- Python 3.13.11, pytest-8.3.5, pluggy-1.6.0 -- /opt/hostedtoolcache/Python/3.13.11/x64/bin/python
cachedir: .pytest_cache
metadata: {'Python': '3.13.11', 'Platform': 'Linux-6.11.0-1018-azure-x86_64-with-glibc2.39', 'Packages': {'pytest': '8.3.5', 'pluggy': '1.6.0'}, 'Plugins': {'rerunfailures': '16.1', 'Faker': '40.1.2', 'xdist': '3.8.0', 'html': '4.2.0', 'metadata': '3.1.1'}, 'CI': 'true', 'JAVA_HOME': '/usr/lib/jvm/temurin-17-jdk-amd64'}
rootdir: /home/runner/work/Mocha_accounting/Mocha_accounting
plugins: rerunfailures-16.1, Faker-40.1.2, xdist-3.8.0, html-4.2.0, metadata-3.1.1
collecting ... collected 2 items

tests/test_signup_login/test_sign_up.py::test_ete_registration_india FAILED [ 50%]
tests/test_signup_login/test_sign_up.py::test_ete_registration_non_india FAILED [100%]

=================================== FAILURES ===================================
_________________________ test_ete_registration_india __________________________

sign_login_setup = <selenium.webdriver.chrome.webdriver.WebDriver (session="0798bf38501ab1cfb020a887c869b506")>
registration_test_data = {'organization_address_city': 'Tampa', 'organization_address_country': 'United States', 'organization_address_india': 'INOX: Insignia At Epicuria', 'organization_address_nonindia': '1105 West Woodlawn Avenue Tampa, FLA, USA', ...}

    @pytest.mark.is_registration
    def test_ete_registration_india(sign_login_setup, registration_test_data):
        driver = sign_login_setup
        registration = Registration(driver)
        login = LoginPage(driver)
        time.sleep(2)
        registration.registration_signup_sign_up_btn()
        logger.info("Clicked on Sign-up for free button")
        registration.registration_signup_first_name(registration_test_data)
        logger.info("Entered the first name")
        registration.registration_signup_last_name(registration_test_data)
        logger.info("Entered the last name")
        unique_email_id = registration.registration_signup_email(registration_test_data)
        logger.info(f"Entered the email: {unique_email_id}")
        registration.registration_signup_phone_number_country_india(registration_test_data)
        logger.info("Selected country for phone number")
        registration.registration_signup_phone_number_india(registration_test_data)
        logger.info("Entered phone number")
        registration.registration_signup_agreed_to_policy_chkbx(registration_test_data)
        logger.info("Agreed to policy checkbox checked")
        registration.registration_signup_submit_btn(registration_test_data)
        logger.info("Clicked on Sign-up button")
        time.sleep(5)
        # Fetch OTP using the unique email
        otp = get_latest_otp_email()
        time.sleep(2)
        registration.registration_enter_otp(otp)
        logger.info("Entered Otp")
        time.sleep(2)
>       registration.registration_enter_password(registration_test_data)

tests/test_signup_login/test_sign_up.py:43: 
_ _ _ _ _ _ _ _ _ _ _ _ _ _ _ _ _ _ _ _ _ _ _ _ _ _ _ _ _ _ _ _ _ _ _ _ _ _ _ _ 

self = <pages.registration.Registration object at 0x7f5859090980>
registration_test_data = {'organization_address_city': 'Tampa', 'organization_address_country': 'United States', 'organization_address_india': 'INOX: Insignia At Epicuria', 'organization_address_nonindia': '1105 West Woodlawn Avenue Tampa, FLA, USA', ...}

    def registration_enter_password(self, registration_test_data):
        #self.actions.wait_until_url_contains("new-password", timeout=50)
        #self.actions.wait_for_page_load(timeout=10)
        #self.actions.wait_for_element_to_be_visible(self.registration_password)
>       WebDriverWait(self.driver, 30).until(
            EC.presence_of_element_located((By.ID, "password"))
        )

pages/registration.py:171: 
_ _ _ _ _ _ _ _ _ _ _ _ _ _ _ _ _ _ _ _ _ _ _ _ _ _ _ _ _ _ _ _ _ _ _ _ _ _ _ _ 

self = <selenium.webdriver.support.wait.WebDriverWait (session="0798bf38501ab1cfb020a887c869b506")>
method = <function presence_of_element_located.<locals>._predicate at 0x7f585915c0e0>
message = ''

    def until(self, method: Callable[[D], Union[Literal[False], T]], message: str = "") -> T:
        """Wait until the method returns a value that is not False.
    
        Calls the method provided with the driver as an argument until the
        return value does not evaluate to ``False``.
    
        Parameters:
        ----------
        method: callable(WebDriver)
            - A callable object that takes a WebDriver instance as an argument.
    
        message: str
            - Optional message for :exc:`TimeoutException`
    
        Return:
        -------
        object: T
            - The result of the last call to `method`
    
        Raises:
        -------
        TimeoutException
            - If 'method' does not return a truthy value within the WebDriverWait
            object's timeout
    
        Example:
        --------
        >>> from selenium.webdriver.common.by import By
        >>> from selenium.webdriver.support.ui import WebDriverWait
        >>> from selenium.webdriver.support import expected_conditions as EC
    
        # Wait until an element is visible on the page
        >>> wait = WebDriverWait(driver, 10)
        >>> element = wait.until(EC.visibility_of_element_located((By.ID, "exampleId")))
        >>> print(element.text)
        """
        screen = None
        stacktrace = None
    
        end_time = time.monotonic() + self._timeout
        while True:
            try:
                value = method(self._driver)
                if value:
                    return value
            except self._ignored_exceptions as exc:
                screen = getattr(exc, "screen", None)
                stacktrace = getattr(exc, "stacktrace", None)
            if time.monotonic() > end_time:
                break
            time.sleep(self._poll)
>       raise TimeoutException(message, screen, stacktrace)
E       selenium.common.exceptions.TimeoutException: Message: 
E       Stacktrace:
E       #0 0x55de1473a4ba <unknown>
E       #1 0x55de141a3492 <unknown>
E       #2 0x55de141f89b6 <unknown>
E       #3 0x55de141f8bf1 <unknown>
E       #4 0x55de142444d4 <unknown>
E       #5 0x55de14241700 <unknown>
E       #6 0x55de141ea6a2 <unknown>
E       #7 0x55de141eb491 <unknown>
E       #8 0x55de14700479 <unknown>
E       #9 0x55de14703391 <unknown>
E       #10 0x55de146eca89 <unknown>
E       #11 0x55de14703f4e <unknown>
E       #12 0x55de146d3070 <unknown>
E       #13 0x55de14727ca8 <unknown>
E       #14 0x55de14727e78 <unknown>
E       #15 0x55de14739828 <unknown>
E       #16 0x7f1172a9caa4 <unknown>
E       #17 0x7f1172b29c6c <unknown>

/opt/hostedtoolcache/Python/3.13.11/x64/lib/python3.13/site-packages/selenium/webdriver/support/wait.py:146: TimeoutException
---------------------------- Captured stderr setup -----------------------------
2026-02-03 13:13:40,616 - INFO - Starting test with Chrome browser
2026-02-03 13:13:40,616 - INFO - ====== WebDriver manager ======
2026-02-03 13:13:40,686 - INFO - Get LATEST chromedriver version for google-chrome
2026-02-03 13:13:40,734 - INFO - Get LATEST chromedriver version for google-chrome
2026-02-03 13:13:40,780 - INFO - Driver [/home/runner/.wdm/drivers/chromedriver/linux64/144.0.7559.109/chromedriver-linux64/chromedriver] found in cache
2026-02-03 13:13:43,932 - INFO - Navigated to: https://mochaaccounting.com/
------------------------------ Captured log setup ------------------------------
INFO     tests.test_signup_login.conftest:conftest.py:78 Starting test with Chrome browser
INFO     WDM:logger.py:11 ====== WebDriver manager ======
INFO     WDM:logger.py:11 Get LATEST chromedriver version for google-chrome
INFO     WDM:logger.py:11 Get LATEST chromedriver version for google-chrome
INFO     WDM:logger.py:11 Driver [/home/runner/.wdm/drivers/chromedriver/linux64/144.0.7559.109/chromedriver-linux64/chromedriver] found in cache
INFO     tests.test_signup_login.conftest:conftest.py:135 Navigated to: https://mochaaccounting.com/
----------------------------- Captured stderr call -----------------------------
2026-02-03 13:13:47,074 - INFO - Clicked on Sign-up for free button
2026-02-03 13:13:47,238 - INFO - Entered First Name: Automation_FN_20260203_131347
2026-02-03 13:13:49,238 - INFO - Entered the first name
2026-02-03 13:13:49,391 - INFO - Entered Last Name: Tester_LN_20260203_131349
2026-02-03 13:13:51,391 - INFO - Entered the last name
2026-02-03 13:13:53,563 - INFO - Entered the email: mochaautotest+20260203_131351@gmail.com
2026-02-03 13:13:54,306 - INFO - Selected country for phone number
2026-02-03 13:13:54,405 - INFO - Entered phone number
2026-02-03 13:13:54,487 - INFO - Agreed to policy checkbox checked
2026-02-03 13:13:54,573 - INFO - Clicked on Sign-up button
2026-02-03 13:13:59,679 - INFO - file_cache is only supported with oauth2client<4.0.0
2026-02-03 13:13:59,680 - INFO - Fetching OTP with up to 5 retries (every 10s)...
2026-02-03 13:14:00,196 - INFO -  Extracted OTP: 467589
2026-02-03 13:14:02,654 - INFO - Using OTP: 467589
2026-02-03 13:14:02,846 - INFO - OTP submitted successfully.
2026-02-03 13:14:05,642 - INFO - Page refreshed and fully loaded.
2026-02-03 13:14:05,642 - INFO - Entered Otp
------------------------------ Captured log call -------------------------------
INFO     tests.test_signup_login.test_sign_up:test_sign_up.py:21 Clicked on Sign-up for free button
INFO     root:registration.py:107 Entered First Name: Automation_FN_20260203_131347
INFO     tests.test_signup_login.test_sign_up:test_sign_up.py:23 Entered the first name
INFO     root:registration.py:115 Entered Last Name: Tester_LN_20260203_131349
INFO     tests.test_signup_login.test_sign_up:test_sign_up.py:25 Entered the last name
INFO     tests.test_signup_login.test_sign_up:test_sign_up.py:27 Entered the email: mochaautotest+20260203_131351@gmail.com
INFO     tests.test_signup_login.test_sign_up:test_sign_up.py:29 Selected country for phone number
INFO     tests.test_signup_login.test_sign_up:test_sign_up.py:31 Entered phone number
INFO     tests.test_signup_login.test_sign_up:test_sign_up.py:33 Agreed to policy checkbox checked
INFO     tests.test_signup_login.test_sign_up:test_sign_up.py:35 Clicked on Sign-up button
INFO     googleapiclient.discovery_cache:__init__.py:49 file_cache is only supported with oauth2client<4.0.0
INFO     root:get_mail_otp.py:107 Fetching OTP with up to 5 retries (every 10s)...
INFO     root:get_mail_otp.py:88  Extracted OTP: 467589
INFO     root:registration.py:157 Using OTP: 467589
INFO     root:registration.py:162 OTP submitted successfully.
INFO     root:actions.py:461 Page refreshed and fully loaded.
INFO     tests.test_signup_login.test_sign_up:test_sign_up.py:41 Entered Otp
--------------------------- Captured stderr teardown ---------------------------
2026-02-03 13:14:40,404 - INFO - Closing browser
---------------------------- Captured log teardown -----------------------------
INFO     tests.test_signup_login.conftest:conftest.py:145 Closing browser
_______________________ test_ete_registration_non_india ________________________

sign_login_setup = <selenium.webdriver.chrome.webdriver.WebDriver (session="c85d1169487ab034a56dad5e0cc5cd4e")>
registration_test_data = {'organization_address_city': 'Tampa', 'organization_address_country': 'United States', 'organization_address_india': 'INOX: Insignia At Epicuria', 'organization_address_nonindia': '1105 West Woodlawn Avenue Tampa, FLA, USA', ...}

    @pytest.mark.is_registration
    def test_ete_registration_non_india(sign_login_setup, registration_test_data):
        driver = sign_login_setup
        registration = Registration(driver)
        login = LoginPage(driver)
        time.sleep(2)
        registration.registration_signup_sign_up_btn()
        logger.info("Clicked on Sign-up for free button")
        registration.registration_signup_first_name(registration_test_data)
        logger.info("Entered the first name")
        registration.registration_signup_last_name(registration_test_data)
        logger.info("Entered the last name")
        unique_email_id = registration.registration_signup_email(registration_test_data)
        logger.info(f"Entered the email: {unique_email_id}")
        registration.registration_signup_phone_number_country_non_india(registration_test_data)
        logger.info("Selected country for phone number")
        registration.registration_signup_phone_number_non_india(registration_test_data)
        logger.info("Entered phone number")
        registration.registration_signup_agreed_to_policy_chkbx(registration_test_data)
        logger.info("Agreed to policy checkbox checked")
        registration.registration_signup_submit_btn(registration_test_data)
        logger.info("Clicked on Sign-up button")
        time.sleep(5)
        # Fetch OTP using the unique email
        otp = get_latest_otp_email()
        time.sleep(2)
        registration.registration_enter_otp(otp)
        logger.info("Entered Otp")
        time.sleep(2)
        #registration.registration_enter_password_new(registration_test_data)
>       registration.registration_enter_password(registration_test_data)

tests/test_signup_login/test_sign_up.py:109: 
_ _ _ _ _ _ _ _ _ _ _ _ _ _ _ _ _ _ _ _ _ _ _ _ _ _ _ _ _ _ _ _ _ _ _ _ _ _ _ _ 

self = <pages.registration.Registration object at 0x7f58590ded50>
registration_test_data = {'organization_address_city': 'Tampa', 'organization_address_country': 'United States', 'organization_address_india': 'INOX: Insignia At Epicuria', 'organization_address_nonindia': '1105 West Woodlawn Avenue Tampa, FLA, USA', ...}

    def registration_enter_password(self, registration_test_data):
        #self.actions.wait_until_url_contains("new-password", timeout=50)
        #self.actions.wait_for_page_load(timeout=10)
        #self.actions.wait_for_element_to_be_visible(self.registration_password)
>       WebDriverWait(self.driver, 30).until(
            EC.presence_of_element_located((By.ID, "password"))
        )

pages/registration.py:171: 
_ _ _ _ _ _ _ _ _ _ _ _ _ _ _ _ _ _ _ _ _ _ _ _ _ _ _ _ _ _ _ _ _ _ _ _ _ _ _ _ 

self = <selenium.webdriver.support.wait.WebDriverWait (session="c85d1169487ab034a56dad5e0cc5cd4e")>
method = <function presence_of_element_located.<locals>._predicate at 0x7f585c708860>
message = ''

    def until(self, method: Callable[[D], Union[Literal[False], T]], message: str = "") -> T:
        """Wait until the method returns a value that is not False.
    
        Calls the method provided with the driver as an argument until the
        return value does not evaluate to ``False``.
    
        Parameters:
        ----------
        method: callable(WebDriver)
            - A callable object that takes a WebDriver instance as an argument.
    
        message: str
            - Optional message for :exc:`TimeoutException`
    
        Return:
        -------
        object: T
            - The result of the last call to `method`
    
        Raises:
        -------
        TimeoutException
            - If 'method' does not return a truthy value within the WebDriverWait
            object's timeout
    
        Example:
        --------
        >>> from selenium.webdriver.common.by import By
        >>> from selenium.webdriver.support.ui import WebDriverWait
        >>> from selenium.webdriver.support import expected_conditions as EC
    
        # Wait until an element is visible on the page
        >>> wait = WebDriverWait(driver, 10)
        >>> element = wait.until(EC.visibility_of_element_located((By.ID, "exampleId")))
        >>> print(element.text)
        """
        screen = None
        stacktrace = None
    
        end_time = time.monotonic() + self._timeout
        while True:
            try:
                value = method(self._driver)
                if value:
                    return value
            except self._ignored_exceptions as exc:
                screen = getattr(exc, "screen", None)
                stacktrace = getattr(exc, "stacktrace", None)
            if time.monotonic() > end_time:
                break
            time.sleep(self._poll)
>       raise TimeoutException(message, screen, stacktrace)
E       selenium.common.exceptions.TimeoutException: Message: 
E       Stacktrace:
E       #0 0x56403071c4ba <unknown>
E       #1 0x564030185492 <unknown>
E       #2 0x5640301da9b6 <unknown>
E       #3 0x5640301dabf1 <unknown>
E       #4 0x5640302264d4 <unknown>
E       #5 0x564030223700 <unknown>
E       #6 0x5640301cc6a2 <unknown>
E       #7 0x5640301cd491 <unknown>
E       #8 0x5640306e2479 <unknown>
E       #9 0x5640306e5391 <unknown>
E       #10 0x5640306cea89 <unknown>
E       #11 0x5640306e5f4e <unknown>
E       #12 0x5640306b5070 <unknown>
E       #13 0x564030709ca8 <unknown>
E       #14 0x564030709e78 <unknown>
E       #15 0x56403071b828 <unknown>
E       #16 0x7fb0bda9caa4 <unknown>
E       #17 0x7fb0bdb29c6c <unknown>

/opt/hostedtoolcache/Python/3.13.11/x64/lib/python3.13/site-packages/selenium/webdriver/support/wait.py:146: TimeoutException
---------------------------- Captured stderr setup -----------------------------
2026-02-03 13:14:40,487 - INFO - Starting test with Chrome browser
2026-02-03 13:14:40,487 - INFO - ====== WebDriver manager ======
2026-02-03 13:14:40,555 - INFO - Get LATEST chromedriver version for google-chrome
2026-02-03 13:14:40,600 - INFO - Get LATEST chromedriver version for google-chrome
2026-02-03 13:14:40,644 - INFO - Driver [/home/runner/.wdm/drivers/chromedriver/linux64/144.0.7559.109/chromedriver-linux64/chromedriver] found in cache
2026-02-03 13:14:43,567 - INFO - Navigated to: https://mochaaccounting.com/
------------------------------ Captured log setup ------------------------------
INFO     tests.test_signup_login.conftest:conftest.py:78 Starting test with Chrome browser
INFO     WDM:logger.py:11 ====== WebDriver manager ======
INFO     WDM:logger.py:11 Get LATEST chromedriver version for google-chrome
INFO     WDM:logger.py:11 Get LATEST chromedriver version for google-chrome
INFO     WDM:logger.py:11 Driver [/home/runner/.wdm/drivers/chromedriver/linux64/144.0.7559.109/chromedriver-linux64/chromedriver] found in cache
INFO     tests.test_signup_login.conftest:conftest.py:135 Navigated to: https://mochaaccounting.com/
----------------------------- Captured stderr call -----------------------------
2026-02-03 13:14:46,353 - INFO - Clicked on Sign-up for free button
2026-02-03 13:14:46,517 - INFO - Entered First Name: Automation_FN_20260203_131446
2026-02-03 13:14:48,518 - INFO - Entered the first name
2026-02-03 13:14:48,670 - INFO - Entered Last Name: Tester_LN_20260203_131448
2026-02-03 13:14:50,670 - INFO - Entered the last name
2026-02-03 13:14:52,832 - INFO - Entered the email: mochaautotest+20260203_131450@gmail.com
2026-02-03 13:14:54,346 - INFO - Selected country for phone number
2026-02-03 13:14:54,446 - INFO - Entered phone number
2026-02-03 13:14:54,524 - INFO - Agreed to policy checkbox checked
2026-02-03 13:14:54,612 - INFO - Clicked on Sign-up button
2026-02-03 13:14:59,614 - INFO - file_cache is only supported with oauth2client<4.0.0
2026-02-03 13:14:59,615 - INFO - Fetching OTP with up to 5 retries (every 10s)...
2026-02-03 13:15:00,086 - INFO -  Extracted OTP: 584865
2026-02-03 13:15:02,518 - INFO - Using OTP: 584865
2026-02-03 13:15:02,665 - INFO - OTP submitted successfully.
2026-02-03 13:15:05,825 - INFO - Page refreshed and fully loaded.
2026-02-03 13:15:05,825 - INFO - Entered Otp
------------------------------ Captured log call -------------------------------
INFO     tests.test_signup_login.test_sign_up:test_sign_up.py:86 Clicked on Sign-up for free button
INFO     root:registration.py:107 Entered First Name: Automation_FN_20260203_131446
INFO     tests.test_signup_login.test_sign_up:test_sign_up.py:88 Entered the first name
INFO     root:registration.py:115 Entered Last Name: Tester_LN_20260203_131448
INFO     tests.test_signup_login.test_sign_up:test_sign_up.py:90 Entered the last name
INFO     tests.test_signup_login.test_sign_up:test_sign_up.py:92 Entered the email: mochaautotest+20260203_131450@gmail.com
INFO     tests.test_signup_login.test_sign_up:test_sign_up.py:94 Selected country for phone number
INFO     tests.test_signup_login.test_sign_up:test_sign_up.py:96 Entered phone number
INFO     tests.test_signup_login.test_sign_up:test_sign_up.py:98 Agreed to policy checkbox checked
INFO     tests.test_signup_login.test_sign_up:test_sign_up.py:100 Clicked on Sign-up button
INFO     googleapiclient.discovery_cache:__init__.py:49 file_cache is only supported with oauth2client<4.0.0
INFO     root:get_mail_otp.py:107 Fetching OTP with up to 5 retries (every 10s)...
INFO     root:get_mail_otp.py:88  Extracted OTP: 584865
INFO     root:registration.py:157 Using OTP: 584865
INFO     root:registration.py:162 OTP submitted successfully.
INFO     root:actions.py:461 Page refreshed and fully loaded.
INFO     tests.test_signup_login.test_sign_up:test_sign_up.py:106 Entered Otp
--------------------------- Captured stderr teardown ---------------------------
2026-02-03 13:15:40,544 - INFO - Closing browser
---------------------------- Captured log teardown -----------------------------
INFO     tests.test_signup_login.conftest:conftest.py:145 Closing browser
=============================== warnings summary ===============================
tests/test_signup_login/test_sign_up.py:14
  /home/runner/work/Mocha_accounting/Mocha_accounting/tests/test_signup_login/test_sign_up.py:14: PytestUnknownMarkWarning: Unknown pytest.mark.is_registration - is this a typo?  You can register custom marks to avoid this warning - for details, see https://docs.pytest.org/en/stable/how-to/mark.html
    @pytest.mark.is_registration

tests/test_signup_login/test_sign_up.py:79
  /home/runner/work/Mocha_accounting/Mocha_accounting/tests/test_signup_login/test_sign_up.py:79: PytestUnknownMarkWarning: Unknown pytest.mark.is_registration - is this a typo?  You can register custom marks to avoid this warning - for details, see https://docs.pytest.org/en/stable/how-to/mark.html
    @pytest.mark.is_registration

-- Docs: https://docs.pytest.org/en/stable/how-to/capture-warnings.html
- Generated html report: file:///home/runner/work/Mocha_accounting/Mocha_accounting/C%3A%5CUsers%5CTaurus13%5CPycharmProjects%5CPythonProject%5Creports/20260203_131339/report.html -
================== 2 failed, 2 warnings in 121.00s (0:02:00) ===================
=== REGISTRATION TESTS COMPLETED ===
Exit Code: 1
=== REGISTRATION TESTS STARTED: 2026-02-03 13:57:24 ===
============================= test session starts ==============================
platform linux -- Python 3.13.11, pytest-8.3.5, pluggy-1.6.0 -- /opt/hostedtoolcache/Python/3.13.11/x64/bin/python
cachedir: .pytest_cache
metadata: {'Python': '3.13.11', 'Platform': 'Linux-6.11.0-1018-azure-x86_64-with-glibc2.39', 'Packages': {'pytest': '8.3.5', 'pluggy': '1.6.0'}, 'Plugins': {'rerunfailures': '16.1', 'Faker': '40.1.2', 'xdist': '3.8.0', 'html': '4.2.0', 'metadata': '3.1.1'}, 'CI': 'true', 'JAVA_HOME': '/usr/lib/jvm/temurin-17-jdk-amd64'}
rootdir: /home/runner/work/Mocha_accounting/Mocha_accounting
plugins: rerunfailures-16.1, Faker-40.1.2, xdist-3.8.0, html-4.2.0, metadata-3.1.1
collecting ... collected 1 item

tests/test_signup_login/test_sign_up.py::test_ete_registration_india FAILED [100%]

=================================== FAILURES ===================================
_________________________ test_ete_registration_india __________________________

sign_login_setup = <selenium.webdriver.chrome.webdriver.WebDriver (session="19a9c34b414df1e7843229d5c4dcb080")>
registration_test_data = {'organization_address_city': 'Tampa', 'organization_address_country': 'United States', 'organization_address_india': 'INOX: Insignia At Epicuria', 'organization_address_nonindia': '1105 West Woodlawn Avenue Tampa, FLA, USA', ...}

    @pytest.mark.is_registration
    def test_ete_registration_india(sign_login_setup, registration_test_data):
        driver = sign_login_setup
        registration = Registration(driver)
        login = LoginPage(driver)
        time.sleep(2)
        registration.registration_signup_sign_up_btn()
        logger.info("Clicked on Sign-up for free button")
        registration.registration_signup_first_name(registration_test_data)
        logger.info("Entered the first name")
        registration.registration_signup_last_name(registration_test_data)
        logger.info("Entered the last name")
        unique_email_id = registration.registration_signup_email(registration_test_data)
        logger.info(f"Entered the email: {unique_email_id}")
        registration.registration_signup_phone_number_country_india(registration_test_data)
        logger.info("Selected country for phone number")
        registration.registration_signup_phone_number_india(registration_test_data)
        logger.info("Entered phone number")
        registration.registration_signup_agreed_to_policy_chkbx(registration_test_data)
        logger.info("Agreed to policy checkbox checked")
        registration.registration_signup_submit_btn(registration_test_data)
        logger.info("Clicked on Sign-up button")
        time.sleep(5)
        # Fetch OTP using the unique email
        otp = get_latest_otp_email()
        time.sleep(2)
        registration.registration_enter_otp(otp)
        logger.info("Entered Otp")
        time.sleep(2)
>       registration.registration_enter_password(registration_test_data)

tests/test_signup_login/test_sign_up.py:43: 
_ _ _ _ _ _ _ _ _ _ _ _ _ _ _ _ _ _ _ _ _ _ _ _ _ _ _ _ _ _ _ _ _ _ _ _ _ _ _ _ 

self = <pages.registration.Registration object at 0x7f6fdac9cad0>
registration_test_data = {'organization_address_city': 'Tampa', 'organization_address_country': 'United States', 'organization_address_india': 'INOX: Insignia At Epicuria', 'organization_address_nonindia': '1105 West Woodlawn Avenue Tampa, FLA, USA', ...}

    def registration_enter_password(self, registration_test_data):
        #self.actions.wait_until_url_contains("new-password", timeout=50)
        #self.actions.wait_for_page_load(timeout=10)
        #self.actions.wait_for_element_to_be_visible(self.registration_password)
>       WebDriverWait(self.driver, 30).until(
            EC.presence_of_element_located((By.ID, "password"))
        )

pages/registration.py:170: 
_ _ _ _ _ _ _ _ _ _ _ _ _ _ _ _ _ _ _ _ _ _ _ _ _ _ _ _ _ _ _ _ _ _ _ _ _ _ _ _ 

self = <selenium.webdriver.support.wait.WebDriverWait (session="19a9c34b414df1e7843229d5c4dcb080")>
method = <function presence_of_element_located.<locals>._predicate at 0x7f6fe231d260>
message = ''

    def until(self, method: Callable[[D], Union[Literal[False], T]], message: str = "") -> T:
        """Wait until the method returns a value that is not False.
    
        Calls the method provided with the driver as an argument until the
        return value does not evaluate to ``False``.
    
        Parameters:
        ----------
        method: callable(WebDriver)
            - A callable object that takes a WebDriver instance as an argument.
    
        message: str
            - Optional message for :exc:`TimeoutException`
    
        Return:
        -------
        object: T
            - The result of the last call to `method`
    
        Raises:
        -------
        TimeoutException
            - If 'method' does not return a truthy value within the WebDriverWait
            object's timeout
    
        Example:
        --------
        >>> from selenium.webdriver.common.by import By
        >>> from selenium.webdriver.support.ui import WebDriverWait
        >>> from selenium.webdriver.support import expected_conditions as EC
    
        # Wait until an element is visible on the page
        >>> wait = WebDriverWait(driver, 10)
        >>> element = wait.until(EC.visibility_of_element_located((By.ID, "exampleId")))
        >>> print(element.text)
        """
        screen = None
        stacktrace = None
    
        end_time = time.monotonic() + self._timeout
        while True:
            try:
                value = method(self._driver)
                if value:
                    return value
            except self._ignored_exceptions as exc:
                screen = getattr(exc, "screen", None)
                stacktrace = getattr(exc, "stacktrace", None)
            if time.monotonic() > end_time:
                break
            time.sleep(self._poll)
>       raise TimeoutException(message, screen, stacktrace)
E       selenium.common.exceptions.TimeoutException: Message: 
E       Stacktrace:
E       #0 0x56496a3404ba <unknown>
E       #1 0x564969da9492 <unknown>
E       #2 0x564969dfe9b6 <unknown>
E       #3 0x564969dfebf1 <unknown>
E       #4 0x564969e4a4d4 <unknown>
E       #5 0x564969e47700 <unknown>
E       #6 0x564969df06a2 <unknown>
E       #7 0x564969df1491 <unknown>
E       #8 0x56496a306479 <unknown>
E       #9 0x56496a309391 <unknown>
E       #10 0x56496a2f2a89 <unknown>
E       #11 0x56496a309f4e <unknown>
E       #12 0x56496a2d9070 <unknown>
E       #13 0x56496a32dca8 <unknown>
E       #14 0x56496a32de78 <unknown>
E       #15 0x56496a33f828 <unknown>
E       #16 0x7f70ee89caa4 <unknown>
E       #17 0x7f70ee929c6c <unknown>

/opt/hostedtoolcache/Python/3.13.11/x64/lib/python3.13/site-packages/selenium/webdriver/support/wait.py:146: TimeoutException
---------------------------- Captured stderr setup -----------------------------
2026-02-03 13:57:25,884 - INFO - Starting test with Chrome browser
2026-02-03 13:57:25,884 - INFO - ====== WebDriver manager ======
2026-02-03 13:57:25,956 - INFO - Get LATEST chromedriver version for google-chrome
2026-02-03 13:57:25,989 - INFO - Get LATEST chromedriver version for google-chrome
2026-02-03 13:57:26,021 - INFO - Driver [/home/runner/.wdm/drivers/chromedriver/linux64/144.0.7559.109/chromedriver-linux64/chromedriver] found in cache
2026-02-03 13:57:29,086 - INFO - Navigated to: https://mochaaccounting.com/
------------------------------ Captured log setup ------------------------------
INFO     tests.test_signup_login.conftest:conftest.py:78 Starting test with Chrome browser
INFO     WDM:logger.py:11 ====== WebDriver manager ======
INFO     WDM:logger.py:11 Get LATEST chromedriver version for google-chrome
INFO     WDM:logger.py:11 Get LATEST chromedriver version for google-chrome
INFO     WDM:logger.py:11 Driver [/home/runner/.wdm/drivers/chromedriver/linux64/144.0.7559.109/chromedriver-linux64/chromedriver] found in cache
INFO     tests.test_signup_login.conftest:conftest.py:135 Navigated to: https://mochaaccounting.com/
----------------------------- Captured stderr call -----------------------------
2026-02-03 13:57:31,869 - INFO - Clicked on Sign-up for free button
2026-02-03 13:57:32,020 - INFO - Entered First Name: Automation_FN_20260203_135731
2026-02-03 13:57:34,021 - INFO - Entered the first name
2026-02-03 13:57:34,166 - INFO - Entered Last Name: Tester_LN_20260203_135734
2026-02-03 13:57:36,166 - INFO - Entered the last name
2026-02-03 13:57:38,314 - INFO - Entered the email: mochaautotest+20260203_135736@gmail.com
2026-02-03 13:57:39,161 - INFO - Selected country for phone number
2026-02-03 13:57:39,272 - INFO - Entered phone number
2026-02-03 13:57:39,351 - INFO - Agreed to policy checkbox checked
2026-02-03 13:57:39,436 - INFO - Clicked on Sign-up button
2026-02-03 13:57:44,570 - INFO - file_cache is only supported with oauth2client<4.0.0
2026-02-03 13:57:44,571 - INFO - Fetching OTP with up to 5 retries (every 10s)...
2026-02-03 13:57:45,022 - INFO -  Extracted OTP: 783664
2026-02-03 13:57:47,436 - INFO - Using OTP: 783664
2026-02-03 13:57:47,612 - INFO - OTP submitted successfully.
2026-02-03 13:57:49,612 - INFO - Entered Otp
------------------------------ Captured log call -------------------------------
INFO     tests.test_signup_login.test_sign_up:test_sign_up.py:21 Clicked on Sign-up for free button
INFO     root:registration.py:107 Entered First Name: Automation_FN_20260203_135731
INFO     tests.test_signup_login.test_sign_up:test_sign_up.py:23 Entered the first name
INFO     root:registration.py:115 Entered Last Name: Tester_LN_20260203_135734
INFO     tests.test_signup_login.test_sign_up:test_sign_up.py:25 Entered the last name
INFO     tests.test_signup_login.test_sign_up:test_sign_up.py:27 Entered the email: mochaautotest+20260203_135736@gmail.com
INFO     tests.test_signup_login.test_sign_up:test_sign_up.py:29 Selected country for phone number
INFO     tests.test_signup_login.test_sign_up:test_sign_up.py:31 Entered phone number
INFO     tests.test_signup_login.test_sign_up:test_sign_up.py:33 Agreed to policy checkbox checked
INFO     tests.test_signup_login.test_sign_up:test_sign_up.py:35 Clicked on Sign-up button
INFO     googleapiclient.discovery_cache:__init__.py:49 file_cache is only supported with oauth2client<4.0.0
INFO     root:get_mail_otp.py:107 Fetching OTP with up to 5 retries (every 10s)...
INFO     root:get_mail_otp.py:88  Extracted OTP: 783664
INFO     root:registration.py:157 Using OTP: 783664
INFO     root:registration.py:162 OTP submitted successfully.
INFO     tests.test_signup_login.test_sign_up:test_sign_up.py:41 Entered Otp
--------------------------- Captured stderr teardown ---------------------------
2026-02-03 13:58:24,371 - INFO - Closing browser
---------------------------- Captured log teardown -----------------------------
INFO     tests.test_signup_login.conftest:conftest.py:145 Closing browser
=============================== warnings summary ===============================
tests/test_signup_login/test_sign_up.py:14
  /home/runner/work/Mocha_accounting/Mocha_accounting/tests/test_signup_login/test_sign_up.py:14: PytestUnknownMarkWarning: Unknown pytest.mark.is_registration - is this a typo?  You can register custom marks to avoid this warning - for details, see https://docs.pytest.org/en/stable/how-to/mark.html
    @pytest.mark.is_registration

tests/test_signup_login/test_sign_up.py:79
  /home/runner/work/Mocha_accounting/Mocha_accounting/tests/test_signup_login/test_sign_up.py:79: PytestUnknownMarkWarning: Unknown pytest.mark.is_registration - is this a typo?  You can register custom marks to avoid this warning - for details, see https://docs.pytest.org/en/stable/how-to/mark.html
    @pytest.mark.is_registration

-- Docs: https://docs.pytest.org/en/stable/how-to/capture-warnings.html
- Generated html report: file:///home/runner/work/Mocha_accounting/Mocha_accounting/C%3A%5CUsers%5CTaurus13%5CPycharmProjects%5CPythonProject%5Creports/20260203_135724/report.html -
======================== 1 failed, 2 warnings in 59.67s ========================
=== REGISTRATION TESTS COMPLETED ===
Exit Code: 1
=== NON INDIA REGISTRATION TEST STARTED: 2026-02-03 13:58:24 ===
============================= test session starts ==============================
platform linux -- Python 3.13.11, pytest-8.3.5, pluggy-1.6.0 -- /opt/hostedtoolcache/Python/3.13.11/x64/bin/python
cachedir: .pytest_cache
metadata: {'Python': '3.13.11', 'Platform': 'Linux-6.11.0-1018-azure-x86_64-with-glibc2.39', 'Packages': {'pytest': '8.3.5', 'pluggy': '1.6.0'}, 'Plugins': {'rerunfailures': '16.1', 'Faker': '40.1.2', 'xdist': '3.8.0', 'html': '4.2.0', 'metadata': '3.1.1'}, 'CI': 'true', 'JAVA_HOME': '/usr/lib/jvm/temurin-17-jdk-amd64'}
rootdir: /home/runner/work/Mocha_accounting/Mocha_accounting
plugins: rerunfailures-16.1, Faker-40.1.2, xdist-3.8.0, html-4.2.0, metadata-3.1.1
collecting ... collected 1 item

tests/test_signup_login/test_sign_up.py::test_ete_registration_non_india FAILED [100%]

=================================== FAILURES ===================================
_______________________ test_ete_registration_non_india ________________________

sign_login_setup = <selenium.webdriver.chrome.webdriver.WebDriver (session="f55c81e4b804561d48ec00edd3f11355")>
registration_test_data = {'organization_address_city': 'Tampa', 'organization_address_country': 'United States', 'organization_address_india': 'INOX: Insignia At Epicuria', 'organization_address_nonindia': '1105 West Woodlawn Avenue Tampa, FLA, USA', ...}

    @pytest.mark.is_registration
    def test_ete_registration_non_india(sign_login_setup, registration_test_data):
        driver = sign_login_setup
        registration = Registration(driver)
        login = LoginPage(driver)
        time.sleep(2)
        registration.registration_signup_sign_up_btn()
        logger.info("Clicked on Sign-up for free button")
        registration.registration_signup_first_name(registration_test_data)
        logger.info("Entered the first name")
        registration.registration_signup_last_name(registration_test_data)
        logger.info("Entered the last name")
        unique_email_id = registration.registration_signup_email(registration_test_data)
        logger.info(f"Entered the email: {unique_email_id}")
        registration.registration_signup_phone_number_country_non_india(registration_test_data)
        logger.info("Selected country for phone number")
        registration.registration_signup_phone_number_non_india(registration_test_data)
        logger.info("Entered phone number")
        registration.registration_signup_agreed_to_policy_chkbx(registration_test_data)
        logger.info("Agreed to policy checkbox checked")
        registration.registration_signup_submit_btn(registration_test_data)
        logger.info("Clicked on Sign-up button")
        time.sleep(5)
        # Fetch OTP using the unique email
        otp = get_latest_otp_email()
        time.sleep(2)
        registration.registration_enter_otp(otp)
        logger.info("Entered Otp")
        time.sleep(2)
        #registration.registration_enter_password_new(registration_test_data)
>       registration.registration_enter_password(registration_test_data)

tests/test_signup_login/test_sign_up.py:109: 
_ _ _ _ _ _ _ _ _ _ _ _ _ _ _ _ _ _ _ _ _ _ _ _ _ _ _ _ _ _ _ _ _ _ _ _ _ _ _ _ 

self = <pages.registration.Registration object at 0x7f91e0aef230>
registration_test_data = {'organization_address_city': 'Tampa', 'organization_address_country': 'United States', 'organization_address_india': 'INOX: Insignia At Epicuria', 'organization_address_nonindia': '1105 West Woodlawn Avenue Tampa, FLA, USA', ...}

    def registration_enter_password(self, registration_test_data):
        #self.actions.wait_until_url_contains("new-password", timeout=50)
        #self.actions.wait_for_page_load(timeout=10)
        #self.actions.wait_for_element_to_be_visible(self.registration_password)
>       WebDriverWait(self.driver, 30).until(
            EC.presence_of_element_located((By.ID, "password"))
        )

pages/registration.py:170: 
_ _ _ _ _ _ _ _ _ _ _ _ _ _ _ _ _ _ _ _ _ _ _ _ _ _ _ _ _ _ _ _ _ _ _ _ _ _ _ _ 

self = <selenium.webdriver.support.wait.WebDriverWait (session="f55c81e4b804561d48ec00edd3f11355")>
method = <function presence_of_element_located.<locals>._predicate at 0x7f91e15167a0>
message = ''

    def until(self, method: Callable[[D], Union[Literal[False], T]], message: str = "") -> T:
        """Wait until the method returns a value that is not False.
    
        Calls the method provided with the driver as an argument until the
        return value does not evaluate to ``False``.
    
        Parameters:
        ----------
        method: callable(WebDriver)
            - A callable object that takes a WebDriver instance as an argument.
    
        message: str
            - Optional message for :exc:`TimeoutException`
    
        Return:
        -------
        object: T
            - The result of the last call to `method`
    
        Raises:
        -------
        TimeoutException
            - If 'method' does not return a truthy value within the WebDriverWait
            object's timeout
    
        Example:
        --------
        >>> from selenium.webdriver.common.by import By
        >>> from selenium.webdriver.support.ui import WebDriverWait
        >>> from selenium.webdriver.support import expected_conditions as EC
    
        # Wait until an element is visible on the page
        >>> wait = WebDriverWait(driver, 10)
        >>> element = wait.until(EC.visibility_of_element_located((By.ID, "exampleId")))
        >>> print(element.text)
        """
        screen = None
        stacktrace = None
    
        end_time = time.monotonic() + self._timeout
        while True:
            try:
                value = method(self._driver)
                if value:
                    return value
            except self._ignored_exceptions as exc:
                screen = getattr(exc, "screen", None)
                stacktrace = getattr(exc, "stacktrace", None)
            if time.monotonic() > end_time:
                break
            time.sleep(self._poll)
>       raise TimeoutException(message, screen, stacktrace)
E       selenium.common.exceptions.TimeoutException: Message: 
E       Stacktrace:
E       #0 0x55dc220214ba <unknown>
E       #1 0x55dc21a8a492 <unknown>
E       #2 0x55dc21adf9b6 <unknown>
E       #3 0x55dc21adfbf1 <unknown>
E       #4 0x55dc21b2b4d4 <unknown>
E       #5 0x55dc21b28700 <unknown>
E       #6 0x55dc21ad16a2 <unknown>
E       #7 0x55dc21ad2491 <unknown>
E       #8 0x55dc21fe7479 <unknown>
E       #9 0x55dc21fea391 <unknown>
E       #10 0x55dc21fd3a89 <unknown>
E       #11 0x55dc21feaf4e <unknown>
E       #12 0x55dc21fba070 <unknown>
E       #13 0x55dc2200eca8 <unknown>
E       #14 0x55dc2200ee78 <unknown>
E       #15 0x55dc22020828 <unknown>
E       #16 0x7fc41509caa4 <unknown>
E       #17 0x7fc415129c6c <unknown>

/opt/hostedtoolcache/Python/3.13.11/x64/lib/python3.13/site-packages/selenium/webdriver/support/wait.py:146: TimeoutException
---------------------------- Captured stderr setup -----------------------------
2026-02-03 13:58:25,525 - INFO - Starting test with Chrome browser
2026-02-03 13:58:25,525 - INFO - ====== WebDriver manager ======
2026-02-03 13:58:25,597 - INFO - Get LATEST chromedriver version for google-chrome
2026-02-03 13:58:25,635 - INFO - Get LATEST chromedriver version for google-chrome
2026-02-03 13:58:25,670 - INFO - Driver [/home/runner/.wdm/drivers/chromedriver/linux64/144.0.7559.109/chromedriver-linux64/chromedriver] found in cache
2026-02-03 13:58:28,491 - INFO - Navigated to: https://mochaaccounting.com/
------------------------------ Captured log setup ------------------------------
INFO     tests.test_signup_login.conftest:conftest.py:78 Starting test with Chrome browser
INFO     WDM:logger.py:11 ====== WebDriver manager ======
INFO     WDM:logger.py:11 Get LATEST chromedriver version for google-chrome
INFO     WDM:logger.py:11 Get LATEST chromedriver version for google-chrome
INFO     WDM:logger.py:11 Driver [/home/runner/.wdm/drivers/chromedriver/linux64/144.0.7559.109/chromedriver-linux64/chromedriver] found in cache
INFO     tests.test_signup_login.conftest:conftest.py:135 Navigated to: https://mochaaccounting.com/
----------------------------- Captured stderr call -----------------------------
2026-02-03 13:58:31,639 - INFO - Clicked on Sign-up for free button
2026-02-03 13:58:31,792 - INFO - Entered First Name: Automation_FN_20260203_135831
2026-02-03 13:58:33,792 - INFO - Entered the first name
2026-02-03 13:58:33,947 - INFO - Entered Last Name: Tester_LN_20260203_135833
2026-02-03 13:58:35,947 - INFO - Entered the last name
2026-02-03 13:58:38,097 - INFO - Entered the email: mochaautotest+20260203_135835@gmail.com
2026-02-03 13:58:39,524 - INFO - Selected country for phone number
2026-02-03 13:58:39,628 - INFO - Entered phone number
2026-02-03 13:58:39,709 - INFO - Agreed to policy checkbox checked
2026-02-03 13:58:39,800 - INFO - Clicked on Sign-up button
2026-02-03 13:58:44,802 - INFO - file_cache is only supported with oauth2client<4.0.0
2026-02-03 13:58:44,803 - INFO - Fetching OTP with up to 5 retries (every 10s)...
2026-02-03 13:58:45,305 - INFO -  Extracted OTP: 887910
2026-02-03 13:58:47,703 - INFO - Using OTP: 887910
2026-02-03 13:58:47,874 - INFO - OTP submitted successfully.
2026-02-03 13:58:49,875 - INFO - Entered Otp
------------------------------ Captured log call -------------------------------
INFO     tests.test_signup_login.test_sign_up:test_sign_up.py:86 Clicked on Sign-up for free button
INFO     root:registration.py:107 Entered First Name: Automation_FN_20260203_135831
INFO     tests.test_signup_login.test_sign_up:test_sign_up.py:88 Entered the first name
INFO     root:registration.py:115 Entered Last Name: Tester_LN_20260203_135833
INFO     tests.test_signup_login.test_sign_up:test_sign_up.py:90 Entered the last name
INFO     tests.test_signup_login.test_sign_up:test_sign_up.py:92 Entered the email: mochaautotest+20260203_135835@gmail.com
INFO     tests.test_signup_login.test_sign_up:test_sign_up.py:94 Selected country for phone number
INFO     tests.test_signup_login.test_sign_up:test_sign_up.py:96 Entered phone number
INFO     tests.test_signup_login.test_sign_up:test_sign_up.py:98 Agreed to policy checkbox checked
INFO     tests.test_signup_login.test_sign_up:test_sign_up.py:100 Clicked on Sign-up button
INFO     googleapiclient.discovery_cache:__init__.py:49 file_cache is only supported with oauth2client<4.0.0
INFO     root:get_mail_otp.py:107 Fetching OTP with up to 5 retries (every 10s)...
INFO     root:get_mail_otp.py:88  Extracted OTP: 887910
INFO     root:registration.py:157 Using OTP: 887910
INFO     root:registration.py:162 OTP submitted successfully.
INFO     tests.test_signup_login.test_sign_up:test_sign_up.py:106 Entered Otp
--------------------------- Captured stderr teardown ---------------------------
2026-02-03 13:59:24,635 - INFO - Closing browser
---------------------------- Captured log teardown -----------------------------
INFO     tests.test_signup_login.conftest:conftest.py:145 Closing browser
=============================== warnings summary ===============================
tests/test_signup_login/test_sign_up.py:14
  /home/runner/work/Mocha_accounting/Mocha_accounting/tests/test_signup_login/test_sign_up.py:14: PytestUnknownMarkWarning: Unknown pytest.mark.is_registration - is this a typo?  You can register custom marks to avoid this warning - for details, see https://docs.pytest.org/en/stable/how-to/mark.html
    @pytest.mark.is_registration

tests/test_signup_login/test_sign_up.py:79
  /home/runner/work/Mocha_accounting/Mocha_accounting/tests/test_signup_login/test_sign_up.py:79: PytestUnknownMarkWarning: Unknown pytest.mark.is_registration - is this a typo?  You can register custom marks to avoid this warning - for details, see https://docs.pytest.org/en/stable/how-to/mark.html
    @pytest.mark.is_registration

-- Docs: https://docs.pytest.org/en/stable/how-to/capture-warnings.html
- Generated html report: file:///home/runner/work/Mocha_accounting/Mocha_accounting/C%3A%5CUsers%5CTaurus13%5CPycharmProjects%5CPythonProject%5Creports/20260203_135825/report.html -
======================== 1 failed, 2 warnings in 59.64s ========================
=== NON INDIA REGISTRATION TEST COMPLETED ===
Exit Code: 1
=== REGISTRATION TESTS STARTED: 2026-02-03 14:14:38 ===
============================= test session starts ==============================
platform linux -- Python 3.13.11, pytest-8.3.5, pluggy-1.6.0 -- /opt/hostedtoolcache/Python/3.13.11/x64/bin/python
cachedir: .pytest_cache
metadata: {'Python': '3.13.11', 'Platform': 'Linux-6.11.0-1018-azure-x86_64-with-glibc2.39', 'Packages': {'pytest': '8.3.5', 'pluggy': '1.6.0'}, 'Plugins': {'rerunfailures': '16.1', 'Faker': '40.1.2', 'xdist': '3.8.0', 'html': '4.2.0', 'metadata': '3.1.1'}, 'CI': 'true', 'JAVA_HOME': '/usr/lib/jvm/temurin-17-jdk-amd64'}
rootdir: /home/runner/work/Mocha_accounting/Mocha_accounting
plugins: rerunfailures-16.1, Faker-40.1.2, xdist-3.8.0, html-4.2.0, metadata-3.1.1
collecting ... collected 1 item

tests/test_signup_login/test_sign_up.py::test_ete_registration_india FAILED [100%]

=================================== FAILURES ===================================
_________________________ test_ete_registration_india __________________________

sign_login_setup = <selenium.webdriver.chrome.webdriver.WebDriver (session="bb96b891d6366f61ea4b05428d71c435")>
registration_test_data = {'organization_address_city': 'Tampa', 'organization_address_country': 'United States', 'organization_address_india': 'INOX: Insignia At Epicuria', 'organization_address_nonindia': '1105 West Woodlawn Avenue Tampa, FLA, USA', ...}

    @pytest.mark.is_registration
    def test_ete_registration_india(sign_login_setup, registration_test_data):
        driver = sign_login_setup
        registration = Registration(driver)
        login = LoginPage(driver)
        time.sleep(2)
        registration.registration_signup_sign_up_btn()
        logger.info("Clicked on Sign-up for free button")
        registration.registration_signup_first_name(registration_test_data)
        logger.info("Entered the first name")
        registration.registration_signup_last_name(registration_test_data)
        logger.info("Entered the last name")
        unique_email_id = registration.registration_signup_email(registration_test_data)
        logger.info(f"Entered the email: {unique_email_id}")
        registration.registration_signup_phone_number_country_india(registration_test_data)
        logger.info("Selected country for phone number")
        registration.registration_signup_phone_number_india(registration_test_data)
        logger.info("Entered phone number")
        registration.registration_signup_agreed_to_policy_chkbx(registration_test_data)
        logger.info("Agreed to policy checkbox checked")
        registration.registration_signup_submit_btn(registration_test_data)
        logger.info("Clicked on Sign-up button")
        time.sleep(5)
        # Fetch OTP using the unique email
        otp = get_latest_otp_email()
        time.sleep(2)
        registration.registration_enter_otp(otp)
        logger.info("Entered Otp")
        time.sleep(2)
>       registration.registration_enter_password(registration_test_data)

tests/test_signup_login/test_sign_up.py:43: 
_ _ _ _ _ _ _ _ _ _ _ _ _ _ _ _ _ _ _ _ _ _ _ _ _ _ _ _ _ _ _ _ _ _ _ _ _ _ _ _ 

self = <pages.registration.Registration object at 0x7f6320f8cad0>
registration_test_data = {'organization_address_city': 'Tampa', 'organization_address_country': 'United States', 'organization_address_india': 'INOX: Insignia At Epicuria', 'organization_address_nonindia': '1105 West Woodlawn Avenue Tampa, FLA, USA', ...}

    def registration_enter_password(self, registration_test_data):
        #self.actions.wait_until_url_contains("new-password", timeout=50)
        #self.actions.wait_for_page_load(timeout=10)
        #self.actions.wait_for_element_to_be_visible(self.registration_password)
>       WebDriverWait(self.driver, 30).until(
            EC.presence_of_element_located((By.ID, "password"))
        )

pages/registration.py:170: 
_ _ _ _ _ _ _ _ _ _ _ _ _ _ _ _ _ _ _ _ _ _ _ _ _ _ _ _ _ _ _ _ _ _ _ _ _ _ _ _ 

self = <selenium.webdriver.support.wait.WebDriverWait (session="bb96b891d6366f61ea4b05428d71c435")>
method = <function presence_of_element_located.<locals>._predicate at 0x7f6324495260>
message = ''

    def until(self, method: Callable[[D], Union[Literal[False], T]], message: str = "") -> T:
        """Wait until the method returns a value that is not False.
    
        Calls the method provided with the driver as an argument until the
        return value does not evaluate to ``False``.
    
        Parameters:
        ----------
        method: callable(WebDriver)
            - A callable object that takes a WebDriver instance as an argument.
    
        message: str
            - Optional message for :exc:`TimeoutException`
    
        Return:
        -------
        object: T
            - The result of the last call to `method`
    
        Raises:
        -------
        TimeoutException
            - If 'method' does not return a truthy value within the WebDriverWait
            object's timeout
    
        Example:
        --------
        >>> from selenium.webdriver.common.by import By
        >>> from selenium.webdriver.support.ui import WebDriverWait
        >>> from selenium.webdriver.support import expected_conditions as EC
    
        # Wait until an element is visible on the page
        >>> wait = WebDriverWait(driver, 10)
        >>> element = wait.until(EC.visibility_of_element_located((By.ID, "exampleId")))
        >>> print(element.text)
        """
        screen = None
        stacktrace = None
    
        end_time = time.monotonic() + self._timeout
        while True:
            try:
                value = method(self._driver)
                if value:
                    return value
            except self._ignored_exceptions as exc:
                screen = getattr(exc, "screen", None)
                stacktrace = getattr(exc, "stacktrace", None)
            if time.monotonic() > end_time:
                break
            time.sleep(self._poll)
>       raise TimeoutException(message, screen, stacktrace)
E       selenium.common.exceptions.TimeoutException: Message: 
E       Stacktrace:
E       #0 0x565466e1d4ba <unknown>
E       #1 0x565466886492 <unknown>
E       #2 0x5654668db9b6 <unknown>
E       #3 0x5654668dbbf1 <unknown>
E       #4 0x5654669274d4 <unknown>
E       #5 0x565466924700 <unknown>
E       #6 0x5654668cd6a2 <unknown>
E       #7 0x5654668ce491 <unknown>
E       #8 0x565466de3479 <unknown>
E       #9 0x565466de6391 <unknown>
E       #10 0x565466dcfa89 <unknown>
E       #11 0x565466de6f4e <unknown>
E       #12 0x565466db6070 <unknown>
E       #13 0x565466e0aca8 <unknown>
E       #14 0x565466e0ae78 <unknown>
E       #15 0x565466e1c828 <unknown>
E       #16 0x7f3a0d89caa4 <unknown>
E       #17 0x7f3a0d929c6c <unknown>

/opt/hostedtoolcache/Python/3.13.11/x64/lib/python3.13/site-packages/selenium/webdriver/support/wait.py:146: TimeoutException
---------------------------- Captured stderr setup -----------------------------
2026-02-03 14:14:40,453 - INFO - Starting test with Chrome browser
2026-02-03 14:14:40,453 - INFO - ====== WebDriver manager ======
2026-02-03 14:14:40,522 - INFO - Get LATEST chromedriver version for google-chrome
2026-02-03 14:14:40,557 - INFO - Get LATEST chromedriver version for google-chrome
2026-02-03 14:14:40,588 - INFO - Driver [/home/runner/.wdm/drivers/chromedriver/linux64/144.0.7559.109/chromedriver-linux64/chromedriver] found in cache
2026-02-03 14:14:43,665 - INFO - Navigated to: https://mochaaccounting.com/
------------------------------ Captured log setup ------------------------------
INFO     tests.test_signup_login.conftest:conftest.py:78 Starting test with Chrome browser
INFO     WDM:logger.py:11 ====== WebDriver manager ======
INFO     WDM:logger.py:11 Get LATEST chromedriver version for google-chrome
INFO     WDM:logger.py:11 Get LATEST chromedriver version for google-chrome
INFO     WDM:logger.py:11 Driver [/home/runner/.wdm/drivers/chromedriver/linux64/144.0.7559.109/chromedriver-linux64/chromedriver] found in cache
INFO     tests.test_signup_login.conftest:conftest.py:135 Navigated to: https://mochaaccounting.com/
----------------------------- Captured stderr call -----------------------------
2026-02-03 14:14:46,849 - INFO - Clicked on Sign-up for free button
2026-02-03 14:14:47,002 - INFO - Entered First Name: Automation_FN_20260203_141446
2026-02-03 14:14:49,002 - INFO - Entered the first name
2026-02-03 14:14:49,161 - INFO - Entered Last Name: Tester_LN_20260203_141449
2026-02-03 14:14:51,161 - INFO - Entered the last name
2026-02-03 14:14:53,316 - INFO - Entered the email: mochaautotest+20260203_141451@gmail.com
2026-02-03 14:14:54,136 - INFO - Selected country for phone number
2026-02-03 14:14:54,233 - INFO - Entered phone number
2026-02-03 14:14:54,312 - INFO - Agreed to policy checkbox checked
2026-02-03 14:14:54,399 - INFO - Clicked on Sign-up button
2026-02-03 14:14:59,574 - INFO - file_cache is only supported with oauth2client<4.0.0
2026-02-03 14:14:59,575 - INFO - Fetching OTP with up to 5 retries (every 10s)...
2026-02-03 14:15:00,099 - INFO -  Extracted OTP: 682146
2026-02-03 14:15:02,541 - INFO - Using OTP: 682146
2026-02-03 14:15:02,717 - INFO - OTP submitted successfully.
2026-02-03 14:15:04,718 - INFO - Entered Otp
------------------------------ Captured log call -------------------------------
INFO     tests.test_signup_login.test_sign_up:test_sign_up.py:21 Clicked on Sign-up for free button
INFO     root:registration.py:107 Entered First Name: Automation_FN_20260203_141446
INFO     tests.test_signup_login.test_sign_up:test_sign_up.py:23 Entered the first name
INFO     root:registration.py:115 Entered Last Name: Tester_LN_20260203_141449
INFO     tests.test_signup_login.test_sign_up:test_sign_up.py:25 Entered the last name
INFO     tests.test_signup_login.test_sign_up:test_sign_up.py:27 Entered the email: mochaautotest+20260203_141451@gmail.com
INFO     tests.test_signup_login.test_sign_up:test_sign_up.py:29 Selected country for phone number
INFO     tests.test_signup_login.test_sign_up:test_sign_up.py:31 Entered phone number
INFO     tests.test_signup_login.test_sign_up:test_sign_up.py:33 Agreed to policy checkbox checked
INFO     tests.test_signup_login.test_sign_up:test_sign_up.py:35 Clicked on Sign-up button
INFO     googleapiclient.discovery_cache:__init__.py:49 file_cache is only supported with oauth2client<4.0.0
INFO     root:get_mail_otp.py:105 Fetching OTP with up to 5 retries (every 10s)...
INFO     root:get_mail_otp.py:86  Extracted OTP: 682146
INFO     root:registration.py:157 Using OTP: 682146
INFO     root:registration.py:162 OTP submitted successfully.
INFO     tests.test_signup_login.test_sign_up:test_sign_up.py:41 Entered Otp
--------------------------- Captured stderr teardown ---------------------------
2026-02-03 14:15:39,437 - INFO - Closing browser
---------------------------- Captured log teardown -----------------------------
INFO     tests.test_signup_login.conftest:conftest.py:145 Closing browser
=============================== warnings summary ===============================
tests/test_signup_login/test_sign_up.py:14
  /home/runner/work/Mocha_accounting/Mocha_accounting/tests/test_signup_login/test_sign_up.py:14: PytestUnknownMarkWarning: Unknown pytest.mark.is_registration - is this a typo?  You can register custom marks to avoid this warning - for details, see https://docs.pytest.org/en/stable/how-to/mark.html
    @pytest.mark.is_registration

tests/test_signup_login/test_sign_up.py:79
  /home/runner/work/Mocha_accounting/Mocha_accounting/tests/test_signup_login/test_sign_up.py:79: PytestUnknownMarkWarning: Unknown pytest.mark.is_registration - is this a typo?  You can register custom marks to avoid this warning - for details, see https://docs.pytest.org/en/stable/how-to/mark.html
    @pytest.mark.is_registration

-- Docs: https://docs.pytest.org/en/stable/how-to/capture-warnings.html
- Generated html report: file:///home/runner/work/Mocha_accounting/Mocha_accounting/C%3A%5CUsers%5CTaurus13%5CPycharmProjects%5CPythonProject%5Creports/20260203_141439/report.html -
=================== 1 failed, 2 warnings in 60.09s (0:01:00) ===================
=== REGISTRATION TESTS COMPLETED ===
Exit Code: 1
=== NON INDIA REGISTRATION TEST STARTED: 2026-02-03 14:15:39 ===
============================= test session starts ==============================
platform linux -- Python 3.13.11, pytest-8.3.5, pluggy-1.6.0 -- /opt/hostedtoolcache/Python/3.13.11/x64/bin/python
cachedir: .pytest_cache
metadata: {'Python': '3.13.11', 'Platform': 'Linux-6.11.0-1018-azure-x86_64-with-glibc2.39', 'Packages': {'pytest': '8.3.5', 'pluggy': '1.6.0'}, 'Plugins': {'rerunfailures': '16.1', 'Faker': '40.1.2', 'xdist': '3.8.0', 'html': '4.2.0', 'metadata': '3.1.1'}, 'CI': 'true', 'JAVA_HOME': '/usr/lib/jvm/temurin-17-jdk-amd64'}
rootdir: /home/runner/work/Mocha_accounting/Mocha_accounting
plugins: rerunfailures-16.1, Faker-40.1.2, xdist-3.8.0, html-4.2.0, metadata-3.1.1
collecting ... collected 1 item

tests/test_signup_login/test_sign_up.py::test_ete_registration_non_india FAILED [100%]

=================================== FAILURES ===================================
_______________________ test_ete_registration_non_india ________________________

sign_login_setup = <selenium.webdriver.chrome.webdriver.WebDriver (session="4a6cdbf69ef0549650efc5264db49560")>
registration_test_data = {'organization_address_city': 'Tampa', 'organization_address_country': 'United States', 'organization_address_india': 'INOX: Insignia At Epicuria', 'organization_address_nonindia': '1105 West Woodlawn Avenue Tampa, FLA, USA', ...}

    @pytest.mark.is_registration
    def test_ete_registration_non_india(sign_login_setup, registration_test_data):
        driver = sign_login_setup
        registration = Registration(driver)
        login = LoginPage(driver)
        time.sleep(2)
        registration.registration_signup_sign_up_btn()
        logger.info("Clicked on Sign-up for free button")
        registration.registration_signup_first_name(registration_test_data)
        logger.info("Entered the first name")
        registration.registration_signup_last_name(registration_test_data)
        logger.info("Entered the last name")
        unique_email_id = registration.registration_signup_email(registration_test_data)
        logger.info(f"Entered the email: {unique_email_id}")
        registration.registration_signup_phone_number_country_non_india(registration_test_data)
        logger.info("Selected country for phone number")
        registration.registration_signup_phone_number_non_india(registration_test_data)
        logger.info("Entered phone number")
        registration.registration_signup_agreed_to_policy_chkbx(registration_test_data)
        logger.info("Agreed to policy checkbox checked")
        registration.registration_signup_submit_btn(registration_test_data)
        logger.info("Clicked on Sign-up button")
        time.sleep(5)
        # Fetch OTP using the unique email
        otp = get_latest_otp_email()
        time.sleep(2)
        registration.registration_enter_otp(otp)
        logger.info("Entered Otp")
        time.sleep(2)
        #registration.registration_enter_password_new(registration_test_data)
>       registration.registration_enter_password(registration_test_data)

tests/test_signup_login/test_sign_up.py:109: 
_ _ _ _ _ _ _ _ _ _ _ _ _ _ _ _ _ _ _ _ _ _ _ _ _ _ _ _ _ _ _ _ _ _ _ _ _ _ _ _ 

self = <pages.registration.Registration object at 0x7fa53ec6b230>
registration_test_data = {'organization_address_city': 'Tampa', 'organization_address_country': 'United States', 'organization_address_india': 'INOX: Insignia At Epicuria', 'organization_address_nonindia': '1105 West Woodlawn Avenue Tampa, FLA, USA', ...}

    def registration_enter_password(self, registration_test_data):
        #self.actions.wait_until_url_contains("new-password", timeout=50)
        #self.actions.wait_for_page_load(timeout=10)
        #self.actions.wait_for_element_to_be_visible(self.registration_password)
>       WebDriverWait(self.driver, 30).until(
            EC.presence_of_element_located((By.ID, "password"))
        )

pages/registration.py:170: 
_ _ _ _ _ _ _ _ _ _ _ _ _ _ _ _ _ _ _ _ _ _ _ _ _ _ _ _ _ _ _ _ _ _ _ _ _ _ _ _ 

self = <selenium.webdriver.support.wait.WebDriverWait (session="4a6cdbf69ef0549650efc5264db49560")>
method = <function presence_of_element_located.<locals>._predicate at 0x7fa53f6167a0>
message = ''

    def until(self, method: Callable[[D], Union[Literal[False], T]], message: str = "") -> T:
        """Wait until the method returns a value that is not False.
    
        Calls the method provided with the driver as an argument until the
        return value does not evaluate to ``False``.
    
        Parameters:
        ----------
        method: callable(WebDriver)
            - A callable object that takes a WebDriver instance as an argument.
    
        message: str
            - Optional message for :exc:`TimeoutException`
    
        Return:
        -------
        object: T
            - The result of the last call to `method`
    
        Raises:
        -------
        TimeoutException
            - If 'method' does not return a truthy value within the WebDriverWait
            object's timeout
    
        Example:
        --------
        >>> from selenium.webdriver.common.by import By
        >>> from selenium.webdriver.support.ui import WebDriverWait
        >>> from selenium.webdriver.support import expected_conditions as EC
    
        # Wait until an element is visible on the page
        >>> wait = WebDriverWait(driver, 10)
        >>> element = wait.until(EC.visibility_of_element_located((By.ID, "exampleId")))
        >>> print(element.text)
        """
        screen = None
        stacktrace = None
    
        end_time = time.monotonic() + self._timeout
        while True:
            try:
                value = method(self._driver)
                if value:
                    return value
            except self._ignored_exceptions as exc:
                screen = getattr(exc, "screen", None)
                stacktrace = getattr(exc, "stacktrace", None)
            if time.monotonic() > end_time:
                break
            time.sleep(self._poll)
>       raise TimeoutException(message, screen, stacktrace)
E       selenium.common.exceptions.TimeoutException: Message: 
E       Stacktrace:
E       #0 0x55a72e4074ba <unknown>
E       #1 0x55a72de70492 <unknown>
E       #2 0x55a72dec59b6 <unknown>
E       #3 0x55a72dec5bf1 <unknown>
E       #4 0x55a72df114d4 <unknown>
E       #5 0x55a72df0e700 <unknown>
E       #6 0x55a72deb76a2 <unknown>
E       #7 0x55a72deb8491 <unknown>
E       #8 0x55a72e3cd479 <unknown>
E       #9 0x55a72e3d0391 <unknown>
E       #10 0x55a72e3b9a89 <unknown>
E       #11 0x55a72e3d0f4e <unknown>
E       #12 0x55a72e3a0070 <unknown>
E       #13 0x55a72e3f4ca8 <unknown>
E       #14 0x55a72e3f4e78 <unknown>
E       #15 0x55a72e406828 <unknown>
E       #16 0x7ff87349caa4 <unknown>
E       #17 0x7ff873529c6c <unknown>

/opt/hostedtoolcache/Python/3.13.11/x64/lib/python3.13/site-packages/selenium/webdriver/support/wait.py:146: TimeoutException
---------------------------- Captured stderr setup -----------------------------
2026-02-03 14:15:40,643 - INFO - Starting test with Chrome browser
2026-02-03 14:15:40,643 - INFO - ====== WebDriver manager ======
2026-02-03 14:15:40,710 - INFO - Get LATEST chromedriver version for google-chrome
2026-02-03 14:15:40,743 - INFO - Get LATEST chromedriver version for google-chrome
2026-02-03 14:15:40,775 - INFO - Driver [/home/runner/.wdm/drivers/chromedriver/linux64/144.0.7559.109/chromedriver-linux64/chromedriver] found in cache
2026-02-03 14:15:43,286 - INFO - Navigated to: https://mochaaccounting.com/
------------------------------ Captured log setup ------------------------------
INFO     tests.test_signup_login.conftest:conftest.py:78 Starting test with Chrome browser
INFO     WDM:logger.py:11 ====== WebDriver manager ======
INFO     WDM:logger.py:11 Get LATEST chromedriver version for google-chrome
INFO     WDM:logger.py:11 Get LATEST chromedriver version for google-chrome
INFO     WDM:logger.py:11 Driver [/home/runner/.wdm/drivers/chromedriver/linux64/144.0.7559.109/chromedriver-linux64/chromedriver] found in cache
INFO     tests.test_signup_login.conftest:conftest.py:135 Navigated to: https://mochaaccounting.com/
----------------------------- Captured stderr call -----------------------------
2026-02-03 14:15:47,075 - INFO - Clicked on Sign-up for free button
2026-02-03 14:15:47,230 - INFO - Entered First Name: Automation_FN_20260203_141547
2026-02-03 14:15:49,231 - INFO - Entered the first name
2026-02-03 14:15:49,382 - INFO - Entered Last Name: Tester_LN_20260203_141549
2026-02-03 14:15:51,382 - INFO - Entered the last name
2026-02-03 14:15:53,535 - INFO - Entered the email: mochaautotest+20260203_141551@gmail.com
2026-02-03 14:15:55,028 - INFO - Selected country for phone number
2026-02-03 14:15:55,132 - INFO - Entered phone number
2026-02-03 14:15:55,213 - INFO - Agreed to policy checkbox checked
2026-02-03 14:15:55,306 - INFO - Clicked on Sign-up button
2026-02-03 14:16:00,308 - INFO - file_cache is only supported with oauth2client<4.0.0
2026-02-03 14:16:00,309 - INFO - Fetching OTP with up to 5 retries (every 10s)...
2026-02-03 14:16:00,813 - INFO -  Extracted OTP: 292531
2026-02-03 14:16:03,239 - INFO - Using OTP: 292531
2026-02-03 14:16:03,385 - INFO - OTP submitted successfully.
2026-02-03 14:16:05,385 - INFO - Entered Otp
------------------------------ Captured log call -------------------------------
INFO     tests.test_signup_login.test_sign_up:test_sign_up.py:86 Clicked on Sign-up for free button
INFO     root:registration.py:107 Entered First Name: Automation_FN_20260203_141547
INFO     tests.test_signup_login.test_sign_up:test_sign_up.py:88 Entered the first name
INFO     root:registration.py:115 Entered Last Name: Tester_LN_20260203_141549
INFO     tests.test_signup_login.test_sign_up:test_sign_up.py:90 Entered the last name
INFO     tests.test_signup_login.test_sign_up:test_sign_up.py:92 Entered the email: mochaautotest+20260203_141551@gmail.com
INFO     tests.test_signup_login.test_sign_up:test_sign_up.py:94 Selected country for phone number
INFO     tests.test_signup_login.test_sign_up:test_sign_up.py:96 Entered phone number
INFO     tests.test_signup_login.test_sign_up:test_sign_up.py:98 Agreed to policy checkbox checked
INFO     tests.test_signup_login.test_sign_up:test_sign_up.py:100 Clicked on Sign-up button
INFO     googleapiclient.discovery_cache:__init__.py:49 file_cache is only supported with oauth2client<4.0.0
INFO     root:get_mail_otp.py:105 Fetching OTP with up to 5 retries (every 10s)...
INFO     root:get_mail_otp.py:86  Extracted OTP: 292531
INFO     root:registration.py:157 Using OTP: 292531
INFO     root:registration.py:162 OTP submitted successfully.
INFO     tests.test_signup_login.test_sign_up:test_sign_up.py:106 Entered Otp
--------------------------- Captured stderr teardown ---------------------------
2026-02-03 14:16:40,145 - INFO - Closing browser
---------------------------- Captured log teardown -----------------------------
INFO     tests.test_signup_login.conftest:conftest.py:145 Closing browser
=============================== warnings summary ===============================
tests/test_signup_login/test_sign_up.py:14
  /home/runner/work/Mocha_accounting/Mocha_accounting/tests/test_signup_login/test_sign_up.py:14: PytestUnknownMarkWarning: Unknown pytest.mark.is_registration - is this a typo?  You can register custom marks to avoid this warning - for details, see https://docs.pytest.org/en/stable/how-to/mark.html
    @pytest.mark.is_registration

tests/test_signup_login/test_sign_up.py:79
  /home/runner/work/Mocha_accounting/Mocha_accounting/tests/test_signup_login/test_sign_up.py:79: PytestUnknownMarkWarning: Unknown pytest.mark.is_registration - is this a typo?  You can register custom marks to avoid this warning - for details, see https://docs.pytest.org/en/stable/how-to/mark.html
    @pytest.mark.is_registration

-- Docs: https://docs.pytest.org/en/stable/how-to/capture-warnings.html
- Generated html report: file:///home/runner/work/Mocha_accounting/Mocha_accounting/C%3A%5CUsers%5CTaurus13%5CPycharmProjects%5CPythonProject%5Creports/20260203_141540/report.html -
=================== 1 failed, 2 warnings in 60.07s (0:01:00) ===================
=== NON INDIA REGISTRATION TEST COMPLETED ===
Exit Code: 1
=== REGISTRATION TESTS STARTED: 2026-02-03 14:57:22 ===
============================= test session starts ==============================
platform linux -- Python 3.13.11, pytest-8.3.5, pluggy-1.6.0 -- /opt/hostedtoolcache/Python/3.13.11/x64/bin/python
cachedir: .pytest_cache
metadata: {'Python': '3.13.11', 'Platform': 'Linux-6.11.0-1018-azure-x86_64-with-glibc2.39', 'Packages': {'pytest': '8.3.5', 'pluggy': '1.6.0'}, 'Plugins': {'rerunfailures': '16.1', 'Faker': '40.1.2', 'xdist': '3.8.0', 'html': '4.2.0', 'metadata': '3.1.1'}, 'CI': 'true', 'JAVA_HOME': '/usr/lib/jvm/temurin-17-jdk-amd64'}
rootdir: /home/runner/work/Mocha_accounting/Mocha_accounting
plugins: rerunfailures-16.1, Faker-40.1.2, xdist-3.8.0, html-4.2.0, metadata-3.1.1
collecting ... collected 1 item

tests/test_signup_login/test_sign_up.py::test_ete_registration_india PASSED [100%]

=============================== warnings summary ===============================
tests/test_signup_login/test_sign_up.py:14
  /home/runner/work/Mocha_accounting/Mocha_accounting/tests/test_signup_login/test_sign_up.py:14: PytestUnknownMarkWarning: Unknown pytest.mark.is_registration - is this a typo?  You can register custom marks to avoid this warning - for details, see https://docs.pytest.org/en/stable/how-to/mark.html
    @pytest.mark.is_registration

tests/test_signup_login/test_sign_up.py:79
  /home/runner/work/Mocha_accounting/Mocha_accounting/tests/test_signup_login/test_sign_up.py:79: PytestUnknownMarkWarning: Unknown pytest.mark.is_registration - is this a typo?  You can register custom marks to avoid this warning - for details, see https://docs.pytest.org/en/stable/how-to/mark.html
    @pytest.mark.is_registration

-- Docs: https://docs.pytest.org/en/stable/how-to/capture-warnings.html
==================================== PASSES ====================================
_________________________ test_ete_registration_india __________________________
---------------------------- Captured stderr setup -----------------------------
2026-02-03 14:57:24,280 - INFO - Starting test with Chrome browser
2026-02-03 14:57:24,280 - INFO - ====== WebDriver manager ======
2026-02-03 14:57:24,352 - INFO - Get LATEST chromedriver version for google-chrome
2026-02-03 14:57:24,405 - INFO - Get LATEST chromedriver version for google-chrome
2026-02-03 14:57:24,462 - INFO - Driver [/home/runner/.wdm/drivers/chromedriver/linux64/144.0.7559.109/chromedriver-linux64/chromedriver] found in cache
2026-02-03 14:57:28,446 - INFO - Navigated to: https://mochaaccounting.com/
------------------------------ Captured log setup ------------------------------
INFO     tests.test_signup_login.conftest:conftest.py:78 Starting test with Chrome browser
INFO     WDM:logger.py:11 ====== WebDriver manager ======
INFO     WDM:logger.py:11 Get LATEST chromedriver version for google-chrome
INFO     WDM:logger.py:11 Get LATEST chromedriver version for google-chrome
INFO     WDM:logger.py:11 Driver [/home/runner/.wdm/drivers/chromedriver/linux64/144.0.7559.109/chromedriver-linux64/chromedriver] found in cache
INFO     tests.test_signup_login.conftest:conftest.py:135 Navigated to: https://mochaaccounting.com/
----------------------------- Captured stdout call -----------------------------
Password@123
Displayed Organization: Automation Test_20260203_145807 pvt. ltd.
----------------------------- Captured stderr call -----------------------------
2026-02-03 14:57:31,588 - INFO - Clicked on Sign-up for free button
2026-02-03 14:57:31,766 - INFO - Entered First Name: Automation_FN_20260203_145731
2026-02-03 14:57:33,767 - INFO - Entered the first name
2026-02-03 14:57:33,911 - INFO - Entered Last Name: Tester_LN_20260203_145733
2026-02-03 14:57:35,911 - INFO - Entered the last name
2026-02-03 14:57:38,086 - INFO - Entered the email: mochaautotest+20260203_145735@gmail.com
2026-02-03 14:57:38,837 - INFO - Selected country for phone number
2026-02-03 14:57:38,938 - INFO - Entered phone number
2026-02-03 14:57:39,022 - INFO - Agreed to policy checkbox checked
2026-02-03 14:57:39,114 - INFO - Clicked on Sign-up button
2026-02-03 14:57:49,206 - INFO - file_cache is only supported with oauth2client<4.0.0
2026-02-03 14:57:49,207 - INFO - Fetching OTP with up to 5 retries (every 10s)...
2026-02-03 14:57:49,656 - INFO -  Extracted OTP: 153178
2026-02-03 14:57:52,059 - INFO - Using OTP: 153178
2026-02-03 14:57:52,227 - INFO - OTP submitted successfully.
2026-02-03 14:57:54,227 - INFO - Entered Otp
2026-02-03 14:57:56,432 - INFO - Password and Confirm Password entered successfully.
2026-02-03 14:57:56,432 - INFO - Set the password
2026-02-03 14:57:56,519 - INFO - click on next button
2026-02-03 14:58:01,636 - INFO - Entered email-id
2026-02-03 14:58:02,709 - INFO - Entered password
2026-02-03 14:58:02,805 - INFO - Clicked on Login button
2026-02-03 14:58:07,968 - INFO - Entered Organization name
2026-02-03 14:58:12,719 - INFO - Entered Organization address
2026-02-03 14:58:12,816 - INFO - click on next button
2026-02-03 14:58:17,895 - INFO - click on start for free button
2026-02-03 14:58:19,987 - INFO - click on next button
2026-02-03 14:58:20,065 - INFO - click on proceed button
2026-02-03 14:58:40,150 - INFO - Closed Ads popup
2026-02-03 14:58:50,175 - INFO - Asserted the displayed and given organization name
------------------------------ Captured log call -------------------------------
INFO     tests.test_signup_login.test_sign_up:test_sign_up.py:21 Clicked on Sign-up for free button
INFO     root:registration.py:107 Entered First Name: Automation_FN_20260203_145731
INFO     tests.test_signup_login.test_sign_up:test_sign_up.py:23 Entered the first name
INFO     root:registration.py:115 Entered Last Name: Tester_LN_20260203_145733
INFO     tests.test_signup_login.test_sign_up:test_sign_up.py:25 Entered the last name
INFO     tests.test_signup_login.test_sign_up:test_sign_up.py:27 Entered the email: mochaautotest+20260203_145735@gmail.com
INFO     tests.test_signup_login.test_sign_up:test_sign_up.py:29 Selected country for phone number
INFO     tests.test_signup_login.test_sign_up:test_sign_up.py:31 Entered phone number
INFO     tests.test_signup_login.test_sign_up:test_sign_up.py:33 Agreed to policy checkbox checked
INFO     tests.test_signup_login.test_sign_up:test_sign_up.py:35 Clicked on Sign-up button
INFO     googleapiclient.discovery_cache:__init__.py:49 file_cache is only supported with oauth2client<4.0.0
INFO     root:get_mail_otp.py:99 Fetching OTP with up to 5 retries (every 10s)...
INFO     root:get_mail_otp.py:80  Extracted OTP: 153178
INFO     root:registration.py:157 Using OTP: 153178
INFO     root:registration.py:162 OTP submitted successfully.
INFO     tests.test_signup_login.test_sign_up:test_sign_up.py:41 Entered Otp
INFO     root:registration.py:179 Password and Confirm Password entered successfully.
INFO     tests.test_signup_login.test_sign_up:test_sign_up.py:45 Set the password
INFO     tests.test_signup_login.test_sign_up:test_sign_up.py:47 click on next button
INFO     tests.test_signup_login.test_sign_up:test_sign_up.py:50 Entered email-id
INFO     tests.test_signup_login.test_sign_up:test_sign_up.py:52 Entered password
INFO     tests.test_signup_login.test_sign_up:test_sign_up.py:54 Clicked on Login button
INFO     tests.test_signup_login.test_sign_up:test_sign_up.py:57 Entered Organization name
INFO     tests.test_signup_login.test_sign_up:test_sign_up.py:59 Entered Organization address
INFO     tests.test_signup_login.test_sign_up:test_sign_up.py:61 click on next button
INFO     tests.test_signup_login.test_sign_up:test_sign_up.py:64 click on start for free button
INFO     tests.test_signup_login.test_sign_up:test_sign_up.py:66 click on next button
INFO     tests.test_signup_login.test_sign_up:test_sign_up.py:68 click on proceed button
INFO     tests.test_signup_login.test_sign_up:test_sign_up.py:71 Closed Ads popup
INFO     tests.test_signup_login.test_sign_up:test_sign_up.py:74 Asserted the displayed and given organization name
--------------------------- Captured stderr teardown ---------------------------
2026-02-03 14:58:50,176 - INFO - Closing browser
---------------------------- Captured log teardown -----------------------------
INFO     tests.test_signup_login.conftest:conftest.py:145 Closing browser
- Generated html report: file:///home/runner/work/Mocha_accounting/Mocha_accounting/C%3A%5CUsers%5CTaurus13%5CPycharmProjects%5CPythonProject%5Creports/20260203_145723/report.html -
=================== 1 passed, 2 warnings in 86.92s (0:01:26) ===================
=== REGISTRATION TESTS COMPLETED ===
Exit Code: 0
=== NON INDIA REGISTRATION TEST STARTED: 2026-02-03 14:58:50 ===
============================= test session starts ==============================
platform linux -- Python 3.13.11, pytest-8.3.5, pluggy-1.6.0 -- /opt/hostedtoolcache/Python/3.13.11/x64/bin/python
cachedir: .pytest_cache
metadata: {'Python': '3.13.11', 'Platform': 'Linux-6.11.0-1018-azure-x86_64-with-glibc2.39', 'Packages': {'pytest': '8.3.5', 'pluggy': '1.6.0'}, 'Plugins': {'rerunfailures': '16.1', 'Faker': '40.1.2', 'xdist': '3.8.0', 'html': '4.2.0', 'metadata': '3.1.1'}, 'CI': 'true', 'JAVA_HOME': '/usr/lib/jvm/temurin-17-jdk-amd64'}
rootdir: /home/runner/work/Mocha_accounting/Mocha_accounting
plugins: rerunfailures-16.1, Faker-40.1.2, xdist-3.8.0, html-4.2.0, metadata-3.1.1
collecting ... collected 1 item

tests/test_signup_login/test_sign_up.py::test_ete_registration_non_india PASSED [100%]

=============================== warnings summary ===============================
tests/test_signup_login/test_sign_up.py:14
  /home/runner/work/Mocha_accounting/Mocha_accounting/tests/test_signup_login/test_sign_up.py:14: PytestUnknownMarkWarning: Unknown pytest.mark.is_registration - is this a typo?  You can register custom marks to avoid this warning - for details, see https://docs.pytest.org/en/stable/how-to/mark.html
    @pytest.mark.is_registration

tests/test_signup_login/test_sign_up.py:79
  /home/runner/work/Mocha_accounting/Mocha_accounting/tests/test_signup_login/test_sign_up.py:79: PytestUnknownMarkWarning: Unknown pytest.mark.is_registration - is this a typo?  You can register custom marks to avoid this warning - for details, see https://docs.pytest.org/en/stable/how-to/mark.html
    @pytest.mark.is_registration

-- Docs: https://docs.pytest.org/en/stable/how-to/capture-warnings.html
==================================== PASSES ====================================
_______________________ test_ete_registration_non_india ________________________
---------------------------- Captured stderr setup -----------------------------
2026-02-03 14:58:51,410 - INFO - Starting test with Chrome browser
2026-02-03 14:58:51,410 - INFO - ====== WebDriver manager ======
2026-02-03 14:58:51,479 - INFO - Get LATEST chromedriver version for google-chrome
2026-02-03 14:58:51,527 - INFO - Get LATEST chromedriver version for google-chrome
2026-02-03 14:58:51,573 - INFO - Driver [/home/runner/.wdm/drivers/chromedriver/linux64/144.0.7559.109/chromedriver-linux64/chromedriver] found in cache
2026-02-03 14:58:54,715 - INFO - Navigated to: https://mochaaccounting.com/
------------------------------ Captured log setup ------------------------------
INFO     tests.test_signup_login.conftest:conftest.py:78 Starting test with Chrome browser
INFO     WDM:logger.py:11 ====== WebDriver manager ======
INFO     WDM:logger.py:11 Get LATEST chromedriver version for google-chrome
INFO     WDM:logger.py:11 Get LATEST chromedriver version for google-chrome
INFO     WDM:logger.py:11 Driver [/home/runner/.wdm/drivers/chromedriver/linux64/144.0.7559.109/chromedriver-linux64/chromedriver] found in cache
INFO     tests.test_signup_login.conftest:conftest.py:135 Navigated to: https://mochaaccounting.com/
----------------------------- Captured stdout call -----------------------------
Password@123
Displayed Organization: Automation Test_20260203_145938 pvt. ltd.
----------------------------- Captured stderr call -----------------------------
2026-02-03 14:59:01,552 - INFO - Clicked on Sign-up for free button
2026-02-03 14:59:01,714 - INFO - Entered First Name: Automation_FN_20260203_145901
2026-02-03 14:59:03,714 - INFO - Entered the first name
2026-02-03 14:59:03,902 - INFO - Entered Last Name: Tester_LN_20260203_145903
2026-02-03 14:59:05,903 - INFO - Entered the last name
2026-02-03 14:59:08,075 - INFO - Entered the email: mochaautotest+20260203_145905@gmail.com
2026-02-03 14:59:09,522 - INFO - Selected country for phone number
2026-02-03 14:59:09,628 - INFO - Entered phone number
2026-02-03 14:59:09,713 - INFO - Agreed to policy checkbox checked
2026-02-03 14:59:09,807 - INFO - Clicked on Sign-up button
2026-02-03 14:59:19,809 - INFO - file_cache is only supported with oauth2client<4.0.0
2026-02-03 14:59:19,810 - INFO - Fetching OTP with up to 5 retries (every 10s)...
2026-02-03 14:59:20,311 - INFO -  Extracted OTP: 357804
2026-02-03 14:59:22,714 - INFO - Using OTP: 357804
2026-02-03 14:59:22,887 - INFO - OTP submitted successfully.
2026-02-03 14:59:24,887 - INFO - Entered Otp
2026-02-03 14:59:27,084 - INFO - Password and Confirm Password entered successfully.
2026-02-03 14:59:27,084 - INFO - Set the password
2026-02-03 14:59:27,168 - INFO - click on next button
2026-02-03 14:59:32,284 - INFO - Entered email-id
2026-02-03 14:59:33,356 - INFO - Entered password
2026-02-03 14:59:33,457 - INFO - Clicked on Login button
2026-02-03 14:59:38,628 - INFO - Entered Organization name
2026-02-03 14:59:40,718 - INFO - Clicked on the enter manually check box
2026-02-03 14:59:40,886 - INFO - Entered the Address line 1
2026-02-03 14:59:44,332 - INFO - Country selected
2026-02-03 14:59:46,689 - INFO - State selected
2026-02-03 14:59:46,773 - INFO - Entered City
2026-02-03 14:59:46,848 - INFO - Entered Zip
2026-02-03 14:59:46,939 - INFO - click on next button
2026-02-03 14:59:52,023 - INFO - Americano plan selected
2026-02-03 14:59:54,109 - INFO - click on next button
2026-02-03 14:59:54,188 - INFO - click on proceed button
2026-02-03 15:00:14,272 - INFO - Closed Ads popup
2026-02-03 15:00:24,298 - INFO - Asserted the displayed and given organization name
------------------------------ Captured log call -------------------------------
INFO     tests.test_signup_login.test_sign_up:test_sign_up.py:86 Clicked on Sign-up for free button
INFO     root:registration.py:107 Entered First Name: Automation_FN_20260203_145901
INFO     tests.test_signup_login.test_sign_up:test_sign_up.py:88 Entered the first name
INFO     root:registration.py:115 Entered Last Name: Tester_LN_20260203_145903
INFO     tests.test_signup_login.test_sign_up:test_sign_up.py:90 Entered the last name
INFO     tests.test_signup_login.test_sign_up:test_sign_up.py:92 Entered the email: mochaautotest+20260203_145905@gmail.com
INFO     tests.test_signup_login.test_sign_up:test_sign_up.py:94 Selected country for phone number
INFO     tests.test_signup_login.test_sign_up:test_sign_up.py:96 Entered phone number
INFO     tests.test_signup_login.test_sign_up:test_sign_up.py:98 Agreed to policy checkbox checked
INFO     tests.test_signup_login.test_sign_up:test_sign_up.py:100 Clicked on Sign-up button
INFO     googleapiclient.discovery_cache:__init__.py:49 file_cache is only supported with oauth2client<4.0.0
INFO     root:get_mail_otp.py:99 Fetching OTP with up to 5 retries (every 10s)...
INFO     root:get_mail_otp.py:80  Extracted OTP: 357804
INFO     root:registration.py:157 Using OTP: 357804
INFO     root:registration.py:162 OTP submitted successfully.
INFO     tests.test_signup_login.test_sign_up:test_sign_up.py:106 Entered Otp
INFO     root:registration.py:179 Password and Confirm Password entered successfully.
INFO     tests.test_signup_login.test_sign_up:test_sign_up.py:110 Set the password
INFO     tests.test_signup_login.test_sign_up:test_sign_up.py:112 click on next button
INFO     tests.test_signup_login.test_sign_up:test_sign_up.py:115 Entered email-id
INFO     tests.test_signup_login.test_sign_up:test_sign_up.py:117 Entered password
INFO     tests.test_signup_login.test_sign_up:test_sign_up.py:119 Clicked on Login button
INFO     tests.test_signup_login.test_sign_up:test_sign_up.py:122 Entered Organization name
INFO     tests.test_signup_login.test_sign_up:test_sign_up.py:124 Clicked on the enter manually check box
INFO     tests.test_signup_login.test_sign_up:test_sign_up.py:126 Entered the Address line 1
INFO     tests.test_signup_login.test_sign_up:test_sign_up.py:128 Country selected
INFO     tests.test_signup_login.test_sign_up:test_sign_up.py:130 State selected
INFO     tests.test_signup_login.test_sign_up:test_sign_up.py:132 Entered City
INFO     tests.test_signup_login.test_sign_up:test_sign_up.py:134 Entered Zip
INFO     tests.test_signup_login.test_sign_up:test_sign_up.py:136 click on next button
INFO     tests.test_signup_login.test_sign_up:test_sign_up.py:139 Americano plan selected
INFO     tests.test_signup_login.test_sign_up:test_sign_up.py:141 click on next button
INFO     tests.test_signup_login.test_sign_up:test_sign_up.py:143 click on proceed button
INFO     tests.test_signup_login.test_sign_up:test_sign_up.py:146 Closed Ads popup
INFO     tests.test_signup_login.test_sign_up:test_sign_up.py:149 Asserted the displayed and given organization name
--------------------------- Captured stderr teardown ---------------------------
2026-02-03 15:00:24,298 - INFO - Closing browser
---------------------------- Captured log teardown -----------------------------
INFO     tests.test_signup_login.conftest:conftest.py:145 Closing browser
- Generated html report: file:///home/runner/work/Mocha_accounting/Mocha_accounting/C%3A%5CUsers%5CTaurus13%5CPycharmProjects%5CPythonProject%5Creports/20260203_145850/report.html -
=================== 1 passed, 2 warnings in 94.47s (0:01:34) ===================
=== NON INDIA REGISTRATION TEST COMPLETED ===
Exit Code: 0
