=== REGISTRATION TESTS STARTED: 2026-02-04 04:55:12 ===
============================= test session starts ==============================
platform linux -- Python 3.13.11, pytest-8.3.5, pluggy-1.6.0 -- /opt/hostedtoolcache/Python/3.13.11/x64/bin/python
cachedir: .pytest_cache
metadata: {'Python': '3.13.11', 'Platform': 'Linux-6.11.0-1018-azure-x86_64-with-glibc2.39', 'Packages': {'pytest': '8.3.5', 'pluggy': '1.6.0'}, 'Plugins': {'rerunfailures': '16.1', 'Faker': '40.1.2', 'xdist': '3.8.0', 'html': '4.2.0', 'metadata': '3.1.1'}, 'CI': 'true', 'JAVA_HOME': '/usr/lib/jvm/temurin-17-jdk-amd64'}
rootdir: /home/runner/work/Mocha_accounting/Mocha_accounting
plugins: rerunfailures-16.1, Faker-40.1.2, xdist-3.8.0, html-4.2.0, metadata-3.1.1
collecting ... collected 1 item

tests/test_signup_login/test_sign_up.py::test_ete_registration_india PASSED [100%]

=============================== warnings summary ===============================
tests/test_signup_login/test_sign_up.py:14
  /home/runner/work/Mocha_accounting/Mocha_accounting/tests/test_signup_login/test_sign_up.py:14: PytestUnknownMarkWarning: Unknown pytest.mark.is_registration - is this a typo?  You can register custom marks to avoid this warning - for details, see https://docs.pytest.org/en/stable/how-to/mark.html
    @pytest.mark.is_registration

tests/test_signup_login/test_sign_up.py:79
  /home/runner/work/Mocha_accounting/Mocha_accounting/tests/test_signup_login/test_sign_up.py:79: PytestUnknownMarkWarning: Unknown pytest.mark.is_registration - is this a typo?  You can register custom marks to avoid this warning - for details, see https://docs.pytest.org/en/stable/how-to/mark.html
    @pytest.mark.is_registration

-- Docs: https://docs.pytest.org/en/stable/how-to/capture-warnings.html
==================================== PASSES ====================================
_________________________ test_ete_registration_india __________________________
---------------------------- Captured stderr setup -----------------------------
2026-02-04 04:55:13,796 - INFO - Starting test with Chrome browser
2026-02-04 04:55:13,797 - INFO - ====== WebDriver manager ======
2026-02-04 04:55:13,866 - INFO - Get LATEST chromedriver version for google-chrome
2026-02-04 04:55:13,912 - INFO - Get LATEST chromedriver version for google-chrome
2026-02-04 04:55:13,964 - INFO - Driver [/home/runner/.wdm/drivers/chromedriver/linux64/144.0.7559.133/chromedriver-linux64/chromedriver] found in cache
2026-02-04 04:55:17,370 - INFO - Navigated to: https://mochaaccounting.com/
------------------------------ Captured log setup ------------------------------
INFO     tests.test_signup_login.conftest:conftest.py:78 Starting test with Chrome browser
INFO     WDM:logger.py:11 ====== WebDriver manager ======
INFO     WDM:logger.py:11 Get LATEST chromedriver version for google-chrome
INFO     WDM:logger.py:11 Get LATEST chromedriver version for google-chrome
INFO     WDM:logger.py:11 Driver [/home/runner/.wdm/drivers/chromedriver/linux64/144.0.7559.133/chromedriver-linux64/chromedriver] found in cache
INFO     tests.test_signup_login.conftest:conftest.py:135 Navigated to: https://mochaaccounting.com/
----------------------------- Captured stdout call -----------------------------
Password@123
Displayed Organization: Automation Test_20260204_045556 pvt. ltd.
----------------------------- Captured stderr call -----------------------------
2026-02-04 04:55:20,099 - INFO - Clicked on Sign-up for free button
2026-02-04 04:55:20,254 - INFO - Entered First Name: Automation_FN_20260204_045520
2026-02-04 04:55:22,255 - INFO - Entered the first name
2026-02-04 04:55:22,399 - INFO - Entered Last Name: Tester_LN_20260204_045522
2026-02-04 04:55:24,399 - INFO - Entered the last name
2026-02-04 04:55:26,551 - INFO - Entered the email: mochaautotest+20260204_045524@gmail.com
2026-02-04 04:55:27,288 - INFO - Selected country for phone number
2026-02-04 04:55:27,383 - INFO - Entered phone number
2026-02-04 04:55:27,462 - INFO - Agreed to policy checkbox checked
2026-02-04 04:55:27,548 - INFO - Clicked on Sign-up button
2026-02-04 04:55:37,650 - INFO - file_cache is only supported with oauth2client<4.0.0
2026-02-04 04:55:37,651 - INFO - Fetching OTP with up to 5 retries (every 10s)...
2026-02-04 04:55:38,093 - INFO -  Extracted OTP: 968748
2026-02-04 04:55:40,493 - INFO - Using OTP: 968748
2026-02-04 04:55:40,658 - INFO - OTP submitted successfully.
2026-02-04 04:55:42,658 - INFO - Entered Otp
2026-02-04 04:55:44,859 - INFO - Password and Confirm Password entered successfully.
2026-02-04 04:55:44,860 - INFO - Set the password
2026-02-04 04:55:44,945 - INFO - click on next button
2026-02-04 04:55:50,058 - INFO - Entered email-id
2026-02-04 04:55:51,166 - INFO - Entered password
2026-02-04 04:55:51,263 - INFO - Clicked on Login button
2026-02-04 04:55:56,413 - INFO - Entered Organization name
2026-02-04 04:56:01,149 - INFO - Entered Organization address
2026-02-04 04:56:01,246 - INFO - click on next button
2026-02-04 04:56:06,332 - INFO - click on start for free button
2026-02-04 04:56:08,413 - INFO - click on next button
2026-02-04 04:56:08,487 - INFO - click on proceed button
2026-02-04 04:56:28,570 - INFO - Closed Ads popup
2026-02-04 04:56:38,596 - INFO - Asserted the displayed and given organization name
------------------------------ Captured log call -------------------------------
INFO     tests.test_signup_login.test_sign_up:test_sign_up.py:21 Clicked on Sign-up for free button
INFO     root:registration.py:107 Entered First Name: Automation_FN_20260204_045520
INFO     tests.test_signup_login.test_sign_up:test_sign_up.py:23 Entered the first name
INFO     root:registration.py:115 Entered Last Name: Tester_LN_20260204_045522
INFO     tests.test_signup_login.test_sign_up:test_sign_up.py:25 Entered the last name
INFO     tests.test_signup_login.test_sign_up:test_sign_up.py:27 Entered the email: mochaautotest+20260204_045524@gmail.com
INFO     tests.test_signup_login.test_sign_up:test_sign_up.py:29 Selected country for phone number
INFO     tests.test_signup_login.test_sign_up:test_sign_up.py:31 Entered phone number
INFO     tests.test_signup_login.test_sign_up:test_sign_up.py:33 Agreed to policy checkbox checked
INFO     tests.test_signup_login.test_sign_up:test_sign_up.py:35 Clicked on Sign-up button
INFO     googleapiclient.discovery_cache:__init__.py:49 file_cache is only supported with oauth2client<4.0.0
INFO     root:get_mail_otp.py:99 Fetching OTP with up to 5 retries (every 10s)...
INFO     root:get_mail_otp.py:80  Extracted OTP: 968748
INFO     root:registration.py:157 Using OTP: 968748
INFO     root:registration.py:162 OTP submitted successfully.
INFO     tests.test_signup_login.test_sign_up:test_sign_up.py:41 Entered Otp
INFO     root:registration.py:179 Password and Confirm Password entered successfully.
INFO     tests.test_signup_login.test_sign_up:test_sign_up.py:45 Set the password
INFO     tests.test_signup_login.test_sign_up:test_sign_up.py:47 click on next button
INFO     tests.test_signup_login.test_sign_up:test_sign_up.py:50 Entered email-id
INFO     tests.test_signup_login.test_sign_up:test_sign_up.py:52 Entered password
INFO     tests.test_signup_login.test_sign_up:test_sign_up.py:54 Clicked on Login button
INFO     tests.test_signup_login.test_sign_up:test_sign_up.py:57 Entered Organization name
INFO     tests.test_signup_login.test_sign_up:test_sign_up.py:59 Entered Organization address
INFO     tests.test_signup_login.test_sign_up:test_sign_up.py:61 click on next button
INFO     tests.test_signup_login.test_sign_up:test_sign_up.py:64 click on start for free button
INFO     tests.test_signup_login.test_sign_up:test_sign_up.py:66 click on next button
INFO     tests.test_signup_login.test_sign_up:test_sign_up.py:68 click on proceed button
INFO     tests.test_signup_login.test_sign_up:test_sign_up.py:71 Closed Ads popup
INFO     tests.test_signup_login.test_sign_up:test_sign_up.py:74 Asserted the displayed and given organization name
--------------------------- Captured stderr teardown ---------------------------
2026-02-04 04:56:38,596 - INFO - Closing browser
---------------------------- Captured log teardown -----------------------------
INFO     tests.test_signup_login.conftest:conftest.py:145 Closing browser
- Generated html report: file:///home/runner/work/Mocha_accounting/Mocha_accounting/C%3A%5CUsers%5CTaurus13%5CPycharmProjects%5CPythonProject%5Creports/20260204_045513/report.html -
=================== 1 passed, 2 warnings in 85.55s (0:01:25) ===================
=== REGISTRATION TESTS COMPLETED ===
Exit Code: 0
=== NON INDIA REGISTRATION TEST STARTED: 2026-02-04 04:56:38 ===
============================= test session starts ==============================
platform linux -- Python 3.13.11, pytest-8.3.5, pluggy-1.6.0 -- /opt/hostedtoolcache/Python/3.13.11/x64/bin/python
cachedir: .pytest_cache
metadata: {'Python': '3.13.11', 'Platform': 'Linux-6.11.0-1018-azure-x86_64-with-glibc2.39', 'Packages': {'pytest': '8.3.5', 'pluggy': '1.6.0'}, 'Plugins': {'rerunfailures': '16.1', 'Faker': '40.1.2', 'xdist': '3.8.0', 'html': '4.2.0', 'metadata': '3.1.1'}, 'CI': 'true', 'JAVA_HOME': '/usr/lib/jvm/temurin-17-jdk-amd64'}
rootdir: /home/runner/work/Mocha_accounting/Mocha_accounting
plugins: rerunfailures-16.1, Faker-40.1.2, xdist-3.8.0, html-4.2.0, metadata-3.1.1
collecting ... collected 1 item

tests/test_signup_login/test_sign_up.py::test_ete_registration_non_india PASSED [100%]

=============================== warnings summary ===============================
tests/test_signup_login/test_sign_up.py:14
  /home/runner/work/Mocha_accounting/Mocha_accounting/tests/test_signup_login/test_sign_up.py:14: PytestUnknownMarkWarning: Unknown pytest.mark.is_registration - is this a typo?  You can register custom marks to avoid this warning - for details, see https://docs.pytest.org/en/stable/how-to/mark.html
    @pytest.mark.is_registration

tests/test_signup_login/test_sign_up.py:79
  /home/runner/work/Mocha_accounting/Mocha_accounting/tests/test_signup_login/test_sign_up.py:79: PytestUnknownMarkWarning: Unknown pytest.mark.is_registration - is this a typo?  You can register custom marks to avoid this warning - for details, see https://docs.pytest.org/en/stable/how-to/mark.html
    @pytest.mark.is_registration

-- Docs: https://docs.pytest.org/en/stable/how-to/capture-warnings.html
==================================== PASSES ====================================
_______________________ test_ete_registration_non_india ________________________
---------------------------- Captured stderr setup -----------------------------
2026-02-04 04:56:39,781 - INFO - Starting test with Chrome browser
2026-02-04 04:56:39,782 - INFO - ====== WebDriver manager ======
2026-02-04 04:56:39,848 - INFO - Get LATEST chromedriver version for google-chrome
2026-02-04 04:56:39,895 - INFO - Get LATEST chromedriver version for google-chrome
2026-02-04 04:56:39,940 - INFO - Driver [/home/runner/.wdm/drivers/chromedriver/linux64/144.0.7559.133/chromedriver-linux64/chromedriver] found in cache
2026-02-04 04:56:43,243 - INFO - Navigated to: https://mochaaccounting.com/
------------------------------ Captured log setup ------------------------------
INFO     tests.test_signup_login.conftest:conftest.py:78 Starting test with Chrome browser
INFO     WDM:logger.py:11 ====== WebDriver manager ======
INFO     WDM:logger.py:11 Get LATEST chromedriver version for google-chrome
INFO     WDM:logger.py:11 Get LATEST chromedriver version for google-chrome
INFO     WDM:logger.py:11 Driver [/home/runner/.wdm/drivers/chromedriver/linux64/144.0.7559.133/chromedriver-linux64/chromedriver] found in cache
INFO     tests.test_signup_login.conftest:conftest.py:135 Navigated to: https://mochaaccounting.com/
----------------------------- Captured stdout call -----------------------------
Password@123
Displayed Organization: Automation Test_20260204_045722 pvt. ltd.
----------------------------- Captured stderr call -----------------------------
2026-02-04 04:56:46,019 - INFO - Clicked on Sign-up for free button
2026-02-04 04:56:46,177 - INFO - Entered First Name: Automation_FN_20260204_045646
2026-02-04 04:56:48,178 - INFO - Entered the first name
2026-02-04 04:56:48,329 - INFO - Entered Last Name: Tester_LN_20260204_045648
2026-02-04 04:56:50,329 - INFO - Entered the last name
2026-02-04 04:56:52,481 - INFO - Entered the email: mochaautotest+20260204_045650@gmail.com
2026-02-04 04:56:53,883 - INFO - Selected country for phone number
2026-02-04 04:56:53,983 - INFO - Entered phone number
2026-02-04 04:56:54,062 - INFO - Agreed to policy checkbox checked
2026-02-04 04:56:54,152 - INFO - Clicked on Sign-up button
2026-02-04 04:57:04,154 - INFO - file_cache is only supported with oauth2client<4.0.0
2026-02-04 04:57:04,155 - INFO - Fetching OTP with up to 5 retries (every 10s)...
2026-02-04 04:57:04,593 - INFO -  Extracted OTP: 540276
2026-02-04 04:57:06,984 - INFO - Using OTP: 540276
2026-02-04 04:57:07,134 - INFO - OTP submitted successfully.
2026-02-04 04:57:09,135 - INFO - Entered Otp
2026-02-04 04:57:11,340 - INFO - Password and Confirm Password entered successfully.
2026-02-04 04:57:11,341 - INFO - Set the password
2026-02-04 04:57:11,438 - INFO - click on next button
2026-02-04 04:57:16,552 - INFO - Entered email-id
2026-02-04 04:57:17,622 - INFO - Entered password
2026-02-04 04:57:17,700 - INFO - Clicked on Login button
2026-02-04 04:57:22,853 - INFO - Entered Organization name
2026-02-04 04:57:24,944 - INFO - Clicked on the enter manually check box
2026-02-04 04:57:25,102 - INFO - Entered the Address line 1
2026-02-04 04:57:28,514 - INFO - Country selected
2026-02-04 04:57:30,868 - INFO - State selected
2026-02-04 04:57:30,953 - INFO - Entered City
2026-02-04 04:57:31,025 - INFO - Entered Zip
2026-02-04 04:57:31,117 - INFO - click on next button
2026-02-04 04:57:36,200 - INFO - Americano plan selected
2026-02-04 04:57:38,282 - INFO - click on next button
2026-02-04 04:57:38,360 - INFO - click on proceed button
2026-02-04 04:57:58,465 - INFO - Closed Ads popup
2026-02-04 04:58:08,490 - INFO - Asserted the displayed and given organization name
------------------------------ Captured log call -------------------------------
INFO     tests.test_signup_login.test_sign_up:test_sign_up.py:86 Clicked on Sign-up for free button
INFO     root:registration.py:107 Entered First Name: Automation_FN_20260204_045646
INFO     tests.test_signup_login.test_sign_up:test_sign_up.py:88 Entered the first name
INFO     root:registration.py:115 Entered Last Name: Tester_LN_20260204_045648
INFO     tests.test_signup_login.test_sign_up:test_sign_up.py:90 Entered the last name
INFO     tests.test_signup_login.test_sign_up:test_sign_up.py:92 Entered the email: mochaautotest+20260204_045650@gmail.com
INFO     tests.test_signup_login.test_sign_up:test_sign_up.py:94 Selected country for phone number
INFO     tests.test_signup_login.test_sign_up:test_sign_up.py:96 Entered phone number
INFO     tests.test_signup_login.test_sign_up:test_sign_up.py:98 Agreed to policy checkbox checked
INFO     tests.test_signup_login.test_sign_up:test_sign_up.py:100 Clicked on Sign-up button
INFO     googleapiclient.discovery_cache:__init__.py:49 file_cache is only supported with oauth2client<4.0.0
INFO     root:get_mail_otp.py:99 Fetching OTP with up to 5 retries (every 10s)...
INFO     root:get_mail_otp.py:80  Extracted OTP: 540276
INFO     root:registration.py:157 Using OTP: 540276
INFO     root:registration.py:162 OTP submitted successfully.
INFO     tests.test_signup_login.test_sign_up:test_sign_up.py:106 Entered Otp
INFO     root:registration.py:179 Password and Confirm Password entered successfully.
INFO     tests.test_signup_login.test_sign_up:test_sign_up.py:110 Set the password
INFO     tests.test_signup_login.test_sign_up:test_sign_up.py:112 click on next button
INFO     tests.test_signup_login.test_sign_up:test_sign_up.py:115 Entered email-id
INFO     tests.test_signup_login.test_sign_up:test_sign_up.py:117 Entered password
INFO     tests.test_signup_login.test_sign_up:test_sign_up.py:119 Clicked on Login button
INFO     tests.test_signup_login.test_sign_up:test_sign_up.py:122 Entered Organization name
INFO     tests.test_signup_login.test_sign_up:test_sign_up.py:124 Clicked on the enter manually check box
INFO     tests.test_signup_login.test_sign_up:test_sign_up.py:126 Entered the Address line 1
INFO     tests.test_signup_login.test_sign_up:test_sign_up.py:128 Country selected
INFO     tests.test_signup_login.test_sign_up:test_sign_up.py:130 State selected
INFO     tests.test_signup_login.test_sign_up:test_sign_up.py:132 Entered City
INFO     tests.test_signup_login.test_sign_up:test_sign_up.py:134 Entered Zip
INFO     tests.test_signup_login.test_sign_up:test_sign_up.py:136 click on next button
INFO     tests.test_signup_login.test_sign_up:test_sign_up.py:139 Americano plan selected
INFO     tests.test_signup_login.test_sign_up:test_sign_up.py:141 click on next button
INFO     tests.test_signup_login.test_sign_up:test_sign_up.py:143 click on proceed button
INFO     tests.test_signup_login.test_sign_up:test_sign_up.py:146 Closed Ads popup
INFO     tests.test_signup_login.test_sign_up:test_sign_up.py:149 Asserted the displayed and given organization name
--------------------------- Captured stderr teardown ---------------------------
2026-02-04 04:58:08,491 - INFO - Closing browser
---------------------------- Captured log teardown -----------------------------
INFO     tests.test_signup_login.conftest:conftest.py:145 Closing browser
- Generated html report: file:///home/runner/work/Mocha_accounting/Mocha_accounting/C%3A%5CUsers%5CTaurus13%5CPycharmProjects%5CPythonProject%5Creports/20260204_045639/report.html -
=================== 1 passed, 2 warnings in 89.30s (0:01:29) ===================
=== NON INDIA REGISTRATION TEST COMPLETED ===
Exit Code: 0
=== REGISTRATION TESTS STARTED: 2026-02-04 14:43:11 ===
============================= test session starts ==============================
platform linux -- Python 3.13.11, pytest-8.3.5, pluggy-1.6.0 -- /opt/hostedtoolcache/Python/3.13.11/x64/bin/python
cachedir: .pytest_cache
metadata: {'Python': '3.13.11', 'Platform': 'Linux-6.11.0-1018-azure-x86_64-with-glibc2.39', 'Packages': {'pytest': '8.3.5', 'pluggy': '1.6.0'}, 'Plugins': {'rerunfailures': '16.1', 'Faker': '40.1.2', 'xdist': '3.8.0', 'html': '4.2.0', 'metadata': '3.1.1'}, 'CI': 'true', 'JAVA_HOME': '/usr/lib/jvm/temurin-17-jdk-amd64'}
rootdir: /home/runner/work/Mocha_accounting/Mocha_accounting
plugins: rerunfailures-16.1, Faker-40.1.2, xdist-3.8.0, html-4.2.0, metadata-3.1.1
collecting ... collected 1 item

tests/test_signup_login/test_sign_up.py::test_ete_registration_india FAILED [100%]

=================================== FAILURES ===================================
_________________________ test_ete_registration_india __________________________

sign_login_setup = <selenium.webdriver.chrome.webdriver.WebDriver (session="31093e8ab9c395416b70820fa0dbb795")>
registration_test_data = {'organization_address_city': 'Tampa', 'organization_address_country': 'United States', 'organization_address_india': 'INOX: Insignia At Epicuria', 'organization_address_nonindia': '1105 West Woodlawn Avenue Tampa, FLA, USA', ...}

    @pytest.mark.is_registration
    def test_ete_registration_india(sign_login_setup, registration_test_data):
        driver = sign_login_setup
        registration = Registration(driver)
        login = LoginPage(driver)
        time.sleep(2)
>       registration.registration_signup_sign_up_btn()

tests/test_signup_login/test_sign_up.py:20: 
_ _ _ _ _ _ _ _ _ _ _ _ _ _ _ _ _ _ _ _ _ _ _ _ _ _ _ _ _ _ _ _ _ _ _ _ _ _ _ _ 

self = <pages.registration.Registration object at 0x7fd3ca584ad0>

    def registration_signup_sign_up_btn(self):
>       WebDriverWait(self.driver, 10).until(
            EC.element_to_be_clickable(self.registration_sign_up_btn)
        ).click()

pages/registration.py:98: 
_ _ _ _ _ _ _ _ _ _ _ _ _ _ _ _ _ _ _ _ _ _ _ _ _ _ _ _ _ _ _ _ _ _ _ _ _ _ _ _ 

self = <selenium.webdriver.support.wait.WebDriverWait (session="31093e8ab9c395416b70820fa0dbb795")>
method = <function element_to_be_clickable.<locals>._predicate at 0x7fd3ca5fa0c0>
message = ''

    def until(self, method: Callable[[D], Union[Literal[False], T]], message: str = "") -> T:
        """Wait until the method returns a value that is not False.
    
        Calls the method provided with the driver as an argument until the
        return value does not evaluate to ``False``.
    
        Parameters:
        ----------
        method: callable(WebDriver)
            - A callable object that takes a WebDriver instance as an argument.
    
        message: str
            - Optional message for :exc:`TimeoutException`
    
        Return:
        -------
        object: T
            - The result of the last call to `method`
    
        Raises:
        -------
        TimeoutException
            - If 'method' does not return a truthy value within the WebDriverWait
            object's timeout
    
        Example:
        --------
        >>> from selenium.webdriver.common.by import By
        >>> from selenium.webdriver.support.ui import WebDriverWait
        >>> from selenium.webdriver.support import expected_conditions as EC
    
        # Wait until an element is visible on the page
        >>> wait = WebDriverWait(driver, 10)
        >>> element = wait.until(EC.visibility_of_element_located((By.ID, "exampleId")))
        >>> print(element.text)
        """
        screen = None
        stacktrace = None
    
        end_time = time.monotonic() + self._timeout
        while True:
            try:
                value = method(self._driver)
                if value:
                    return value
            except self._ignored_exceptions as exc:
                screen = getattr(exc, "screen", None)
                stacktrace = getattr(exc, "stacktrace", None)
            if time.monotonic() > end_time:
                break
            time.sleep(self._poll)
>       raise TimeoutException(message, screen, stacktrace)
E       selenium.common.exceptions.TimeoutException: Message:

/opt/hostedtoolcache/Python/3.13.11/x64/lib/python3.13/site-packages/selenium/webdriver/support/wait.py:146: TimeoutException
---------------------------- Captured stderr setup -----------------------------
2026-02-04 14:43:12,342 - INFO - Starting test with Chrome browser
2026-02-04 14:43:12,343 - INFO - ====== WebDriver manager ======
2026-02-04 14:43:12,407 - INFO - Get LATEST chromedriver version for google-chrome
2026-02-04 14:43:12,456 - INFO - Get LATEST chromedriver version for google-chrome
2026-02-04 14:43:12,500 - INFO - Driver [/home/runner/.wdm/drivers/chromedriver/linux64/144.0.7559.133/chromedriver-linux64/chromedriver] found in cache
2026-02-04 14:43:15,070 - INFO - Navigated to: https://mochaaccounting.com/
------------------------------ Captured log setup ------------------------------
INFO     tests.test_signup_login.conftest:conftest.py:78 Starting test with Chrome browser
INFO     WDM:logger.py:11 ====== WebDriver manager ======
INFO     WDM:logger.py:11 Get LATEST chromedriver version for google-chrome
INFO     WDM:logger.py:11 Get LATEST chromedriver version for google-chrome
INFO     WDM:logger.py:11 Driver [/home/runner/.wdm/drivers/chromedriver/linux64/144.0.7559.133/chromedriver-linux64/chromedriver] found in cache
INFO     tests.test_signup_login.conftest:conftest.py:135 Navigated to: https://mochaaccounting.com/
--------------------------- Captured stderr teardown ---------------------------
2026-02-04 14:43:27,348 - INFO - Closing browser
---------------------------- Captured log teardown -----------------------------
INFO     tests.test_signup_login.conftest:conftest.py:145 Closing browser
=============================== warnings summary ===============================
tests/test_signup_login/test_sign_up.py:14
  /home/runner/work/Mocha_accounting/Mocha_accounting/tests/test_signup_login/test_sign_up.py:14: PytestUnknownMarkWarning: Unknown pytest.mark.is_registration - is this a typo?  You can register custom marks to avoid this warning - for details, see https://docs.pytest.org/en/stable/how-to/mark.html
    @pytest.mark.is_registration

tests/test_signup_login/test_sign_up.py:79
  /home/runner/work/Mocha_accounting/Mocha_accounting/tests/test_signup_login/test_sign_up.py:79: PytestUnknownMarkWarning: Unknown pytest.mark.is_registration - is this a typo?  You can register custom marks to avoid this warning - for details, see https://docs.pytest.org/en/stable/how-to/mark.html
    @pytest.mark.is_registration

-- Docs: https://docs.pytest.org/en/stable/how-to/capture-warnings.html
- Generated html report: file:///home/runner/work/Mocha_accounting/Mocha_accounting/C%3A%5CUsers%5CTaurus13%5CPycharmProjects%5CPythonProject%5Creports/20260204_144311/report.html -
======================== 1 failed, 2 warnings in 15.71s ========================
=== REGISTRATION TESTS COMPLETED ===
Exit Code: 1
=== NON INDIA REGISTRATION TEST STARTED: 2026-02-04 14:43:27 ===
============================= test session starts ==============================
platform linux -- Python 3.13.11, pytest-8.3.5, pluggy-1.6.0 -- /opt/hostedtoolcache/Python/3.13.11/x64/bin/python
cachedir: .pytest_cache
metadata: {'Python': '3.13.11', 'Platform': 'Linux-6.11.0-1018-azure-x86_64-with-glibc2.39', 'Packages': {'pytest': '8.3.5', 'pluggy': '1.6.0'}, 'Plugins': {'rerunfailures': '16.1', 'Faker': '40.1.2', 'xdist': '3.8.0', 'html': '4.2.0', 'metadata': '3.1.1'}, 'CI': 'true', 'JAVA_HOME': '/usr/lib/jvm/temurin-17-jdk-amd64'}
rootdir: /home/runner/work/Mocha_accounting/Mocha_accounting
plugins: rerunfailures-16.1, Faker-40.1.2, xdist-3.8.0, html-4.2.0, metadata-3.1.1
collecting ... collected 1 item

tests/test_signup_login/test_sign_up.py::test_ete_registration_non_india FAILED [100%]

=================================== FAILURES ===================================
_______________________ test_ete_registration_non_india ________________________

sign_login_setup = <selenium.webdriver.chrome.webdriver.WebDriver (session="7de0cc0e7d99ac9b1b34ad4e84f86791")>
registration_test_data = {'organization_address_city': 'Tampa', 'organization_address_country': 'United States', 'organization_address_india': 'INOX: Insignia At Epicuria', 'organization_address_nonindia': '1105 West Woodlawn Avenue Tampa, FLA, USA', ...}

    @pytest.mark.is_registration
    def test_ete_registration_non_india(sign_login_setup, registration_test_data):
        driver = sign_login_setup
        registration = Registration(driver)
        login = LoginPage(driver)
        time.sleep(2)
>       registration.registration_signup_sign_up_btn()

tests/test_signup_login/test_sign_up.py:85: 
_ _ _ _ _ _ _ _ _ _ _ _ _ _ _ _ _ _ _ _ _ _ _ _ _ _ _ _ _ _ _ _ _ _ _ _ _ _ _ _ 

self = <pages.registration.Registration object at 0x7f889cf47230>

    def registration_signup_sign_up_btn(self):
>       WebDriverWait(self.driver, 10).until(
            EC.element_to_be_clickable(self.registration_sign_up_btn)
        ).click()

pages/registration.py:98: 
_ _ _ _ _ _ _ _ _ _ _ _ _ _ _ _ _ _ _ _ _ _ _ _ _ _ _ _ _ _ _ _ _ _ _ _ _ _ _ _ 

self = <selenium.webdriver.support.wait.WebDriverWait (session="7de0cc0e7d99ac9b1b34ad4e84f86791")>
method = <function element_to_be_clickable.<locals>._predicate at 0x7f889a4ab6a0>
message = ''

    def until(self, method: Callable[[D], Union[Literal[False], T]], message: str = "") -> T:
        """Wait until the method returns a value that is not False.
    
        Calls the method provided with the driver as an argument until the
        return value does not evaluate to ``False``.
    
        Parameters:
        ----------
        method: callable(WebDriver)
            - A callable object that takes a WebDriver instance as an argument.
    
        message: str
            - Optional message for :exc:`TimeoutException`
    
        Return:
        -------
        object: T
            - The result of the last call to `method`
    
        Raises:
        -------
        TimeoutException
            - If 'method' does not return a truthy value within the WebDriverWait
            object's timeout
    
        Example:
        --------
        >>> from selenium.webdriver.common.by import By
        >>> from selenium.webdriver.support.ui import WebDriverWait
        >>> from selenium.webdriver.support import expected_conditions as EC
    
        # Wait until an element is visible on the page
        >>> wait = WebDriverWait(driver, 10)
        >>> element = wait.until(EC.visibility_of_element_located((By.ID, "exampleId")))
        >>> print(element.text)
        """
        screen = None
        stacktrace = None
    
        end_time = time.monotonic() + self._timeout
        while True:
            try:
                value = method(self._driver)
                if value:
                    return value
            except self._ignored_exceptions as exc:
                screen = getattr(exc, "screen", None)
                stacktrace = getattr(exc, "stacktrace", None)
            if time.monotonic() > end_time:
                break
            time.sleep(self._poll)
>       raise TimeoutException(message, screen, stacktrace)
E       selenium.common.exceptions.TimeoutException: Message:

/opt/hostedtoolcache/Python/3.13.11/x64/lib/python3.13/site-packages/selenium/webdriver/support/wait.py:146: TimeoutException
---------------------------- Captured stderr setup -----------------------------
2026-02-04 14:43:28,489 - INFO - Starting test with Chrome browser
2026-02-04 14:43:28,489 - INFO - ====== WebDriver manager ======
2026-02-04 14:43:28,555 - INFO - Get LATEST chromedriver version for google-chrome
2026-02-04 14:43:28,601 - INFO - Get LATEST chromedriver version for google-chrome
2026-02-04 14:43:28,646 - INFO - Driver [/home/runner/.wdm/drivers/chromedriver/linux64/144.0.7559.133/chromedriver-linux64/chromedriver] found in cache
2026-02-04 14:43:31,759 - INFO - Navigated to: https://mochaaccounting.com/
------------------------------ Captured log setup ------------------------------
INFO     tests.test_signup_login.conftest:conftest.py:78 Starting test with Chrome browser
INFO     WDM:logger.py:11 ====== WebDriver manager ======
INFO     WDM:logger.py:11 Get LATEST chromedriver version for google-chrome
INFO     WDM:logger.py:11 Get LATEST chromedriver version for google-chrome
INFO     WDM:logger.py:11 Driver [/home/runner/.wdm/drivers/chromedriver/linux64/144.0.7559.133/chromedriver-linux64/chromedriver] found in cache
INFO     tests.test_signup_login.conftest:conftest.py:135 Navigated to: https://mochaaccounting.com/
--------------------------- Captured stderr teardown ---------------------------
2026-02-04 14:43:44,034 - INFO - Closing browser
---------------------------- Captured log teardown -----------------------------
INFO     tests.test_signup_login.conftest:conftest.py:145 Closing browser
=============================== warnings summary ===============================
tests/test_signup_login/test_sign_up.py:14
  /home/runner/work/Mocha_accounting/Mocha_accounting/tests/test_signup_login/test_sign_up.py:14: PytestUnknownMarkWarning: Unknown pytest.mark.is_registration - is this a typo?  You can register custom marks to avoid this warning - for details, see https://docs.pytest.org/en/stable/how-to/mark.html
    @pytest.mark.is_registration

tests/test_signup_login/test_sign_up.py:79
  /home/runner/work/Mocha_accounting/Mocha_accounting/tests/test_signup_login/test_sign_up.py:79: PytestUnknownMarkWarning: Unknown pytest.mark.is_registration - is this a typo?  You can register custom marks to avoid this warning - for details, see https://docs.pytest.org/en/stable/how-to/mark.html
    @pytest.mark.is_registration

-- Docs: https://docs.pytest.org/en/stable/how-to/capture-warnings.html
- Generated html report: file:///home/runner/work/Mocha_accounting/Mocha_accounting/C%3A%5CUsers%5CTaurus13%5CPycharmProjects%5CPythonProject%5Creports/20260204_144328/report.html -
======================== 1 failed, 2 warnings in 16.09s ========================
=== NON INDIA REGISTRATION TEST COMPLETED ===
Exit Code: 1
