=== REGISTRATION TESTS STARTED: 2026-02-02 05:12:34 ===
============================= test session starts ==============================
platform linux -- Python 3.13.11, pytest-8.3.5, pluggy-1.6.0 -- /opt/hostedtoolcache/Python/3.13.11/x64/bin/python
cachedir: .pytest_cache
metadata: {'Python': '3.13.11', 'Platform': 'Linux-6.11.0-1018-azure-x86_64-with-glibc2.39', 'Packages': {'pytest': '8.3.5', 'pluggy': '1.6.0'}, 'Plugins': {'rerunfailures': '16.1', 'Faker': '40.1.2', 'xdist': '3.8.0', 'html': '4.2.0', 'metadata': '3.1.1'}, 'CI': 'true', 'JAVA_HOME': '/usr/lib/jvm/temurin-17-jdk-amd64'}
rootdir: /home/runner/work/Mocha_accounting/Mocha_accounting
plugins: rerunfailures-16.1, Faker-40.1.2, xdist-3.8.0, html-4.2.0, metadata-3.1.1
collecting ... collected 2 items

tests/test_signup_login/test_sign_up.py::test_ete_registration_india PASSED [ 50%]
tests/test_signup_login/test_sign_up.py::test_ete_registration_non_india FAILED [100%]

=================================== FAILURES ===================================
_______________________ test_ete_registration_non_india ________________________

sign_login_setup = <selenium.webdriver.chrome.webdriver.WebDriver (session="c472b66d390166a62d5b829b99348c70")>
registration_test_data = {'organization_address': 'INOX: Insignia At Epicuria', 'organization_address_city': 'Jacksonville', 'organization_address_country': 'United States', 'organization_address_india': 'INOX: Insignia At Epicuria', ...}

    @pytest.mark.is_registration
    def test_ete_registration_non_india(sign_login_setup, registration_test_data):
        driver = sign_login_setup
        registration = Registration(driver)
        login = LoginPage(driver)
        time.sleep(2)
        registration.registration_signup_sign_up_btn()
        logger.info("Clicked on Sign-up for free button")
        registration.registration_signup_first_name(registration_test_data)
        logger.info("Entered the first name")
        registration.registration_signup_last_name(registration_test_data)
        logger.info("Entered the last name")
        unique_email_id = registration.registration_signup_email(registration_test_data)
        logger.info(f"Entered the email: {unique_email_id}")
        registration.registration_signup_phone_number_country_non_india(registration_test_data)
        logger.info("Selected country for phone number")
        registration.registration_signup_phone_number_non_india(registration_test_data)
        logger.info("Entered phone number")
        registration.registration_signup_agreed_to_policy_chkbx(registration_test_data)
        logger.info("Agreed to policy checkbox checked")
        registration.registration_signup_submit_btn(registration_test_data)
        logger.info("Clicked on Sign-up button")
        time.sleep(5)
        # Fetch OTP using the unique email
        otp = get_latest_otp_email()
        time.sleep(2)
        registration.registration_enter_otp(otp)
        logger.info("Entered Otp")
        time.sleep(2)
        #registration.registration_enter_password_new(registration_test_data)
>       registration.registration_enter_password(registration_test_data)

tests/test_signup_login/test_sign_up.py:109: 
_ _ _ _ _ _ _ _ _ _ _ _ _ _ _ _ _ _ _ _ _ _ _ _ _ _ _ _ _ _ _ _ _ _ _ _ _ _ _ _ 

self = <pages.registration.Registration object at 0x7f793a26fd90>
registration_test_data = {'organization_address': 'INOX: Insignia At Epicuria', 'organization_address_city': 'Jacksonville', 'organization_address_country': 'United States', 'organization_address_india': 'INOX: Insignia At Epicuria', ...}

    def registration_enter_password(self, registration_test_data):
        #self.actions.wait_until_url_contains("new-password", timeout=50)
        #self.actions.wait_for_page_load(timeout=10)
        #self.actions.wait_for_element_to_be_visible(self.registration_password)
>       self.actions.wait_for_element(self.registration_password)

pages/registration.py:176: 
_ _ _ _ _ _ _ _ _ _ _ _ _ _ _ _ _ _ _ _ _ _ _ _ _ _ _ _ _ _ _ _ _ _ _ _ _ _ _ _ 

self = <actions.actions.Actions object at 0x7f793a2ed590>
locator = ('xpath', "//input[@id='password']"), timeout = 100

    def wait_for_element(self, locator, timeout=100):
>       WebDriverWait(self.driver, timeout).until(EC.visibility_of_element_located(locator))

actions/actions.py:87: 
_ _ _ _ _ _ _ _ _ _ _ _ _ _ _ _ _ _ _ _ _ _ _ _ _ _ _ _ _ _ _ _ _ _ _ _ _ _ _ _ 

self = <selenium.webdriver.support.wait.WebDriverWait (session="c472b66d390166a62d5b829b99348c70")>
method = <function visibility_of_element_located.<locals>._predicate at 0x7f793bcdaf20>
message = ''

    def until(self, method: Callable[[D], Union[Literal[False], T]], message: str = "") -> T:
        """Wait until the method returns a value that is not False.
    
        Calls the method provided with the driver as an argument until the
        return value does not evaluate to ``False``.
    
        Parameters:
        ----------
        method: callable(WebDriver)
            - A callable object that takes a WebDriver instance as an argument.
    
        message: str
            - Optional message for :exc:`TimeoutException`
    
        Return:
        -------
        object: T
            - The result of the last call to `method`
    
        Raises:
        -------
        TimeoutException
            - If 'method' does not return a truthy value within the WebDriverWait
            object's timeout
    
        Example:
        --------
        >>> from selenium.webdriver.common.by import By
        >>> from selenium.webdriver.support.ui import WebDriverWait
        >>> from selenium.webdriver.support import expected_conditions as EC
    
        # Wait until an element is visible on the page
        >>> wait = WebDriverWait(driver, 10)
        >>> element = wait.until(EC.visibility_of_element_located((By.ID, "exampleId")))
        >>> print(element.text)
        """
        screen = None
        stacktrace = None
    
        end_time = time.monotonic() + self._timeout
        while True:
            try:
                value = method(self._driver)
                if value:
                    return value
            except self._ignored_exceptions as exc:
                screen = getattr(exc, "screen", None)
                stacktrace = getattr(exc, "stacktrace", None)
            if time.monotonic() > end_time:
                break
            time.sleep(self._poll)
>       raise TimeoutException(message, screen, stacktrace)
E       selenium.common.exceptions.TimeoutException: Message: 
E       Stacktrace:
E       #0 0x55a873bff4ba <unknown>
E       #1 0x55a873668492 <unknown>
E       #2 0x55a8736bd9b6 <unknown>
E       #3 0x55a8736bdbf1 <unknown>
E       #4 0x55a8737094d4 <unknown>
E       #5 0x55a873706700 <unknown>
E       #6 0x55a8736af6a2 <unknown>
E       #7 0x55a8736b0491 <unknown>
E       #8 0x55a873bc5479 <unknown>
E       #9 0x55a873bc8391 <unknown>
E       #10 0x55a873bb1a89 <unknown>
E       #11 0x55a873bc8f4e <unknown>
E       #12 0x55a873b98070 <unknown>
E       #13 0x55a873becca8 <unknown>
E       #14 0x55a873bece78 <unknown>
E       #15 0x55a873bfe828 <unknown>
E       #16 0x7f22b6a9caa4 <unknown>
E       #17 0x7f22b6b29c6c <unknown>

/opt/hostedtoolcache/Python/3.13.11/x64/lib/python3.13/site-packages/selenium/webdriver/support/wait.py:146: TimeoutException
---------------------------- Captured stderr setup -----------------------------
2026-02-02 05:14:11,598 - INFO - Starting test with Chrome browser
2026-02-02 05:14:11,599 - INFO - ====== WebDriver manager ======
2026-02-02 05:14:11,666 - INFO - Get LATEST chromedriver version for google-chrome
2026-02-02 05:14:11,725 - INFO - Get LATEST chromedriver version for google-chrome
2026-02-02 05:14:11,780 - INFO - Driver [/home/runner/.wdm/drivers/chromedriver/linux64/144.0.7559.109/chromedriver-linux64/chromedriver] found in cache
2026-02-02 05:14:14,915 - INFO - Navigated to: https://mochaaccounting.com/
------------------------------ Captured log setup ------------------------------
INFO     tests.test_signup_login.conftest:conftest.py:78 Starting test with Chrome browser
INFO     WDM:logger.py:11 ====== WebDriver manager ======
INFO     WDM:logger.py:11 Get LATEST chromedriver version for google-chrome
INFO     WDM:logger.py:11 Get LATEST chromedriver version for google-chrome
INFO     WDM:logger.py:11 Driver [/home/runner/.wdm/drivers/chromedriver/linux64/144.0.7559.109/chromedriver-linux64/chromedriver] found in cache
INFO     tests.test_signup_login.conftest:conftest.py:135 Navigated to: https://mochaaccounting.com/
----------------------------- Captured stderr call -----------------------------
2026-02-02 05:14:18,133 - INFO - Clicked on Sign-up for free button
2026-02-02 05:14:18,292 - INFO - Entered First Name: Automation_FN_20260202_051418
2026-02-02 05:14:20,292 - INFO - Entered the first name
2026-02-02 05:14:20,449 - INFO - Entered Last Name: Tester_LN_20260202_051420
2026-02-02 05:14:22,449 - INFO - Entered the last name
2026-02-02 05:14:24,605 - INFO - Entered the email: mochaautotest+20260202_051422@gmail.com
2026-02-02 05:14:25,962 - INFO - Selected country for phone number
2026-02-02 05:14:26,067 - INFO - Entered phone number
2026-02-02 05:14:26,148 - INFO - Agreed to policy checkbox checked
2026-02-02 05:14:26,238 - INFO - Clicked on Sign-up button
2026-02-02 05:14:31,240 - INFO - file_cache is only supported with oauth2client<4.0.0
2026-02-02 05:14:31,241 - INFO - Fetching OTP with up to 5 retries (every 10s)...
2026-02-02 05:14:31,749 - INFO -  Extracted OTP: 000000
2026-02-02 05:14:35,685 - INFO - Page refreshed and fully loaded.
2026-02-02 05:14:35,685 - INFO - Using OTP: 000000
2026-02-02 05:14:35,861 - INFO - OTP submitted successfully.
2026-02-02 05:14:37,861 - INFO - Entered Otp
------------------------------ Captured log call -------------------------------
INFO     tests.test_signup_login.test_sign_up:test_sign_up.py:86 Clicked on Sign-up for free button
INFO     root:registration.py:111 Entered First Name: Automation_FN_20260202_051418
INFO     tests.test_signup_login.test_sign_up:test_sign_up.py:88 Entered the first name
INFO     root:registration.py:119 Entered Last Name: Tester_LN_20260202_051420
INFO     tests.test_signup_login.test_sign_up:test_sign_up.py:90 Entered the last name
INFO     tests.test_signup_login.test_sign_up:test_sign_up.py:92 Entered the email: mochaautotest+20260202_051422@gmail.com
INFO     tests.test_signup_login.test_sign_up:test_sign_up.py:94 Selected country for phone number
INFO     tests.test_signup_login.test_sign_up:test_sign_up.py:96 Entered phone number
INFO     tests.test_signup_login.test_sign_up:test_sign_up.py:98 Agreed to policy checkbox checked
INFO     tests.test_signup_login.test_sign_up:test_sign_up.py:100 Clicked on Sign-up button
INFO     googleapiclient.discovery_cache:__init__.py:49 file_cache is only supported with oauth2client<4.0.0
INFO     root:get_mail_otp.py:99 Fetching OTP with up to 5 retries (every 10s)...
INFO     root:get_mail_otp.py:80  Extracted OTP: 000000
INFO     root:actions.py:461 Page refreshed and fully loaded.
INFO     root:registration.py:163 Using OTP: 000000
INFO     root:registration.py:168 OTP submitted successfully.
INFO     tests.test_signup_login.test_sign_up:test_sign_up.py:106 Entered Otp
--------------------------- Captured stderr teardown ---------------------------
2026-02-02 05:16:24,624 - INFO - Closing browser
---------------------------- Captured log teardown -----------------------------
INFO     tests.test_signup_login.conftest:conftest.py:145 Closing browser
=============================== warnings summary ===============================
tests/test_signup_login/test_sign_up.py:14
  /home/runner/work/Mocha_accounting/Mocha_accounting/tests/test_signup_login/test_sign_up.py:14: PytestUnknownMarkWarning: Unknown pytest.mark.is_registration - is this a typo?  You can register custom marks to avoid this warning - for details, see https://docs.pytest.org/en/stable/how-to/mark.html
    @pytest.mark.is_registration

tests/test_signup_login/test_sign_up.py:79
  /home/runner/work/Mocha_accounting/Mocha_accounting/tests/test_signup_login/test_sign_up.py:79: PytestUnknownMarkWarning: Unknown pytest.mark.is_registration - is this a typo?  You can register custom marks to avoid this warning - for details, see https://docs.pytest.org/en/stable/how-to/mark.html
    @pytest.mark.is_registration

-- Docs: https://docs.pytest.org/en/stable/how-to/capture-warnings.html
==================================== PASSES ====================================
_________________________ test_ete_registration_india __________________________
---------------------------- Captured stderr setup -----------------------------
2026-02-02 05:12:36,835 - INFO - Starting test with Chrome browser
2026-02-02 05:12:36,835 - INFO - ====== WebDriver manager ======
2026-02-02 05:12:36,904 - INFO - Get LATEST chromedriver version for google-chrome
2026-02-02 05:12:36,963 - INFO - Get LATEST chromedriver version for google-chrome
2026-02-02 05:12:37,019 - INFO - Driver [/home/runner/.wdm/drivers/chromedriver/linux64/144.0.7559.109/chromedriver-linux64/chromedriver] found in cache
2026-02-02 05:12:40,305 - INFO - Navigated to: https://mochaaccounting.com/
------------------------------ Captured log setup ------------------------------
INFO     tests.test_signup_login.conftest:conftest.py:78 Starting test with Chrome browser
INFO     WDM:logger.py:11 ====== WebDriver manager ======
INFO     WDM:logger.py:11 Get LATEST chromedriver version for google-chrome
INFO     WDM:logger.py:11 Get LATEST chromedriver version for google-chrome
INFO     WDM:logger.py:11 Driver [/home/runner/.wdm/drivers/chromedriver/linux64/144.0.7559.109/chromedriver-linux64/chromedriver] found in cache
INFO     tests.test_signup_login.conftest:conftest.py:135 Navigated to: https://mochaaccounting.com/
----------------------------- Captured stdout call -----------------------------
Password@123
Displayed Organization: Automation Test_20260202_051329 pvt. ltd.
----------------------------- Captured stderr call -----------------------------
2026-02-02 05:12:43,696 - INFO - Clicked on Sign-up for free button
2026-02-02 05:12:43,849 - INFO - Entered First Name: Automation_FN_20260202_051243
2026-02-02 05:12:45,850 - INFO - Entered the first name
2026-02-02 05:12:45,995 - INFO - Entered Last Name: Tester_LN_20260202_051245
2026-02-02 05:12:47,996 - INFO - Entered the last name
2026-02-02 05:12:50,149 - INFO - Entered the email: mochaautotest+20260202_051248@gmail.com
2026-02-02 05:12:50,820 - INFO - Selected country for phone number
2026-02-02 05:12:50,918 - INFO - Entered phone number
2026-02-02 05:12:50,999 - INFO - Agreed to policy checkbox checked
2026-02-02 05:12:51,087 - INFO - Clicked on Sign-up button
2026-02-02 05:12:56,224 - INFO - file_cache is only supported with oauth2client<4.0.0
2026-02-02 05:12:56,225 - INFO - Fetching OTP with up to 5 retries (every 10s)...
2026-02-02 05:12:57,720 - WARNING - No HTML body found, skipping this email.
2026-02-02 05:12:57,720 - WARNING - Attempt 1/5 failed: OTP not found yet. Retrying in 10s...
2026-02-02 05:13:08,169 - INFO -  Extracted OTP: 611618
2026-02-02 05:13:11,286 - INFO - Page refreshed and fully loaded.
2026-02-02 05:13:11,286 - INFO - Using OTP: 611618
2026-02-02 05:13:11,506 - INFO - OTP submitted successfully.
2026-02-02 05:13:13,506 - INFO - Entered Otp
2026-02-02 05:13:17,754 - INFO - Password and Confirm Password entered successfully.
2026-02-02 05:13:17,754 - INFO - Set the password
2026-02-02 05:13:17,839 - INFO - click on next button
2026-02-02 05:13:22,949 - INFO - Entered email-id
2026-02-02 05:13:24,064 - INFO - Entered password
2026-02-02 05:13:24,145 - INFO - Clicked on Login button
2026-02-02 05:13:29,300 - INFO - Entered Organization name
2026-02-02 05:13:34,038 - INFO - Entered Organization address
2026-02-02 05:13:34,130 - INFO - click on next button
2026-02-02 05:13:39,211 - INFO - click on start for free button
2026-02-02 05:13:41,293 - INFO - click on next button
2026-02-02 05:13:41,368 - INFO - click on proceed button
2026-02-02 05:14:01,476 - INFO - Closed Ads popup
2026-02-02 05:14:11,502 - INFO - Asserted the displayed and given organization name
------------------------------ Captured log call -------------------------------
INFO     tests.test_signup_login.test_sign_up:test_sign_up.py:21 Clicked on Sign-up for free button
INFO     root:registration.py:111 Entered First Name: Automation_FN_20260202_051243
INFO     tests.test_signup_login.test_sign_up:test_sign_up.py:23 Entered the first name
INFO     root:registration.py:119 Entered Last Name: Tester_LN_20260202_051245
INFO     tests.test_signup_login.test_sign_up:test_sign_up.py:25 Entered the last name
INFO     tests.test_signup_login.test_sign_up:test_sign_up.py:27 Entered the email: mochaautotest+20260202_051248@gmail.com
INFO     tests.test_signup_login.test_sign_up:test_sign_up.py:29 Selected country for phone number
INFO     tests.test_signup_login.test_sign_up:test_sign_up.py:31 Entered phone number
INFO     tests.test_signup_login.test_sign_up:test_sign_up.py:33 Agreed to policy checkbox checked
INFO     tests.test_signup_login.test_sign_up:test_sign_up.py:35 Clicked on Sign-up button
INFO     googleapiclient.discovery_cache:__init__.py:49 file_cache is only supported with oauth2client<4.0.0
INFO     root:get_mail_otp.py:99 Fetching OTP with up to 5 retries (every 10s)...
WARNING  root:get_mail_otp.py:70 No HTML body found, skipping this email.
WARNING  root:get_mail_otp.py:106 Attempt 1/5 failed: OTP not found yet. Retrying in 10s...
INFO     root:get_mail_otp.py:80  Extracted OTP: 611618
INFO     root:actions.py:461 Page refreshed and fully loaded.
INFO     root:registration.py:163 Using OTP: 611618
INFO     root:registration.py:168 OTP submitted successfully.
INFO     tests.test_signup_login.test_sign_up:test_sign_up.py:41 Entered Otp
INFO     root:registration.py:182 Password and Confirm Password entered successfully.
INFO     tests.test_signup_login.test_sign_up:test_sign_up.py:45 Set the password
INFO     tests.test_signup_login.test_sign_up:test_sign_up.py:47 click on next button
INFO     tests.test_signup_login.test_sign_up:test_sign_up.py:50 Entered email-id
INFO     tests.test_signup_login.test_sign_up:test_sign_up.py:52 Entered password
INFO     tests.test_signup_login.test_sign_up:test_sign_up.py:54 Clicked on Login button
INFO     tests.test_signup_login.test_sign_up:test_sign_up.py:57 Entered Organization name
INFO     tests.test_signup_login.test_sign_up:test_sign_up.py:59 Entered Organization address
INFO     tests.test_signup_login.test_sign_up:test_sign_up.py:61 click on next button
INFO     tests.test_signup_login.test_sign_up:test_sign_up.py:64 click on start for free button
INFO     tests.test_signup_login.test_sign_up:test_sign_up.py:66 click on next button
INFO     tests.test_signup_login.test_sign_up:test_sign_up.py:68 click on proceed button
INFO     tests.test_signup_login.test_sign_up:test_sign_up.py:71 Closed Ads popup
INFO     tests.test_signup_login.test_sign_up:test_sign_up.py:74 Asserted the displayed and given organization name
--------------------------- Captured stderr teardown ---------------------------
2026-02-02 05:14:11,503 - INFO - Closing browser
---------------------------- Captured log teardown -----------------------------
INFO     tests.test_signup_login.conftest:conftest.py:145 Closing browser
- Generated html report: file:///home/runner/work/Mocha_accounting/Mocha_accounting/C%3A%5CUsers%5CTaurus13%5CPycharmProjects%5CPythonProject%5Creports/20260202_051235/report.html -
============= 1 failed, 1 passed, 2 warnings in 229.27s (0:03:49) ==============
=== REGISTRATION TESTS COMPLETED ===
Exit Code: 1
