=== REGISTRATION TESTS STARTED: 2026-01-18 04:36:14 ===
============================= test session starts ==============================
platform linux -- Python 3.13.11, pytest-8.3.5, pluggy-1.6.0 -- /opt/hostedtoolcache/Python/3.13.11/x64/bin/python
cachedir: .pytest_cache
metadata: {'Python': '3.13.11', 'Platform': 'Linux-6.11.0-1018-azure-x86_64-with-glibc2.39', 'Packages': {'pytest': '8.3.5', 'pluggy': '1.6.0'}, 'Plugins': {'html': '4.1.1', 'rerunfailures': '16.1', 'Faker': '40.1.2', 'xdist': '3.8.0', 'metadata': '3.1.1'}, 'CI': 'true', 'JAVA_HOME': '/usr/lib/jvm/temurin-17-jdk-amd64'}
rootdir: /home/runner/work/Mocha_accounting/Mocha_accounting
plugins: html-4.1.1, rerunfailures-16.1, Faker-40.1.2, xdist-3.8.0, metadata-3.1.1
collecting ... collected 2 items

tests/test_signup_login/test_sign_up.py::test_ete_registration_india FAILED [ 50%]
tests/test_signup_login/test_sign_up.py::test_ete_registration_non_india FAILED [100%]

=================================== FAILURES ===================================
_________________________ test_ete_registration_india __________________________

sign_login_setup = <selenium.webdriver.chrome.webdriver.WebDriver (session="ee843cb1b8da9172b1734147650e356e")>
registration_test_data = {'organization_address': 'INOX: Insignia At Epicuria', 'organization_address_city': 'Jacksonville', 'organization_address_country': 'United States', 'organization_address_india': 'INOX: Insignia At Epicuria', ...}

    @pytest.mark.is_registration
    def test_ete_registration_india(sign_login_setup, registration_test_data):
        driver = sign_login_setup
        registration = Registration(driver)
        login = LoginPage(driver)
    
>       registration.registration_signup_sign_up_btn()

tests/test_signup_login/test_sign_up.py:20: 
_ _ _ _ _ _ _ _ _ _ _ _ _ _ _ _ _ _ _ _ _ _ _ _ _ _ _ _ _ _ _ _ _ _ _ _ _ _ _ _ 

self = <pages.registration.Registration object at 0x7f7bfb73e510>

    def registration_signup_sign_up_btn(self):
>       self.actions.wait_for_element(self.registration_sign_up_btn)

pages/registration.py:90: 
_ _ _ _ _ _ _ _ _ _ _ _ _ _ _ _ _ _ _ _ _ _ _ _ _ _ _ _ _ _ _ _ _ _ _ _ _ _ _ _ 

self = <actions.actions.Actions object at 0x7f7c01ae4830>
locator = ('xpath', "//button[contains(@class,'whitespace-nowrap')][normalize-space()='Sign Up for Free']")
timeout = 100

    def wait_for_element(self, locator, timeout=100):
>       WebDriverWait(self.driver, timeout).until(EC.visibility_of_element_located(locator))

actions/actions.py:87: 
_ _ _ _ _ _ _ _ _ _ _ _ _ _ _ _ _ _ _ _ _ _ _ _ _ _ _ _ _ _ _ _ _ _ _ _ _ _ _ _ 

self = <selenium.webdriver.support.wait.WebDriverWait (session="ee843cb1b8da9172b1734147650e356e")>
method = <function visibility_of_element_located.<locals>._predicate at 0x7f7bfb510ae0>
message = ''

    def until(self, method: Callable[[D], Union[Literal[False], T]], message: str = "") -> T:
        """Wait until the method returns a value that is not False.
    
        Calls the method provided with the driver as an argument until the
        return value does not evaluate to ``False``.
    
        Parameters:
        ----------
        method: callable(WebDriver)
            - A callable object that takes a WebDriver instance as an argument.
    
        message: str
            - Optional message for :exc:`TimeoutException`
    
        Return:
        -------
        object: T
            - The result of the last call to `method`
    
        Raises:
        -------
        TimeoutException
            - If 'method' does not return a truthy value within the WebDriverWait
            object's timeout
    
        Example:
        --------
        >>> from selenium.webdriver.common.by import By
        >>> from selenium.webdriver.support.ui import WebDriverWait
        >>> from selenium.webdriver.support import expected_conditions as EC
    
        # Wait until an element is visible on the page
        >>> wait = WebDriverWait(driver, 10)
        >>> element = wait.until(EC.visibility_of_element_located((By.ID, "exampleId")))
        >>> print(element.text)
        """
        screen = None
        stacktrace = None
    
        end_time = time.monotonic() + self._timeout
        while True:
            try:
                value = method(self._driver)
                if value:
                    return value
            except self._ignored_exceptions as exc:
                screen = getattr(exc, "screen", None)
                stacktrace = getattr(exc, "stacktrace", None)
            if time.monotonic() > end_time:
                break
            time.sleep(self._poll)
>       raise TimeoutException(message, screen, stacktrace)
E       selenium.common.exceptions.TimeoutException: Message: 
E       Stacktrace:
E       #0 0x563f154fdc3a <unknown>
E       #1 0x563f14f17969 <unknown>
E       #2 0x563f14f6cead <unknown>
E       #3 0x563f14f6d0f1 <unknown>
E       #4 0x563f14fb87e4 <unknown>
E       #5 0x563f14fb5a20 <unknown>
E       #6 0x563f14f5ebe2 <unknown>
E       #7 0x563f14f5f991 <unknown>
E       #8 0x563f154c3a99 <unknown>
E       #9 0x563f154c69b1 <unknown>
E       #10 0x563f154b00a9 <unknown>
E       #11 0x563f154c756e <unknown>
E       #12 0x563f154965e0 <unknown>
E       #13 0x563f154eb358 <unknown>
E       #14 0x563f154eb528 <unknown>
E       #15 0x563f154fcfa8 <unknown>
E       #16 0x7fb790c9caa4 <unknown>
E       #17 0x7fb790d29c6c <unknown>

/opt/hostedtoolcache/Python/3.13.11/x64/lib/python3.13/site-packages/selenium/webdriver/support/wait.py:146: TimeoutException
---------------------------- Captured stderr setup -----------------------------
2026-01-18 04:36:15,944 - INFO - Starting test with Chrome browser
2026-01-18 04:36:15,944 - INFO - ====== WebDriver manager ======
2026-01-18 04:36:16,010 - INFO - Get LATEST chromedriver version for google-chrome
2026-01-18 04:36:16,046 - INFO - Get LATEST chromedriver version for google-chrome
2026-01-18 04:36:16,081 - INFO - Driver [/home/runner/.wdm/drivers/chromedriver/linux64/144.0.7559.31/chromedriver-linux64/chromedriver] found in cache
2026-01-18 04:36:19,107 - INFO - Navigated to: https://mochaaccounting.com/
------------------------------ Captured log setup ------------------------------
INFO     tests.test_signup_login.conftest:conftest.py:78 Starting test with Chrome browser
INFO     WDM:logger.py:11 ====== WebDriver manager ======
INFO     WDM:logger.py:11 Get LATEST chromedriver version for google-chrome
INFO     WDM:logger.py:11 Get LATEST chromedriver version for google-chrome
INFO     WDM:logger.py:11 Driver [/home/runner/.wdm/drivers/chromedriver/linux64/144.0.7559.31/chromedriver-linux64/chromedriver] found in cache
INFO     tests.test_signup_login.conftest:conftest.py:134 Navigated to: https://mochaaccounting.com/
--------------------------- Captured stderr teardown ---------------------------
2026-01-18 04:38:03,905 - INFO - Closing browser
---------------------------- Captured log teardown -----------------------------
INFO     tests.test_signup_login.conftest:conftest.py:144 Closing browser
_______________________ test_ete_registration_non_india ________________________

sign_login_setup = <selenium.webdriver.chrome.webdriver.WebDriver (session="f84f13ccb0a9f584cf8a73949a307ff1")>
registration_test_data = {'organization_address': 'INOX: Insignia At Epicuria', 'organization_address_city': 'Jacksonville', 'organization_address_country': 'United States', 'organization_address_india': 'INOX: Insignia At Epicuria', ...}

    @pytest.mark.is_registration
    def test_ete_registration_non_india(sign_login_setup, registration_test_data):
        driver = sign_login_setup
        registration = Registration(driver)
        login = LoginPage(driver)
    
>       registration.registration_signup_sign_up_btn()

tests/test_signup_login/test_sign_up.py:130: 
_ _ _ _ _ _ _ _ _ _ _ _ _ _ _ _ _ _ _ _ _ _ _ _ _ _ _ _ _ _ _ _ _ _ _ _ _ _ _ _ 

self = <pages.registration.Registration object at 0x7f7bfb6b74d0>

    def registration_signup_sign_up_btn(self):
>       self.actions.wait_for_element(self.registration_sign_up_btn)

pages/registration.py:90: 
_ _ _ _ _ _ _ _ _ _ _ _ _ _ _ _ _ _ _ _ _ _ _ _ _ _ _ _ _ _ _ _ _ _ _ _ _ _ _ _ 

self = <actions.actions.Actions object at 0x7f7bfb598f50>
locator = ('xpath', "//button[contains(@class,'whitespace-nowrap')][normalize-space()='Sign Up for Free']")
timeout = 100

    def wait_for_element(self, locator, timeout=100):
>       WebDriverWait(self.driver, timeout).until(EC.visibility_of_element_located(locator))

actions/actions.py:87: 
_ _ _ _ _ _ _ _ _ _ _ _ _ _ _ _ _ _ _ _ _ _ _ _ _ _ _ _ _ _ _ _ _ _ _ _ _ _ _ _ 

self = <selenium.webdriver.support.wait.WebDriverWait (session="f84f13ccb0a9f584cf8a73949a307ff1")>
method = <function visibility_of_element_located.<locals>._predicate at 0x7f7bfb5dad40>
message = ''

    def until(self, method: Callable[[D], Union[Literal[False], T]], message: str = "") -> T:
        """Wait until the method returns a value that is not False.
    
        Calls the method provided with the driver as an argument until the
        return value does not evaluate to ``False``.
    
        Parameters:
        ----------
        method: callable(WebDriver)
            - A callable object that takes a WebDriver instance as an argument.
    
        message: str
            - Optional message for :exc:`TimeoutException`
    
        Return:
        -------
        object: T
            - The result of the last call to `method`
    
        Raises:
        -------
        TimeoutException
            - If 'method' does not return a truthy value within the WebDriverWait
            object's timeout
    
        Example:
        --------
        >>> from selenium.webdriver.common.by import By
        >>> from selenium.webdriver.support.ui import WebDriverWait
        >>> from selenium.webdriver.support import expected_conditions as EC
    
        # Wait until an element is visible on the page
        >>> wait = WebDriverWait(driver, 10)
        >>> element = wait.until(EC.visibility_of_element_located((By.ID, "exampleId")))
        >>> print(element.text)
        """
        screen = None
        stacktrace = None
    
        end_time = time.monotonic() + self._timeout
        while True:
            try:
                value = method(self._driver)
                if value:
                    return value
            except self._ignored_exceptions as exc:
                screen = getattr(exc, "screen", None)
                stacktrace = getattr(exc, "stacktrace", None)
            if time.monotonic() > end_time:
                break
            time.sleep(self._poll)
>       raise TimeoutException(message, screen, stacktrace)
E       selenium.common.exceptions.TimeoutException: Message: 
E       Stacktrace:
E       #0 0x564b8fb0ec3a <unknown>
E       #1 0x564b8f528969 <unknown>
E       #2 0x564b8f57dead <unknown>
E       #3 0x564b8f57e0f1 <unknown>
E       #4 0x564b8f5c97e4 <unknown>
E       #5 0x564b8f5c6a20 <unknown>
E       #6 0x564b8f56fbe2 <unknown>
E       #7 0x564b8f570991 <unknown>
E       #8 0x564b8fad4a99 <unknown>
E       #9 0x564b8fad79b1 <unknown>
E       #10 0x564b8fac10a9 <unknown>
E       #11 0x564b8fad856e <unknown>
E       #12 0x564b8faa75e0 <unknown>
E       #13 0x564b8fafc358 <unknown>
E       #14 0x564b8fafc528 <unknown>
E       #15 0x564b8fb0dfa8 <unknown>
E       #16 0x7fe5abe9caa4 <unknown>
E       #17 0x7fe5abf29c6c <unknown>

/opt/hostedtoolcache/Python/3.13.11/x64/lib/python3.13/site-packages/selenium/webdriver/support/wait.py:146: TimeoutException
---------------------------- Captured stderr setup -----------------------------
2026-01-18 04:38:04,005 - INFO - Starting test with Chrome browser
2026-01-18 04:38:04,005 - INFO - ====== WebDriver manager ======
2026-01-18 04:38:04,072 - INFO - Get LATEST chromedriver version for google-chrome
2026-01-18 04:38:04,107 - INFO - Get LATEST chromedriver version for google-chrome
2026-01-18 04:38:04,137 - INFO - Driver [/home/runner/.wdm/drivers/chromedriver/linux64/144.0.7559.31/chromedriver-linux64/chromedriver] found in cache
2026-01-18 04:38:07,259 - INFO - Navigated to: https://mochaaccounting.com/
------------------------------ Captured log setup ------------------------------
INFO     tests.test_signup_login.conftest:conftest.py:78 Starting test with Chrome browser
INFO     WDM:logger.py:11 ====== WebDriver manager ======
INFO     WDM:logger.py:11 Get LATEST chromedriver version for google-chrome
INFO     WDM:logger.py:11 Get LATEST chromedriver version for google-chrome
INFO     WDM:logger.py:11 Driver [/home/runner/.wdm/drivers/chromedriver/linux64/144.0.7559.31/chromedriver-linux64/chromedriver] found in cache
INFO     tests.test_signup_login.conftest:conftest.py:134 Navigated to: https://mochaaccounting.com/
--------------------------- Captured stderr teardown ---------------------------
2026-01-18 04:39:52,065 - INFO - Closing browser
---------------------------- Captured log teardown -----------------------------
INFO     tests.test_signup_login.conftest:conftest.py:144 Closing browser
=============================== warnings summary ===============================
tests/test_signup_login/test_sign_up.py:14
  /home/runner/work/Mocha_accounting/Mocha_accounting/tests/test_signup_login/test_sign_up.py:14: PytestUnknownMarkWarning: Unknown pytest.mark.is_registration - is this a typo?  You can register custom marks to avoid this warning - for details, see https://docs.pytest.org/en/stable/how-to/mark.html
    @pytest.mark.is_registration

tests/test_signup_login/test_sign_up.py:124
  /home/runner/work/Mocha_accounting/Mocha_accounting/tests/test_signup_login/test_sign_up.py:124: PytestUnknownMarkWarning: Unknown pytest.mark.is_registration - is this a typo?  You can register custom marks to avoid this warning - for details, see https://docs.pytest.org/en/stable/how-to/mark.html
    @pytest.mark.is_registration

-- Docs: https://docs.pytest.org/en/stable/how-to/capture-warnings.html
- Generated html report: file:///home/runner/work/Mocha_accounting/Mocha_accounting/C%3A%5CUsers%5CTaurus13%5CPycharmProjects%5CPythonProject%5Creports/20260118_043614/report.html -
================== 2 failed, 2 warnings in 217.23s (0:03:37) ===================
=== REGISTRATION TESTS COMPLETED ===
Exit Code: 1
