=== REGISTRATION TESTS STARTED: 2025-12-13 03:59:38 ===
============================= test session starts ==============================
platform linux -- Python 3.13.11, pytest-8.3.5, pluggy-1.6.0 -- /opt/hostedtoolcache/Python/3.13.11/x64/bin/python
cachedir: .pytest_cache
metadata: {'Python': '3.13.11', 'Platform': 'Linux-6.11.0-1018-azure-x86_64-with-glibc2.39', 'Packages': {'pytest': '8.3.5', 'pluggy': '1.6.0'}, 'Plugins': {'html': '4.1.1', 'rerunfailures': '16.1', 'Faker': '38.2.0', 'xdist': '3.8.0', 'metadata': '3.1.1'}, 'CI': 'true', 'JAVA_HOME': '/usr/lib/jvm/temurin-17-jdk-amd64'}
rootdir: /home/runner/work/Mocha_accounting/Mocha_accounting
plugins: html-4.1.1, rerunfailures-16.1, Faker-38.2.0, xdist-3.8.0, metadata-3.1.1
collecting ... collected 2 items

tests/test_signup_login/test_sign_up.py::test_ete_registration_india FAILED [ 50%]
tests/test_signup_login/test_sign_up.py::test_ete_registration_non_india FAILED [100%]

=================================== FAILURES ===================================
_________________________ test_ete_registration_india __________________________

self = <actions.actions.Actions object at 0x7fbf2b790590>, text = 'new-password'
timeout = 50

    def wait_until_url_contains(self, text, timeout=20):
        """
        Wait until the current URL contains the given substring.
        :param text: Substring expected in the URL.
        :param timeout: Max wait time in seconds.
        """
        try:
>           WebDriverWait(self.driver, timeout).until(
                EC.url_contains(text)
            )

actions/actions.py:419: 
_ _ _ _ _ _ _ _ _ _ _ _ _ _ _ _ _ _ _ _ _ _ _ _ _ _ _ _ _ _ _ _ _ _ _ _ _ _ _ _ 

self = <selenium.webdriver.support.wait.WebDriverWait (session="de5e85b55456d7cd1d0c2efb1c834db4")>
method = <function url_contains.<locals>._predicate at 0x7fbf2b9ab1a0>
message = ''

    def until(self, method: Callable[[D], Union[Literal[False], T]], message: str = "") -> T:
        """Wait until the method returns a value that is not False.
    
        Calls the method provided with the driver as an argument until the
        return value does not evaluate to ``False``.
    
        Parameters:
        ----------
        method: callable(WebDriver)
            - A callable object that takes a WebDriver instance as an argument.
    
        message: str
            - Optional message for :exc:`TimeoutException`
    
        Return:
        -------
        object: T
            - The result of the last call to `method`
    
        Raises:
        -------
        TimeoutException
            - If 'method' does not return a truthy value within the WebDriverWait
            object's timeout
    
        Example:
        --------
        >>> from selenium.webdriver.common.by import By
        >>> from selenium.webdriver.support.ui import WebDriverWait
        >>> from selenium.webdriver.support import expected_conditions as EC
    
        # Wait until an element is visible on the page
        >>> wait = WebDriverWait(driver, 10)
        >>> element = wait.until(EC.visibility_of_element_located((By.ID, "exampleId")))
        >>> print(element.text)
        """
        screen = None
        stacktrace = None
    
        end_time = time.monotonic() + self._timeout
        while True:
            try:
                value = method(self._driver)
                if value:
                    return value
            except self._ignored_exceptions as exc:
                screen = getattr(exc, "screen", None)
                stacktrace = getattr(exc, "stacktrace", None)
            if time.monotonic() > end_time:
                break
            time.sleep(self._poll)
>       raise TimeoutException(message, screen, stacktrace)
E       selenium.common.exceptions.TimeoutException: Message:

/opt/hostedtoolcache/Python/3.13.11/x64/lib/python3.13/site-packages/selenium/webdriver/support/wait.py:146: TimeoutException

The above exception was the direct cause of the following exception:

sign_login_setup = <selenium.webdriver.chrome.webdriver.WebDriver (session="de5e85b55456d7cd1d0c2efb1c834db4")>
registration_test_data = {'organization_address': 'INOX: Insignia At Epicuria', 'organization_address_city': 'Jacksonville', 'organization_address_country': 'United States', 'organization_address_india': 'INOX: Insignia At Epicuria', ...}

    @pytest.mark.is_registration
    def test_ete_registration_india(sign_login_setup, registration_test_data):
        driver = sign_login_setup
        registration = Registration(driver)
        login = LoginPage(driver)
    
        registration.registration_signup_sign_up_btn()
        logger.info("Clicked on Sign-up for free button")
    
        registration.registration_signup_first_name(registration_test_data)
        logger.info("Entered the first name")
    
        registration.registration_signup_last_name(registration_test_data)
        logger.info("Entered the last name")
    
        unique_email_id = registration.registration_signup_email(registration_test_data)
        logger.info(f"Entered the email: {unique_email_id}")
    
        registration.registration_signup_phone_number_country(registration_test_data)
        logger.info("Selected country for phone number")
    
        registration.registration_signup_phone_number(registration_test_data)
        logger.info("Entered phone number")
    
        registration.registration_signup_agreed_to_policy_chkbx(registration_test_data)
        logger.info("Agreed to policy checkbox checked")
    
        registration.registration_signup_submit_btn(registration_test_data)
        logger.info("Clicked on Sign-up button")
        time.sleep(5)
        # Fetch OTP using the unique email
        otp = get_latest_otp_email()
        time.sleep(2)
>       registration.registration_enter_otp(otp)

tests/test_signup_login/test_sign_up.py:47: 
_ _ _ _ _ _ _ _ _ _ _ _ _ _ _ _ _ _ _ _ _ _ _ _ _ _ _ _ _ _ _ _ _ _ _ _ _ _ _ _ 

self = <pages.registration.Registration object at 0x7fbf29422cf0>
otp = '813116'

    def registration_enter_otp(self, otp):
        """
           Enter the OTP into the registration page and submit.
           :param otp: The 6-digit OTP string to be entered.
           """
        logging.info(f"Using OTP: {otp}")
        self.actions.wait_for_element(self.registration_otp_input)
        self.actions.send_keys(self.registration_otp_input, otp)
        self.actions.wait_for_element(self.registration_otp_submit_btn)
        self.actions.click(self.registration_otp_submit_btn)
        logging.info("OTP submitted successfully.")
        time.sleep(2)
>       self.actions.wait_until_url_contains("new-password", timeout=50)

pages/registration.py:148: 
_ _ _ _ _ _ _ _ _ _ _ _ _ _ _ _ _ _ _ _ _ _ _ _ _ _ _ _ _ _ _ _ _ _ _ _ _ _ _ _ 

self = <actions.actions.Actions object at 0x7fbf2b790590>, text = 'new-password'
timeout = 50

    def wait_until_url_contains(self, text, timeout=20):
        """
        Wait until the current URL contains the given substring.
        :param text: Substring expected in the URL.
        :param timeout: Max wait time in seconds.
        """
        try:
            WebDriverWait(self.driver, timeout).until(
                EC.url_contains(text)
            )
            return True
        except Exception as e:
>           raise Exception(f"URL did not contain '{text}' within {timeout} seconds. "
                            f"Current URL: {self.driver.current_url}") from e
E           Exception: URL did not contain 'new-password' within 50 seconds. Current URL: https://app.mochaaccounting.com/thank-you?product=accounting&token=kZmXk5dqwpVkk53DlmRlcJhlY29tm5yRbWeelZeXammalJuT

actions/actions.py:424: Exception
---------------------------- Captured stderr setup -----------------------------
2025-12-13 03:59:39,778 - INFO - Starting test with Chrome browser
2025-12-13 03:59:39,778 - INFO - ====== WebDriver manager ======
2025-12-13 03:59:39,846 - INFO - Get LATEST chromedriver version for google-chrome
2025-12-13 03:59:39,883 - INFO - Get LATEST chromedriver version for google-chrome
2025-12-13 03:59:39,917 - INFO - Driver [/home/runner/.wdm/drivers/chromedriver/linux64/143.0.7499.42/chromedriver-linux64/chromedriver] found in cache
2025-12-13 03:59:42,827 - INFO - Navigated to: https://mochaaccounting.com/
------------------------------ Captured log setup ------------------------------
INFO     tests.test_signup_login.conftest:conftest.py:78 Starting test with Chrome browser
INFO     WDM:logger.py:11 ====== WebDriver manager ======
INFO     WDM:logger.py:11 Get LATEST chromedriver version for google-chrome
INFO     WDM:logger.py:11 Get LATEST chromedriver version for google-chrome
INFO     WDM:logger.py:11 Driver [/home/runner/.wdm/drivers/chromedriver/linux64/143.0.7499.42/chromedriver-linux64/chromedriver] found in cache
INFO     tests.test_signup_login.conftest:conftest.py:134 Navigated to: https://mochaaccounting.com/
----------------------------- Captured stderr call -----------------------------
2025-12-13 03:59:44,045 - INFO - Clicked on Sign-up for free button
2025-12-13 03:59:44,282 - INFO - Entered First Name: Automation_FN_20251213_035944
2025-12-13 03:59:46,282 - INFO - Entered the first name
2025-12-13 03:59:46,434 - INFO - Entered Last Name: Tester_LN_20251213_035946
2025-12-13 03:59:48,434 - INFO - Entered the last name
2025-12-13 03:59:50,601 - INFO - Entered the email: mochaautotest+20251213_035948@gmail.com
2025-12-13 03:59:51,959 - INFO - Selected country for phone number
2025-12-13 03:59:52,062 - INFO - Entered phone number
2025-12-13 03:59:52,162 - INFO - Agreed to policy checkbox checked
2025-12-13 03:59:52,274 - INFO - Clicked on Sign-up button
2025-12-13 03:59:57,388 - INFO - file_cache is only supported with oauth2client<4.0.0
2025-12-13 03:59:57,389 - INFO - Fetching OTP with up to 5 retries (every 10s)...
2025-12-13 03:59:57,969 - WARNING - No HTML body found, skipping this email.
2025-12-13 03:59:58,200 - INFO -  Extracted OTP: 813116
2025-12-13 04:00:00,750 - INFO - Using OTP: 813116
2025-12-13 04:00:00,925 - INFO - OTP submitted successfully.
------------------------------ Captured log call -------------------------------
INFO     tests.test_signup_login.test_sign_up:test_sign_up.py:21 Clicked on Sign-up for free button
INFO     root:registration.py:98 Entered First Name: Automation_FN_20251213_035944
INFO     tests.test_signup_login.test_sign_up:test_sign_up.py:24 Entered the first name
INFO     root:registration.py:106 Entered Last Name: Tester_LN_20251213_035946
INFO     tests.test_signup_login.test_sign_up:test_sign_up.py:27 Entered the last name
INFO     tests.test_signup_login.test_sign_up:test_sign_up.py:30 Entered the email: mochaautotest+20251213_035948@gmail.com
INFO     tests.test_signup_login.test_sign_up:test_sign_up.py:33 Selected country for phone number
INFO     tests.test_signup_login.test_sign_up:test_sign_up.py:36 Entered phone number
INFO     tests.test_signup_login.test_sign_up:test_sign_up.py:39 Agreed to policy checkbox checked
INFO     tests.test_signup_login.test_sign_up:test_sign_up.py:42 Clicked on Sign-up button
INFO     googleapiclient.discovery_cache:__init__.py:49 file_cache is only supported with oauth2client<4.0.0
INFO     root:get_mail_otp.py:99 Fetching OTP with up to 5 retries (every 10s)...
WARNING  root:get_mail_otp.py:70 No HTML body found, skipping this email.
INFO     root:get_mail_otp.py:80  Extracted OTP: 813116
INFO     root:registration.py:141 Using OTP: 813116
INFO     root:registration.py:146 OTP submitted successfully.
--------------------------- Captured stderr teardown ---------------------------
2025-12-13 04:00:53,378 - INFO - Closing browser
---------------------------- Captured log teardown -----------------------------
INFO     tests.test_signup_login.conftest:conftest.py:144 Closing browser
_______________________ test_ete_registration_non_india ________________________

self = <actions.actions.Actions object at 0x7fbf29305810>, text = 'new-password'
timeout = 50

    def wait_until_url_contains(self, text, timeout=20):
        """
        Wait until the current URL contains the given substring.
        :param text: Substring expected in the URL.
        :param timeout: Max wait time in seconds.
        """
        try:
>           WebDriverWait(self.driver, timeout).until(
                EC.url_contains(text)
            )

actions/actions.py:419: 
_ _ _ _ _ _ _ _ _ _ _ _ _ _ _ _ _ _ _ _ _ _ _ _ _ _ _ _ _ _ _ _ _ _ _ _ _ _ _ _ 

self = <selenium.webdriver.support.wait.WebDriverWait (session="286015c26d5f5c784cf017bf97c24c91")>
method = <function url_contains.<locals>._predicate at 0x7fbf2b9aa200>
message = ''

    def until(self, method: Callable[[D], Union[Literal[False], T]], message: str = "") -> T:
        """Wait until the method returns a value that is not False.
    
        Calls the method provided with the driver as an argument until the
        return value does not evaluate to ``False``.
    
        Parameters:
        ----------
        method: callable(WebDriver)
            - A callable object that takes a WebDriver instance as an argument.
    
        message: str
            - Optional message for :exc:`TimeoutException`
    
        Return:
        -------
        object: T
            - The result of the last call to `method`
    
        Raises:
        -------
        TimeoutException
            - If 'method' does not return a truthy value within the WebDriverWait
            object's timeout
    
        Example:
        --------
        >>> from selenium.webdriver.common.by import By
        >>> from selenium.webdriver.support.ui import WebDriverWait
        >>> from selenium.webdriver.support import expected_conditions as EC
    
        # Wait until an element is visible on the page
        >>> wait = WebDriverWait(driver, 10)
        >>> element = wait.until(EC.visibility_of_element_located((By.ID, "exampleId")))
        >>> print(element.text)
        """
        screen = None
        stacktrace = None
    
        end_time = time.monotonic() + self._timeout
        while True:
            try:
                value = method(self._driver)
                if value:
                    return value
            except self._ignored_exceptions as exc:
                screen = getattr(exc, "screen", None)
                stacktrace = getattr(exc, "stacktrace", None)
            if time.monotonic() > end_time:
                break
            time.sleep(self._poll)
>       raise TimeoutException(message, screen, stacktrace)
E       selenium.common.exceptions.TimeoutException: Message:

/opt/hostedtoolcache/Python/3.13.11/x64/lib/python3.13/site-packages/selenium/webdriver/support/wait.py:146: TimeoutException

The above exception was the direct cause of the following exception:

sign_login_setup = <selenium.webdriver.chrome.webdriver.WebDriver (session="286015c26d5f5c784cf017bf97c24c91")>
registration_test_data = {'organization_address': 'INOX: Insignia At Epicuria', 'organization_address_city': 'Jacksonville', 'organization_address_country': 'United States', 'organization_address_india': 'INOX: Insignia At Epicuria', ...}

    @pytest.mark.is_registration
    def test_ete_registration_non_india(sign_login_setup, registration_test_data):
        driver = sign_login_setup
        registration = Registration(driver)
        login = LoginPage(driver)
    
        registration.registration_signup_sign_up_btn()
        logger.info("Clicked on Sign-up for free button")
    
        registration.registration_signup_first_name(registration_test_data)
        logger.info("Entered the first name")
    
        registration.registration_signup_last_name(registration_test_data)
        logger.info("Entered the last name")
    
        unique_email_id = registration.registration_signup_email(registration_test_data)
        logger.info(f"Entered the email: {unique_email_id}")
    
        registration.registration_signup_phone_number_country(registration_test_data)
        logger.info("Selected country for phone number")
    
        registration.registration_signup_phone_number(registration_test_data)
        logger.info("Entered phone number")
    
        registration.registration_signup_agreed_to_policy_chkbx(registration_test_data)
        logger.info("Agreed to policy checkbox checked")
    
        registration.registration_signup_submit_btn(registration_test_data)
        logger.info("Clicked on Sign-up button")
        time.sleep(5)
        # Fetch OTP using the unique email
        otp = get_latest_otp_email()
        time.sleep(2)
>       registration.registration_enter_otp(otp)

tests/test_signup_login/test_sign_up.py:157: 
_ _ _ _ _ _ _ _ _ _ _ _ _ _ _ _ _ _ _ _ _ _ _ _ _ _ _ _ _ _ _ _ _ _ _ _ _ _ _ _ 

self = <pages.registration.Registration object at 0x7fbf292bb110>
otp = '169903'

    def registration_enter_otp(self, otp):
        """
           Enter the OTP into the registration page and submit.
           :param otp: The 6-digit OTP string to be entered.
           """
        logging.info(f"Using OTP: {otp}")
        self.actions.wait_for_element(self.registration_otp_input)
        self.actions.send_keys(self.registration_otp_input, otp)
        self.actions.wait_for_element(self.registration_otp_submit_btn)
        self.actions.click(self.registration_otp_submit_btn)
        logging.info("OTP submitted successfully.")
        time.sleep(2)
>       self.actions.wait_until_url_contains("new-password", timeout=50)

pages/registration.py:148: 
_ _ _ _ _ _ _ _ _ _ _ _ _ _ _ _ _ _ _ _ _ _ _ _ _ _ _ _ _ _ _ _ _ _ _ _ _ _ _ _ 

self = <actions.actions.Actions object at 0x7fbf29305810>, text = 'new-password'
timeout = 50

    def wait_until_url_contains(self, text, timeout=20):
        """
        Wait until the current URL contains the given substring.
        :param text: Substring expected in the URL.
        :param timeout: Max wait time in seconds.
        """
        try:
            WebDriverWait(self.driver, timeout).until(
                EC.url_contains(text)
            )
            return True
        except Exception as e:
>           raise Exception(f"URL did not contain '{text}' within {timeout} seconds. "
                            f"Current URL: {self.driver.current_url}") from e
E           Exception: URL did not contain 'new-password' within 50 seconds. Current URL: https://app.mochaaccounting.com/thank-you?product=accounting&token=xZmUlmNrxGVklZaYkmRlncduY3BomZ6RmGvLlJzGnZiWmJjI

actions/actions.py:424: Exception
---------------------------- Captured stderr setup -----------------------------
2025-12-13 04:00:53,480 - INFO - Starting test with Chrome browser
2025-12-13 04:00:53,480 - INFO - ====== WebDriver manager ======
2025-12-13 04:00:53,550 - INFO - Get LATEST chromedriver version for google-chrome
2025-12-13 04:00:53,584 - INFO - Get LATEST chromedriver version for google-chrome
2025-12-13 04:00:53,615 - INFO - Driver [/home/runner/.wdm/drivers/chromedriver/linux64/143.0.7499.42/chromedriver-linux64/chromedriver] found in cache
2025-12-13 04:00:56,746 - INFO - Navigated to: https://mochaaccounting.com/
------------------------------ Captured log setup ------------------------------
INFO     tests.test_signup_login.conftest:conftest.py:78 Starting test with Chrome browser
INFO     WDM:logger.py:11 ====== WebDriver manager ======
INFO     WDM:logger.py:11 Get LATEST chromedriver version for google-chrome
INFO     WDM:logger.py:11 Get LATEST chromedriver version for google-chrome
INFO     WDM:logger.py:11 Driver [/home/runner/.wdm/drivers/chromedriver/linux64/143.0.7499.42/chromedriver-linux64/chromedriver] found in cache
INFO     tests.test_signup_login.conftest:conftest.py:134 Navigated to: https://mochaaccounting.com/
----------------------------- Captured stderr call -----------------------------
2025-12-13 04:00:58,075 - INFO - Clicked on Sign-up for free button
2025-12-13 04:00:58,239 - INFO - Entered First Name: Automation_FN_20251213_040058
2025-12-13 04:01:00,239 - INFO - Entered the first name
2025-12-13 04:01:00,397 - INFO - Entered Last Name: Tester_LN_20251213_040100
2025-12-13 04:01:02,397 - INFO - Entered the last name
2025-12-13 04:01:04,557 - INFO - Entered the email: mochaautotest+20251213_040102@gmail.com
2025-12-13 04:01:06,114 - INFO - Selected country for phone number
2025-12-13 04:01:06,218 - INFO - Entered phone number
2025-12-13 04:01:06,301 - INFO - Agreed to policy checkbox checked
2025-12-13 04:01:06,391 - INFO - Clicked on Sign-up button
2025-12-13 04:01:11,392 - INFO - file_cache is only supported with oauth2client<4.0.0
2025-12-13 04:01:11,393 - INFO - Fetching OTP with up to 5 retries (every 10s)...
2025-12-13 04:01:11,887 - INFO -  Extracted OTP: 169903
2025-12-13 04:01:14,336 - INFO - Using OTP: 169903
2025-12-13 04:01:14,497 - INFO - OTP submitted successfully.
------------------------------ Captured log call -------------------------------
INFO     tests.test_signup_login.test_sign_up:test_sign_up.py:131 Clicked on Sign-up for free button
INFO     root:registration.py:98 Entered First Name: Automation_FN_20251213_040058
INFO     tests.test_signup_login.test_sign_up:test_sign_up.py:134 Entered the first name
INFO     root:registration.py:106 Entered Last Name: Tester_LN_20251213_040100
INFO     tests.test_signup_login.test_sign_up:test_sign_up.py:137 Entered the last name
INFO     tests.test_signup_login.test_sign_up:test_sign_up.py:140 Entered the email: mochaautotest+20251213_040102@gmail.com
INFO     tests.test_signup_login.test_sign_up:test_sign_up.py:143 Selected country for phone number
INFO     tests.test_signup_login.test_sign_up:test_sign_up.py:146 Entered phone number
INFO     tests.test_signup_login.test_sign_up:test_sign_up.py:149 Agreed to policy checkbox checked
INFO     tests.test_signup_login.test_sign_up:test_sign_up.py:152 Clicked on Sign-up button
INFO     googleapiclient.discovery_cache:__init__.py:49 file_cache is only supported with oauth2client<4.0.0
INFO     root:get_mail_otp.py:99 Fetching OTP with up to 5 retries (every 10s)...
INFO     root:get_mail_otp.py:80  Extracted OTP: 169903
INFO     root:registration.py:141 Using OTP: 169903
INFO     root:registration.py:146 OTP submitted successfully.
--------------------------- Captured stderr teardown ---------------------------
2025-12-13 04:02:06,912 - INFO - Closing browser
---------------------------- Captured log teardown -----------------------------
INFO     tests.test_signup_login.conftest:conftest.py:144 Closing browser
=============================== warnings summary ===============================
tests/test_signup_login/test_sign_up.py:14
  /home/runner/work/Mocha_accounting/Mocha_accounting/tests/test_signup_login/test_sign_up.py:14: PytestUnknownMarkWarning: Unknown pytest.mark.is_registration - is this a typo?  You can register custom marks to avoid this warning - for details, see https://docs.pytest.org/en/stable/how-to/mark.html
    @pytest.mark.is_registration

tests/test_signup_login/test_sign_up.py:124
  /home/runner/work/Mocha_accounting/Mocha_accounting/tests/test_signup_login/test_sign_up.py:124: PytestUnknownMarkWarning: Unknown pytest.mark.is_registration - is this a typo?  You can register custom marks to avoid this warning - for details, see https://docs.pytest.org/en/stable/how-to/mark.html
    @pytest.mark.is_registration

-- Docs: https://docs.pytest.org/en/stable/how-to/capture-warnings.html
- Generated html report: file:///home/runner/work/Mocha_accounting/Mocha_accounting/C%3A%5CUsers%5CTaurus13%5CPycharmProjects%5CPythonProject%5Creports/20251213_035938/report.html -
================== 2 failed, 2 warnings in 148.23s (0:02:28) ===================
=== REGISTRATION TESTS COMPLETED ===
Exit Code: 1
