=== REGISTRATION TESTS STARTED: 2025-11-26 10:33:24 ===
============================= test session starts ==============================
platform linux -- Python 3.13.9, pytest-8.3.5, pluggy-1.6.0 -- /opt/hostedtoolcache/Python/3.13.9/x64/bin/python
cachedir: .pytest_cache
metadata: {'Python': '3.13
.9', 'Platform': 'Linux-6.11.0-1018-azure-x86_64-with-glibc2.39', 'Packages': {'pytest': '8.3.5', 'pluggy': '1.6.0'}, 'Plugins': {'html': '4.1.1', 'rerunfailures': '16.1', 'Faker': '38.2.0', 'xdist': '3.8.0', 'metadata': '3.1.1'}, 'CI': 'true', 'JAVA_HOME': '/usr/lib/jvm/temurin-17-jdk-amd64'}
rootdir: /home/runner/work/Mocha_accounting/Mocha_accounting
plugins: html-4.1.1, rerunfailures-16.1, Faker-38.2.0, xdist-3.8.0, metadata-3.1.1
collecting ... collected 2 items

tests/test_signup_login/test_sign_up.py::test_ete_registration_india FAILED [ 50%]
tests/test_signup_login/test_sign_up.py::test_ete_registration_non_india FAILED [100%]

=================================== FAILURES ===================================
_________________________ test_ete_registration_india __________________________

sign_login_setup = <selenium.webdriver.chrome.webdriver.WebDriver (session="077920e156edc00296914f715625d51b")>
registration_test_data = {'organization_address': 'INOX: Insignia At Epicuria', 'organization_address_city': 'Jacksonville', 'organization_address_country': 'United States', 'organization_address_india': 'INOX: Insignia At Epicuria', ...}

    @pytest.mark.is_registration
    def test_ete_registration_india(sign_login_setup, registration_test_data):
        driver = sign_login_setup
        registration = Registration(driver)
        login = LoginPage(driver)
    
        registration.registration_signup_sign_up_btn()
        logger.info("Clicked on Sign-up for free button")
    
        registration.registration_signup_first_name(registration_test_data)
        logger.info("Entered the first name")
    
        registration.registration_signup_last_name(registration_test_data)
        logger.info("Entered the last name")
    
        unique_email_id = registration.registration_signup_email(registration_test_data)
        logger.info(f"Entered the email: {unique_email_id}")
    
        registration.registration_signup_phone_number_country(registration_test_data)
        logger.info("Selected country for phone number")
    
        registration.registration_signup_phone_number(registration_test_data)
        logger.info("Entered phone number")
    
        registration.registration_signup_agreed_to_policy_chkbx(registration_test_data)
        logger.info("Agreed to policy checkbox checked")
    
        registration.registration_signup_submit_btn(registration_test_data)
        logger.info("Clicked on Sign-up button")
        time.sleep(5)
        # Fetch OTP using the unique email
        otp = get_latest_otp_email()
        time.sleep(2)
        registration.registration_enter_otp(otp)
        logger.info("Entered Otp")
        time.sleep(5)
>       registration.registration_enter_password(registration_test_data)

tests/test_signup_login/test_sign_up.py:50: 
_ _ _ _ _ _ _ _ _ _ _ _ _ _ _ _ _ _ _ _ _ _ _ _ _ _ _ _ _ _ _ _ _ _ _ _ _ _ _ _ 

self = <pages.registration.Registration object at 0x7fcdc09c2e40>
registration_test_data = {'organization_address': 'INOX: Insignia At Epicuria', 'organization_address_city': 'Jacksonville', 'organization_address_country': 'United States', 'organization_address_india': 'INOX: Insignia At Epicuria', ...}

    def registration_enter_password(self, registration_test_data):
>       self.actions.wait_for_element(self.registration_password)

pages/registration.py:149: 
_ _ _ _ _ _ _ _ _ _ _ _ _ _ _ _ _ _ _ _ _ _ _ _ _ _ _ _ _ _ _ _ _ _ _ _ _ _ _ _ 

self = <actions.actions.Actions object at 0x7fcdc2be86e0>
locator = ('xpath', "//input[@id='password']"), timeout = 100

    def wait_for_element(self, locator, timeout=100):
>       WebDriverWait(self.driver, timeout).until(EC.visibility_of_element_located(locator))

actions/actions.py:85: 
_ _ _ _ _ _ _ _ _ _ _ _ _ _ _ _ _ _ _ _ _ _ _ _ _ _ _ _ _ _ _ _ _ _ _ _ _ _ _ _ 

self = <selenium.webdriver.support.wait.WebDriverWait (session="077920e156edc00296914f715625d51b")>
method = <function visibility_of_element_located.<locals>._predicate at 0x7fcdc08b0220>
message = ''

    def until(self, method: Callable[[D], Union[Literal[False], T]], message: str = "") -> T:
        """Wait until the method returns a value that is not False.
    
        Calls the method provided with the driver as an argument until the
        return value does not evaluate to ``False``.
    
        Parameters:
        ----------
        method: callable(WebDriver)
            - A callable object that takes a WebDriver instance as an argument.
    
        message: str
            - Optional message for :exc:`TimeoutException`
    
        Return:
        -------
        object: T
            - The result of the last call to `method`
    
        Raises:
        -------
        TimeoutException
            - If 'method' does not return a truthy value within the WebDriverWait
            object's timeout
    
        Example:
        --------
        >>> from selenium.webdriver.common.by import By
        >>> from selenium.webdriver.support.ui import WebDriverWait
        >>> from selenium.webdriver.support import expected_conditions as EC
    
        # Wait until an element is visible on the page
        >>> wait = WebDriverWait(driver, 10)
        >>> element = wait.until(EC.visibility_of_element_located((By.ID, "exampleId")))
        >>> print(element.text)
        """
        screen = None
        stacktrace = None
    
        end_time = time.monotonic() + self._timeout
        while True:
            try:
                value = method(self._driver)
                if value:
                    return value
            except self._ignored_exceptions as exc:
                screen = getattr(exc, "screen", None)
                stacktrace = getattr(exc, "stacktrace", None)
            if time.monotonic() > end_time:
                break
            time.sleep(self._poll)
>       raise TimeoutException(message, screen, stacktrace)
E       selenium.common.exceptions.TimeoutException: Message: 
E       Stacktrace:
E       #0 0x55f8266604ca <unknown>
E       #1 0x55f8260aee4b <unknown>
E       #2 0x55f826101814 <unknown>
E       #3 0x55f826101a51 <unknown>
E       #4 0x55f826150a44 <unknown>
E       #5 0x55f82614ddf7 <unknown>
E       #6 0x55f8260f3c2a <unknown>
E       #7 0x55f8260f4931 <unknown>
E       #8 0x55f826626cf9 <unknown>
E       #9 0x55f826629cdc <unknown>
E       #10 0x55f82660ff79 <unknown>
E       #11 0x55f82662a8b5 <unknown>
E       #12 0x55f8265f79c3 <unknown>
E       #13 0x55f82664d228 <unknown>
E       #14 0x55f82664d403 <unknown>
E       #15 0x55f82665f463 <unknown>
E       #16 0x7f69dd49caa4 <unknown>
E       #17 0x7f69dd529c6c <unknown>

/opt/hostedtoolcache/Python/3.13.9/x64/lib/python3.13/site-packages/selenium/webdriver/support/wait.py:146: TimeoutException
---------------------------- Captured stderr setup -----------------------------
2025-11-26 10:33:25,818 - INFO - Starting test with Chrome browser
2025-11-26 10:33:25,818 - INFO - ====== WebDriver manager ======
2025-11-26 10:33:25,884 - INFO - Get LATEST chromedriver version for google-chrome
2025-11-26 10:33:25,933 - INFO - Get LATEST chromedriver version for google-chrome
2025-11-26 10:33:25,980 - INFO - Driver [/home/runner/.wdm/drivers/chromedriver/linux64/142.0.7444.175/chromedriver-linux64/chromedriver] found in cache
2025-11-26 10:33:28,796 - INFO - Navigated to: https://mochaaccounting.com/
------------------------------ Captured log setup ------------------------------
INFO     tests.test_signup_login.conftest:conftest.py:78 Starting test with Chrome browser
INFO     WDM:logger.py:11 ====== WebDriver manager ======
INFO     WDM:logger.py:11 Get LATEST chromedriver version for google-chrome
INFO     WDM:logger.py:11 Get LATEST chromedriver version for google-chrome
INFO     WDM:logger.py:11 Driver [/home/runner/.wdm/drivers/chromedriver/linux64/142.0.7444.175/chromedriver-linux64/chromedriver] found in cache
INFO     tests.test_signup_login.conftest:conftest.py:134 Navigated to: https://mochaaccounting.com/
----------------------------- Captured stderr call -----------------------------
2025-11-26 10:33:29,620 - INFO - Clicked on Sign-up for free button
2025-11-26 10:33:29,787 - INFO - Entered First Name: Automation_FN_20251126_103329
2025-11-26 10:33:31,787 - INFO - Entered the first name
2025-11-26 10:33:31,931 - INFO - Entered Last Name: Tester_LN_20251126_103331
2025-11-26 10:33:33,931 - INFO - Entered the last name
2025-11-26 10:33:36,090 - INFO - Entered the email: mochaautotest+20251126_103333@gmail.com
2025-11-26 10:33:37,463 - INFO - Selected country for phone number
2025-11-26 10:33:37,558 - INFO - Entered phone number
2025-11-26 10:33:37,639 - INFO - Agreed to policy checkbox checked
2025-11-26 10:33:37,742 - INFO - Clicked on Sign-up button
2025-11-26 10:33:42,846 - INFO - file_cache is only supported with oauth2client<4.0.0
2025-11-26 10:33:42,847 - INFO - Fetching OTP with up to 5 retries (every 10s)...
2025-11-26 10:33:43,532 - INFO -  Extracted OTP: 748926
2025-11-26 10:33:45,959 - INFO - Using OTP: 748926
2025-11-26 10:33:46,160 - INFO - OTP submitted successfully.
2025-11-26 10:33:46,160 - INFO - Entered Otp
------------------------------ Captured log call -------------------------------
INFO     tests.test_signup_login.test_sign_up:test_sign_up.py:21 Clicked on Sign-up for free button
INFO     root:registration.py:98 Entered First Name: Automation_FN_20251126_103329
INFO     tests.test_signup_login.test_sign_up:test_sign_up.py:24 Entered the first name
INFO     root:registration.py:106 Entered Last Name: Tester_LN_20251126_103331
INFO     tests.test_signup_login.test_sign_up:test_sign_up.py:27 Entered the last name
INFO     tests.test_signup_login.test_sign_up:test_sign_up.py:30 Entered the email: mochaautotest+20251126_103333@gmail.com
INFO     tests.test_signup_login.test_sign_up:test_sign_up.py:33 Selected country for phone number
INFO     tests.test_signup_login.test_sign_up:test_sign_up.py:36 Entered phone number
INFO     tests.test_signup_login.test_sign_up:test_sign_up.py:39 Agreed to policy checkbox checked
INFO     tests.test_signup_login.test_sign_up:test_sign_up.py:42 Clicked on Sign-up button
INFO     googleapiclient.discovery_cache:__init__.py:49 file_cache is only supported with oauth2client<4.0.0
INFO     root:get_mail_otp.py:99 Fetching OTP with up to 5 retries (every 10s)...
INFO     root:get_mail_otp.py:80  Extracted OTP: 748926
INFO     root:registration.py:141 Using OTP: 748926
INFO     root:registration.py:146 OTP submitted successfully.
INFO     tests.test_signup_login.test_sign_up:test_sign_up.py:48 Entered Otp
--------------------------- Captured stderr teardown ---------------------------
2025-11-26 10:35:36,100 - INFO - Closing browser
---------------------------- Captured log teardown -----------------------------
INFO     tests.test_signup_login.conftest:conftest.py:144 Closing browser
_______________________ test_ete_registration_non_india ________________________

sign_login_setup = <selenium.webdriver.chrome.webdriver.WebDriver (session="a727315cf15b8fb1064a61ab163c6db1")>
registration_test_data = {'organization_address': 'INOX: Insignia At Epicuria', 'organization_address_city': 'Jacksonville', 'organization_address_country': 'United States', 'organization_address_india': 'INOX: Insignia At Epicuria', ...}

    @pytest.mark.is_registration
    def test_ete_registration_non_india(sign_login_setup, registration_test_data):
        driver = sign_login_setup
        registration = Registration(driver)
        login = LoginPage(driver)
    
        registration.registration_signup_sign_up_btn()
        logger.info("Clicked on Sign-up for free button")
    
        registration.registration_signup_first_name(registration_test_data)
        logger.info("Entered the first name")
    
        registration.registration_signup_last_name(registration_test_data)
        logger.info("Entered the last name")
    
        unique_email_id = registration.registration_signup_email(registration_test_data)
        logger.info(f"Entered the email: {unique_email_id}")
    
        registration.registration_signup_phone_number_country(registration_test_data)
        logger.info("Selected country for phone number")
    
        registration.registration_signup_phone_number(registration_test_data)
        logger.info("Entered phone number")
    
        registration.registration_signup_agreed_to_policy_chkbx(registration_test_data)
        logger.info("Agreed to policy checkbox checked")
    
        registration.registration_signup_submit_btn(registration_test_data)
        logger.info("Clicked on Sign-up button")
        time.sleep(5)
        # Fetch OTP using the unique email
        otp = get_latest_otp_email()
        time.sleep(2)
        registration.registration_enter_otp(otp)
        logger.info("Entered Otp")
        time.sleep(5)
>       registration.registration_enter_password(registration_test_data)

tests/test_signup_login/test_sign_up.py:159: 
_ _ _ _ _ _ _ _ _ _ _ _ _ _ _ _ _ _ _ _ _ _ _ _ _ _ _ _ _ _ _ _ _ _ _ _ _ _ _ _ 

self = <pages.registration.Registration object at 0x7fcdc07aad50>
registration_test_data = {'organization_address': 'INOX: Insignia At Epicuria', 'organization_address_city': 'Jacksonville', 'organization_address_country': 'United States', 'organization_address_india': 'INOX: Insignia At Epicuria', ...}

    def registration_enter_password(self, registration_test_data):
>       self.actions.wait_for_element(self.registration_password)

pages/registration.py:149: 
_ _ _ _ _ _ _ _ _ _ _ _ _ _ _ _ _ _ _ _ _ _ _ _ _ _ _ _ _ _ _ _ _ _ _ _ _ _ _ _ 

self = <actions.actions.Actions object at 0x7fcdc0805950>
locator = ('xpath', "//input[@id='password']"), timeout = 100

    def wait_for_element(self, locator, timeout=100):
>       WebDriverWait(self.driver, timeout).until(EC.visibility_of_element_located(locator))

actions/actions.py:85: 
_ _ _ _ _ _ _ _ _ _ _ _ _ _ _ _ _ _ _ _ _ _ _ _ _ _ _ _ _ _ _ _ _ _ _ _ _ _ _ _ 

self = <selenium.webdriver.support.wait.WebDriverWait (session="a727315cf15b8fb1064a61ab163c6db1")>
method = <function visibility_of_element_located.<locals>._predicate at 0x7fcdc02611c0>
message = ''

    def until(self, method: Callable[[D], Union[Literal[False], T]], message: str = "") -> T:
        """Wait until the method returns a value that is not False.
    
        Calls the method provided with the driver as an argument until the
        return value does not evaluate to ``False``.
    
        Parameters:
        ----------
        method: callable(WebDriver)
            - A callable object that takes a WebDriver instance as an argument.
    
        message: str
            - Optional message for :exc:`TimeoutException`
    
        Return:
        -------
        object: T
            - The result of the last call to `method`
    
        Raises:
        -------
        TimeoutException
            - If 'method' does not return a truthy value within the WebDriverWait
            object's timeout
    
        Example:
        --------
        >>> from selenium.webdriver.common.by import By
        >>> from selenium.webdriver.support.ui import WebDriverWait
        >>> from selenium.webdriver.support import expected_conditions as EC
    
        # Wait until an element is visible on the page
        >>> wait = WebDriverWait(driver, 10)
        >>> element = wait.until(EC.visibility_of_element_located((By.ID, "exampleId")))
        >>> print(element.text)
        """
        screen = None
        stacktrace = None
    
        end_time = time.monotonic() + self._timeout
        while True:
            try:
                value = method(self._driver)
                if value:
                    return value
            except self._ignored_exceptions as exc:
                screen = getattr(exc, "screen", None)
                stacktrace = getattr(exc, "stacktrace", None)
            if time.monotonic() > end_time:
                break
            time.sleep(self._poll)
>       raise TimeoutException(message, screen, stacktrace)
E       selenium.common.exceptions.TimeoutException: Message: 
E       Stacktrace:
E       #0 0x5559c6d824ca <unknown>
E       #1 0x5559c67d0e4b <unknown>
E       #2 0x5559c6823814 <unknown>
E       #3 0x5559c6823a51 <unknown>
E       #4 0x5559c6872a44 <unknown>
E       #5 0x5559c686fdf7 <unknown>
E       #6 0x5559c6815c2a <unknown>
E       #7 0x5559c6816931 <unknown>
E       #8 0x5559c6d48cf9 <unknown>
E       #9 0x5559c6d4bcdc <unknown>
E       #10 0x5559c6d31f79 <unknown>
E       #11 0x5559c6d4c8b5 <unknown>
E       #12 0x5559c6d199c3 <unknown>
E       #13 0x5559c6d6f228 <unknown>
E       #14 0x5559c6d6f403 <unknown>
E       #15 0x5559c6d81463 <unknown>
E       #16 0x7f7c44c9caa4 <unknown>
E       #17 0x7f7c44d29c6c <unknown>

/opt/hostedtoolcache/Python/3.13.9/x64/lib/python3.13/site-packages/selenium/webdriver/support/wait.py:146: TimeoutException
---------------------------- Captured stderr setup -----------------------------
2025-11-26 10:35:36,199 - INFO - Starting test with Chrome browser
2025-11-26 10:35:36,199 - INFO - ====== WebDriver manager ======
2025-11-26 10:35:36,266 - INFO - Get LATEST chromedriver version for google-chrome
2025-11-26 10:35:36,312 - INFO - Get LATEST chromedriver version for google-chrome
2025-11-26 10:35:36,359 - INFO - Driver [/home/runner/.wdm/drivers/chromedriver/linux64/142.0.7444.175/chromedriver-linux64/chromedriver] found in cache
2025-11-26 10:35:39,223 - INFO - Navigated to: https://mochaaccounting.com/
------------------------------ Captured log setup ------------------------------
INFO     tests.test_signup_login.conftest:conftest.py:78 Starting test with Chrome browser
INFO     WDM:logger.py:11 ====== WebDriver manager ======
INFO     WDM:logger.py:11 Get LATEST chromedriver version for google-chrome
INFO     WDM:logger.py:11 Get LATEST chromedriver version for google-chrome
INFO     WDM:logger.py:11 Driver [/home/runner/.wdm/drivers/chromedriver/linux64/142.0.7444.175/chromedriver-linux64/chromedriver] found in cache
INFO     tests.test_signup_login.conftest:conftest.py:134 Navigated to: https://mochaaccounting.com/
----------------------------- Captured stderr call -----------------------------
2025-11-26 10:35:40,822 - INFO - Clicked on Sign-up for free button
2025-11-26 10:35:40,977 - INFO - Entered First Name: Automation_FN_20251126_103540
2025-11-26 10:35:42,977 - INFO - Entered the first name
2025-11-26 10:35:43,125 - INFO - Entered Last Name: Tester_LN_20251126_103542
2025-11-26 10:35:45,125 - INFO - Entered the last name
2025-11-26 10:35:47,280 - INFO - Entered the email: mochaautotest+20251126_103545@gmail.com
2025-11-26 10:35:48,644 - INFO - Selected country for phone number
2025-11-26 10:35:48,781 - INFO - Entered phone number
2025-11-26 10:35:48,861 - INFO - Agreed to policy checkbox checked
2025-11-26 10:35:48,963 - INFO - Clicked on Sign-up button
2025-11-26 10:35:53,964 - INFO - file_cache is only supported with oauth2client<4.0.0
2025-11-26 10:35:53,965 - INFO - Fetching OTP with up to 5 retries (every 10s)...
2025-11-26 10:35:54,429 - INFO -  Extracted OTP: 880487
2025-11-26 10:35:56,832 - INFO - Using OTP: 880487
2025-11-26 10:35:57,035 - INFO - OTP submitted successfully.
2025-11-26 10:35:57,035 - INFO - Entered Otp
------------------------------ Captured log call -------------------------------
INFO     tests.test_signup_login.test_sign_up:test_sign_up.py:130 Clicked on Sign-up for free button
INFO     root:registration.py:98 Entered First Name: Automation_FN_20251126_103540
INFO     tests.test_signup_login.test_sign_up:test_sign_up.py:133 Entered the first name
INFO     root:registration.py:106 Entered Last Name: Tester_LN_20251126_103542
INFO     tests.test_signup_login.test_sign_up:test_sign_up.py:136 Entered the last name
INFO     tests.test_signup_login.test_sign_up:test_sign_up.py:139 Entered the email: mochaautotest+20251126_103545@gmail.com
INFO     tests.test_signup_login.test_sign_up:test_sign_up.py:142 Selected country for phone number
INFO     tests.test_signup_login.test_sign_up:test_sign_up.py:145 Entered phone number
INFO     tests.test_signup_login.test_sign_up:test_sign_up.py:148 Agreed to policy checkbox checked
INFO     tests.test_signup_login.test_sign_up:test_sign_up.py:151 Clicked on Sign-up button
INFO     googleapiclient.discovery_cache:__init__.py:49 file_cache is only supported with oauth2client<4.0.0
INFO     root:get_mail_otp.py:99 Fetching OTP with up to 5 retries (every 10s)...
INFO     root:get_mail_otp.py:80  Extracted OTP: 880487
INFO     root:registration.py:141 Using OTP: 880487
INFO     root:registration.py:146 OTP submitted successfully.
INFO     tests.test_signup_login.test_sign_up:test_sign_up.py:157 Entered Otp
--------------------------- Captured stderr teardown ---------------------------
2025-11-26 10:37:46,781 - INFO - Closing browser
---------------------------- Captured log teardown -----------------------------
INFO     tests.test_signup_login.conftest:conftest.py:144 Closing browser
=============================== warnings summary ===============================
tests/test_signup_login/test_sign_up.py:14
  /home/runner/work/Mocha_accounting/Mocha_accounting/tests/test_signup_login/test_sign_up.py:14: PytestUnknownMarkWarning: Unknown pytest.mark.is_registration - is this a typo?  You can register custom marks to avoid this warning - for details, see https://docs.pytest.org/en/stable/how-to/mark.html
    @pytest.mark.is_registration

tests/test_signup_login/test_sign_up.py:123
  /home/runner/work/Mocha_accounting/Mocha_accounting/tests/test_signup_login/test_sign_up.py:123: PytestUnknownMarkWarning: Unknown pytest.mark.is_registration - is this a typo?  You can register custom marks to avoid this warning - for details, see https://docs.pytest.org/en/stable/how-to/mark.html
    @pytest.mark.is_registration

-- Docs: https://docs.pytest.org/en/stable/how-to/capture-warnings.html
- Generated html report: file:///home/runner/work/Mocha_accounting/Mocha_accounting/C%3A%5CUsers%5CTaurus13%5CPycharmProjects%5CPythonProject%5Creports/20251126_103324/report.html -
================== 2 failed, 2 warnings in 262.22s (0:04:22) ===================
=== REGISTRATION TESTS COMPLETED ===
Exit Code: 1
=== REGISTRATION TESTS STARTED: 2025-11-26 11:11:05 ===
============================= test session starts ==============================
platform linux -- Python 3.13.9, pytest-8.3.5, pluggy-1.6.0 -- /opt/hostedtoolcache/Python/3.13.9/x64/bin/python
cachedir: .pytest_cache
metadata: {'Python': '3.13.9', 'Platform': 'Linux-6.11.0-1018-azure-x86_64-with-glibc2.39', 'Packages': {'pytest': '8.3.5', 'pluggy': '1.6.0'}, 'Plugins': {'html': '4.1.1', 'rerunfailures': '16.1', 'Faker': '38.2.0', 'xdist': '3.8.0', 'metadata': '3.1.1'}, 'CI': 'true', 'JAVA_HOME': '/usr/lib/jvm/temurin-17-jdk-amd64'}
rootdir: /home/runner/work/Mocha_accounting/Mocha_accounting
plugins: html-4.1.1, rerunfailures-16.1, Faker-38.2.0, xdist-3.8.0, metadata-3.1.1
collecting ... collected 2 items

tests/test_signup_login/test_sign_up.py::test_ete_registration_india FAILED [ 50%]
tests/test_signup_login/test_sign_up.py::test_ete_registration_non_india FAILED [100%]

=================================== FAILURES ===================================
_________________________ test_ete_registration_india __________________________

sign_login_setup = <selenium.webdriver.chrome.webdriver.WebDriver (session="cc25e58ae31f2ca4d2556b72ee92deda")>
registration_test_data = {'organization_address': 'INOX: Insignia At Epicuria', 'organization_address_city': 'Jacksonville', 'organization_address_country': 'United States', 'organization_address_india': 'INOX: Insignia At Epicuria', ...}

    @pytest.mark.is_registration
    def test_ete_registration_india(sign_login_setup, registration_test_data):
        driver = sign_login_setup
        registration = Registration(driver)
        login = LoginPage(driver)
    
        registration.registration_signup_sign_up_btn()
        logger.info("Clicked on Sign-up for free button")
    
        registration.registration_signup_first_name(registration_test_data)
        logger.info("Entered the first name")
    
        registration.registration_signup_last_name(registration_test_data)
        logger.info("Entered the last name")
    
        unique_email_id = registration.registration_signup_email(registration_test_data)
        logger.info(f"Entered the email: {unique_email_id}")
    
        registration.registration_signup_phone_number_country(registration_test_data)
        logger.info("Selected country for phone number")
    
        registration.registration_signup_phone_number(registration_test_data)
        logger.info("Entered phone number")
    
        registration.registration_signup_agreed_to_policy_chkbx(registration_test_data)
        logger.info("Agreed to policy checkbox checked")
    
        registration.registration_signup_submit_btn(registration_test_data)
        logger.info("Clicked on Sign-up button")
        time.sleep(5)
        # Fetch OTP using the unique email
        otp = get_latest_otp_email()
        time.sleep(2)
        registration.registration_enter_otp(otp)
        logger.info("Entered Otp")
        time.sleep(5)
>       registration.registration_enter_password(registration_test_data)

tests/test_signup_login/test_sign_up.py:50: 
_ _ _ _ _ _ _ _ _ _ _ _ _ _ _ _ _ _ _ _ _ _ _ _ _ _ _ _ _ _ _ _ _ _ _ _ _ _ _ _ 

self = <pages.registration.Registration object at 0x7fd88f4aee40>
registration_test_data = {'organization_address': 'INOX: Insignia At Epicuria', 'organization_address_city': 'Jacksonville', 'organization_address_country': 'United States', 'organization_address_india': 'INOX: Insignia At Epicuria', ...}

    def registration_enter_password(self, registration_test_data):
>       self.actions.wait_for_element(self.registration_password)

pages/registration.py:149: 
_ _ _ _ _ _ _ _ _ _ _ _ _ _ _ _ _ _ _ _ _ _ _ _ _ _ _ _ _ _ _ _ _ _ _ _ _ _ _ _ 

self = <actions.actions.Actions object at 0x7fd8916ec6e0>
locator = ('xpath', "//input[@id='password']"), timeout = 100

    def wait_for_element(self, locator, timeout=100):
>       WebDriverWait(self.driver, timeout).until(EC.visibility_of_element_located(locator))

actions/actions.py:85: 
_ _ _ _ _ _ _ _ _ _ _ _ _ _ _ _ _ _ _ _ _ _ _ _ _ _ _ _ _ _ _ _ _ _ _ _ _ _ _ _ 

self = <selenium.webdriver.support.wait.WebDriverWait (session="cc25e58ae31f2ca4d2556b72ee92deda")>
method = <function visibility_of_element_located.<locals>._predicate at 0x7fd88f3b00e0>
message = ''

    def until(self, method: Callable[[D], Union[Literal[False], T]], message: str = "") -> T:
        """Wait until the method returns a value that is not False.
    
        Calls the method provided with the driver as an argument until the
        return value does not evaluate to ``False``.
    
        Parameters:
        ----------
        method: callable(WebDriver)
            - A callable object that takes a WebDriver instance as an argument.
    
        message: str
            - Optional message for :exc:`TimeoutException`
    
        Return:
        -------
        object: T
            - The result of the last call to `method`
    
        Raises:
        -------
        TimeoutException
            - If 'method' does not return a truthy value within the WebDriverWait
            object's timeout
    
        Example:
        --------
        >>> from selenium.webdriver.common.by import By
        >>> from selenium.webdriver.support.ui import WebDriverWait
        >>> from selenium.webdriver.support import expected_conditions as EC
    
        # Wait until an element is visible on the page
        >>> wait = WebDriverWait(driver, 10)
        >>> element = wait.until(EC.visibility_of_element_located((By.ID, "exampleId")))
        >>> print(element.text)
        """
        screen = None
        stacktrace = None
    
        end_time = time.monotonic() + self._timeout
        while True:
            try:
                value = method(self._driver)
                if value:
                    return value
            except self._ignored_exceptions as exc:
                screen = getattr(exc, "screen", None)
                stacktrace = getattr(exc, "stacktrace", None)
            if time.monotonic() > end_time:
                break
            time.sleep(self._poll)
>       raise TimeoutException(message, screen, stacktrace)
E       selenium.common.exceptions.TimeoutException: Message: 
E       Stacktrace:
E       #0 0x55bcfb48a4ca <unknown>
E       #1 0x55bcfaed8e4b <unknown>
E       #2 0x55bcfaf2b814 <unknown>
E       #3 0x55bcfaf2ba51 <unknown>
E       #4 0x55bcfaf7aa44 <unknown>
E       #5 0x55bcfaf77df7 <unknown>
E       #6 0x55bcfaf1dc2a <unknown>
E       #7 0x55bcfaf1e931 <unknown>
E       #8 0x55bcfb450cf9 <unknown>
E       #9 0x55bcfb453cdc <unknown>
E       #10 0x55bcfb439f79 <unknown>
E       #11 0x55bcfb4548b5 <unknown>
E       #12 0x55bcfb4219c3 <unknown>
E       #13 0x55bcfb477228 <unknown>
E       #14 0x55bcfb477403 <unknown>
E       #15 0x55bcfb489463 <unknown>
E       #16 0x7fc0de89caa4 <unknown>
E       #17 0x7fc0de929c6c <unknown>

/opt/hostedtoolcache/Python/3.13.9/x64/lib/python3.13/site-packages/selenium/webdriver/support/wait.py:146: TimeoutException
---------------------------- Captured stderr setup -----------------------------
2025-11-26 11:11:07,019 - INFO - Starting test with Chrome browser
2025-11-26 11:11:07,019 - INFO - ====== WebDriver manager ======
2025-11-26 11:11:07,085 - INFO - Get LATEST chromedriver version for google-chrome
2025-11-26 11:11:07,123 - INFO - Get LATEST chromedriver version for google-chrome
2025-11-26 11:11:07,157 - INFO - Driver [/home/runner/.wdm/drivers/chromedriver/linux64/142.0.7444.175/chromedriver-linux64/chromedriver] found in cache
2025-11-26 11:11:09,734 - INFO - Navigated to: https://mochaaccounting.com/
------------------------------ Captured log setup ------------------------------
INFO     tests.test_signup_login.conftest:conftest.py:78 Starting test with Chrome browser
INFO     WDM:logger.py:11 ====== WebDriver manager ======
INFO     WDM:logger.py:11 Get LATEST chromedriver version for google-chrome
INFO     WDM:logger.py:11 Get LATEST chromedriver version for google-chrome
INFO     WDM:logger.py:11 Driver [/home/runner/.wdm/drivers/chromedriver/linux64/142.0.7444.175/chromedriver-linux64/chromedriver] found in cache
INFO     tests.test_signup_login.conftest:conftest.py:134 Navigated to: https://mochaaccounting.com/
----------------------------- Captured stderr call -----------------------------
2025-11-26 11:11:10,871 - INFO - Clicked on Sign-up for free button
2025-11-26 11:11:11,021 - INFO - Entered First Name: Automation_FN_20251126_111110
2025-11-26 11:11:13,022 - INFO - Entered the first name
2025-11-26 11:11:13,162 - INFO - Entered Last Name: Tester_LN_20251126_111113
2025-11-26 11:11:15,162 - INFO - Entered the last name
2025-11-26 11:11:17,315 - INFO - Entered the email: mochaautotest+20251126_111115@gmail.com
2025-11-26 11:11:18,673 - INFO - Selected country for phone number
2025-11-26 11:11:18,769 - INFO - Entered phone number
2025-11-26 11:11:18,852 - INFO - Agreed to policy checkbox checked
2025-11-26 11:11:18,962 - INFO - Clicked on Sign-up button
2025-11-26 11:11:24,097 - INFO - file_cache is only supported with oauth2client<4.0.0
2025-11-26 11:11:24,098 - INFO - Fetching OTP with up to 5 retries (every 10s)...
2025-11-26 11:11:24,931 - INFO -  Extracted OTP: 700391
2025-11-26 11:11:27,359 - INFO - Using OTP: 700391
2025-11-26 11:11:27,558 - INFO - OTP submitted successfully.
2025-11-26 11:11:27,559 - INFO - Entered Otp
------------------------------ Captured log call -------------------------------
INFO     tests.test_signup_login.test_sign_up:test_sign_up.py:21 Clicked on Sign-up for free button
INFO     root:registration.py:98 Entered First Name: Automation_FN_20251126_111110
INFO     tests.test_signup_login.test_sign_up:test_sign_up.py:24 Entered the first name
INFO     root:registration.py:106 Entered Last Name: Tester_LN_20251126_111113
INFO     tests.test_signup_login.test_sign_up:test_sign_up.py:27 Entered the last name
INFO     tests.test_signup_login.test_sign_up:test_sign_up.py:30 Entered the email: mochaautotest+20251126_111115@gmail.com
INFO     tests.test_signup_login.test_sign_up:test_sign_up.py:33 Selected country for phone number
INFO     tests.test_signup_login.test_sign_up:test_sign_up.py:36 Entered phone number
INFO     tests.test_signup_login.test_sign_up:test_sign_up.py:39 Agreed to policy checkbox checked
INFO     tests.test_signup_login.test_sign_up:test_sign_up.py:42 Clicked on Sign-up button
INFO     googleapiclient.discovery_cache:__init__.py:49 file_cache is only supported with oauth2client<4.0.0
INFO     root:get_mail_otp.py:99 Fetching OTP with up to 5 retries (every 10s)...
INFO     root:get_mail_otp.py:80  Extracted OTP: 700391
INFO     root:registration.py:141 Using OTP: 700391
INFO     root:registration.py:146 OTP submitted successfully.
INFO     tests.test_signup_login.test_sign_up:test_sign_up.py:48 Entered Otp
--------------------------- Captured stderr teardown ---------------------------
2025-11-26 11:13:17,413 - INFO - Closing browser
---------------------------- Captured log teardown -----------------------------
INFO     tests.test_signup_login.conftest:conftest.py:144 Closing browser
_______________________ test_ete_registration_non_india ________________________

sign_login_setup = <selenium.webdriver.chrome.webdriver.WebDriver (session="704d48bcb99723b5fb340fe4746f1b90")>
registration_test_data = {'organization_address': 'INOX: Insignia At Epicuria', 'organization_address_city': 'Jacksonville', 'organization_address_country': 'United States', 'organization_address_india': 'INOX: Insignia At Epicuria', ...}

    @pytest.mark.is_registration
    def test_ete_registration_non_india(sign_login_setup, registration_test_data):
        driver = sign_login_setup
        registration = Registration(driver)
        login = LoginPage(driver)
    
        registration.registration_signup_sign_up_btn()
        logger.info("Clicked on Sign-up for free button")
    
        registration.registration_signup_first_name(registration_test_data)
        logger.info("Entered the first name")
    
        registration.registration_signup_last_name(registration_test_data)
        logger.info("Entered the last name")
    
        unique_email_id = registration.registration_signup_email(registration_test_data)
        logger.info(f"Entered the email: {unique_email_id}")
    
        registration.registration_signup_phone_number_country(registration_test_data)
        logger.info("Selected country for phone number")
    
        registration.registration_signup_phone_number(registration_test_data)
        logger.info("Entered phone number")
    
        registration.registration_signup_agreed_to_policy_chkbx(registration_test_data)
        logger.info("Agreed to policy checkbox checked")
    
        registration.registration_signup_submit_btn(registration_test_data)
        logger.info("Clicked on Sign-up button")
        time.sleep(5)
        # Fetch OTP using the unique email
        otp = get_latest_otp_email()
        time.sleep(2)
        registration.registration_enter_otp(otp)
        logger.info("Entered Otp")
        time.sleep(5)
>       registration.registration_enter_password(registration_test_data)

tests/test_signup_login/test_sign_up.py:159: 
_ _ _ _ _ _ _ _ _ _ _ _ _ _ _ _ _ _ _ _ _ _ _ _ _ _ _ _ _ _ _ _ _ _ _ _ _ _ _ _ 

self = <pages.registration.Registration object at 0x7fd88f2a6d50>
registration_test_data = {'organization_address': 'INOX: Insignia At Epicuria', 'organization_address_city': 'Jacksonville', 'organization_address_country': 'United States', 'organization_address_india': 'INOX: Insignia At Epicuria', ...}

    def registration_enter_password(self, registration_test_data):
>       self.actions.wait_for_element(self.registration_password)

pages/registration.py:149: 
_ _ _ _ _ _ _ _ _ _ _ _ _ _ _ _ _ _ _ _ _ _ _ _ _ _ _ _ _ _ _ _ _ _ _ _ _ _ _ _ 

self = <actions.actions.Actions object at 0x7fd88f399e50>
locator = ('xpath', "//input[@id='password']"), timeout = 100

    def wait_for_element(self, locator, timeout=100):
>       WebDriverWait(self.driver, timeout).until(EC.visibility_of_element_located(locator))

actions/actions.py:85: 
_ _ _ _ _ _ _ _ _ _ _ _ _ _ _ _ _ _ _ _ _ _ _ _ _ _ _ _ _ _ _ _ _ _ _ _ _ _ _ _ 

self = <selenium.webdriver.support.wait.WebDriverWait (session="704d48bcb99723b5fb340fe4746f1b90")>
method = <function visibility_of_element_located.<locals>._predicate at 0x7fd8919e79c0>
message = ''

    def until(self, method: Callable[[D], Union[Literal[False], T]], message: str = "") -> T:
        """Wait until the method returns a value that is not False.
    
        Calls the method provided with the driver as an argument until the
        return value does not evaluate to ``False``.
    
        Parameters:
        ----------
        method: callable(WebDriver)
            - A callable object that takes a WebDriver instance as an argument.
    
        message: str
            - Optional message for :exc:`TimeoutException`
    
        Return:
        -------
        object: T
            - The result of the last call to `method`
    
        Raises:
        -------
        TimeoutException
            - If 'method' does not return a truthy value within the WebDriverWait
            object's timeout
    
        Example:
        --------
        >>> from selenium.webdriver.common.by import By
        >>> from selenium.webdriver.support.ui import WebDriverWait
        >>> from selenium.webdriver.support import expected_conditions as EC
    
        # Wait until an element is visible on the page
        >>> wait = WebDriverWait(driver, 10)
        >>> element = wait.until(EC.visibility_of_element_located((By.ID, "exampleId")))
        >>> print(element.text)
        """
        screen = None
        stacktrace = None
    
        end_time = time.monotonic() + self._timeout
        while True:
            try:
                value = method(self._driver)
                if value:
                    return value
            except self._ignored_exceptions as exc:
                screen = getattr(exc, "screen", None)
                stacktrace = getattr(exc, "stacktrace", None)
            if time.monotonic() > end_time:
                break
            time.sleep(self._poll)
>       raise TimeoutException(message, screen, stacktrace)
E       selenium.common.exceptions.TimeoutException: Message: 
E       Stacktrace:
E       #0 0x5563cff3e4ca <unknown>
E       #1 0x5563cf98ce4b <unknown>
E       #2 0x5563cf9df814 <unknown>
E       #3 0x5563cf9dfa51 <unknown>
E       #4 0x5563cfa2ea44 <unknown>
E       #5 0x5563cfa2bdf7 <unknown>
E       #6 0x5563cf9d1c2a <unknown>
E       #7 0x5563cf9d2931 <unknown>
E       #8 0x5563cff04cf9 <unknown>
E       #9 0x5563cff07cdc <unknown>
E       #10 0x5563cfeedf79 <unknown>
E       #11 0x5563cff088b5 <unknown>
E       #12 0x5563cfed59c3 <unknown>
E       #13 0x5563cff2b228 <unknown>
E       #14 0x5563cff2b403 <unknown>
E       #15 0x5563cff3d463 <unknown>
E       #16 0x7fb48369caa4 <unknown>
E       #17 0x7fb483729c6c <unknown>

/opt/hostedtoolcache/Python/3.13.9/x64/lib/python3.13/site-packages/selenium/webdriver/support/wait.py:146: TimeoutException
---------------------------- Captured stderr setup -----------------------------
2025-11-26 11:13:17,519 - INFO - Starting test with Chrome browser
2025-11-26 11:13:17,520 - INFO - ====== WebDriver manager ======
2025-11-26 11:13:17,586 - INFO - Get LATEST chromedriver version for google-chrome
2025-11-26 11:13:17,620 - INFO - Get LATEST chromedriver version for google-chrome
2025-11-26 11:13:17,656 - INFO - Driver [/home/runner/.wdm/drivers/chromedriver/linux64/142.0.7444.175/chromedriver-linux64/chromedriver] found in cache
2025-11-26 11:13:20,746 - INFO - Navigated to: https://mochaaccounting.com/
------------------------------ Captured log setup ------------------------------
INFO     tests.test_signup_login.conftest:conftest.py:78 Starting test with Chrome browser
INFO     WDM:logger.py:11 ====== WebDriver manager ======
INFO     WDM:logger.py:11 Get LATEST chromedriver version for google-chrome
INFO     WDM:logger.py:11 Get LATEST chromedriver version for google-chrome
INFO     WDM:logger.py:11 Driver [/home/runner/.wdm/drivers/chromedriver/linux64/142.0.7444.175/chromedriver-linux64/chromedriver] found in cache
INFO     tests.test_signup_login.conftest:conftest.py:134 Navigated to: https://mochaaccounting.com/
----------------------------- Captured stderr call -----------------------------
2025-11-26 11:13:21,612 - INFO - Clicked on Sign-up for free button
2025-11-26 11:13:21,761 - INFO - Entered First Name: Automation_FN_20251126_111321
2025-11-26 11:13:23,761 - INFO - Entered the first name
2025-11-26 11:13:23,910 - INFO - Entered Last Name: Tester_LN_20251126_111323
2025-11-26 11:13:25,911 - INFO - Entered the last name
2025-11-26 11:13:28,063 - INFO - Entered the email: mochaautotest+20251126_111325@gmail.com
2025-11-26 11:13:29,364 - INFO - Selected country for phone number
2025-11-26 11:13:29,462 - INFO - Entered phone number
2025-11-26 11:13:29,542 - INFO - Agreed to policy checkbox checked
2025-11-26 11:13:29,644 - INFO - Clicked on Sign-up button
2025-11-26 11:13:34,645 - INFO - file_cache is only supported with oauth2client<4.0.0
2025-11-26 11:13:34,646 - INFO - Fetching OTP with up to 5 retries (every 10s)...
2025-11-26 11:13:35,076 - INFO -  Extracted OTP: 925222
2025-11-26 11:13:37,512 - INFO - Using OTP: 925222
2025-11-26 11:13:37,721 - INFO - OTP submitted successfully.
2025-11-26 11:13:37,721 - INFO - Entered Otp
------------------------------ Captured log call -------------------------------
INFO     tests.test_signup_login.test_sign_up:test_sign_up.py:130 Clicked on Sign-up for free button
INFO     root:registration.py:98 Entered First Name: Automation_FN_20251126_111321
INFO     tests.test_signup_login.test_sign_up:test_sign_up.py:133 Entered the first name
INFO     root:registration.py:106 Entered Last Name: Tester_LN_20251126_111323
INFO     tests.test_signup_login.test_sign_up:test_sign_up.py:136 Entered the last name
INFO     tests.test_signup_login.test_sign_up:test_sign_up.py:139 Entered the email: mochaautotest+20251126_111325@gmail.com
INFO     tests.test_signup_login.test_sign_up:test_sign_up.py:142 Selected country for phone number
INFO     tests.test_signup_login.test_sign_up:test_sign_up.py:145 Entered phone number
INFO     tests.test_signup_login.test_sign_up:test_sign_up.py:148 Agreed to policy checkbox checked
INFO     tests.test_signup_login.test_sign_up:test_sign_up.py:151 Clicked on Sign-up button
INFO     googleapiclient.discovery_cache:__init__.py:49 file_cache is only supported with oauth2client<4.0.0
INFO     root:get_mail_otp.py:99 Fetching OTP with up to 5 retries (every 10s)...
INFO     root:get_mail_otp.py:80  Extracted OTP: 925222
INFO     root:registration.py:141 Using OTP: 925222
INFO     root:registration.py:146 OTP submitted successfully.
INFO     tests.test_signup_login.test_sign_up:test_sign_up.py:157 Entered Otp
--------------------------- Captured stderr teardown ---------------------------
2025-11-26 11:15:27,275 - INFO - Closing browser
---------------------------- Captured log teardown -----------------------------
INFO     tests.test_signup_login.conftest:conftest.py:144 Closing browser
=============================== warnings summary ===============================
tests/test_signup_login/test_sign_up.py:14
  /home/runner/work/Mocha_accounting/Mocha_accounting/tests/test_signup_login/test_sign_up.py:14: PytestUnknownMarkWarning: Unknown pytest.mark.is_registration - is this a typo?  You can register custom marks to avoid this warning - for details, see https://docs.pytest.org/en/stable/how-to/mark.html
    @pytest.mark.is_registration

tests/test_signup_login/test_sign_up.py:123
  /home/runner/work/Mocha_accounting/Mocha_accounting/tests/test_signup_login/test_sign_up.py:123: PytestUnknownMarkWarning: Unknown pytest.mark.is_registration - is this a typo?  You can register custom marks to avoid this warning - for details, see https://docs.pytest.org/en/stable/how-to/mark.html
    @pytest.mark.is_registration

-- Docs: https://docs.pytest.org/en/stable/how-to/capture-warnings.html
- Generated html report: file:///home/runner/work/Mocha_accounting/Mocha_accounting/C%3A%5CUsers%5CTaurus13%5CPycharmProjects%5CPythonProject%5Creports/20251126_111106/report.html -
================== 2 failed, 2 warnings in 261.23s (0:04:21) ===================
=== REGISTRATION TESTS COMPLETED ===
Exit Code: 1
