=== REGISTRATION TESTS STARTED: 2025-12-18 04:07:20 ===
============================= test session starts ==============================
platform linux -- Python 3.13.11, pytest-8.3.5, pluggy-1.6.0 -- /opt/hostedtoolcache/Python/3.13.11/x64/bin/python
cachedir: .pytest_cache
metadata: {'Python': '3.13.11', 'Platform': 'Linux-6.11.0-1018-azure-x86_64-with-glibc2.39', 'Packages': {'pytest': '8.3.5', 'pluggy': '1.6.0'}, 'Plugins': {'html': '4.1.1', 'rerunfailures': '16.1', 'Faker': '39.0.0', 'xdist': '3.8.0', 'metadata': '3.1.1'}, 'CI': 'true', 'JAVA_HOME': '/usr/lib/jvm/temurin-17-jdk-amd64'}
rootdir: /home/runner/work/Mocha_accounting/Mocha_accounting
plugins: html-4.1.1, rerunfailures-16.1, Faker-39.0.0, xdist-3.8.0, metadata-3.1.1
collecting ... collected 2 items

tests/test_signup_login/test_sign_up.py::test_ete_registration_india FAILED [ 50%]
tests/test_signup_login/test_sign_up.py::test_ete_registration_non_india FAILED [100%]

=================================== FAILURES ===================================
_________________________ test_ete_registration_india __________________________

sign_login_setup = <selenium.webdriver.chrome.webdriver.WebDriver (session="198f96ef33d19aa602dc7309d55014d8")>
registration_test_data = {'organization_address': 'INOX: Insignia At Epicuria', 'organization_address_city': 'Jacksonville', 'organization_address_country': 'United States', 'organization_address_india': 'INOX: Insignia At Epicuria', ...}

    @pytest.mark.is_registration
    def test_ete_registration_india(sign_login_setup, registration_test_data):
        driver = sign_login_setup
        registration = Registration(driver)
        login = LoginPage(driver)
    
        registration.registration_signup_sign_up_btn()
        logger.info("Clicked on Sign-up for free button")
    
        registration.registration_signup_first_name(registration_test_data)
        logger.info("Entered the first name")
    
        registration.registration_signup_last_name(registration_test_data)
        logger.info("Entered the last name")
    
        unique_email_id = registration.registration_signup_email(registration_test_data)
        logger.info(f"Entered the email: {unique_email_id}")
    
        registration.registration_signup_phone_number_country(registration_test_data)
        logger.info("Selected country for phone number")
    
        registration.registration_signup_phone_number(registration_test_data)
        logger.info("Entered phone number")
    
        registration.registration_signup_agreed_to_policy_chkbx(registration_test_data)
        logger.info("Agreed to policy checkbox checked")
    
        registration.registration_signup_submit_btn(registration_test_data)
        logger.info("Clicked on Sign-up button")
        time.sleep(5)
        # Fetch OTP using the unique email
>       otp = get_latest_otp_email()

tests/test_signup_login/test_sign_up.py:45: 
_ _ _ _ _ _ _ _ _ _ _ _ _ _ _ _ _ _ _ _ _ _ _ _ _ _ _ _ _ _ _ _ _ _ _ _ _ _ _ _ 

retries = 5, delay = 10

    def get_latest_otp_email(retries=5, delay=10):
        """
        Fetch the latest unread email and extract a 6-digit OTP from the email body.
        Retries up to 5 times, waiting 10 seconds between attempts.
        """
        try:
            service = get_gmail_service()
            logging.info(f"Fetching OTP with up to {retries} retries (every {delay}s)...")
    
            for attempt in range(1, retries + 1):
                otp = try_fetch_otp_once(service)
                if otp:
                    return otp
    
                logging.warning(f"Attempt {attempt}/{retries} failed: OTP not found yet. Retrying in {delay}s...")
                time.sleep(delay)
    
>           raise Exception(f"❌ OTP not found after {retries} attempts.")
E           Exception: ❌ OTP not found after 5 attempts.

utilities/get_mail_otp.py:109: Exception
---------------------------- Captured stderr setup -----------------------------
2025-12-18 04:07:21,735 - INFO - Starting test with Chrome browser
2025-12-18 04:07:21,736 - INFO - ====== WebDriver manager ======
2025-12-18 04:07:21,790 - INFO - Get LATEST chromedriver version for google-chrome
2025-12-18 04:07:21,876 - INFO - Get LATEST chromedriver version for google-chrome
2025-12-18 04:07:21,965 - INFO - Driver [/home/runner/.wdm/drivers/chromedriver/linux64/143.0.7499.146/chromedriver-linux64/chromedriver] found in cache
2025-12-18 04:07:25,254 - INFO - Navigated to: https://mochaaccounting.com/
------------------------------ Captured log setup ------------------------------
INFO     tests.test_signup_login.conftest:conftest.py:78 Starting test with Chrome browser
INFO     WDM:logger.py:11 ====== WebDriver manager ======
INFO     WDM:logger.py:11 Get LATEST chromedriver version for google-chrome
INFO     WDM:logger.py:11 Get LATEST chromedriver version for google-chrome
INFO     WDM:logger.py:11 Driver [/home/runner/.wdm/drivers/chromedriver/linux64/143.0.7499.146/chromedriver-linux64/chromedriver] found in cache
INFO     tests.test_signup_login.conftest:conftest.py:134 Navigated to: https://mochaaccounting.com/
----------------------------- Captured stderr call -----------------------------
2025-12-18 04:07:26,347 - INFO - Clicked on Sign-up for free button
2025-12-18 04:07:26,496 - INFO - Entered First Name: Automation_FN_20251218_040726
2025-12-18 04:07:28,497 - INFO - Entered the first name
2025-12-18 04:07:28,639 - INFO - Entered Last Name: Tester_LN_20251218_040728
2025-12-18 04:07:30,639 - INFO - Entered the last name
2025-12-18 04:07:32,787 - INFO - Entered the email: mochaautotest+20251218_040730@gmail.com
2025-12-18 04:07:34,073 - INFO - Selected country for phone number
2025-12-18 04:07:34,179 - INFO - Entered phone number
2025-12-18 04:07:34,267 - INFO - Agreed to policy checkbox checked
2025-12-18 04:07:34,366 - INFO - Clicked on Sign-up button
2025-12-18 04:07:39,563 - INFO - file_cache is only supported with oauth2client<4.0.0
2025-12-18 04:07:39,564 - INFO - Fetching OTP with up to 5 retries (every 10s)...
2025-12-18 04:07:41,176 - WARNING - Attempt 1/5 failed: OTP not found yet. Retrying in 10s...
2025-12-18 04:07:52,554 - WARNING - Attempt 2/5 failed: OTP not found yet. Retrying in 10s...
2025-12-18 04:08:03,963 - WARNING - Attempt 3/5 failed: OTP not found yet. Retrying in 10s...
2025-12-18 04:08:15,418 - WARNING - Attempt 4/5 failed: OTP not found yet. Retrying in 10s...
2025-12-18 04:08:26,897 - WARNING - Attempt 5/5 failed: OTP not found yet. Retrying in 10s...
2025-12-18 04:08:36,897 - ERROR - Failed to fetch OTP: ❌ OTP not found after 5 attempts.
------------------------------ Captured log call -------------------------------
INFO     tests.test_signup_login.test_sign_up:test_sign_up.py:21 Clicked on Sign-up for free button
INFO     root:registration.py:98 Entered First Name: Automation_FN_20251218_040726
INFO     tests.test_signup_login.test_sign_up:test_sign_up.py:24 Entered the first name
INFO     root:registration.py:106 Entered Last Name: Tester_LN_20251218_040728
INFO     tests.test_signup_login.test_sign_up:test_sign_up.py:27 Entered the last name
INFO     tests.test_signup_login.test_sign_up:test_sign_up.py:30 Entered the email: mochaautotest+20251218_040730@gmail.com
INFO     tests.test_signup_login.test_sign_up:test_sign_up.py:33 Selected country for phone number
INFO     tests.test_signup_login.test_sign_up:test_sign_up.py:36 Entered phone number
INFO     tests.test_signup_login.test_sign_up:test_sign_up.py:39 Agreed to policy checkbox checked
INFO     tests.test_signup_login.test_sign_up:test_sign_up.py:42 Clicked on Sign-up button
INFO     googleapiclient.discovery_cache:__init__.py:49 file_cache is only supported with oauth2client<4.0.0
INFO     root:get_mail_otp.py:99 Fetching OTP with up to 5 retries (every 10s)...
WARNING  root:get_mail_otp.py:106 Attempt 1/5 failed: OTP not found yet. Retrying in 10s...
WARNING  root:get_mail_otp.py:106 Attempt 2/5 failed: OTP not found yet. Retrying in 10s...
WARNING  root:get_mail_otp.py:106 Attempt 3/5 failed: OTP not found yet. Retrying in 10s...
WARNING  root:get_mail_otp.py:106 Attempt 4/5 failed: OTP not found yet. Retrying in 10s...
WARNING  root:get_mail_otp.py:106 Attempt 5/5 failed: OTP not found yet. Retrying in 10s...
ERROR    root:get_mail_otp.py:112 Failed to fetch OTP: ❌ OTP not found after 5 attempts.
--------------------------- Captured stderr teardown ---------------------------
2025-12-18 04:08:36,925 - INFO - Closing browser
---------------------------- Captured log teardown -----------------------------
INFO     tests.test_signup_login.conftest:conftest.py:144 Closing browser
_______________________ test_ete_registration_non_india ________________________

sign_login_setup = <selenium.webdriver.chrome.webdriver.WebDriver (session="f90f53ab2ba0274016580a1a59d76391")>
registration_test_data = {'organization_address': 'INOX: Insignia At Epicuria', 'organization_address_city': 'Jacksonville', 'organization_address_country': 'United States', 'organization_address_india': 'INOX: Insignia At Epicuria', ...}

    @pytest.mark.is_registration
    def test_ete_registration_non_india(sign_login_setup, registration_test_data):
        driver = sign_login_setup
        registration = Registration(driver)
        login = LoginPage(driver)
    
        registration.registration_signup_sign_up_btn()
        logger.info("Clicked on Sign-up for free button")
    
        registration.registration_signup_first_name(registration_test_data)
        logger.info("Entered the first name")
    
        registration.registration_signup_last_name(registration_test_data)
        logger.info("Entered the last name")
    
        unique_email_id = registration.registration_signup_email(registration_test_data)
        logger.info(f"Entered the email: {unique_email_id}")
    
        registration.registration_signup_phone_number_country(registration_test_data)
        logger.info("Selected country for phone number")
    
        registration.registration_signup_phone_number(registration_test_data)
        logger.info("Entered phone number")
    
        registration.registration_signup_agreed_to_policy_chkbx(registration_test_data)
        logger.info("Agreed to policy checkbox checked")
    
        registration.registration_signup_submit_btn(registration_test_data)
        logger.info("Clicked on Sign-up button")
        time.sleep(5)
        # Fetch OTP using the unique email
>       otp = get_latest_otp_email()

tests/test_signup_login/test_sign_up.py:155: 
_ _ _ _ _ _ _ _ _ _ _ _ _ _ _ _ _ _ _ _ _ _ _ _ _ _ _ _ _ _ _ _ _ _ _ _ _ _ _ _ 

retries = 5, delay = 10

    def get_latest_otp_email(retries=5, delay=10):
        """
        Fetch the latest unread email and extract a 6-digit OTP from the email body.
        Retries up to 5 times, waiting 10 seconds between attempts.
        """
        try:
            service = get_gmail_service()
            logging.info(f"Fetching OTP with up to {retries} retries (every {delay}s)...")
    
            for attempt in range(1, retries + 1):
                otp = try_fetch_otp_once(service)
                if otp:
                    return otp
    
                logging.warning(f"Attempt {attempt}/{retries} failed: OTP not found yet. Retrying in {delay}s...")
                time.sleep(delay)
    
>           raise Exception(f"❌ OTP not found after {retries} attempts.")
E           Exception: ❌ OTP not found after 5 attempts.

utilities/get_mail_otp.py:109: Exception
---------------------------- Captured stderr setup -----------------------------
2025-12-18 04:08:37,006 - INFO - Starting test with Chrome browser
2025-12-18 04:08:37,006 - INFO - ====== WebDriver manager ======
2025-12-18 04:08:37,059 - INFO - Get LATEST chromedriver version for google-chrome
2025-12-18 04:08:37,142 - INFO - Get LATEST chromedriver version for google-chrome
2025-12-18 04:08:37,224 - INFO - Driver [/home/runner/.wdm/drivers/chromedriver/linux64/143.0.7499.146/chromedriver-linux64/chromedriver] found in cache
2025-12-18 04:08:40,502 - INFO - Navigated to: https://mochaaccounting.com/
------------------------------ Captured log setup ------------------------------
INFO     tests.test_signup_login.conftest:conftest.py:78 Starting test with Chrome browser
INFO     WDM:logger.py:11 ====== WebDriver manager ======
INFO     WDM:logger.py:11 Get LATEST chromedriver version for google-chrome
INFO     WDM:logger.py:11 Get LATEST chromedriver version for google-chrome
INFO     WDM:logger.py:11 Driver [/home/runner/.wdm/drivers/chromedriver/linux64/143.0.7499.146/chromedriver-linux64/chromedriver] found in cache
INFO     tests.test_signup_login.conftest:conftest.py:134 Navigated to: https://mochaaccounting.com/
----------------------------- Captured stderr call -----------------------------
2025-12-18 04:08:41,794 - INFO - Clicked on Sign-up for free button
2025-12-18 04:08:41,951 - INFO - Entered First Name: Automation_FN_20251218_040841
2025-12-18 04:08:43,951 - INFO - Entered the first name
2025-12-18 04:08:44,091 - INFO - Entered Last Name: Tester_LN_20251218_040843
2025-12-18 04:08:46,091 - INFO - Entered the last name
2025-12-18 04:08:48,244 - INFO - Entered the email: mochaautotest+20251218_040846@gmail.com
2025-12-18 04:08:49,566 - INFO - Selected country for phone number
2025-12-18 04:08:49,680 - INFO - Entered phone number
2025-12-18 04:08:49,757 - INFO - Agreed to policy checkbox checked
2025-12-18 04:08:49,867 - INFO - Clicked on Sign-up button
2025-12-18 04:08:54,868 - INFO - file_cache is only supported with oauth2client<4.0.0
2025-12-18 04:08:54,869 - INFO - Fetching OTP with up to 5 retries (every 10s)...
2025-12-18 04:08:56,298 - WARNING - Attempt 1/5 failed: OTP not found yet. Retrying in 10s...
2025-12-18 04:09:07,663 - WARNING - Attempt 2/5 failed: OTP not found yet. Retrying in 10s...
2025-12-18 04:09:19,047 - WARNING - Attempt 3/5 failed: OTP not found yet. Retrying in 10s...
2025-12-18 04:09:30,444 - WARNING - Attempt 4/5 failed: OTP not found yet. Retrying in 10s...
2025-12-18 04:09:41,839 - WARNING - Attempt 5/5 failed: OTP not found yet. Retrying in 10s...
2025-12-18 04:09:51,839 - ERROR - Failed to fetch OTP: ❌ OTP not found after 5 attempts.
------------------------------ Captured log call -------------------------------
INFO     tests.test_signup_login.test_sign_up:test_sign_up.py:131 Clicked on Sign-up for free button
INFO     root:registration.py:98 Entered First Name: Automation_FN_20251218_040841
INFO     tests.test_signup_login.test_sign_up:test_sign_up.py:134 Entered the first name
INFO     root:registration.py:106 Entered Last Name: Tester_LN_20251218_040843
INFO     tests.test_signup_login.test_sign_up:test_sign_up.py:137 Entered the last name
INFO     tests.test_signup_login.test_sign_up:test_sign_up.py:140 Entered the email: mochaautotest+20251218_040846@gmail.com
INFO     tests.test_signup_login.test_sign_up:test_sign_up.py:143 Selected country for phone number
INFO     tests.test_signup_login.test_sign_up:test_sign_up.py:146 Entered phone number
INFO     tests.test_signup_login.test_sign_up:test_sign_up.py:149 Agreed to policy checkbox checked
INFO     tests.test_signup_login.test_sign_up:test_sign_up.py:152 Clicked on Sign-up button
INFO     googleapiclient.discovery_cache:__init__.py:49 file_cache is only supported with oauth2client<4.0.0
INFO     root:get_mail_otp.py:99 Fetching OTP with up to 5 retries (every 10s)...
WARNING  root:get_mail_otp.py:106 Attempt 1/5 failed: OTP not found yet. Retrying in 10s...
WARNING  root:get_mail_otp.py:106 Attempt 2/5 failed: OTP not found yet. Retrying in 10s...
WARNING  root:get_mail_otp.py:106 Attempt 3/5 failed: OTP not found yet. Retrying in 10s...
WARNING  root:get_mail_otp.py:106 Attempt 4/5 failed: OTP not found yet. Retrying in 10s...
WARNING  root:get_mail_otp.py:106 Attempt 5/5 failed: OTP not found yet. Retrying in 10s...
ERROR    root:get_mail_otp.py:112 Failed to fetch OTP: ❌ OTP not found after 5 attempts.
--------------------------- Captured stderr teardown ---------------------------
2025-12-18 04:09:51,846 - INFO - Closing browser
---------------------------- Captured log teardown -----------------------------
INFO     tests.test_signup_login.conftest:conftest.py:144 Closing browser
=============================== warnings summary ===============================
tests/test_signup_login/test_sign_up.py:14
  /home/runner/work/Mocha_accounting/Mocha_accounting/tests/test_signup_login/test_sign_up.py:14: PytestUnknownMarkWarning: Unknown pytest.mark.is_registration - is this a typo?  You can register custom marks to avoid this warning - for details, see https://docs.pytest.org/en/stable/how-to/mark.html
    @pytest.mark.is_registration

tests/test_signup_login/test_sign_up.py:124
  /home/runner/work/Mocha_accounting/Mocha_accounting/tests/test_signup_login/test_sign_up.py:124: PytestUnknownMarkWarning: Unknown pytest.mark.is_registration - is this a typo?  You can register custom marks to avoid this warning - for details, see https://docs.pytest.org/en/stable/how-to/mark.html
    @pytest.mark.is_registration

-- Docs: https://docs.pytest.org/en/stable/how-to/capture-warnings.html
- Generated html report: file:///home/runner/work/Mocha_accounting/Mocha_accounting/C%3A%5CUsers%5CTaurus13%5CPycharmProjects%5CPythonProject%5Creports/20251218_040720/report.html -
================== 2 failed, 2 warnings in 151.30s (0:02:31) ===================
=== REGISTRATION TESTS COMPLETED ===
Exit Code: 1
